[0.685s] Invoking command in '/home/aisl/Documents/multi_robot_slam_ws/build/multi_robot_slam_py': BYOBU_DATE=%Y-%m-%d DEBUGINFOD_URLS=https://debuginfod.ubuntu.com PS1=\[\e[38;5;202m\]$(byobu_prompt_status)\[\e[00m\]$(byobu_prompt_runtime) \[\e[38;5;245m\]\u\[\e[00m\]@\[\e[38;5;172m\]\h\[\e[00m\]:\[\e[38;5;5m\]\w\[\e[00m\]$(byobu_prompt_symbol) PYTHONPATH=/home/aisl/Documents/multi_robot_slam_ws/build/multi_robot_slam_py/prefix_override:/usr/lib/python3/dist-packages/colcon_core/task/python/colcon_distutils_commands:/home/aisl/Documents/multi_robot_slam_ws/install/multi_robot_slam_py/lib/python3.12/site-packages:${PYTHONPATH} /usr/bin/python3 -W ignore:setup.py install is deprecated -W ignore:easy_install command is deprecated setup.py develop --editable --build-directory /home/aisl/Documents/multi_robot_slam_ws/build/multi_robot_slam_py/build --no-deps symlink_data
[0.960s] running develop
[1.154s] running egg_info
[1.154s] creating multi_robot_slam_py.egg-info
[1.173s] writing multi_robot_slam_py.egg-info/PKG-INFO
[1.173s] writing dependency_links to multi_robot_slam_py.egg-info/dependency_links.txt
[1.173s] writing entry points to multi_robot_slam_py.egg-info/entry_points.txt
[1.174s] writing requirements to multi_robot_slam_py.egg-info/requires.txt
[1.174s] writing top-level names to multi_robot_slam_py.egg-info/top_level.txt
[1.174s] writing manifest file 'multi_robot_slam_py.egg-info/SOURCES.txt'
[1.212s] reading manifest file 'multi_robot_slam_py.egg-info/SOURCES.txt'
[1.212s] writing manifest file 'multi_robot_slam_py.egg-info/SOURCES.txt'
[1.232s] running build_ext
[1.233s] Creating /home/aisl/Documents/multi_robot_slam_ws/install/multi_robot_slam_py/lib/python3.12/site-packages/multi-robot-slam-py.egg-link (link to .)
[1.233s] Installing central_server script to /home/aisl/Documents/multi_robot_slam_ws/install/multi_robot_slam_py/lib/multi_robot_slam_py
[1.233s] 
[1.233s] Installed /home/aisl/Documents/multi_robot_slam_ws/build/multi_robot_slam_py
[1.233s] running symlink_data
[1.233s] creating /home/aisl/Documents/multi_robot_slam_ws/install/multi_robot_slam_py/share/ament_index
[1.233s] creating /home/aisl/Documents/multi_robot_slam_ws/install/multi_robot_slam_py/share/ament_index/resource_index
[1.233s] creating /home/aisl/Documents/multi_robot_slam_ws/install/multi_robot_slam_py/share/ament_index/resource_index/packages
[1.233s] symbolically linking /home/aisl/Documents/multi_robot_slam_ws/build/multi_robot_slam_py/resource/multi_robot_slam_py -> /home/aisl/Documents/multi_robot_slam_ws/install/multi_robot_slam_py/share/ament_index/resource_index/packages
[1.234s] symbolically linking /home/aisl/Documents/multi_robot_slam_ws/build/multi_robot_slam_py/package.xml -> /home/aisl/Documents/multi_robot_slam_ws/install/multi_robot_slam_py/share/multi_robot_slam_py
[1.253s] Invoked command in '/home/aisl/Documents/multi_robot_slam_ws/build/multi_robot_slam_py' returned '0': BYOBU_DATE=%Y-%m-%d DEBUGINFOD_URLS=https://debuginfod.ubuntu.com PS1=\[\e[38;5;202m\]$(byobu_prompt_status)\[\e[00m\]$(byobu_prompt_runtime) \[\e[38;5;245m\]\u\[\e[00m\]@\[\e[38;5;172m\]\h\[\e[00m\]:\[\e[38;5;5m\]\w\[\e[00m\]$(byobu_prompt_symbol) PYTHONPATH=/home/aisl/Documents/multi_robot_slam_ws/build/multi_robot_slam_py/prefix_override:/usr/lib/python3/dist-packages/colcon_core/task/python/colcon_distutils_commands:/home/aisl/Documents/multi_robot_slam_ws/install/multi_robot_slam_py/lib/python3.12/site-packages:${PYTHONPATH} /usr/bin/python3 -W ignore:setup.py install is deprecated -W ignore:easy_install command is deprecated setup.py develop --editable --build-directory /home/aisl/Documents/multi_robot_slam_ws/build/multi_robot_slam_py/build --no-deps symlink_data
