--2026-02-13 17:48:47--  https://raw.githubusercontent.com/hrnr/m-explore-extra/master/map_merge/hector_maps/map00.pgm
Resolving raw.githubusercontent.com (raw.githubusercontent.com)... 185.199.111.133, 185.199.108.133, 185.199.109.133, ...
Connecting to raw.githubusercontent.com (raw.githubusercontent.com)|185.199.111.133|:443... connected.
HTTP request sent, awaiting response... 200 OK
Length: 4194362 (4.0M) [application/octet-stream]
Saving to: ‘/home/aisl/Documents/multi_robot_slam_ws/build/multirobot_map_merge/map00.pgm’

     0K .......... .......... .......... .......... ..........  1% 8.35M 0s
    50K .......... .......... .......... .......... ..........  2% 19.5M 0s
   100K .......... .......... .......... .......... ..........  3% 14.7M 0s
   150K .......... .......... .......... .......... ..........  4% 52.2M 0s
   200K .......... .......... .......... .......... ..........  6% 33.1M 0s
   250K .......... .......... .......... .......... ..........  7% 15.9M 0s
   300K .......... .......... .......... .......... ..........  8%  131M 0s
   350K .......... .......... .......... .......... ..........  9% 61.7M 0s
   400K .......... .......... .......... .......... .......... 10% 67.0M 0s
   450K .......... .......... .......... .......... .......... 12% 42.2M 0s
   500K .......... .......... .......... .......... .......... 13%  103M 0s
   550K .......... .......... .......... .......... .......... 14% 93.1M 0s
   600K .......... .......... .......... .......... .......... 15% 27.1M 0s
   650K .......... .......... .......... .......... .......... 17% 94.2M 0s
   700K .......... .......... .......... .......... .......... 18%  119M 0s
   750K .......... .......... .......... .......... .......... 19% 79.4M 0s
   800K .......... .......... .......... .......... .......... 20% 66.5M 0s
   850K .......... .......... .......... .......... .......... 21%  116M 0s
   900K .......... .......... .......... .......... .......... 23% 91.3M 0s
   950K .......... .......... .......... .......... .......... 24% 5.01M 0s
  1000K .......... .......... .......... .......... .......... 25%  591M 0s
  1050K .......... .......... .......... .......... .......... 26%  639M 0s
  1100K .......... .......... .......... .......... .......... 28%  645M 0s
  1150K .......... .......... .......... .......... .......... 29% 52.8M 0s
  1200K .......... .......... .......... .......... .......... 30%  104M 0s
  1250K .......... .......... .......... .......... .......... 31%  632M 0s
  1300K .......... .......... .......... .......... .......... 32%  655M 0s
  1350K .......... .......... .......... .......... .......... 34%  634M 0s
  1400K .......... .......... .......... .......... .......... 35%  642M 0s
  1450K .......... .......... .......... .......... .......... 36%  639M 0s
  1500K .......... .......... .......... .......... .......... 37%  615M 0s
  1550K .......... .......... .......... .......... .......... 39%  645M 0s
  1600K .......... .......... .......... .......... .......... 40% 14.2M 0s
  1650K .......... .......... .......... .......... .......... 41%  215M 0s
  1700K .......... .......... .......... .......... .......... 42%  586M 0s
  1750K .......... .......... .......... .......... .......... 43% 43.8M 0s
  1800K .......... .......... .......... .......... .......... 45%  292M 0s
  1850K .......... .......... .......... .......... .......... 46% 70.0M 0s
  1900K .......... .......... .......... .......... .......... 47%  589M 0s
  1950K .......... .......... .......... .......... .......... 48%  624M 0s
  2000K .......... .......... .......... .......... .......... 50%  483M 0s
  2050K .......... .......... .......... .......... .......... 51%  632M 0s
  2100K .......... .......... .......... .......... .......... 52%  646M 0s
  2150K .......... .......... .......... .......... .......... 53%  609M 0s
  2200K .......... .......... .......... .......... .......... 54%  665M 0s
  2250K .......... .......... .......... .......... .......... 56%  653M 0s
  2300K .......... .......... .......... .......... .......... 57%  654M 0s
  2350K .......... .......... .......... .......... .......... 58%  635M 0s
  2400K .......... .......... .......... .......... .......... 59%  492M 0s
  2450K .......... .......... .......... .......... .......... 61%  647M 0s
  2500K .......... .......... .......... .......... .......... 62% 8.31M 0s
  2550K .......... .......... .......... .......... .......... 63% 83.9M 0s
  2600K .......... .......... .......... .......... .......... 64%  235M 0s
  2650K .......... .......... .......... .......... .......... 65%  157M 0s
  2700K .......... .......... .......... .......... .......... 67%  239M 0s
  2750K .......... .......... .......... .......... .......... 68% 81.4M 0s
  2800K .......... .......... .......... .......... .......... 69%  259M 0s
  2850K .......... .......... .......... .......... .......... 70%  338M 0s
  2900K .......... .......... .......... .......... .......... 72%  364M 0s
  2950K .......... .......... .......... .......... .......... 73%  352M 0s
  3000K .......... .......... .......... .......... .......... 74%  350M 0s
  3050K .......... .......... .......... .......... .......... 75%  328M 0s
  3100K .......... .......... .......... .......... .......... 76%  330M 0s
  3150K .......... .......... .......... .......... .......... 78%  345M 0s
  3200K .......... .......... .......... .......... .......... 79%  282M 0s
  3250K .......... .......... .......... .......... .......... 80%  433M 0s
  3300K .......... .......... .......... .......... .......... 81%  335M 0s
  3350K .......... .......... .......... .......... .......... 83%  329M 0s
  3400K .......... .......... .......... .......... .......... 84%  159M 0s
  3450K .......... .......... .......... .......... .......... 85% 91.0M 0s
  3500K .......... .......... .......... .......... .......... 86% 73.0M 0s
  3550K .......... .......... .......... .......... .......... 87%  117M 0s
  3600K .......... .......... .......... .......... .......... 89% 66.5M 0s
  3650K .......... .......... .......... .......... .......... 90% 77.3M 0s
  3700K .......... .......... .......... .......... .......... 91% 42.9M 0s
  3750K .......... .......... .......... .......... .......... 92% 65.3M 0s
  3800K .......... .......... .......... .......... .......... 93%  105M 0s
  3850K .......... .......... .......... .......... .......... 95%  104M 0s
  3900K .......... .......... .......... .......... .......... 96% 92.0M 0s
  3950K .......... .......... .......... .......... .......... 97% 40.4M 0s
  4000K .......... .......... .......... .......... .......... 98% 85.8M 0s
  4050K .......... .......... .......... .......... ......    100%  114M=0.06s

2026-02-13 17:48:48 (63.3 MB/s) - ‘/home/aisl/Documents/multi_robot_slam_ws/build/multirobot_map_merge/map00.pgm’ saved [4194362/4194362]

--2026-02-13 17:48:48--  https://raw.githubusercontent.com/hrnr/m-explore-extra/master/map_merge/hector_maps/map05.pgm
Resolving raw.githubusercontent.com (raw.githubusercontent.com)... 185.199.111.133, 185.199.110.133, 185.199.109.133, ...
Connecting to raw.githubusercontent.com (raw.githubusercontent.com)|185.199.111.133|:443... connected.
HTTP request sent, awaiting response... 200 OK
Length: 4194362 (4.0M) [application/octet-stream]
Saving to: ‘/home/aisl/Documents/multi_robot_slam_ws/build/multirobot_map_merge/map05.pgm’

     0K .......... .......... .......... .......... ..........  1% 7.65M 1s
    50K .......... .......... .......... .......... ..........  2% 23.7M 0s
   100K .......... .......... .......... .......... ..........  3% 12.9M 0s
   150K .......... .......... .......... .......... ..........  4% 49.9M 0s
   200K .......... .......... .......... .......... ..........  6% 39.3M 0s
   250K .......... .......... .......... .......... ..........  7% 14.5M 0s
   300K .......... .......... .......... .......... ..........  8%  116M 0s
   350K .......... .......... .......... .......... ..........  9% 64.8M 0s
   400K .......... .......... .......... .......... .......... 10% 48.7M 0s
   450K .......... .......... .......... .......... .......... 12% 92.4M 0s
   500K .......... .......... .......... .......... .......... 13%  118M 0s
   550K .......... .......... .......... .......... .......... 14% 91.2M 0s
   600K .......... .......... .......... .......... .......... 15% 22.8M 0s
   650K .......... .......... .......... .......... .......... 17%  104M 0s
   700K .......... .......... .......... .......... .......... 18% 93.6M 0s
   750K .......... .......... .......... .......... .......... 19% 88.2M 0s
   800K .......... .......... .......... .......... .......... 20% 70.4M 0s
   850K .......... .......... .......... .......... .......... 21%  118M 0s
   900K .......... .......... .......... .......... .......... 23% 84.1M 0s
   950K .......... .......... .......... .......... .......... 24%  118M 0s
  1000K .......... .......... .......... .......... .......... 25% 68.5M 0s
  1050K .......... .......... .......... .......... .......... 26% 5.12M 0s
  1100K .......... .......... .......... .......... .......... 28%  247M 0s
  1150K .......... .......... .......... .......... .......... 29%  376M 0s
  1200K .......... .......... .......... .......... .......... 30%  148M 0s
  1250K .......... .......... .......... .......... .......... 31%  407M 0s
  1300K .......... .......... .......... .......... .......... 32%  388M 0s
  1350K .......... .......... .......... .......... .......... 34%  344M 0s
  1400K .......... .......... .......... .......... .......... 35%  360M 0s
  1450K .......... .......... .......... .......... .......... 36%  365M 0s
  1500K .......... .......... .......... .......... .......... 37%  357M 0s
  1550K .......... .......... .......... .......... .......... 39%  364M 0s
  1600K .......... .......... .......... .......... .......... 40% 21.5M 0s
  1650K .......... .......... .......... .......... .......... 41% 95.2M 0s
  1700K .......... .......... .......... .......... .......... 42%  155M 0s
  1750K .......... .......... .......... .......... .......... 43%  385M 0s
  1800K .......... .......... .......... .......... .......... 45%  367M 0s
  1850K .......... .......... .......... .......... .......... 46% 44.7M 0s
  1900K .......... .......... .......... .......... .......... 47%  400M 0s
  1950K .......... .......... .......... .......... .......... 48%  117M 0s
  2000K .......... .......... .......... .......... .......... 50%  236M 0s
  2050K .......... .......... .......... .......... .......... 51%  369M 0s
  2100K .......... .......... .......... .......... .......... 52%  333M 0s
  2150K .......... .......... .......... .......... .......... 53%  344M 0s
  2200K .......... .......... .......... .......... .......... 54%  340M 0s
  2250K .......... .......... .......... .......... .......... 56%  335M 0s
  2300K .......... .......... .......... .......... .......... 57%  386M 0s
  2350K .......... .......... .......... .......... .......... 58%  338M 0s
  2400K .......... .......... .......... .......... .......... 59%  265M 0s
  2450K .......... .......... .......... .......... .......... 61%  396M 0s
  2500K .......... .......... .......... .......... .......... 62%  386M 0s
  2550K .......... .......... .......... .......... .......... 63%  298M 0s
  2600K .......... .......... .......... .......... .......... 64%  355M 0s
  2650K .......... .......... .......... .......... .......... 65% 7.38M 0s
  2700K .......... .......... .......... .......... .......... 67%  116M 0s
  2750K .......... .......... .......... .......... .......... 68%  117M 0s
  2800K .......... .......... .......... .......... .......... 69%  178M 0s
  2850K .......... .......... .......... .......... .......... 70%  534M 0s
  2900K .......... .......... .......... .......... .......... 72%  638M 0s
  2950K .......... .......... .......... .......... .......... 73%  599M 0s
  3000K .......... .......... .......... .......... .......... 74% 60.2M 0s
  3050K .......... .......... .......... .......... .......... 75%  574M 0s
  3100K .......... .......... .......... .......... .......... 76%  600M 0s
  3150K .......... .......... .......... .......... .......... 78%  544M 0s
  3200K .......... .......... .......... .......... .......... 79%  485M 0s
  3250K .......... .......... .......... .......... .......... 80%  622M 0s
  3300K .......... .......... .......... .......... .......... 81%  591M 0s
  3350K .......... .......... .......... .......... .......... 83%  571M 0s
  3400K .......... .......... .......... .......... .......... 84%  600M 0s
  3450K .......... .......... .......... .......... .......... 85% 8.25M 0s
  3500K .......... .......... .......... .......... .......... 86%  472M 0s
  3550K .......... .......... .......... .......... .......... 87%  638M 0s
  3600K .......... .......... .......... .......... .......... 89%  469M 0s
  3650K .......... .......... .......... .......... .......... 90%  520M 0s
  3700K .......... .......... .......... .......... .......... 91%  550M 0s
  3750K .......... .......... .......... .......... .......... 92%  599M 0s
  3800K .......... .......... .......... .......... .......... 93%  597M 0s
  3850K .......... .......... .......... .......... .......... 95%  629M 0s
  3900K .......... .......... .......... .......... .......... 96%  606M 0s
  3950K .......... .......... .......... .......... .......... 97%  655M 0s
  4000K .......... .......... .......... .......... .......... 98%  480M 0s
  4050K .......... .......... .......... .......... ......    100%  613M=0.06s

2026-02-13 17:48:49 (64.1 MB/s) - ‘/home/aisl/Documents/multi_robot_slam_ws/build/multirobot_map_merge/map05.pgm’ saved [4194362/4194362]

--2026-02-13 17:48:49--  https://raw.githubusercontent.com/hrnr/m-explore-extra/master/map_merge/gmapping_maps/2011-08-09-12-22-52.pgm
Resolving raw.githubusercontent.com (raw.githubusercontent.com)... 185.199.108.133, 185.199.111.133, 185.199.109.133, ...
Connecting to raw.githubusercontent.com (raw.githubusercontent.com)|185.199.108.133|:443... connected.
HTTP request sent, awaiting response... 200 OK
Length: 16000058 (15M) [application/octet-stream]
Saving to: ‘/home/aisl/Documents/multi_robot_slam_ws/build/multirobot_map_merge/2011-08-09-12-22-52.pgm’

     0K .......... .......... .......... .......... ..........  0% 8.02M 2s
    50K .......... .......... .......... .......... ..........  0% 31.5M 1s
   100K .......... .......... .......... .......... ..........  0% 11.8M 1s
   150K .......... .......... .......... .......... ..........  1% 55.7M 1s
   200K .......... .......... .......... .......... ..........  1% 46.3M 1s
   250K .......... .......... .......... .......... ..........  1% 13.3M 1s
   300K .......... .......... .......... .......... ..........  2%  117M 1s
   350K .......... .......... .......... .......... ..........  2% 62.9M 1s
   400K .......... .......... .......... .......... ..........  2% 83.3M 1s
   450K .......... .......... .......... .......... ..........  3% 89.5M 1s
   500K .......... .......... .......... .......... ..........  3%  120M 1s
   550K .......... .......... .......... .......... ..........  3% 64.7M 1s
   600K .......... .......... .......... .......... ..........  4% 21.1M 1s
   650K .......... .......... .......... .......... ..........  4%  118M 1s
   700K .......... .......... .......... .......... ..........  4% 93.9M 0s
   750K .......... .......... .......... .......... ..........  5% 62.1M 0s
   800K .......... .......... .......... .......... ..........  5%  117M 0s
   850K .......... .......... .......... .......... ..........  5% 78.0M 0s
   900K .......... .......... .......... .......... ..........  6% 86.2M 0s
   950K .......... .......... .......... .......... ..........  6%  103M 0s
  1000K .......... .......... .......... .......... ..........  6% 5.47M 0s
  1050K .......... .......... .......... .......... ..........  7%  395M 0s
  1100K .......... .......... .......... .......... ..........  7%  437M 0s
  1150K .......... .......... .......... .......... ..........  7% 89.0M 0s
  1200K .......... .......... .......... .......... ..........  7%  195M 0s
  1250K .......... .......... .......... .......... ..........  8%  441M 0s
  1300K .......... .......... .......... .......... ..........  8%  528M 0s
  1350K .......... .......... .......... .......... ..........  8%  525M 0s
  1400K .......... .......... .......... .......... ..........  9%  557M 0s
  1450K .......... .......... .......... .......... ..........  9%  476M 0s
  1500K .......... .......... .......... .......... ..........  9%  472M 0s
  1550K .......... .......... .......... .......... .......... 10% 22.2M 0s
  1600K .......... .......... .......... .......... .......... 10%  271M 0s
  1650K .......... .......... .......... .......... .......... 10%  428M 0s
  1700K .......... .......... .......... .......... .......... 11%  432M 0s
  1750K .......... .......... .......... .......... .......... 11%  434M 0s
  1800K .......... .......... .......... .......... .......... 11% 44.9M 0s
  1850K .......... .......... .......... .......... .......... 12%  463M 0s
  1900K .......... .......... .......... .......... .......... 12% 47.7M 0s
  1950K .......... .......... .......... .......... .......... 12% 84.2M 0s
  2000K .......... .......... .......... .......... .......... 13% 84.3M 0s
  2050K .......... .......... .......... .......... .......... 13%  286M 0s
  2100K .......... .......... .......... .......... .......... 13%  382M 0s
  2150K .......... .......... .......... .......... .......... 14%  529M 0s
  2200K .......... .......... .......... .......... .......... 14%  507M 0s
  2250K .......... .......... .......... .......... .......... 14%  493M 0s
  2300K .......... .......... .......... .......... .......... 15%  476M 0s
  2350K .......... .......... .......... .......... .......... 15%  317M 0s
  2400K .......... .......... .......... .......... .......... 15%  463M 0s
  2450K .......... .......... .......... .......... .......... 15%  501M 0s
  2500K .......... .......... .......... .......... .......... 16%  489M 0s
  2550K .......... .......... .......... .......... .......... 16%  567M 0s
  2600K .......... .......... .......... .......... .......... 16%  612M 0s
  2650K .......... .......... .......... .......... .......... 17%  573M 0s
  2700K .......... .......... .......... .......... .......... 17%  630M 0s
  2750K .......... .......... .......... .......... .......... 17% 53.1M 0s
  2800K .......... .......... .......... .......... .......... 18% 5.83M 0s
  2850K .......... .......... .......... .......... .......... 18%  381M 0s
  2900K .......... .......... .......... .......... .......... 18%  458M 0s
  2950K .......... .......... .......... .......... .......... 19%  522M 0s
  3000K .......... .......... .......... .......... .......... 19%  574M 0s
  3050K .......... .......... .......... .......... .......... 19%  393M 0s
  3100K .......... .......... .......... .......... .......... 20%  424M 0s
  3150K .......... .......... .......... .......... .......... 20%  289M 0s
  3200K .......... .......... .......... .......... .......... 20%  562M 0s
  3250K .......... .......... .......... .......... .......... 21%  521M 0s
  3300K .......... .......... .......... .......... .......... 21%  549M 0s
  3350K .......... .......... .......... .......... .......... 21%  498M 0s
  3400K .......... .......... .......... .......... .......... 22%  487M 0s
  3450K .......... .......... .......... .......... .......... 22%  502M 0s
  3500K .......... .......... .......... .......... .......... 22%  408M 0s
  3550K .......... .......... .......... .......... .......... 23%  306M 0s
  3600K .......... .......... .......... .......... .......... 23% 48.3M 0s
  3650K .......... .......... .......... .......... .......... 23% 92.9M 0s
  3700K .......... .......... .......... .......... .......... 23%  118M 0s
  3750K .......... .......... .......... .......... .......... 24% 59.4M 0s
  3800K .......... .......... .......... .......... .......... 24%  105M 0s
  3850K .......... .......... .......... .......... .......... 24%  102M 0s
  3900K .......... .......... .......... .......... .......... 25% 66.6M 0s
  3950K .......... .......... .......... .......... .......... 25% 70.4M 0s
  4000K .......... .......... .......... .......... .......... 25%  116M 0s
  4050K .......... .......... .......... .......... .......... 26% 68.8M 0s
  4100K .......... .......... .......... .......... .......... 26% 90.7M 0s
  4150K .......... .......... .......... .......... .......... 26% 61.1M 0s
  4200K .......... .......... .......... .......... .......... 27% 74.3M 0s
  4250K .......... .......... .......... .......... .......... 27% 57.1M 0s
  4300K .......... .......... .......... .......... .......... 27%  104M 0s
  4350K .......... .......... .......... .......... .......... 28% 47.7M 0s
  4400K .......... .......... .......... .......... .......... 28% 53.5M 0s
  4450K .......... .......... .......... .......... .......... 28%  104M 0s
  4500K .......... .......... .......... .......... .......... 29%  118M 0s
  4550K .......... .......... .......... .......... .......... 29% 93.2M 0s
  4600K .......... .......... .......... .......... .......... 29% 87.3M 0s
  4650K .......... .......... .......... .......... .......... 30%  103M 0s
  4700K .......... .......... .......... .......... .......... 30% 88.1M 0s
  4750K .......... .......... .......... .......... .......... 30% 63.7M 0s
  4800K .......... .......... .......... .......... .......... 31%  116M 0s
  4850K .......... .......... .......... .......... .......... 31% 68.0M 0s
  4900K .......... .......... .......... .......... .......... 31% 51.1M 0s
  4950K .......... .......... .......... .......... .......... 31% 78.9M 0s
  5000K .......... .......... .......... .......... .......... 32%  118M 0s
  5050K .......... .......... .......... .......... .......... 32% 7.91M 0s
  5100K .......... .......... .......... .......... .......... 32%  423M 0s
  5150K .......... .......... .......... .......... .......... 33%  336M 0s
  5200K .......... .......... .......... .......... .......... 33%  435M 0s
  5250K .......... .......... .......... .......... .......... 33%  450M 0s
  5300K .......... .......... .......... .......... .......... 34%  448M 0s
  5350K .......... .......... .......... .......... .......... 34%  389M 0s
  5400K .......... .......... .......... .......... .......... 34%  432M 0s
  5450K .......... .......... .......... .......... .......... 35%  520M 0s
  5500K .......... .......... .......... .......... .......... 35%  395M 0s
  5550K .......... .......... .......... .......... .......... 35%  354M 0s
  5600K .......... .......... .......... .......... .......... 36%  170M 0s
  5650K .......... .......... .......... .......... .......... 36% 48.1M 0s
  5700K .......... .......... .......... .......... .......... 36% 51.0M 0s
  5750K .......... .......... .......... .......... .......... 37% 64.5M 0s
  5800K .......... .......... .......... .......... .......... 37% 74.1M 0s
  5850K .......... .......... .......... .......... .......... 37% 94.2M 0s
  5900K .......... .......... .......... .......... .......... 38% 40.7M 0s
  5950K .......... .......... .......... .......... .......... 38% 33.7M 0s
  6000K .......... .......... .......... .......... .......... 38%  102M 0s
  6050K .......... .......... .......... .......... .......... 39% 57.9M 0s
  6100K .......... .......... .......... .......... .......... 39% 58.9M 0s
  6150K .......... .......... .......... .......... .......... 39% 58.2M 0s
  6200K .......... .......... .......... .......... .......... 39%  118M 0s
  6250K .......... .......... .......... .......... .......... 40% 36.8M 0s
  6300K .......... .......... .......... .......... .......... 40% 43.2M 0s
  6350K .......... .......... .......... .......... .......... 40% 55.5M 0s
  6400K .......... .......... .......... .......... .......... 41% 49.1M 0s
  6450K .......... .......... .......... .......... .......... 41%  115M 0s
  6500K .......... .......... .......... .......... .......... 41% 55.9M 0s
  6550K .......... .......... .......... .......... .......... 42% 36.0M 0s
  6600K .......... .......... .......... .......... .......... 42% 6.74M 0s
  6650K .......... .......... .......... .......... .......... 42%  324M 0s
  6700K .......... .......... .......... .......... .......... 43%  301M 0s
  6750K .......... .......... .......... .......... .......... 43%  186M 0s
  6800K .......... .......... .......... .......... .......... 43%  270M 0s
  6850K .......... .......... .......... .......... .......... 44%  313M 0s
  6900K .......... .......... .......... .......... .......... 44%  406M 0s
  6950K .......... .......... .......... .......... .......... 44%  301M 0s
  7000K .......... .......... .......... .......... .......... 45%  413M 0s
  7050K .......... .......... .......... .......... .......... 45%  398M 0s
  7100K .......... .......... .......... .......... .......... 45%  323M 0s
  7150K .......... .......... .......... .......... .......... 46%  231M 0s
  7200K .......... .......... .......... .......... .......... 46% 40.4M 0s
  7250K .......... .......... .......... .......... .......... 46% 33.6M 0s
  7300K .......... .......... .......... .......... .......... 47% 93.7M 0s
  7350K .......... .......... .......... .......... .......... 47%  118M 0s
  7400K .......... .......... .......... .......... .......... 47% 79.2M 0s
  7450K .......... .......... .......... .......... .......... 47% 92.5M 0s
  7500K .......... .......... .......... .......... .......... 48% 46.2M 0s
  7550K .......... .......... .......... .......... .......... 48% 22.1M 0s
  7600K .......... .......... .......... .......... .......... 48%  105M 0s
  7650K .......... .......... .......... .......... .......... 49% 68.5M 0s
  7700K .......... .......... .......... .......... .......... 49%  104M 0s
  7750K .......... .......... .......... .......... .......... 49% 83.6M 0s
  7800K .......... .......... .......... .......... .......... 50%  116M 0s
  7850K .......... .......... .......... .......... .......... 50% 45.4M 0s
  7900K .......... .......... .......... .......... .......... 50% 24.3M 0s
  7950K .......... .......... .......... .......... .......... 51% 47.4M 0s
  8000K .......... .......... .......... .......... .......... 51%  100M 0s
  8050K .......... .......... .......... .......... .......... 51% 93.5M 0s
  8100K .......... .......... .......... .......... .......... 52%  103M 0s
  8150K .......... .......... .......... .......... .......... 52% 52.5M 0s
  8200K .......... .......... .......... .......... .......... 52% 24.9M 0s
  8250K .......... .......... .......... .......... .......... 53% 54.8M 0s
  8300K .......... .......... .......... .......... .......... 53%  118M 0s
  8350K .......... .......... .......... .......... .......... 53% 61.0M 0s
  8400K .......... .......... .......... .......... .......... 54% 80.3M 0s
  8450K .......... .......... .......... .......... .......... 54% 62.9M 0s
  8500K .......... .......... .......... .......... .......... 54% 25.5M 0s
  8550K .......... .......... .......... .......... .......... 55%  105M 0s
  8600K .......... .......... .......... .......... .......... 55% 49.4M 0s
  8650K .......... .......... .......... .......... .......... 55% 89.1M 0s
  8700K .......... .......... .......... .......... .......... 55% 67.2M 0s
  8750K .......... .......... .......... .......... .......... 56% 47.6M 0s
  8800K .......... .......... .......... .......... .......... 56%  104M 0s
  8850K .......... .......... .......... .......... .......... 56% 30.1M 0s
  8900K .......... .......... .......... .......... .......... 57% 43.1M 0s
  8950K .......... .......... .......... .......... .......... 57% 69.5M 0s
  9000K .......... .......... .......... .......... .......... 57%  104M 0s
  9050K .......... .......... .......... .......... .......... 58% 85.4M 0s
  9100K .......... .......... .......... .......... .......... 58% 60.6M 0s
  9150K .......... .......... .......... .......... .......... 58% 28.9M 0s
  9200K .......... .......... .......... .......... .......... 59% 40.0M 0s
  9250K .......... .......... .......... .......... .......... 59%  117M 0s
  9300K .......... .......... .......... .......... .......... 59% 59.3M 0s
  9350K .......... .......... .......... .......... .......... 60% 76.7M 0s
  9400K .......... .......... .......... .......... .......... 60% 69.2M 0s
  9450K .......... .......... .......... .......... .......... 60%  118M 0s
  9500K .......... .......... .......... .......... .......... 61% 34.2M 0s
  9550K .......... .......... .......... .......... .......... 61% 30.9M 0s
  9600K .......... .......... .......... .......... .......... 61% 74.5M 0s
  9650K .......... .......... .......... .......... .......... 62% 66.3M 0s
  9700K .......... .......... .......... .......... .......... 62% 93.5M 0s
  9750K .......... .......... .......... .......... .......... 62% 58.0M 0s
  9800K .......... .......... .......... .......... .......... 63% 38.8M 0s
  9850K .......... .......... .......... .......... .......... 63% 30.9M 0s
  9900K .......... .......... .......... .......... .......... 63%  115M 0s
  9950K .......... .......... .......... .......... .......... 63% 72.0M 0s
 10000K .......... .......... .......... .......... .......... 64% 55.7M 0s
 10050K .......... .......... .......... .......... .......... 64% 62.0M 0s
 10100K .......... .......... .......... .......... .......... 64% 46.6M 0s
 10150K .......... .......... .......... .......... .......... 65%  117M 0s
 10200K .......... .......... .......... .......... .......... 65% 32.3M 0s
 10250K .......... .......... .......... .......... .......... 65% 73.5M 0s
 10300K .......... .......... .......... .......... .......... 66% 54.8M 0s
 10350K .......... .......... .......... .......... .......... 66% 58.1M 0s
 10400K .......... .......... .......... .......... .......... 66% 44.7M 0s
 10450K .......... .......... .......... .......... .......... 67%  104M 0s
 10500K .......... .......... .......... .......... .......... 67% 35.4M 0s
 10550K .......... .......... .......... .......... .......... 67% 46.2M 0s
 10600K .......... .......... .......... .......... .......... 68% 76.0M 0s
 10650K .......... .......... .......... .......... .......... 68%  117M 0s
 10700K .......... .......... .......... .......... .......... 68% 60.5M 0s
 10750K .......... .......... .......... .......... .......... 69% 43.2M 0s
 10800K .......... .......... .......... .......... .......... 69% 36.2M 0s
 10850K .......... .......... .......... .......... .......... 69% 44.8M 0s
 10900K .......... .......... .......... .......... .......... 70%  105M 0s
 10950K .......... .......... .......... .......... .......... 70% 73.7M 0s
 11000K .......... .......... .......... .......... .......... 70% 62.4M 0s
 11050K .......... .......... .......... .......... .......... 71% 44.6M 0s
 11100K .......... .......... .......... .......... .......... 71%  105M 0s
 11150K .......... .......... .......... .......... .......... 71% 36.3M 0s
 11200K .......... .......... .......... .......... .......... 71% 46.5M 0s
 11250K .......... .......... .......... .......... .......... 72% 59.5M 0s
 11300K .......... .......... .......... .......... .......... 72% 61.1M 0s
 11350K .......... .......... .......... .......... .......... 72%  105M 0s
 11400K .......... .......... .......... .......... .......... 73% 49.2M 0s
 11450K .......... .......... .......... .......... .......... 73% 35.2M 0s
 11500K .......... .......... .......... .......... .......... 73% 53.0M 0s
 11550K .......... .......... .......... .......... .......... 74% 47.5M 0s
 11600K .......... .......... .......... .......... .......... 74%  116M 0s
 11650K .......... .......... .......... .......... .......... 74% 68.1M 0s
 11700K .......... .......... .......... .......... .......... 75% 45.3M 0s
 11750K .......... .......... .......... .......... .......... 75% 42.3M 0s
 11800K .......... .......... .......... .......... .......... 75%  103M 0s
 11850K .......... .......... .......... .......... .......... 76% 38.5M 0s
 11900K .......... .......... .......... .......... .......... 76% 75.8M 0s
 11950K .......... .......... .......... .......... .......... 76% 47.3M 0s
 12000K .......... .......... .......... .......... .......... 77% 64.0M 0s
 12050K .......... .......... .......... .......... .......... 77%  103M 0s
 12100K .......... .......... .......... .......... .......... 77% 40.7M 0s
 12150K .......... .......... .......... .......... .......... 78% 30.6M 0s
 12200K .......... .......... .......... .......... .......... 78%  116M 0s
 12250K .......... .......... .......... .......... .......... 78% 80.2M 0s
 12300K .......... .......... .......... .......... .......... 79% 64.3M 0s
 12350K .......... .......... .......... .......... .......... 79% 52.5M 0s
 12400K .......... .......... .......... .......... .......... 79% 43.1M 0s
 12450K .......... .......... .......... .......... .......... 79% 32.8M 0s
 12500K .......... .......... .......... .......... .......... 80%  117M 0s
 12550K .......... .......... .......... .......... .......... 80% 69.3M 0s
 12600K .......... .......... .......... .......... .......... 80% 65.5M 0s
 12650K .......... .......... .......... .......... .......... 81% 40.3M 0s
 12700K .......... .......... .......... .......... .......... 81% 73.1M 0s
 12750K .......... .......... .......... .......... .......... 81% 29.7M 0s
 12800K .......... .......... .......... .......... .......... 82%  118M 0s
 12850K .......... .......... .......... .......... .......... 82% 62.5M 0s
 12900K .......... .......... .......... .......... .......... 82% 73.2M 0s
 12950K .......... .......... .......... .......... .......... 83% 41.7M 0s
 13000K .......... .......... .......... .......... .......... 83%  103M 0s
 13050K .......... .......... .......... .......... .......... 83% 69.7M 0s
 13100K .......... .......... .......... .......... .......... 84% 32.9M 0s
 13150K .......... .......... .......... .......... .......... 84% 60.9M 0s
 13200K .......... .......... .......... .......... .......... 84% 62.2M 0s
 13250K .......... .......... .......... .......... .......... 85%  113M 0s
 13300K .......... .......... .......... .......... .......... 85% 44.3M 0s
 13350K .......... .......... .......... .......... .......... 85% 58.5M 0s
 13400K .......... .......... .......... .......... .......... 86% 34.1M 0s
 13450K .......... .......... .......... .......... .......... 86%  118M 0s
 13500K .......... .......... .......... .......... .......... 86% 83.0M 0s
 13550K .......... .......... .......... .......... .......... 87% 50.4M 0s
 13600K .......... .......... .......... .......... .......... 87% 41.5M 0s
 13650K .......... .......... .......... .......... .......... 87% 60.9M 0s
 13700K .......... .......... .......... .......... .......... 87%  118M 0s
 13750K .......... .......... .......... .......... .......... 88% 5.96M 0s
 13800K .......... .......... .......... .......... .......... 88%  319M 0s
 13850K .......... .......... .......... .......... .......... 88%  298M 0s
 13900K .......... .......... .......... .......... .......... 89%  259M 0s
 13950K .......... .......... .......... .......... .......... 89%  217M 0s
 14000K .......... .......... .......... .......... .......... 89%  394M 0s
 14050K .......... .......... .......... .......... .......... 90%  387M 0s
 14100K .......... .......... .......... .......... .......... 90%  388M 0s
 14150K .......... .......... .......... .......... .......... 90%  391M 0s
 14200K .......... .......... .......... .......... .......... 91%  320M 0s
 14250K .......... .......... .......... .......... .......... 91%  340M 0s
 14300K .......... .......... .......... .......... .......... 91% 86.3M 0s
 14350K .......... .......... .......... .......... .......... 92% 60.1M 0s
 14400K .......... .......... .......... .......... .......... 92% 26.7M 0s
 14450K .......... .......... .......... .......... .......... 92%  104M 0s
 14500K .......... .......... .......... .......... .......... 93%  103M 0s
 14550K .......... .......... .......... .......... .......... 93% 85.0M 0s
 14600K .......... .......... .......... .......... .......... 93%  115M 0s
 14650K .......... .......... .......... .......... .......... 94% 32.6M 0s
 14700K .......... .......... .......... .......... .......... 94% 92.0M 0s
 14750K .......... .......... .......... .......... .......... 94% 26.0M 0s
 14800K .......... .......... .......... .......... .......... 95% 75.4M 0s
 14850K .......... .......... .......... .......... .......... 95% 93.3M 0s
 14900K .......... .......... .......... .......... .......... 95%  104M 0s
 14950K .......... .......... .......... .......... .......... 95% 33.3M 0s
 15000K .......... .......... .......... .......... .......... 96% 93.9M 0s
 15050K .......... .......... .......... .......... .......... 96% 30.4M 0s
 15100K .......... .......... .......... .......... .......... 96%  115M 0s
 15150K .......... .......... .......... .......... .......... 97% 58.3M 0s
 15200K .......... .......... .......... .......... .......... 97% 92.9M 0s
 15250K .......... .......... .......... .......... .......... 97% 32.4M 0s
 15300K .......... .......... .......... .......... .......... 98% 71.5M 0s
 15350K .......... .......... .......... .......... .......... 98%  116M 0s
 15400K .......... .......... .......... .......... .......... 98% 29.0M 0s
 15450K .......... .......... .......... .......... .......... 99% 77.8M 0s
 15500K .......... .......... .......... .......... .......... 99%  116M 0s
 15550K .......... .......... .......... .......... .......... 99% 26.4M 0s
 15600K .......... .......... .....                           100%  207M=0.3s

2026-02-13 17:48:51 (59.5 MB/s) - ‘/home/aisl/Documents/multi_robot_slam_ws/build/multirobot_map_merge/2011-08-09-12-22-52.pgm’ saved [16000058/16000058]

--2026-02-13 17:48:51--  https://raw.githubusercontent.com/hrnr/m-explore-extra/master/map_merge/gmapping_maps/2012-01-28-11-12-01.pgm
Resolving raw.githubusercontent.com (raw.githubusercontent.com)... 185.199.109.133, 185.199.110.133, 185.199.111.133, ...
Connecting to raw.githubusercontent.com (raw.githubusercontent.com)|185.199.109.133|:443... connected.
HTTP request sent, awaiting response... 200 OK
Length: 16000058 (15M) [application/octet-stream]
Saving to: ‘/home/aisl/Documents/multi_robot_slam_ws/build/multirobot_map_merge/2012-01-28-11-12-01.pgm’

     0K .......... .......... .......... .......... ..........  0% 7.35M 2s
    50K .......... .......... .......... .......... ..........  0% 27.5M 1s
   100K .......... .......... .......... .......... ..........  0% 15.9M 1s
   150K .......... .......... .......... .......... ..........  1% 34.1M 1s
   200K .......... .......... .......... .......... ..........  1% 11.7M 1s
   250K .......... .......... .......... .......... ..........  1%  178M 1s
   300K .......... .......... .......... .......... ..........  2% 94.5M 1s
   350K .......... .......... .......... .......... ..........  2% 41.5M 1s
   400K .......... .......... .......... .......... ..........  2% 95.8M 1s
   450K .......... .......... .......... .......... ..........  3% 15.9M 1s
   500K .......... .......... .......... .......... ..........  3%  132M 1s
   550K .......... .......... .......... .......... ..........  3% 97.6M 1s
   600K .......... .......... .......... .......... ..........  4%  177M 1s
   650K .......... .......... .......... .......... ..........  4% 97.6M 1s
   700K .......... .......... .......... .......... ..........  4%  102M 0s
   750K .......... .......... .......... .......... ..........  5% 96.3M 0s
   800K .......... .......... .......... .......... ..........  5% 98.1M 0s
   850K .......... .......... .......... .......... ..........  5%  173M 0s
   900K .......... .......... .......... .......... ..........  6% 96.1M 0s
   950K .......... .......... .......... .......... ..........  6% 6.02M 1s
  1000K .......... .......... .......... .......... ..........  6%  587M 0s
  1050K .......... .......... .......... .......... ..........  7%  623M 0s
  1100K .......... .......... .......... .......... ..........  7%  628M 0s
  1150K .......... .......... .......... .......... ..........  7% 20.1M 0s
  1200K .......... .......... .......... .......... ..........  7%  623M 0s
  1250K .......... .......... .......... .......... ..........  8% 24.5M 0s
  1300K .......... .......... .......... .......... ..........  8%  322M 0s
  1350K .......... .......... .......... .......... ..........  8%  218M 0s
  1400K .......... .......... .......... .......... ..........  9%  128M 0s
  1450K .......... .......... .......... .......... ..........  9%  168M 0s
  1500K .......... .......... .......... .......... ..........  9%  114M 0s
  1550K .......... .......... .......... .......... .......... 10%  133M 0s
  1600K .......... .......... .......... .......... .......... 10%  150M 0s
  1650K .......... .......... .......... .......... .......... 10%  208M 0s
  1700K .......... .......... .......... .......... .......... 11%  169M 0s
  1750K .......... .......... .......... .......... .......... 11% 5.29M 0s
  1800K .......... .......... .......... .......... .......... 11%  325M 0s
  1850K .......... .......... .......... .......... .......... 12%  476M 0s
  1900K .......... .......... .......... .......... .......... 12%  475M 0s
  1950K .......... .......... .......... .......... .......... 12%  376M 0s
  2000K .......... .......... .......... .......... .......... 13%  486M 0s
  2050K .......... .......... .......... .......... .......... 13%  503M 0s
  2100K .......... .......... .......... .......... .......... 13%  499M 0s
  2150K .......... .......... .......... .......... .......... 14%  580M 0s
  2200K .......... .......... .......... .......... .......... 14%  487M 0s
  2250K .......... .......... .......... .......... .......... 14%  460M 0s
  2300K .......... .......... .......... .......... .......... 15%  414M 0s
  2350K .......... .......... .......... .......... .......... 15%  384M 0s
  2400K .......... .......... .......... .......... .......... 15%  476M 0s
  2450K .......... .......... .......... .......... .......... 15%  584M 0s
  2500K .......... .......... .......... .......... .......... 16%  630M 0s
  2550K .......... .......... .......... .......... .......... 16%  492M 0s
  2600K .......... .......... .......... .......... .......... 16%  494M 0s
  2650K .......... .......... .......... .......... .......... 17%  484M 0s
  2700K .......... .......... .......... .......... .......... 17%  495M 0s
  2750K .......... .......... .......... .......... .......... 17%  388M 0s
  2800K .......... .......... .......... .......... .......... 18%  416M 0s
  2850K .......... .......... .......... .......... .......... 18%  473M 0s
  2900K .......... .......... .......... .......... .......... 18%  526M 0s
  2950K .......... .......... .......... .......... .......... 19%  497M 0s
  3000K .......... .......... .......... .......... .......... 19%  493M 0s
  3050K .......... .......... .......... .......... .......... 19%  135M 0s
  3100K .......... .......... .......... .......... .......... 20% 75.3M 0s
  3150K .......... .......... .......... .......... .......... 20% 63.6M 0s
  3200K .......... .......... .......... .......... .......... 20%  101M 0s
  3250K .......... .......... .......... .......... .......... 21%  117M 0s
  3300K .......... .......... .......... .......... .......... 21% 70.2M 0s
  3350K .......... .......... .......... .......... .......... 21% 92.4M 0s
  3400K .......... .......... .......... .......... .......... 22% 91.8M 0s
  3450K .......... .......... .......... .......... .......... 22% 64.8M 0s
  3500K .......... .......... .......... .......... .......... 22% 91.3M 0s
  3550K .......... .......... .......... .......... .......... 23% 71.7M 0s
  3600K .......... .......... .......... .......... .......... 23%  118M 0s
  3650K .......... .......... .......... .......... .......... 23% 64.3M 0s
  3700K .......... .......... .......... .......... .......... 23% 61.4M 0s
  3750K .......... .......... .......... .......... .......... 24%  115M 0s
  3800K .......... .......... .......... .......... .......... 24% 92.5M 0s
  3850K .......... .......... .......... .......... .......... 24%  104M 0s
  3900K .......... .......... .......... .......... .......... 25% 82.9M 0s
  3950K .......... .......... .......... .......... .......... 25% 85.2M 0s
  4000K .......... .......... .......... .......... .......... 25% 88.5M 0s
  4050K .......... .......... .......... .......... .......... 26% 53.6M 0s
  4100K .......... .......... .......... .......... .......... 26%  117M 0s
  4150K .......... .......... .......... .......... .......... 26% 93.0M 0s
  4200K .......... .......... .......... .......... .......... 27% 58.5M 0s
  4250K .......... .......... .......... .......... .......... 27%  118M 0s
  4300K .......... .......... .......... .......... .......... 27% 89.6M 0s
  4350K .......... .......... .......... .......... .......... 28% 59.4M 0s
  4400K .......... .......... .......... .......... .......... 28% 85.1M 0s
  4450K .......... .......... .......... .......... .......... 28%  117M 0s
  4500K .......... .......... .......... .......... .......... 29% 86.1M 0s
  4550K .......... .......... .......... .......... .......... 29% 75.2M 0s
  4600K .......... .......... .......... .......... .......... 29%  106M 0s
  4650K .......... .......... .......... .......... .......... 30% 83.9M 0s
  4700K .......... .......... .......... .......... .......... 30% 63.5M 0s
  4750K .......... .......... .......... .......... .......... 30% 71.3M 0s
  4800K .......... .......... .......... .......... .......... 31%  115M 0s
  4850K .......... .......... .......... .......... .......... 31% 65.1M 0s
  4900K .......... .......... .......... .......... .......... 31%  103M 0s
  4950K .......... .......... .......... .......... .......... 31% 78.7M 0s
  5000K .......... .......... .......... .......... .......... 32%  104M 0s
  5050K .......... .......... .......... .......... .......... 32% 75.6M 0s
  5100K .......... .......... .......... .......... .......... 32% 84.8M 0s
  5150K .......... .......... .......... .......... .......... 33% 86.0M 0s
  5200K .......... .......... .......... .......... .......... 33% 87.2M 0s
  5250K .......... .......... .......... .......... .......... 33% 91.9M 0s
  5300K .......... .......... .......... .......... .......... 34%  117M 0s
  5350K .......... .......... .......... .......... .......... 34% 81.3M 0s
  5400K .......... .......... .......... .......... .......... 34% 67.6M 0s
  5450K .......... .......... .......... .......... .......... 35%  105M 0s
  5500K .......... .......... .......... .......... .......... 35% 88.8M 0s
  5550K .......... .......... .......... .......... .......... 35% 70.9M 0s
  5600K .......... .......... .......... .......... .......... 36% 56.0M 0s
  5650K .......... .......... .......... .......... .......... 36%  118M 0s
  5700K .......... .......... .......... .......... .......... 36% 93.1M 0s
  5750K .......... .......... .......... .......... .......... 37% 71.0M 0s
  5800K .......... .......... .......... .......... .......... 37%  118M 0s
  5850K .......... .......... .......... .......... .......... 37% 77.2M 0s
  5900K .......... .......... .......... .......... .......... 38% 83.5M 0s
  5950K .......... .......... .......... .......... .......... 38% 71.3M 0s
  6000K .......... .......... .......... .......... .......... 38%  104M 0s
  6050K .......... .......... .......... .......... .......... 39% 92.5M 0s
  6100K .......... .......... .......... .......... .......... 39% 66.1M 0s
  6150K .......... .......... .......... .......... .......... 39% 77.0M 0s
  6200K .......... .......... .......... .......... .......... 39%  117M 0s
  6250K .......... .......... .......... .......... .......... 40% 93.9M 0s
  6300K .......... .......... .......... .......... .......... 40%  105M 0s
  6350K .......... .......... .......... .......... .......... 40% 71.4M 0s
  6400K .......... .......... .......... .......... .......... 41% 91.1M 0s
  6450K .......... .......... .......... .......... .......... 41% 89.1M 0s
  6500K .......... .......... .......... .......... .......... 41%  118M 0s
  6550K .......... .......... .......... .......... .......... 42% 60.2M 0s
  6600K .......... .......... .......... .......... .......... 42%  103M 0s
  6650K .......... .......... .......... .......... .......... 42%  118M 0s
  6700K .......... .......... .......... .......... .......... 43% 82.6M 0s
  6750K .......... .......... .......... .......... .......... 43% 50.1M 0s
  6800K .......... .......... .......... .......... .......... 43%  117M 0s
  6850K .......... .......... .......... .......... .......... 44% 85.2M 0s
  6900K .......... .......... .......... .......... .......... 44% 71.0M 0s
  6950K .......... .......... .......... .......... .......... 44%  118M 0s
  7000K .......... .......... .......... .......... .......... 45% 92.9M 0s
  7050K .......... .......... .......... .......... .......... 45% 69.2M 0s
  7100K .......... .......... .......... .......... .......... 45%  111M 0s
  7150K .......... .......... .......... .......... .......... 46% 65.9M 0s
  7200K .......... .......... .......... .......... .......... 46% 99.8M 0s
  7250K .......... .......... .......... .......... .......... 46% 75.9M 0s
  7300K .......... .......... .......... .......... .......... 47% 85.8M 0s
  7350K .......... .......... .......... .......... .......... 47%  104M 0s
  7400K .......... .......... .......... .......... .......... 47% 82.1M 0s
  7450K .......... .......... .......... .......... .......... 47%  106M 0s
  7500K .......... .......... .......... .......... .......... 48% 92.9M 0s
  7550K .......... .......... .......... .......... .......... 48% 69.9M 0s
  7600K .......... .......... .......... .......... .......... 48% 68.7M 0s
  7650K .......... .......... .......... .......... .......... 49%  118M 0s
  7700K .......... .......... .......... .......... .......... 49% 91.7M 0s
  7750K .......... .......... .......... .......... .......... 49% 72.2M 0s
  7800K .......... .......... .......... .......... .......... 50%  118M 0s
  7850K .......... .......... .......... .......... .......... 50% 93.9M 0s
  7900K .......... .......... .......... .......... .......... 50% 83.5M 0s
  7950K .......... .......... .......... .......... .......... 51% 48.7M 0s
  8000K .......... .......... .......... .......... .......... 51%  118M 0s
  8050K .......... .......... .......... .......... .......... 51% 92.5M 0s
  8100K .......... .......... .......... .......... .......... 52%  119M 0s
  8150K .......... .......... .......... .......... .......... 52% 81.2M 0s
  8200K .......... .......... .......... .......... .......... 52% 77.0M 0s
  8250K .......... .......... .......... .......... .......... 53%  115M 0s
  8300K .......... .......... .......... .......... .......... 53% 78.2M 0s
  8350K .......... .......... .......... .......... .......... 53% 67.1M 0s
  8400K .......... .......... .......... .......... .......... 54% 87.6M 0s
  8450K .......... .......... .......... .......... .......... 54%  107M 0s
  8500K .......... .......... .......... .......... .......... 54% 77.6M 0s
  8550K .......... .......... .......... .......... .......... 55% 92.0M 0s
  8600K .......... .......... .......... .......... .......... 55% 90.1M 0s
  8650K .......... .......... .......... .......... .......... 55% 77.3M 0s
  8700K .......... .......... .......... .......... .......... 55%  103M 0s
  8750K .......... .......... .......... .......... .......... 56% 33.4M 0s
  8800K .......... .......... .......... .......... .......... 56%  118M 0s
  8850K .......... .......... .......... .......... .......... 56%  105M 0s
  8900K .......... .......... .......... .......... .......... 57%  117M 0s
  8950K .......... .......... .......... .......... .......... 57% 29.6M 0s
  9000K .......... .......... .......... .......... .......... 57% 84.1M 0s
  9050K .......... .......... .......... .......... .......... 58%  118M 0s
  9100K .......... .......... .......... .......... .......... 58%  116M 0s
  9150K .......... .......... .......... .......... .......... 58% 45.3M 0s
  9200K .......... .......... .......... .......... .......... 59%  119M 0s
  9250K .......... .......... .......... .......... .......... 59% 83.6M 0s
  9300K .......... .......... .......... .......... .......... 59% 81.8M 0s
  9350K .......... .......... .......... .......... .......... 60%  103M 0s
  9400K .......... .......... .......... .......... .......... 60% 90.6M 0s
  9450K .......... .......... .......... .......... .......... 60% 92.7M 0s
  9500K .......... .......... .......... .......... .......... 61% 66.1M 0s
  9550K .......... .......... .......... .......... .......... 61% 25.3M 0s
  9600K .......... .......... .......... .......... .......... 61% 72.5M 0s
  9650K .......... .......... .......... .......... .......... 62%  105M 0s
  9700K .......... .......... .......... .......... .......... 62% 94.2M 0s
  9750K .......... .......... .......... .......... .......... 62% 93.2M 0s
  9800K .......... .......... .......... .......... .......... 63% 74.5M 0s
  9850K .......... .......... .......... .......... .......... 63% 65.8M 0s
  9900K .......... .......... .......... .......... .......... 63%  117M 0s
  9950K .......... .......... .......... .......... .......... 63% 21.5M 0s
 10000K .......... .......... .......... .......... .......... 64% 91.7M 0s
 10050K .......... .......... .......... .......... .......... 64% 5.96M 0s
 10100K .......... .......... .......... .......... .......... 64%  126M 0s
 10150K .......... .......... .......... .......... .......... 65%  271M 0s
 10200K .......... .......... .......... .......... .......... 65%  468M 0s
 10250K .......... .......... .......... .......... .......... 65%  255M 0s
 10300K .......... .......... .......... .......... .......... 66%  110M 0s
 10350K .......... .......... .......... .......... .......... 66%  378M 0s
 10400K .......... .......... .......... .......... .......... 66%  483M 0s
 10450K .......... .......... .......... .......... .......... 67%  488M 0s
 10500K .......... .......... .......... .......... .......... 67%  502M 0s
 10550K .......... .......... .......... .......... .......... 67%  506M 0s
 10600K .......... .......... .......... .......... .......... 68%  511M 0s
 10650K .......... .......... .......... .......... .......... 68%  607M 0s
 10700K .......... .......... .......... .......... .......... 68%  524M 0s
 10750K .......... .......... .......... .......... .......... 69%  358M 0s
 10800K .......... .......... .......... .......... .......... 69%  545M 0s
 10850K .......... .......... .......... .......... .......... 69%  496M 0s
 10900K .......... .......... .......... .......... .......... 70% 54.8M 0s
 10950K .......... .......... .......... .......... .......... 70% 6.21M 0s
 11000K .......... .......... .......... .......... .......... 70%  458M 0s
 11050K .......... .......... .......... .......... .......... 71%  494M 0s
 11100K .......... .......... .......... .......... .......... 71%  558M 0s
 11150K .......... .......... .......... .......... .......... 71%  397M 0s
 11200K .......... .......... .......... .......... .......... 71%  483M 0s
 11250K .......... .......... .......... .......... .......... 72%  469M 0s
 11300K .......... .......... .......... .......... .......... 72%  579M 0s
 11350K .......... .......... .......... .......... .......... 72%  632M 0s
 11400K .......... .......... .......... .......... .......... 73%  614M 0s
 11450K .......... .......... .......... .......... .......... 73%  550M 0s
 11500K .......... .......... .......... .......... .......... 73%  196M 0s
 11550K .......... .......... .......... .......... .......... 74% 48.5M 0s
 11600K .......... .......... .......... .......... .......... 74% 54.9M 0s
 11650K .......... .......... .......... .......... .......... 74% 39.6M 0s
 11700K .......... .......... .......... .......... .......... 75% 28.3M 0s
 11750K .......... .......... .......... .......... .......... 75% 51.5M 0s
 11800K .......... .......... .......... .......... .......... 75%  104M 0s
 11850K .......... .......... .......... .......... .......... 76% 66.7M 0s
 11900K .......... .......... .......... .......... .......... 76% 27.1M 0s
 11950K .......... .......... .......... .......... .......... 76% 29.2M 0s
 12000K .......... .......... .......... .......... .......... 77% 47.9M 0s
 12050K .......... .......... .......... .......... .......... 77%  100M 0s
 12100K .......... .......... .......... .......... .......... 77% 67.9M 0s
 12150K .......... .......... .......... .......... .......... 78% 25.0M 0s
 12200K .......... .......... .......... .......... .......... 78% 34.0M 0s
 12250K .......... .......... .......... .......... .......... 78%  118M 0s
 12300K .......... .......... .......... .......... .......... 79% 49.1M 0s
 12350K .......... .......... .......... .......... .......... 79% 44.4M 0s
 12400K .......... .......... .......... .......... .......... 79% 25.7M 0s
 12450K .......... .......... .......... .......... .......... 79% 37.4M 0s
 12500K .......... .......... .......... .......... .......... 80%  105M 0s
 12550K .......... .......... .......... .......... .......... 80% 40.1M 0s
 12600K .......... .......... .......... .......... .......... 80% 74.3M 0s
 12650K .......... .......... .......... .......... .......... 81% 26.5M 0s
 12700K .......... .......... .......... .......... .......... 81% 37.8M 0s
 12750K .......... .......... .......... .......... .......... 81% 34.7M 0s
 12800K .......... .......... .......... .......... .......... 82%  116M 0s
 12850K .......... .......... .......... .......... .......... 82% 64.5M 0s
 12900K .......... .......... .......... .......... .......... 82% 24.5M 0s
 12950K .......... .......... .......... .......... .......... 83% 44.6M 0s
 13000K .......... .......... .......... .......... .......... 83%  117M 0s
 13050K .......... .......... .......... .......... .......... 83% 36.3M 0s
 13100K .......... .......... .......... .......... .......... 84% 76.9M 0s
 13150K .......... .......... .......... .......... .......... 84% 24.4M 0s
 13200K .......... .......... .......... .......... .......... 84% 35.0M 0s
 13250K .......... .......... .......... .......... .......... 85%  118M 0s
 13300K .......... .......... .......... .......... .......... 85% 42.3M 0s
 13350K .......... .......... .......... .......... .......... 85% 67.6M 0s
 13400K .......... .......... .......... .......... .......... 86% 29.5M 0s
 13450K .......... .......... .......... .......... .......... 86%  106M 0s
 13500K .......... .......... .......... .......... .......... 86% 33.5M 0s
 13550K .......... .......... .......... .......... .......... 87% 32.9M 0s
 13600K .......... .......... .......... .......... .......... 87% 92.5M 0s
 13650K .......... .......... .......... .......... .......... 87% 27.6M 0s
 13700K .......... .......... .......... .......... .......... 87%  104M 0s
 13750K .......... .......... .......... .......... .......... 88% 36.8M 0s
 13800K .......... .......... .......... .......... .......... 88% 36.2M 0s
 13850K .......... .......... .......... .......... .......... 88% 77.3M 0s
 13900K .......... .......... .......... .......... .......... 89%  117M 0s
 13950K .......... .......... .......... .......... .......... 89% 22.5M 0s
 14000K .......... .......... .......... .......... .......... 89% 45.7M 0s
 14050K .......... .......... .......... .......... .......... 90% 34.4M 0s
 14100K .......... .......... .......... .......... .......... 90% 53.9M 0s
 14150K .......... .......... .......... .......... .......... 90%  105M 0s
 14200K .......... .......... .......... .......... .......... 91% 33.5M 0s
 14250K .......... .......... .......... .......... .......... 91% 40.2M 0s
 14300K .......... .......... .......... .......... .......... 91% 32.4M 0s
 14350K .......... .......... .......... .......... .......... 92% 51.8M 0s
 14400K .......... .......... .......... .......... .......... 92%  118M 0s
 14450K .......... .......... .......... .......... .......... 92% 31.6M 0s
 14500K .......... .......... .......... .......... .......... 93% 42.0M 0s
 14550K .......... .......... .......... .......... .......... 93% 33.6M 0s
 14600K .......... .......... .......... .......... .......... 93%  118M 0s
 14650K .......... .......... .......... .......... .......... 94% 52.8M 0s
 14700K .......... .......... .......... .......... .......... 94% 32.9M 0s
 14750K .......... .......... .......... .......... .......... 94% 37.3M 0s
 14800K .......... .......... .......... .......... .......... 95% 25.6M 0s
 14850K .......... .......... .......... .......... .......... 95%  119M 0s
 14900K .......... .......... .......... .......... .......... 95% 57.0M 0s
 14950K .......... .......... .......... .......... .......... 95% 29.5M 0s
 15000K .......... .......... .......... .......... .......... 96% 60.0M 0s
 15050K .......... .......... .......... .......... .......... 96% 29.6M 0s
 15100K .......... .......... .......... .......... .......... 96%  104M 0s
 15150K .......... .......... .......... .......... .......... 97% 37.3M 0s
 15200K .......... .......... .......... .......... .......... 97% 31.7M 0s
 15250K .......... .......... .......... .......... .......... 97% 93.2M 0s
 15300K .......... .......... .......... .......... .......... 98% 27.7M 0s
 15350K .......... .......... .......... .......... .......... 98%  102M 0s
 15400K .......... .......... .......... .......... .......... 98% 40.4M 0s
 15450K .......... .......... .......... .......... .......... 99% 34.1M 0s
 15500K .......... .......... .......... .......... .......... 99% 92.9M 0s
 15550K .......... .......... .......... .......... .......... 99% 25.2M 0s
 15600K .......... .......... .....                           100%  243M=0.3s

2026-02-13 17:48:52 (60.8 MB/s) - ‘/home/aisl/Documents/multi_robot_slam_ws/build/multirobot_map_merge/2012-01-28-11-12-01.pgm’ saved [16000058/16000058]

