[0.189s] Invoking command in '/home/aisl/Documents/multi_robot_slam_ws/build/multirobot_map_merge': BYOBU_DATE=%Y-%m-%d CMAKE_PREFIX_PATH=${CMAKE_PREFIX_PATH}:/home/aisl/Documents/multi_robot_slam_ws/install/multi_robot_slam_py:/opt/ros/jazzy DEBUGINFOD_URLS=https://debuginfod.ubuntu.com PS1=\[\e[38;5;202m\]$(byobu_prompt_status)\[\e[00m\]$(byobu_prompt_runtime) \[\e[38;5;245m\]\u\[\e[00m\]@\[\e[38;5;172m\]\h\[\e[00m\]:\[\e[38;5;5m\]\w\[\e[00m\]$(byobu_prompt_symbol) /usr/bin/cmake /home/aisl/Documents/multi_robot_slam_ws/src/m-explore-ros2/m-explore-ros2-main/map_merge -DAMENT_CMAKE_SYMLINK_INSTALL=1 -DCMAKE_INSTALL_PREFIX=/home/aisl/Documents/multi_robot_slam_ws/install/multirobot_map_merge
[0.227s] -- The C compiler identification is GNU 13.3.0
[0.264s] -- The CXX compiler identification is GNU 13.3.0
[0.275s] -- Detecting C compiler ABI info
[0.334s] -- Detecting C compiler ABI info - done
[0.341s] -- Check for working C compiler: /usr/bin/cc - skipped
[0.341s] -- Detecting C compile features
[0.342s] -- Detecting C compile features - done
[0.348s] -- Detecting CXX compiler ABI info
[0.416s] -- Detecting CXX compiler ABI info - done
[0.423s] -- Check for working CXX compiler: /usr/bin/c++ - skipped
[0.423s] -- Detecting CXX compile features
[0.424s] -- Detecting CXX compile features - done
[0.426s] -- Found ament_cmake: 2.5.5 (/opt/ros/jazzy/share/ament_cmake/cmake)
[0.537s] -- Found Python3: /usr/bin/python3 (found version "3.12.3") found components: Interpreter 
[0.589s] -- Override CMake install command with custom implementation using symlinks instead of copying resources
[0.622s] -- Found rclcpp: 28.1.16 (/opt/ros/jazzy/share/rclcpp/cmake)
[0.659s] -- Found rosidl_generator_c: 4.6.7 (/opt/ros/jazzy/share/rosidl_generator_c/cmake)
[0.672s] -- Found rosidl_generator_cpp: 4.6.7 (/opt/ros/jazzy/share/rosidl_generator_cpp/cmake)
[0.687s] -- Using all available rosidl_typesupport_c: rosidl_typesupport_fastrtps_c;rosidl_typesupport_introspection_c
[0.703s] -- Using all available rosidl_typesupport_cpp: rosidl_typesupport_fastrtps_cpp;rosidl_typesupport_introspection_cpp
[0.771s] -- Found rmw_implementation_cmake: 7.3.3 (/opt/ros/jazzy/share/rmw_implementation_cmake/cmake)
[0.774s] -- Found rmw_fastrtps_cpp: 8.4.3 (/opt/ros/jazzy/share/rmw_fastrtps_cpp/cmake)
[0.834s] -- Found OpenSSL: /usr/lib/x86_64-linux-gnu/libcrypto.so (found version "3.0.13")  
[0.850s] -- Found FastRTPS: /opt/ros/jazzy/include (Required is at least version "2.13") 
[0.868s] -- Using RMW implementation 'rmw_fastrtps_cpp' as default
[0.933s] -- Found geometry_msgs: 5.3.6 (/opt/ros/jazzy/share/geometry_msgs/cmake)
[0.962s] -- Found image_geometry: 4.1.0 (/opt/ros/jazzy/share/image_geometry/cmake)
[0.996s] -- Found map_msgs: 2.4.1 (/opt/ros/jazzy/share/map_msgs/cmake)
[1.053s] -- Found tf2_geometry_msgs: 0.36.19 (/opt/ros/jazzy/share/tf2_geometry_msgs/cmake)
[1.070s] -- Found eigen3_cmake_module: 0.3.0 (/opt/ros/jazzy/share/eigen3_cmake_module/cmake)
[1.071s] -- Found Eigen3: TRUE (found version "3.4.0") 
[1.071s] -- Ensuring Eigen3 include directory is part of orocos-kdl CMake target
[1.275s] -- Found Boost: /usr/lib/x86_64-linux-gnu/cmake/Boost-1.83.0/BoostConfig.cmake (found version "1.83.0") found components: thread 
[1.280s] -- Found OpenCV: /usr (found version "4.6.0") 
[1.293s] -- Found ament_lint_auto: 0.17.4 (/opt/ros/jazzy/share/ament_lint_auto/cmake)
[1.381s] -- Found ament_cmake_gtest: 2.5.5 (/opt/ros/jazzy/share/ament_cmake_gtest/cmake)
[1.386s] --2026-02-13 17:48:47--  https://raw.githubusercontent.com/hrnr/m-explore-extra/master/map_merge/hector_maps/map00.pgm
[1.408s] Resolving raw.githubusercontent.com (raw.githubusercontent.com)... 185.199.111.133, 185.199.108.133, 185.199.109.133, ...
[1.414s] Connecting to raw.githubusercontent.com (raw.githubusercontent.com)|185.199.111.133|:443... connected.
[2.076s] HTTP request sent, awaiting response... 200 OK
[2.076s] Length: 4194362 (4.0M) [application/octet-stream]
[2.076s] Saving to: ‘/home/aisl/Documents/multi_robot_slam_ws/build/multirobot_map_merge/map00.pgm’
[2.076s] 
[2.081s]      0K .......... .......... .......... .......... ..........  1% 8.35M 0s
[2.084s]     50K .......... .......... .......... .......... ..........  2% 19.5M 0s
[2.087s]    100K .......... .......... .......... .......... ..........  3% 14.7M 0s
[2.088s]    150K .......... .......... .......... .......... ..........  4% 52.2M 0s
[2.090s]    200K .......... .......... .......... .......... ..........  6% 33.1M 0s
[2.093s]    250K .......... .......... .......... .......... ..........  7% 15.9M 0s
[2.093s]    300K .......... .......... .......... .......... ..........  8%  131M 0s
[2.094s]    350K .......... .......... .......... .......... ..........  9% 61.7M 0s
[2.094s]    400K .......... .......... .......... .......... .......... 10% 67.0M 0s
[2.096s]    450K .......... .......... .......... .......... .......... 12% 42.2M 0s
[2.096s]    500K .......... .......... .......... .......... .......... 13%  103M 0s
[2.097s]    550K .......... .......... .......... .......... .......... 14% 93.1M 0s
[2.098s]    600K .......... .......... .......... .......... .......... 15% 27.1M 0s
[2.099s]    650K .......... .......... .......... .......... .......... 17% 94.2M 0s
[2.099s]    700K .......... .......... .......... .......... .......... 18%  119M 0s
[2.100s]    750K .......... .......... .......... .......... .......... 19% 79.4M 0s
[2.101s]    800K .......... .......... .......... .......... .......... 20% 66.5M 0s
[2.101s]    850K .......... .......... .......... .......... .......... 21%  116M 0s
[2.102s]    900K .......... .......... .......... .......... .......... 23% 91.3M 0s
[2.112s]    950K .......... .......... .......... .......... .......... 24% 5.01M 0s
[2.112s]   1000K .......... .......... .......... .......... .......... 25%  591M 0s
[2.112s]   1050K .......... .......... .......... .......... .......... 26%  639M 0s
[2.112s]   1100K .......... .......... .......... .......... .......... 28%  645M 0s
[2.113s]   1150K .......... .......... .......... .......... .......... 29% 52.8M 0s
[2.113s]   1200K .......... .......... .......... .......... .......... 30%  104M 0s
[2.113s]   1250K .......... .......... .......... .......... .......... 31%  632M 0s
[2.113s]   1300K .......... .......... .......... .......... .......... 32%  655M 0s
[2.113s]   1350K .......... .......... .......... .......... .......... 34%  634M 0s
[2.113s]   1400K .......... .......... .......... .......... .......... 35%  642M 0s
[2.114s]   1450K .......... .......... .......... .......... .......... 36%  639M 0s
[2.114s]   1500K .......... .......... .......... .......... .......... 37%  615M 0s
[2.114s]   1550K .......... .......... .......... .......... .......... 39%  645M 0s
[2.117s]   1600K .......... .......... .......... .......... .......... 40% 14.2M 0s
[2.117s]   1650K .......... .......... .......... .......... .......... 41%  215M 0s
[2.117s]   1700K .......... .......... .......... .......... .......... 42%  586M 0s
[2.118s]   1750K .......... .......... .......... .......... .......... 43% 43.8M 0s
[2.119s]   1800K .......... .......... .......... .......... .......... 45%  292M 0s
[2.119s]   1850K .......... .......... .......... .......... .......... 46% 70.0M 0s
[2.119s]   1900K .......... .......... .......... .......... .......... 47%  589M 0s
[2.120s]   1950K .......... .......... .......... .......... .......... 48%  624M 0s
[2.120s]   2000K .......... .......... .......... .......... .......... 50%  483M 0s
[2.120s]   2050K .......... .......... .......... .......... .......... 51%  632M 0s
[2.120s]   2100K .......... .......... .......... .......... .......... 52%  646M 0s
[2.120s]   2150K .......... .......... .......... .......... .......... 53%  609M 0s
[2.120s]   2200K .......... .......... .......... .......... .......... 54%  665M 0s
[2.120s]   2250K .......... .......... .......... .......... .......... 56%  653M 0s
[2.120s]   2300K .......... .......... .......... .......... .......... 57%  654M 0s
[2.120s]   2350K .......... .......... .......... .......... .......... 58%  635M 0s
[2.120s]   2400K .......... .......... .......... .......... .......... 59%  492M 0s
[2.120s]   2450K .......... .......... .......... .......... .......... 61%  647M 0s
[2.126s]   2500K .......... .......... .......... .......... .......... 62% 8.31M 0s
[2.127s]   2550K .......... .......... .......... .......... .......... 63% 83.9M 0s
[2.127s]   2600K .......... .......... .......... .......... .......... 64%  235M 0s
[2.127s]   2650K .......... .......... .......... .......... .......... 65%  157M 0s
[2.127s]   2700K .......... .......... .......... .......... .......... 67%  239M 0s
[2.128s]   2750K .......... .......... .......... .......... .......... 68% 81.4M 0s
[2.128s]   2800K .......... .......... .......... .......... .......... 69%  259M 0s
[2.128s]   2850K .......... .......... .......... .......... .......... 70%  338M 0s
[2.129s]   2900K .......... .......... .......... .......... .......... 72%  364M 0s
[2.129s]   2950K .......... .......... .......... .......... .......... 73%  352M 0s
[2.129s]   3000K .......... .......... .......... .......... .......... 74%  350M 0s
[2.129s]   3050K .......... .......... .......... .......... .......... 75%  328M 0s
[2.129s]   3100K .......... .......... .......... .......... .......... 76%  330M 0s
[2.129s]   3150K .......... .......... .......... .......... .......... 78%  345M 0s
[2.129s]   3200K .......... .......... .......... .......... .......... 79%  282M 0s
[2.130s]   3250K .......... .......... .......... .......... .......... 80%  433M 0s
[2.130s]   3300K .......... .......... .......... .......... .......... 81%  335M 0s
[2.130s]   3350K .......... .......... .......... .......... .......... 83%  329M 0s
[2.130s]   3400K .......... .......... .......... .......... .......... 84%  159M 0s
[2.131s]   3450K .......... .......... .......... .......... .......... 85% 91.0M 0s
[2.131s]   3500K .......... .......... .......... .......... .......... 86% 73.0M 0s
[2.132s]   3550K .......... .......... .......... .......... .......... 87%  117M 0s
[2.132s]   3600K .......... .......... .......... .......... .......... 89% 66.5M 0s
[2.133s]   3650K .......... .......... .......... .......... .......... 90% 77.3M 0s
[2.134s]   3700K .......... .......... .......... .......... .......... 91% 42.9M 0s
[2.135s]   3750K .......... .......... .......... .......... .......... 92% 65.3M 0s
[2.135s]   3800K .......... .......... .......... .......... .......... 93%  105M 0s
[2.136s]   3850K .......... .......... .......... .......... .......... 95%  104M 0s
[2.136s]   3900K .......... .......... .......... .......... .......... 96% 92.0M 0s
[2.138s]   3950K .......... .......... .......... .......... .......... 97% 40.4M 0s
[2.138s]   4000K .......... .......... .......... .......... .......... 98% 85.8M 0s
[2.139s]   4050K .......... .......... .......... .......... ......    100%  114M=0.06s
[2.139s] 
[2.139s] 2026-02-13 17:48:48 (63.3 MB/s) - ‘/home/aisl/Documents/multi_robot_slam_ws/build/multirobot_map_merge/map00.pgm’ saved [4194362/4194362]
[2.139s] 
[2.139s] Checking MD5 sum of /home/aisl/Documents/multi_robot_slam_ws/build/multirobot_map_merge/map00.pgm
[2.146s] /home/aisl/Documents/multi_robot_slam_ws/build/multirobot_map_merge/map00.pgm: OK
[2.149s] --2026-02-13 17:48:48--  https://raw.githubusercontent.com/hrnr/m-explore-extra/master/map_merge/hector_maps/map05.pgm
[2.171s] Resolving raw.githubusercontent.com (raw.githubusercontent.com)... 185.199.111.133, 185.199.110.133, 185.199.109.133, ...
[2.177s] Connecting to raw.githubusercontent.com (raw.githubusercontent.com)|185.199.111.133|:443... connected.
[2.640s] HTTP request sent, awaiting response... 200 OK
[2.640s] Length: 4194362 (4.0M) [application/octet-stream]
[2.640s] Saving to: ‘/home/aisl/Documents/multi_robot_slam_ws/build/multirobot_map_merge/map05.pgm’
[2.641s] 
[2.646s]      0K .......... .......... .......... .......... ..........  1% 7.65M 1s
[2.648s]     50K .......... .......... .......... .......... ..........  2% 23.7M 0s
[2.652s]    100K .......... .......... .......... .......... ..........  3% 12.9M 0s
[2.653s]    150K .......... .......... .......... .......... ..........  4% 49.9M 0s
[2.654s]    200K .......... .......... .......... .......... ..........  6% 39.3M 0s
[2.658s]    250K .......... .......... .......... .......... ..........  7% 14.5M 0s
[2.658s]    300K .......... .......... .......... .......... ..........  8%  116M 0s
[2.659s]    350K .......... .......... .......... .......... ..........  9% 64.8M 0s
[2.660s]    400K .......... .......... .......... .......... .......... 10% 48.7M 0s
[2.661s]    450K .......... .......... .......... .......... .......... 12% 92.4M 0s
[2.661s]    500K .......... .......... .......... .......... .......... 13%  118M 0s
[2.661s]    550K .......... .......... .......... .......... .......... 14% 91.2M 0s
[2.664s]    600K .......... .......... .......... .......... .......... 15% 22.8M 0s
[2.664s]    650K .......... .......... .......... .......... .......... 17%  104M 0s
[2.665s]    700K .......... .......... .......... .......... .......... 18% 93.6M 0s
[2.665s]    750K .......... .......... .......... .......... .......... 19% 88.2M 0s
[2.666s]    800K .......... .......... .......... .......... .......... 20% 70.4M 0s
[2.666s]    850K .......... .......... .......... .......... .......... 21%  118M 0s
[2.667s]    900K .......... .......... .......... .......... .......... 23% 84.1M 0s
[2.667s]    950K .......... .......... .......... .......... .......... 24%  118M 0s
[2.668s]   1000K .......... .......... .......... .......... .......... 25% 68.5M 0s
[2.678s]   1050K .......... .......... .......... .......... .......... 26% 5.12M 0s
[2.678s]   1100K .......... .......... .......... .......... .......... 28%  247M 0s
[2.678s]   1150K .......... .......... .......... .......... .......... 29%  376M 0s
[2.678s]   1200K .......... .......... .......... .......... .......... 30%  148M 0s
[2.678s]   1250K .......... .......... .......... .......... .......... 31%  407M 0s
[2.678s]   1300K .......... .......... .......... .......... .......... 32%  388M 0s
[2.678s]   1350K .......... .......... .......... .......... .......... 34%  344M 0s
[2.679s]   1400K .......... .......... .......... .......... .......... 35%  360M 0s
[2.679s]   1450K .......... .......... .......... .......... .......... 36%  365M 0s
[2.679s]   1500K .......... .......... .......... .......... .......... 37%  357M 0s
[2.681s]   1550K .......... .......... .......... .......... .......... 39%  364M 0s
[2.681s]   1600K .......... .......... .......... .......... .......... 40% 21.5M 0s
[2.682s]   1650K .......... .......... .......... .......... .......... 41% 95.2M 0s
[2.682s]   1700K .......... .......... .......... .......... .......... 42%  155M 0s
[2.682s]   1750K .......... .......... .......... .......... .......... 43%  385M 0s
[2.682s]   1800K .......... .......... .......... .......... .......... 45%  367M 0s
[2.684s]   1850K .......... .......... .......... .......... .......... 46% 44.7M 0s
[2.684s]   1900K .......... .......... .......... .......... .......... 47%  400M 0s
[2.684s]   1950K .......... .......... .......... .......... .......... 48%  117M 0s
[2.684s]   2000K .......... .......... .......... .......... .......... 50%  236M 0s
[2.684s]   2050K .......... .......... .......... .......... .......... 51%  369M 0s
[2.685s]   2100K .......... .......... .......... .......... .......... 52%  333M 0s
[2.685s]   2150K .......... .......... .......... .......... .......... 53%  344M 0s
[2.685s]   2200K .......... .......... .......... .......... .......... 54%  340M 0s
[2.685s]   2250K .......... .......... .......... .......... .......... 56%  335M 0s
[2.685s]   2300K .......... .......... .......... .......... .......... 57%  386M 0s
[2.685s]   2350K .......... .......... .......... .......... .......... 58%  338M 0s
[2.685s]   2400K .......... .......... .......... .......... .......... 59%  265M 0s
[2.686s]   2450K .......... .......... .......... .......... .......... 61%  396M 0s
[2.686s]   2500K .......... .......... .......... .......... .......... 62%  386M 0s
[2.686s]   2550K .......... .......... .......... .......... .......... 63%  298M 0s
[2.686s]   2600K .......... .......... .......... .......... .......... 64%  355M 0s
[2.693s]   2650K .......... .......... .......... .......... .......... 65% 7.38M 0s
[2.693s]   2700K .......... .......... .......... .......... .......... 67%  116M 0s
[2.693s]   2750K .......... .......... .......... .......... .......... 68%  117M 0s
[2.694s]   2800K .......... .......... .......... .......... .......... 69%  178M 0s
[2.694s]   2850K .......... .......... .......... .......... .......... 70%  534M 0s
[2.694s]   2900K .......... .......... .......... .......... .......... 72%  638M 0s
[2.694s]   2950K .......... .......... .......... .......... .......... 73%  599M 0s
[2.695s]   3000K .......... .......... .......... .......... .......... 74% 60.2M 0s
[2.695s]   3050K .......... .......... .......... .......... .......... 75%  574M 0s
[2.695s]   3100K .......... .......... .......... .......... .......... 76%  600M 0s
[2.695s]   3150K .......... .......... .......... .......... .......... 78%  544M 0s
[2.695s]   3200K .......... .......... .......... .......... .......... 79%  485M 0s
[2.695s]   3250K .......... .......... .......... .......... .......... 80%  622M 0s
[2.695s]   3300K .......... .......... .......... .......... .......... 81%  591M 0s
[2.695s]   3350K .......... .......... .......... .......... .......... 83%  571M 0s
[2.695s]   3400K .......... .......... .......... .......... .......... 84%  600M 0s
[2.701s]   3450K .......... .......... .......... .......... .......... 85% 8.25M 0s
[2.702s]   3500K .......... .......... .......... .......... .......... 86%  472M 0s
[2.702s]   3550K .......... .......... .......... .......... .......... 87%  638M 0s
[2.702s]   3600K .......... .......... .......... .......... .......... 89%  469M 0s
[2.702s]   3650K .......... .......... .......... .......... .......... 90%  520M 0s
[2.702s]   3700K .......... .......... .......... .......... .......... 91%  550M 0s
[2.702s]   3750K .......... .......... .......... .......... .......... 92%  599M 0s
[2.702s]   3800K .......... .......... .......... .......... .......... 93%  597M 0s
[2.702s]   3850K .......... .......... .......... .......... .......... 95%  629M 0s
[2.702s]   3900K .......... .......... .......... .......... .......... 96%  606M 0s
[2.702s]   3950K .......... .......... .......... .......... .......... 97%  655M 0s
[2.702s]   4000K .......... .......... .......... .......... .......... 98%  480M 0s
[2.702s]   4050K .......... .......... .......... .......... ......    100%  613M=0.06s
[2.703s] 
[2.703s] 2026-02-13 17:48:49 (64.1 MB/s) - ‘/home/aisl/Documents/multi_robot_slam_ws/build/multirobot_map_merge/map05.pgm’ saved [4194362/4194362]
[2.703s] 
[2.703s] Checking MD5 sum of /home/aisl/Documents/multi_robot_slam_ws/build/multirobot_map_merge/map05.pgm
[2.709s] /home/aisl/Documents/multi_robot_slam_ws/build/multirobot_map_merge/map05.pgm: OK
[2.713s] --2026-02-13 17:48:49--  https://raw.githubusercontent.com/hrnr/m-explore-extra/master/map_merge/gmapping_maps/2011-08-09-12-22-52.pgm
[2.734s] Resolving raw.githubusercontent.com (raw.githubusercontent.com)... 185.199.108.133, 185.199.111.133, 185.199.109.133, ...
[2.740s] Connecting to raw.githubusercontent.com (raw.githubusercontent.com)|185.199.108.133|:443... connected.
[4.384s] HTTP request sent, awaiting response... 200 OK
[4.384s] Length: 16000058 (15M) [application/octet-stream]
[4.384s] Saving to: ‘/home/aisl/Documents/multi_robot_slam_ws/build/multirobot_map_merge/2011-08-09-12-22-52.pgm’
[4.384s] 
[4.390s]      0K .......... .......... .......... .......... ..........  0% 8.02M 2s
[4.392s]     50K .......... .......... .......... .......... ..........  0% 31.5M 1s
[4.396s]    100K .......... .......... .......... .......... ..........  0% 11.8M 1s
[4.397s]    150K .......... .......... .......... .......... ..........  1% 55.7M 1s
[4.398s]    200K .......... .......... .......... .......... ..........  1% 46.3M 1s
[4.401s]    250K .......... .......... .......... .......... ..........  1% 13.3M 1s
[4.402s]    300K .......... .......... .......... .......... ..........  2%  117M 1s
[4.402s]    350K .......... .......... .......... .......... ..........  2% 62.9M 1s
[4.403s]    400K .......... .......... .......... .......... ..........  2% 83.3M 1s
[4.404s]    450K .......... .......... .......... .......... ..........  3% 89.5M 1s
[4.404s]    500K .......... .......... .......... .......... ..........  3%  120M 1s
[4.405s]    550K .......... .......... .......... .......... ..........  3% 64.7M 1s
[4.407s]    600K .......... .......... .......... .......... ..........  4% 21.1M 1s
[4.407s]    650K .......... .......... .......... .......... ..........  4%  118M 1s
[4.408s]    700K .......... .......... .......... .......... ..........  4% 93.9M 0s
[4.409s]    750K .......... .......... .......... .......... ..........  5% 62.1M 0s
[4.409s]    800K .......... .......... .......... .......... ..........  5%  117M 0s
[4.410s]    850K .......... .......... .......... .......... ..........  5% 78.0M 0s
[4.410s]    900K .......... .......... .......... .......... ..........  6% 86.2M 0s
[4.411s]    950K .......... .......... .......... .......... ..........  6%  103M 0s
[4.420s]   1000K .......... .......... .......... .......... ..........  6% 5.47M 0s
[4.420s]   1050K .......... .......... .......... .......... ..........  7%  395M 0s
[4.420s]   1100K .......... .......... .......... .......... ..........  7%  437M 0s
[4.421s]   1150K .......... .......... .......... .......... ..........  7% 89.0M 0s
[4.421s]   1200K .......... .......... .......... .......... ..........  7%  195M 0s
[4.421s]   1250K .......... .......... .......... .......... ..........  8%  441M 0s
[4.421s]   1300K .......... .......... .......... .......... ..........  8%  528M 0s
[4.421s]   1350K .......... .......... .......... .......... ..........  8%  525M 0s
[4.421s]   1400K .......... .......... .......... .......... ..........  9%  557M 0s
[4.421s]   1450K .......... .......... .......... .......... ..........  9%  476M 0s
[4.423s]   1500K .......... .......... .......... .......... ..........  9%  472M 0s
[4.424s]   1550K .......... .......... .......... .......... .......... 10% 22.2M 0s
[4.424s]   1600K .......... .......... .......... .......... .......... 10%  271M 0s
[4.424s]   1650K .......... .......... .......... .......... .......... 10%  428M 0s
[4.424s]   1700K .......... .......... .......... .......... .......... 11%  432M 0s
[4.424s]   1750K .......... .......... .......... .......... .......... 11%  434M 0s
[4.425s]   1800K .......... .......... .......... .......... .......... 11% 44.9M 0s
[4.425s]   1850K .......... .......... .......... .......... .......... 12%  463M 0s
[4.426s]   1900K .......... .......... .......... .......... .......... 12% 47.7M 0s
[4.427s]   1950K .......... .......... .......... .......... .......... 12% 84.2M 0s
[4.428s]   2000K .......... .......... .......... .......... .......... 13% 84.3M 0s
[4.428s]   2050K .......... .......... .......... .......... .......... 13%  286M 0s
[4.428s]   2100K .......... .......... .......... .......... .......... 13%  382M 0s
[4.428s]   2150K .......... .......... .......... .......... .......... 14%  529M 0s
[4.428s]   2200K .......... .......... .......... .......... .......... 14%  507M 0s
[4.428s]   2250K .......... .......... .......... .......... .......... 14%  493M 0s
[4.428s]   2300K .......... .......... .......... .......... .......... 15%  476M 0s
[4.428s]   2350K .......... .......... .......... .......... .......... 15%  317M 0s
[4.428s]   2400K .......... .......... .......... .......... .......... 15%  463M 0s
[4.429s]   2450K .......... .......... .......... .......... .......... 15%  501M 0s
[4.429s]   2500K .......... .......... .......... .......... .......... 16%  489M 0s
[4.429s]   2550K .......... .......... .......... .......... .......... 16%  567M 0s
[4.429s]   2600K .......... .......... .......... .......... .......... 16%  612M 0s
[4.429s]   2650K .......... .......... .......... .......... .......... 17%  573M 0s
[4.429s]   2700K .......... .......... .......... .......... .......... 17%  630M 0s
[4.430s]   2750K .......... .......... .......... .......... .......... 17% 53.1M 0s
[4.438s]   2800K .......... .......... .......... .......... .......... 18% 5.83M 0s
[4.439s]   2850K .......... .......... .......... .......... .......... 18%  381M 0s
[4.439s]   2900K .......... .......... .......... .......... .......... 18%  458M 0s
[4.439s]   2950K .......... .......... .......... .......... .......... 19%  522M 0s
[4.439s]   3000K .......... .......... .......... .......... .......... 19%  574M 0s
[4.439s]   3050K .......... .......... .......... .......... .......... 19%  393M 0s
[4.439s]   3100K .......... .......... .......... .......... .......... 20%  424M 0s
[4.439s]   3150K .......... .......... .......... .......... .......... 20%  289M 0s
[4.439s]   3200K .......... .......... .......... .......... .......... 20%  562M 0s
[4.439s]   3250K .......... .......... .......... .......... .......... 21%  521M 0s
[4.439s]   3300K .......... .......... .......... .......... .......... 21%  549M 0s
[4.439s]   3350K .......... .......... .......... .......... .......... 21%  498M 0s
[4.440s]   3400K .......... .......... .......... .......... .......... 22%  487M 0s
[4.440s]   3450K .......... .......... .......... .......... .......... 22%  502M 0s
[4.440s]   3500K .......... .......... .......... .......... .......... 22%  408M 0s
[4.440s]   3550K .......... .......... .......... .......... .......... 23%  306M 0s
[4.441s]   3600K .......... .......... .......... .......... .......... 23% 48.3M 0s
[4.441s]   3650K .......... .......... .......... .......... .......... 23% 92.9M 0s
[4.442s]   3700K .......... .......... .......... .......... .......... 23%  118M 0s
[4.443s]   3750K .......... .......... .......... .......... .......... 24% 59.4M 0s
[4.443s]   3800K .......... .......... .......... .......... .......... 24%  105M 0s
[4.444s]   3850K .......... .......... .......... .......... .......... 24%  102M 0s
[4.445s]   3900K .......... .......... .......... .......... .......... 25% 66.6M 0s
[4.445s]   3950K .......... .......... .......... .......... .......... 25% 70.4M 0s
[4.446s]   4000K .......... .......... .......... .......... .......... 25%  116M 0s
[4.446s]   4050K .......... .......... .......... .......... .......... 26% 68.8M 0s
[4.447s]   4100K .......... .......... .......... .......... .......... 26% 90.7M 0s
[4.448s]   4150K .......... .......... .......... .......... .......... 26% 61.1M 0s
[4.448s]   4200K .......... .......... .......... .......... .......... 27% 74.3M 0s
[4.449s]   4250K .......... .......... .......... .......... .......... 27% 57.1M 0s
[4.450s]   4300K .......... .......... .......... .......... .......... 27%  104M 0s
[4.451s]   4350K .......... .......... .......... .......... .......... 28% 47.7M 0s
[4.451s]   4400K .......... .......... .......... .......... .......... 28% 53.5M 0s
[4.452s]   4450K .......... .......... .......... .......... .......... 28%  104M 0s
[4.452s]   4500K .......... .......... .......... .......... .......... 29%  118M 0s
[4.453s]   4550K .......... .......... .......... .......... .......... 29% 93.2M 0s
[4.453s]   4600K .......... .......... .......... .......... .......... 29% 87.3M 0s
[4.454s]   4650K .......... .......... .......... .......... .......... 30%  103M 0s
[4.455s]   4700K .......... .......... .......... .......... .......... 30% 88.1M 0s
[4.455s]   4750K .......... .......... .......... .......... .......... 30% 63.7M 0s
[4.456s]   4800K .......... .......... .......... .......... .......... 31%  116M 0s
[4.456s]   4850K .......... .......... .......... .......... .......... 31% 68.0M 0s
[4.457s]   4900K .......... .......... .......... .......... .......... 31% 51.1M 0s
[4.458s]   4950K .......... .......... .......... .......... .......... 31% 78.9M 0s
[4.458s]   5000K .......... .......... .......... .......... .......... 32%  118M 0s
[4.465s]   5050K .......... .......... .......... .......... .......... 32% 7.91M 0s
[4.465s]   5100K .......... .......... .......... .......... .......... 32%  423M 0s
[4.465s]   5150K .......... .......... .......... .......... .......... 33%  336M 0s
[4.465s]   5200K .......... .......... .......... .......... .......... 33%  435M 0s
[4.465s]   5250K .......... .......... .......... .......... .......... 33%  450M 0s
[4.465s]   5300K .......... .......... .......... .......... .......... 34%  448M 0s
[4.465s]   5350K .......... .......... .......... .......... .......... 34%  389M 0s
[4.465s]   5400K .......... .......... .......... .......... .......... 34%  432M 0s
[4.465s]   5450K .......... .......... .......... .......... .......... 35%  520M 0s
[4.466s]   5500K .......... .......... .......... .......... .......... 35%  395M 0s
[4.466s]   5550K .......... .......... .......... .......... .......... 35%  354M 0s
[4.466s]   5600K .......... .......... .......... .......... .......... 36%  170M 0s
[4.467s]   5650K .......... .......... .......... .......... .......... 36% 48.1M 0s
[4.468s]   5700K .......... .......... .......... .......... .......... 36% 51.0M 0s
[4.469s]   5750K .......... .......... .......... .......... .......... 37% 64.5M 0s
[4.469s]   5800K .......... .......... .......... .......... .......... 37% 74.1M 0s
[4.470s]   5850K .......... .......... .......... .......... .......... 37% 94.2M 0s
[4.471s]   5900K .......... .......... .......... .......... .......... 38% 40.7M 0s
[4.473s]   5950K .......... .......... .......... .......... .......... 38% 33.7M 0s
[4.473s]   6000K .......... .......... .......... .......... .......... 38%  102M 0s
[4.474s]   6050K .......... .......... .......... .......... .......... 39% 57.9M 0s
[4.475s]   6100K .......... .......... .......... .......... .......... 39% 58.9M 0s
[4.476s]   6150K .......... .......... .......... .......... .......... 39% 58.2M 0s
[4.476s]   6200K .......... .......... .......... .......... .......... 39%  118M 0s
[4.477s]   6250K .......... .......... .......... .......... .......... 40% 36.8M 0s
[4.479s]   6300K .......... .......... .......... .......... .......... 40% 43.2M 0s
[4.479s]   6350K .......... .......... .......... .......... .......... 40% 55.5M 0s
[4.480s]   6400K .......... .......... .......... .......... .......... 41% 49.1M 0s
[4.481s]   6450K .......... .......... .......... .......... .......... 41%  115M 0s
[4.482s]   6500K .......... .......... .......... .......... .......... 41% 55.9M 0s
[4.483s]   6550K .......... .......... .......... .......... .......... 42% 36.0M 0s
[4.490s]   6600K .......... .......... .......... .......... .......... 42% 6.74M 0s
[4.491s]   6650K .......... .......... .......... .......... .......... 42%  324M 0s
[4.491s]   6700K .......... .......... .......... .......... .......... 43%  301M 0s
[4.491s]   6750K .......... .......... .......... .......... .......... 43%  186M 0s
[4.491s]   6800K .......... .......... .......... .......... .......... 43%  270M 0s
[4.491s]   6850K .......... .......... .......... .......... .......... 44%  313M 0s
[4.491s]   6900K .......... .......... .......... .......... .......... 44%  406M 0s
[4.491s]   6950K .......... .......... .......... .......... .......... 44%  301M 0s
[4.492s]   7000K .......... .......... .......... .......... .......... 45%  413M 0s
[4.492s]   7050K .......... .......... .......... .......... .......... 45%  398M 0s
[4.492s]   7100K .......... .......... .......... .......... .......... 45%  323M 0s
[4.492s]   7150K .......... .......... .......... .......... .......... 46%  231M 0s
[4.493s]   7200K .......... .......... .......... .......... .......... 46% 40.4M 0s
[4.495s]   7250K .......... .......... .......... .......... .......... 46% 33.6M 0s
[4.495s]   7300K .......... .......... .......... .......... .......... 47% 93.7M 0s
[4.496s]   7350K .......... .......... .......... .......... .......... 47%  118M 0s
[4.496s]   7400K .......... .......... .......... .......... .......... 47% 79.2M 0s
[4.497s]   7450K .......... .......... .......... .......... .......... 47% 92.5M 0s
[4.498s]   7500K .......... .......... .......... .......... .......... 48% 46.2M 0s
[4.500s]   7550K .......... .......... .......... .......... .......... 48% 22.1M 0s
[4.500s]   7600K .......... .......... .......... .......... .......... 48%  105M 0s
[4.501s]   7650K .......... .......... .......... .......... .......... 49% 68.5M 0s
[4.502s]   7700K .......... .......... .......... .......... .......... 49%  104M 0s
[4.502s]   7750K .......... .......... .......... .......... .......... 49% 83.6M 0s
[4.503s]   7800K .......... .......... .......... .......... .......... 50%  116M 0s
[4.504s]   7850K .......... .......... .......... .......... .......... 50% 45.4M 0s
[4.506s]   7900K .......... .......... .......... .......... .......... 50% 24.3M 0s
[4.507s]   7950K .......... .......... .......... .......... .......... 51% 47.4M 0s
[4.507s]   8000K .......... .......... .......... .......... .......... 51%  100M 0s
[4.508s]   8050K .......... .......... .......... .......... .......... 51% 93.5M 0s
[4.508s]   8100K .......... .......... .......... .......... .......... 52%  103M 0s
[4.509s]   8150K .......... .......... .......... .......... .......... 52% 52.5M 0s
[4.511s]   8200K .......... .......... .......... .......... .......... 52% 24.9M 0s
[4.512s]   8250K .......... .......... .......... .......... .......... 53% 54.8M 0s
[4.513s]   8300K .......... .......... .......... .......... .......... 53%  118M 0s
[4.513s]   8350K .......... .......... .......... .......... .......... 53% 61.0M 0s
[4.514s]   8400K .......... .......... .......... .......... .......... 54% 80.3M 0s
[4.515s]   8450K .......... .......... .......... .......... .......... 54% 62.9M 0s
[4.517s]   8500K .......... .......... .......... .......... .......... 54% 25.5M 0s
[4.517s]   8550K .......... .......... .......... .......... .......... 55%  105M 0s
[4.518s]   8600K .......... .......... .......... .......... .......... 55% 49.4M 0s
[4.519s]   8650K .......... .......... .......... .......... .......... 55% 89.1M 0s
[4.519s]   8700K .......... .......... .......... .......... .......... 55% 67.2M 0s
[4.520s]   8750K .......... .......... .......... .......... .......... 56% 47.6M 0s
[4.521s]   8800K .......... .......... .......... .......... .......... 56%  104M 0s
[4.523s]   8850K .......... .......... .......... .......... .......... 56% 30.1M 0s
[4.524s]   8900K .......... .......... .......... .......... .......... 57% 43.1M 0s
[4.524s]   8950K .......... .......... .......... .......... .......... 57% 69.5M 0s
[4.525s]   9000K .......... .......... .......... .......... .......... 57%  104M 0s
[4.525s]   9050K .......... .......... .......... .......... .......... 58% 85.4M 0s
[4.526s]   9100K .......... .......... .......... .......... .......... 58% 60.6M 0s
[4.528s]   9150K .......... .......... .......... .......... .......... 58% 28.9M 0s
[4.529s]   9200K .......... .......... .......... .......... .......... 59% 40.0M 0s
[4.529s]   9250K .......... .......... .......... .......... .......... 59%  117M 0s
[4.530s]   9300K .......... .......... .......... .......... .......... 59% 59.3M 0s
[4.531s]   9350K .......... .......... .......... .......... .......... 60% 76.7M 0s
[4.532s]   9400K .......... .......... .......... .......... .......... 60% 69.2M 0s
[4.532s]   9450K .......... .......... .......... .......... .......... 60%  118M 0s
[4.534s]   9500K .......... .......... .......... .......... .......... 61% 34.2M 0s
[4.535s]   9550K .......... .......... .......... .......... .......... 61% 30.9M 0s
[4.536s]   9600K .......... .......... .......... .......... .......... 61% 74.5M 0s
[4.536s]   9650K .......... .......... .......... .......... .......... 62% 66.3M 0s
[4.537s]   9700K .......... .......... .......... .......... .......... 62% 93.5M 0s
[4.538s]   9750K .......... .......... .......... .......... .......... 62% 58.0M 0s
[4.539s]   9800K .......... .......... .......... .......... .......... 63% 38.8M 0s
[4.541s]   9850K .......... .......... .......... .......... .......... 63% 30.9M 0s
[4.541s]   9900K .......... .......... .......... .......... .......... 63%  115M 0s
[4.542s]   9950K .......... .......... .......... .......... .......... 63% 72.0M 0s
[4.543s]  10000K .......... .......... .......... .......... .......... 64% 55.7M 0s
[4.543s]  10050K .......... .......... .......... .......... .......... 64% 62.0M 0s
[4.544s]  10100K .......... .......... .......... .......... .......... 64% 46.6M 0s
[4.545s]  10150K .......... .......... .......... .......... .......... 65%  117M 0s
[4.546s]  10200K .......... .......... .......... .......... .......... 65% 32.3M 0s
[4.547s]  10250K .......... .......... .......... .......... .......... 65% 73.5M 0s
[4.548s]  10300K .......... .......... .......... .......... .......... 66% 54.8M 0s
[4.549s]  10350K .......... .......... .......... .......... .......... 66% 58.1M 0s
[4.550s]  10400K .......... .......... .......... .......... .......... 66% 44.7M 0s
[4.550s]  10450K .......... .......... .......... .......... .......... 67%  104M 0s
[4.552s]  10500K .......... .......... .......... .......... .......... 67% 35.4M 0s
[4.553s]  10550K .......... .......... .......... .......... .......... 67% 46.2M 0s
[4.553s]  10600K .......... .......... .......... .......... .......... 68% 76.0M 0s
[4.554s]  10650K .......... .......... .......... .......... .......... 68%  117M 0s
[4.555s]  10700K .......... .......... .......... .......... .......... 68% 60.5M 0s
[4.556s]  10750K .......... .......... .......... .......... .......... 69% 43.2M 0s
[4.557s]  10800K .......... .......... .......... .......... .......... 69% 36.2M 0s
[4.558s]  10850K .......... .......... .......... .......... .......... 69% 44.8M 0s
[4.559s]  10900K .......... .......... .......... .......... .......... 70%  105M 0s
[4.559s]  10950K .......... .......... .......... .......... .......... 70% 73.7M 0s
[4.560s]  11000K .......... .......... .......... .......... .......... 70% 62.4M 0s
[4.561s]  11050K .......... .......... .......... .......... .......... 71% 44.6M 0s
[4.563s]  11100K .......... .......... .......... .......... .......... 71%  105M 0s
[4.563s]  11150K .......... .......... .......... .......... .......... 71% 36.3M 0s
[4.564s]  11200K .......... .......... .......... .......... .......... 71% 46.5M 0s
[4.565s]  11250K .......... .......... .......... .......... .......... 72% 59.5M 0s
[4.566s]  11300K .......... .......... .......... .......... .......... 72% 61.1M 0s
[4.566s]  11350K .......... .......... .......... .......... .......... 72%  105M 0s
[4.567s]  11400K .......... .......... .......... .......... .......... 73% 49.2M 0s
[4.569s]  11450K .......... .......... .......... .......... .......... 73% 35.2M 0s
[4.570s]  11500K .......... .......... .......... .......... .......... 73% 53.0M 0s
[4.570s]  11550K .......... .......... .......... .......... .......... 74% 47.5M 0s
[4.571s]  11600K .......... .......... .......... .......... .......... 74%  116M 0s
[4.572s]  11650K .......... .......... .......... .......... .......... 74% 68.1M 0s
[4.573s]  11700K .......... .......... .......... .......... .......... 75% 45.3M 0s
[4.574s]  11750K .......... .......... .......... .......... .......... 75% 42.3M 0s
[4.574s]  11800K .......... .......... .......... .......... .......... 75%  103M 0s
[4.576s]  11850K .......... .......... .......... .......... .......... 76% 38.5M 0s
[4.576s]  11900K .......... .......... .......... .......... .......... 76% 75.8M 0s
[4.577s]  11950K .......... .......... .......... .......... .......... 76% 47.3M 0s
[4.578s]  12000K .......... .......... .......... .......... .......... 77% 64.0M 0s
[4.578s]  12050K .......... .......... .......... .......... .......... 77%  103M 0s
[4.580s]  12100K .......... .......... .......... .......... .......... 77% 40.7M 0s
[4.581s]  12150K .......... .......... .......... .......... .......... 78% 30.6M 0s
[4.582s]  12200K .......... .......... .......... .......... .......... 78%  116M 0s
[4.582s]  12250K .......... .......... .......... .......... .......... 78% 80.2M 0s
[4.583s]  12300K .......... .......... .......... .......... .......... 79% 64.3M 0s
[4.584s]  12350K .......... .......... .......... .......... .......... 79% 52.5M 0s
[4.585s]  12400K .......... .......... .......... .......... .......... 79% 43.1M 0s
[4.587s]  12450K .......... .......... .......... .......... .......... 79% 32.8M 0s
[4.587s]  12500K .......... .......... .......... .......... .......... 80%  117M 0s
[4.588s]  12550K .......... .......... .......... .......... .......... 80% 69.3M 0s
[4.588s]  12600K .......... .......... .......... .......... .......... 80% 65.5M 0s
[4.590s]  12650K .......... .......... .......... .......... .......... 81% 40.3M 0s
[4.591s]  12700K .......... .......... .......... .......... .......... 81% 73.1M 0s
[4.592s]  12750K .......... .......... .......... .......... .......... 81% 29.7M 0s
[4.592s]  12800K .......... .......... .......... .......... .......... 82%  118M 0s
[4.593s]  12850K .......... .......... .......... .......... .......... 82% 62.5M 0s
[4.594s]  12900K .......... .......... .......... .......... .......... 82% 73.2M 0s
[4.595s]  12950K .......... .......... .......... .......... .......... 83% 41.7M 0s
[4.596s]  13000K .......... .......... .......... .......... .......... 83%  103M 0s
[4.596s]  13050K .......... .......... .......... .......... .......... 83% 69.7M 0s
[4.598s]  13100K .......... .......... .......... .......... .......... 84% 32.9M 0s
[4.598s]  13150K .......... .......... .......... .......... .......... 84% 60.9M 0s
[4.599s]  13200K .......... .......... .......... .......... .......... 84% 62.2M 0s
[4.600s]  13250K .......... .......... .......... .......... .......... 85%  113M 0s
[4.601s]  13300K .......... .......... .......... .......... .......... 85% 44.3M 0s
[4.602s]  13350K .......... .......... .......... .......... .......... 85% 58.5M 0s
[4.603s]  13400K .......... .......... .......... .......... .......... 86% 34.1M 0s
[4.604s]  13450K .......... .......... .......... .......... .......... 86%  118M 0s
[4.604s]  13500K .......... .......... .......... .......... .......... 86% 83.0M 0s
[4.605s]  13550K .......... .......... .......... .......... .......... 87% 50.4M 0s
[4.606s]  13600K .......... .......... .......... .......... .......... 87% 41.5M 0s
[4.607s]  13650K .......... .......... .......... .......... .......... 87% 60.9M 0s
[4.607s]  13700K .......... .......... .......... .......... .......... 87%  118M 0s
[4.616s]  13750K .......... .......... .......... .......... .......... 88% 5.96M 0s
[4.616s]  13800K .......... .......... .......... .......... .......... 88%  319M 0s
[4.616s]  13850K .......... .......... .......... .......... .......... 88%  298M 0s
[4.616s]  13900K .......... .......... .......... .......... .......... 89%  259M 0s
[4.616s]  13950K .......... .......... .......... .......... .......... 89%  217M 0s
[4.617s]  14000K .......... .......... .......... .......... .......... 89%  394M 0s
[4.617s]  14050K .......... .......... .......... .......... .......... 90%  387M 0s
[4.617s]  14100K .......... .......... .......... .......... .......... 90%  388M 0s
[4.617s]  14150K .......... .......... .......... .......... .......... 90%  391M 0s
[4.617s]  14200K .......... .......... .......... .......... .......... 91%  320M 0s
[4.617s]  14250K .......... .......... .......... .......... .......... 91%  340M 0s
[4.618s]  14300K .......... .......... .......... .......... .......... 91% 86.3M 0s
[4.619s]  14350K .......... .......... .......... .......... .......... 92% 60.1M 0s
[4.620s]  14400K .......... .......... .......... .......... .......... 92% 26.7M 0s
[4.621s]  14450K .......... .......... .......... .......... .......... 92%  104M 0s
[4.621s]  14500K .......... .......... .......... .......... .......... 93%  103M 0s
[4.622s]  14550K .......... .......... .......... .......... .......... 93% 85.0M 0s
[4.622s]  14600K .......... .......... .......... .......... .......... 93%  115M 0s
[4.624s]  14650K .......... .......... .......... .......... .......... 94% 32.6M 0s
[4.624s]  14700K .......... .......... .......... .......... .......... 94% 92.0M 0s
[4.626s]  14750K .......... .......... .......... .......... .......... 94% 26.0M 0s
[4.627s]  14800K .......... .......... .......... .......... .......... 95% 75.4M 0s
[4.627s]  14850K .......... .......... .......... .......... .......... 95% 93.3M 0s
[4.628s]  14900K .......... .......... .......... .......... .......... 95%  104M 0s
[4.629s]  14950K .......... .......... .......... .......... .......... 95% 33.3M 0s
[4.630s]  15000K .......... .......... .......... .......... .......... 96% 93.9M 0s
[4.631s]  15050K .......... .......... .......... .......... .......... 96% 30.4M 0s
[4.632s]  15100K .......... .......... .......... .......... .......... 96%  115M 0s
[4.633s]  15150K .......... .......... .......... .......... .......... 97% 58.3M 0s
[4.633s]  15200K .......... .......... .......... .......... .......... 97% 92.9M 0s
[4.635s]  15250K .......... .......... .......... .......... .......... 97% 32.4M 0s
[4.635s]  15300K .......... .......... .......... .......... .......... 98% 71.5M 0s
[4.636s]  15350K .......... .......... .......... .......... .......... 98%  116M 0s
[4.638s]  15400K .......... .......... .......... .......... .......... 98% 29.0M 0s
[4.638s]  15450K .......... .......... .......... .......... .......... 99% 77.8M 0s
[4.639s]  15500K .......... .......... .......... .......... .......... 99%  116M 0s
[4.640s]  15550K .......... .......... .......... .......... .......... 99% 26.4M 0s
[4.641s]  15600K .......... .......... .....                           100%  207M=0.3s
[4.641s] 
[4.641s] 2026-02-13 17:48:51 (59.5 MB/s) - ‘/home/aisl/Documents/multi_robot_slam_ws/build/multirobot_map_merge/2011-08-09-12-22-52.pgm’ saved [16000058/16000058]
[4.641s] 
[4.641s] Checking MD5 sum of /home/aisl/Documents/multi_robot_slam_ws/build/multirobot_map_merge/2011-08-09-12-22-52.pgm
[4.661s] /home/aisl/Documents/multi_robot_slam_ws/build/multirobot_map_merge/2011-08-09-12-22-52.pgm: OK
[4.664s] --2026-02-13 17:48:51--  https://raw.githubusercontent.com/hrnr/m-explore-extra/master/map_merge/gmapping_maps/2012-01-28-11-12-01.pgm
[4.686s] Resolving raw.githubusercontent.com (raw.githubusercontent.com)... 185.199.109.133, 185.199.110.133, 185.199.111.133, ...
[4.692s] Connecting to raw.githubusercontent.com (raw.githubusercontent.com)|185.199.109.133|:443... connected.
[5.619s] HTTP request sent, awaiting response... 200 OK
[5.619s] Length: 16000058 (15M) [application/octet-stream]
[5.620s] Saving to: ‘/home/aisl/Documents/multi_robot_slam_ws/build/multirobot_map_merge/2012-01-28-11-12-01.pgm’
[5.620s] 
[5.626s]      0K .......... .......... .......... .......... ..........  0% 7.35M 2s
[5.628s]     50K .......... .......... .......... .......... ..........  0% 27.5M 1s
[5.631s]    100K .......... .......... .......... .......... ..........  0% 15.9M 1s
[5.632s]    150K .......... .......... .......... .......... ..........  1% 34.1M 1s
[5.636s]    200K .......... .......... .......... .......... ..........  1% 11.7M 1s
[5.637s]    250K .......... .......... .......... .......... ..........  1%  178M 1s
[5.638s]    300K .......... .......... .......... .......... ..........  2% 94.5M 1s
[5.638s]    350K .......... .......... .......... .......... ..........  2% 41.5M 1s
[5.639s]    400K .......... .......... .......... .......... ..........  2% 95.8M 1s
[5.642s]    450K .......... .......... .......... .......... ..........  3% 15.9M 1s
[5.642s]    500K .......... .......... .......... .......... ..........  3%  132M 1s
[5.643s]    550K .......... .......... .......... .......... ..........  3% 97.6M 1s
[5.643s]    600K .......... .......... .......... .......... ..........  4%  177M 1s
[5.644s]    650K .......... .......... .......... .......... ..........  4% 97.6M 1s
[5.644s]    700K .......... .......... .......... .......... ..........  4%  102M 0s
[5.645s]    750K .......... .......... .......... .......... ..........  5% 96.3M 0s
[5.645s]    800K .......... .......... .......... .......... ..........  5% 98.1M 0s
[5.645s]    850K .......... .......... .......... .......... ..........  5%  173M 0s
[5.646s]    900K .......... .......... .......... .......... ..........  6% 96.1M 0s
[5.654s]    950K .......... .......... .......... .......... ..........  6% 6.02M 1s
[5.654s]   1000K .......... .......... .......... .......... ..........  6%  587M 0s
[5.654s]   1050K .......... .......... .......... .......... ..........  7%  623M 0s
[5.654s]   1100K .......... .......... .......... .......... ..........  7%  628M 0s
[5.657s]   1150K .......... .......... .......... .......... ..........  7% 20.1M 0s
[5.657s]   1200K .......... .......... .......... .......... ..........  7%  623M 0s
[5.659s]   1250K .......... .......... .......... .......... ..........  8% 24.5M 0s
[5.659s]   1300K .......... .......... .......... .......... ..........  8%  322M 0s
[5.659s]   1350K .......... .......... .......... .......... ..........  8%  218M 0s
[5.659s]   1400K .......... .......... .......... .......... ..........  9%  128M 0s
[5.660s]   1450K .......... .......... .......... .......... ..........  9%  168M 0s
[5.660s]   1500K .......... .......... .......... .......... ..........  9%  114M 0s
[5.660s]   1550K .......... .......... .......... .......... .......... 10%  133M 0s
[5.661s]   1600K .......... .......... .......... .......... .......... 10%  150M 0s
[5.661s]   1650K .......... .......... .......... .......... .......... 10%  208M 0s
[5.661s]   1700K .......... .......... .......... .......... .......... 11%  169M 0s
[5.671s]   1750K .......... .......... .......... .......... .......... 11% 5.29M 0s
[5.671s]   1800K .......... .......... .......... .......... .......... 11%  325M 0s
[5.671s]   1850K .......... .......... .......... .......... .......... 12%  476M 0s
[5.671s]   1900K .......... .......... .......... .......... .......... 12%  475M 0s
[5.671s]   1950K .......... .......... .......... .......... .......... 12%  376M 0s
[5.671s]   2000K .......... .......... .......... .......... .......... 13%  486M 0s
[5.671s]   2050K .......... .......... .......... .......... .......... 13%  503M 0s
[5.671s]   2100K .......... .......... .......... .......... .......... 13%  499M 0s
[5.671s]   2150K .......... .......... .......... .......... .......... 14%  580M 0s
[5.672s]   2200K .......... .......... .......... .......... .......... 14%  487M 0s
[5.672s]   2250K .......... .......... .......... .......... .......... 14%  460M 0s
[5.672s]   2300K .......... .......... .......... .......... .......... 15%  414M 0s
[5.672s]   2350K .......... .......... .......... .......... .......... 15%  384M 0s
[5.672s]   2400K .......... .......... .......... .......... .......... 15%  476M 0s
[5.672s]   2450K .......... .......... .......... .......... .......... 15%  584M 0s
[5.672s]   2500K .......... .......... .......... .......... .......... 16%  630M 0s
[5.672s]   2550K .......... .......... .......... .......... .......... 16%  492M 0s
[5.672s]   2600K .......... .......... .......... .......... .......... 16%  494M 0s
[5.672s]   2650K .......... .......... .......... .......... .......... 17%  484M 0s
[5.673s]   2700K .......... .......... .......... .......... .......... 17%  495M 0s
[5.673s]   2750K .......... .......... .......... .......... .......... 17%  388M 0s
[5.673s]   2800K .......... .......... .......... .......... .......... 18%  416M 0s
[5.673s]   2850K .......... .......... .......... .......... .......... 18%  473M 0s
[5.673s]   2900K .......... .......... .......... .......... .......... 18%  526M 0s
[5.673s]   2950K .......... .......... .......... .......... .......... 19%  497M 0s
[5.673s]   3000K .......... .......... .......... .......... .......... 19%  493M 0s
[5.674s]   3050K .......... .......... .......... .......... .......... 19%  135M 0s
[5.674s]   3100K .......... .......... .......... .......... .......... 20% 75.3M 0s
[5.675s]   3150K .......... .......... .......... .......... .......... 20% 63.6M 0s
[5.675s]   3200K .......... .......... .......... .......... .......... 20%  101M 0s
[5.676s]   3250K .......... .......... .......... .......... .......... 21%  117M 0s
[5.677s]   3300K .......... .......... .......... .......... .......... 21% 70.2M 0s
[5.677s]   3350K .......... .......... .......... .......... .......... 21% 92.4M 0s
[5.678s]   3400K .......... .......... .......... .......... .......... 22% 91.8M 0s
[5.678s]   3450K .......... .......... .......... .......... .......... 22% 64.8M 0s
[5.679s]   3500K .......... .......... .......... .......... .......... 22% 91.3M 0s
[5.680s]   3550K .......... .......... .......... .......... .......... 23% 71.7M 0s
[5.680s]   3600K .......... .......... .......... .......... .......... 23%  118M 0s
[5.681s]   3650K .......... .......... .......... .......... .......... 23% 64.3M 0s
[5.682s]   3700K .......... .......... .......... .......... .......... 23% 61.4M 0s
[5.682s]   3750K .......... .......... .......... .......... .......... 24%  115M 0s
[5.683s]   3800K .......... .......... .......... .......... .......... 24% 92.5M 0s
[5.683s]   3850K .......... .......... .......... .......... .......... 24%  104M 0s
[5.684s]   3900K .......... .......... .......... .......... .......... 25% 82.9M 0s
[5.684s]   3950K .......... .......... .......... .......... .......... 25% 85.2M 0s
[5.685s]   4000K .......... .......... .......... .......... .......... 25% 88.5M 0s
[5.686s]   4050K .......... .......... .......... .......... .......... 26% 53.6M 0s
[5.686s]   4100K .......... .......... .......... .......... .......... 26%  117M 0s
[5.687s]   4150K .......... .......... .......... .......... .......... 26% 93.0M 0s
[5.687s]   4200K .......... .......... .......... .......... .......... 27% 58.5M 0s
[5.688s]   4250K .......... .......... .......... .......... .......... 27%  118M 0s
[5.689s]   4300K .......... .......... .......... .......... .......... 27% 89.6M 0s
[5.689s]   4350K .......... .......... .......... .......... .......... 28% 59.4M 0s
[5.690s]   4400K .......... .......... .......... .......... .......... 28% 85.1M 0s
[5.690s]   4450K .......... .......... .......... .......... .......... 28%  117M 0s
[5.691s]   4500K .......... .......... .......... .......... .......... 29% 86.1M 0s
[5.691s]   4550K .......... .......... .......... .......... .......... 29% 75.2M 0s
[5.692s]   4600K .......... .......... .......... .......... .......... 29%  106M 0s
[5.692s]   4650K .......... .......... .......... .......... .......... 30% 83.9M 0s
[5.693s]   4700K .......... .......... .......... .......... .......... 30% 63.5M 0s
[5.694s]   4750K .......... .......... .......... .......... .......... 30% 71.3M 0s
[5.694s]   4800K .......... .......... .......... .......... .......... 31%  115M 0s
[5.695s]   4850K .......... .......... .......... .......... .......... 31% 65.1M 0s
[5.696s]   4900K .......... .......... .......... .......... .......... 31%  103M 0s
[5.696s]   4950K .......... .......... .......... .......... .......... 31% 78.7M 0s
[5.697s]   5000K .......... .......... .......... .......... .......... 32%  104M 0s
[5.697s]   5050K .......... .......... .......... .......... .......... 32% 75.6M 0s
[5.698s]   5100K .......... .......... .......... .......... .......... 32% 84.8M 0s
[5.698s]   5150K .......... .......... .......... .......... .......... 33% 86.0M 0s
[5.699s]   5200K .......... .......... .......... .......... .......... 33% 87.2M 0s
[5.700s]   5250K .......... .......... .......... .......... .......... 33% 91.9M 0s
[5.700s]   5300K .......... .......... .......... .......... .......... 34%  117M 0s
[5.701s]   5350K .......... .......... .......... .......... .......... 34% 81.3M 0s
[5.701s]   5400K .......... .......... .......... .......... .......... 34% 67.6M 0s
[5.702s]   5450K .......... .......... .......... .......... .......... 35%  105M 0s
[5.702s]   5500K .......... .......... .......... .......... .......... 35% 88.8M 0s
[5.703s]   5550K .......... .......... .......... .......... .......... 35% 70.9M 0s
[5.704s]   5600K .......... .......... .......... .......... .......... 36% 56.0M 0s
[5.704s]   5650K .......... .......... .......... .......... .......... 36%  118M 0s
[5.705s]   5700K .......... .......... .......... .......... .......... 36% 93.1M 0s
[5.705s]   5750K .......... .......... .......... .......... .......... 37% 71.0M 0s
[5.706s]   5800K .......... .......... .......... .......... .......... 37%  118M 0s
[5.707s]   5850K .......... .......... .......... .......... .......... 37% 77.2M 0s
[5.707s]   5900K .......... .......... .......... .......... .......... 38% 83.5M 0s
[5.708s]   5950K .......... .......... .......... .......... .......... 38% 71.3M 0s
[5.708s]   6000K .......... .......... .......... .......... .......... 38%  104M 0s
[5.709s]   6050K .......... .......... .......... .......... .......... 39% 92.5M 0s
[5.710s]   6100K .......... .......... .......... .......... .......... 39% 66.1M 0s
[5.710s]   6150K .......... .......... .......... .......... .......... 39% 77.0M 0s
[5.711s]   6200K .......... .......... .......... .......... .......... 39%  117M 0s
[5.711s]   6250K .......... .......... .......... .......... .......... 40% 93.9M 0s
[5.712s]   6300K .......... .......... .......... .......... .......... 40%  105M 0s
[5.712s]   6350K .......... .......... .......... .......... .......... 40% 71.4M 0s
[5.713s]   6400K .......... .......... .......... .......... .......... 41% 91.1M 0s
[5.713s]   6450K .......... .......... .......... .......... .......... 41% 89.1M 0s
[5.714s]   6500K .......... .......... .......... .......... .......... 41%  118M 0s
[5.715s]   6550K .......... .......... .......... .......... .......... 42% 60.2M 0s
[5.715s]   6600K .......... .......... .......... .......... .......... 42%  103M 0s
[5.715s]   6650K .......... .......... .......... .......... .......... 42%  118M 0s
[5.716s]   6700K .......... .......... .......... .......... .......... 43% 82.6M 0s
[5.717s]   6750K .......... .......... .......... .......... .......... 43% 50.1M 0s
[5.717s]   6800K .......... .......... .......... .......... .......... 43%  117M 0s
[5.718s]   6850K .......... .......... .......... .......... .......... 44% 85.2M 0s
[5.719s]   6900K .......... .......... .......... .......... .......... 44% 71.0M 0s
[5.719s]   6950K .......... .......... .......... .......... .......... 44%  118M 0s
[5.720s]   7000K .......... .......... .......... .......... .......... 45% 92.9M 0s
[5.720s]   7050K .......... .......... .......... .......... .......... 45% 69.2M 0s
[5.721s]   7100K .......... .......... .......... .......... .......... 45%  111M 0s
[5.721s]   7150K .......... .......... .......... .......... .......... 46% 65.9M 0s
[5.722s]   7200K .......... .......... .......... .......... .......... 46% 99.8M 0s
[5.723s]   7250K .......... .......... .......... .......... .......... 46% 75.9M 0s
[5.723s]   7300K .......... .......... .......... .......... .......... 47% 85.8M 0s
[5.724s]   7350K .......... .......... .......... .......... .......... 47%  104M 0s
[5.724s]   7400K .......... .......... .......... .......... .......... 47% 82.1M 0s
[5.725s]   7450K .......... .......... .......... .......... .......... 47%  106M 0s
[5.725s]   7500K .......... .......... .......... .......... .......... 48% 92.9M 0s
[5.726s]   7550K .......... .......... .......... .......... .......... 48% 69.9M 0s
[5.727s]   7600K .......... .......... .......... .......... .......... 48% 68.7M 0s
[5.727s]   7650K .......... .......... .......... .......... .......... 49%  118M 0s
[5.728s]   7700K .......... .......... .......... .......... .......... 49% 91.7M 0s
[5.728s]   7750K .......... .......... .......... .......... .......... 49% 72.2M 0s
[5.729s]   7800K .......... .......... .......... .......... .......... 50%  118M 0s
[5.729s]   7850K .......... .......... .......... .......... .......... 50% 93.9M 0s
[5.730s]   7900K .......... .......... .......... .......... .......... 50% 83.5M 0s
[5.731s]   7950K .......... .......... .......... .......... .......... 51% 48.7M 0s
[5.731s]   8000K .......... .......... .......... .......... .......... 51%  118M 0s
[5.732s]   8050K .......... .......... .......... .......... .......... 51% 92.5M 0s
[5.732s]   8100K .......... .......... .......... .......... .......... 52%  119M 0s
[5.733s]   8150K .......... .......... .......... .......... .......... 52% 81.2M 0s
[5.733s]   8200K .......... .......... .......... .......... .......... 52% 77.0M 0s
[5.734s]   8250K .......... .......... .......... .......... .......... 53%  115M 0s
[5.735s]   8300K .......... .......... .......... .......... .......... 53% 78.2M 0s
[5.735s]   8350K .......... .......... .......... .......... .......... 53% 67.1M 0s
[5.736s]   8400K .......... .......... .......... .......... .......... 54% 87.6M 0s
[5.736s]   8450K .......... .......... .......... .......... .......... 54%  107M 0s
[5.737s]   8500K .......... .......... .......... .......... .......... 54% 77.6M 0s
[5.737s]   8550K .......... .......... .......... .......... .......... 55% 92.0M 0s
[5.738s]   8600K .......... .......... .......... .......... .......... 55% 90.1M 0s
[5.738s]   8650K .......... .......... .......... .......... .......... 55% 77.3M 0s
[5.739s]   8700K .......... .......... .......... .......... .......... 55%  103M 0s
[5.740s]   8750K .......... .......... .......... .......... .......... 56% 33.4M 0s
[5.741s]   8800K .......... .......... .......... .......... .......... 56%  118M 0s
[5.741s]   8850K .......... .......... .......... .......... .......... 56%  105M 0s
[5.742s]   8900K .......... .......... .......... .......... .......... 57%  117M 0s
[5.743s]   8950K .......... .......... .......... .......... .......... 57% 29.6M 0s
[5.744s]   9000K .......... .......... .......... .......... .......... 57% 84.1M 0s
[5.744s]   9050K .......... .......... .......... .......... .......... 58%  118M 0s
[5.745s]   9100K .......... .......... .......... .......... .......... 58%  116M 0s
[5.746s]   9150K .......... .......... .......... .......... .......... 58% 45.3M 0s
[5.746s]   9200K .......... .......... .......... .......... .......... 59%  119M 0s
[5.747s]   9250K .......... .......... .......... .......... .......... 59% 83.6M 0s
[5.747s]   9300K .......... .......... .......... .......... .......... 59% 81.8M 0s
[5.748s]   9350K .......... .......... .......... .......... .......... 60%  103M 0s
[5.748s]   9400K .......... .......... .......... .......... .......... 60% 90.6M 0s
[5.749s]   9450K .......... .......... .......... .......... .......... 60% 92.7M 0s
[5.750s]   9500K .......... .......... .......... .......... .......... 61% 66.1M 0s
[5.752s]   9550K .......... .......... .......... .......... .......... 61% 25.3M 0s
[5.752s]   9600K .......... .......... .......... .......... .......... 61% 72.5M 0s
[5.753s]   9650K .......... .......... .......... .......... .......... 62%  105M 0s
[5.753s]   9700K .......... .......... .......... .......... .......... 62% 94.2M 0s
[5.754s]   9750K .......... .......... .......... .......... .......... 62% 93.2M 0s
[5.754s]   9800K .......... .......... .......... .......... .......... 63% 74.5M 0s
[5.755s]   9850K .......... .......... .......... .......... .......... 63% 65.8M 0s
[5.758s]   9900K .......... .......... .......... .......... .......... 63%  117M 0s
[5.758s]   9950K .......... .......... .......... .......... .......... 63% 21.5M 0s
[5.758s]  10000K .......... .......... .......... .......... .......... 64% 91.7M 0s
[5.767s]  10050K .......... .......... .......... .......... .......... 64% 5.96M 0s
[5.767s]  10100K .......... .......... .......... .......... .......... 64%  126M 0s
[5.767s]  10150K .......... .......... .......... .......... .......... 65%  271M 0s
[5.767s]  10200K .......... .......... .......... .......... .......... 65%  468M 0s
[5.768s]  10250K .......... .......... .......... .......... .......... 65%  255M 0s
[5.768s]  10300K .......... .......... .......... .......... .......... 66%  110M 0s
[5.768s]  10350K .......... .......... .......... .......... .......... 66%  378M 0s
[5.768s]  10400K .......... .......... .......... .......... .......... 66%  483M 0s
[5.768s]  10450K .......... .......... .......... .......... .......... 67%  488M 0s
[5.768s]  10500K .......... .......... .......... .......... .......... 67%  502M 0s
[5.768s]  10550K .......... .......... .......... .......... .......... 67%  506M 0s
[5.769s]  10600K .......... .......... .......... .......... .......... 68%  511M 0s
[5.769s]  10650K .......... .......... .......... .......... .......... 68%  607M 0s
[5.769s]  10700K .......... .......... .......... .......... .......... 68%  524M 0s
[5.769s]  10750K .......... .......... .......... .......... .......... 69%  358M 0s
[5.769s]  10800K .......... .......... .......... .......... .......... 69%  545M 0s
[5.769s]  10850K .......... .......... .......... .......... .......... 69%  496M 0s
[5.770s]  10900K .......... .......... .......... .......... .......... 70% 54.8M 0s
[5.778s]  10950K .......... .......... .......... .......... .......... 70% 6.21M 0s
[5.778s]  11000K .......... .......... .......... .......... .......... 70%  458M 0s
[5.778s]  11050K .......... .......... .......... .......... .......... 71%  494M 0s
[5.778s]  11100K .......... .......... .......... .......... .......... 71%  558M 0s
[5.778s]  11150K .......... .......... .......... .......... .......... 71%  397M 0s
[5.778s]  11200K .......... .......... .......... .......... .......... 71%  483M 0s
[5.778s]  11250K .......... .......... .......... .......... .......... 72%  469M 0s
[5.779s]  11300K .......... .......... .......... .......... .......... 72%  579M 0s
[5.779s]  11350K .......... .......... .......... .......... .......... 72%  632M 0s
[5.779s]  11400K .......... .......... .......... .......... .......... 73%  614M 0s
[5.779s]  11450K .......... .......... .......... .......... .......... 73%  550M 0s
[5.779s]  11500K .......... .......... .......... .......... .......... 73%  196M 0s
[5.780s]  11550K .......... .......... .......... .......... .......... 74% 48.5M 0s
[5.781s]  11600K .......... .......... .......... .......... .......... 74% 54.9M 0s
[5.782s]  11650K .......... .......... .......... .......... .......... 74% 39.6M 0s
[5.784s]  11700K .......... .......... .......... .......... .......... 75% 28.3M 0s
[5.785s]  11750K .......... .......... .......... .......... .......... 75% 51.5M 0s
[5.785s]  11800K .......... .......... .......... .......... .......... 75%  104M 0s
[5.786s]  11850K .......... .......... .......... .......... .......... 76% 66.7M 0s
[5.788s]  11900K .......... .......... .......... .......... .......... 76% 27.1M 0s
[5.790s]  11950K .......... .......... .......... .......... .......... 76% 29.2M 0s
[5.791s]  12000K .......... .......... .......... .......... .......... 77% 47.9M 0s
[5.791s]  12050K .......... .......... .......... .......... .......... 77%  100M 0s
[5.792s]  12100K .......... .......... .......... .......... .......... 77% 67.9M 0s
[5.794s]  12150K .......... .......... .......... .......... .......... 78% 25.0M 0s
[5.795s]  12200K .......... .......... .......... .......... .......... 78% 34.0M 0s
[5.796s]  12250K .......... .......... .......... .......... .......... 78%  118M 0s
[5.797s]  12300K .......... .......... .......... .......... .......... 79% 49.1M 0s
[5.798s]  12350K .......... .......... .......... .......... .......... 79% 44.4M 0s
[5.800s]  12400K .......... .......... .......... .......... .......... 79% 25.7M 0s
[5.801s]  12450K .......... .......... .......... .......... .......... 79% 37.4M 0s
[5.801s]  12500K .......... .......... .......... .......... .......... 80%  105M 0s
[5.803s]  12550K .......... .......... .......... .......... .......... 80% 40.1M 0s
[5.803s]  12600K .......... .......... .......... .......... .......... 80% 74.3M 0s
[5.805s]  12650K .......... .......... .......... .......... .......... 81% 26.5M 0s
[5.806s]  12700K .......... .......... .......... .......... .......... 81% 37.8M 0s
[5.808s]  12750K .......... .......... .......... .......... .......... 81% 34.7M 0s
[5.808s]  12800K .......... .......... .......... .......... .......... 82%  116M 0s
[5.809s]  12850K .......... .......... .......... .......... .......... 82% 64.5M 0s
[5.811s]  12900K .......... .......... .......... .......... .......... 82% 24.5M 0s
[5.812s]  12950K .......... .......... .......... .......... .......... 83% 44.6M 0s
[5.812s]  13000K .......... .......... .......... .......... .......... 83%  117M 0s
[5.814s]  13050K .......... .......... .......... .......... .......... 83% 36.3M 0s
[5.814s]  13100K .......... .......... .......... .......... .......... 84% 76.9M 0s
[5.816s]  13150K .......... .......... .......... .......... .......... 84% 24.4M 0s
[5.818s]  13200K .......... .......... .......... .......... .......... 84% 35.0M 0s
[5.818s]  13250K .......... .......... .......... .......... .......... 85%  118M 0s
[5.819s]  13300K .......... .......... .......... .......... .......... 85% 42.3M 0s
[5.820s]  13350K .......... .......... .......... .......... .......... 85% 67.6M 0s
[5.822s]  13400K .......... .......... .......... .......... .......... 86% 29.5M 0s
[5.822s]  13450K .......... .......... .......... .......... .......... 86%  106M 0s
[5.824s]  13500K .......... .......... .......... .......... .......... 86% 33.5M 0s
[5.825s]  13550K .......... .......... .......... .......... .......... 87% 32.9M 0s
[5.826s]  13600K .......... .......... .......... .......... .......... 87% 92.5M 0s
[5.827s]  13650K .......... .......... .......... .......... .......... 87% 27.6M 0s
[5.828s]  13700K .......... .......... .......... .......... .......... 87%  104M 0s
[5.829s]  13750K .......... .......... .......... .......... .......... 88% 36.8M 0s
[5.831s]  13800K .......... .......... .......... .......... .......... 88% 36.2M 0s
[5.831s]  13850K .......... .......... .......... .......... .......... 88% 77.3M 0s
[5.833s]  13900K .......... .......... .......... .......... .......... 89%  117M 0s
[5.834s]  13950K .......... .......... .......... .......... .......... 89% 22.5M 0s
[5.835s]  14000K .......... .......... .......... .......... .......... 89% 45.7M 0s
[5.836s]  14050K .......... .......... .......... .......... .......... 90% 34.4M 0s
[5.837s]  14100K .......... .......... .......... .......... .......... 90% 53.9M 0s
[5.838s]  14150K .......... .......... .......... .......... .......... 90%  105M 0s
[5.839s]  14200K .......... .......... .......... .......... .......... 91% 33.5M 0s
[5.840s]  14250K .......... .......... .......... .......... .......... 91% 40.2M 0s
[5.842s]  14300K .......... .......... .......... .......... .......... 91% 32.4M 0s
[5.843s]  14350K .......... .......... .......... .......... .......... 92% 51.8M 0s
[5.843s]  14400K .......... .......... .......... .......... .......... 92%  118M 0s
[5.845s]  14450K .......... .......... .......... .......... .......... 92% 31.6M 0s
[5.846s]  14500K .......... .......... .......... .......... .......... 93% 42.0M 0s
[5.847s]  14550K .......... .......... .......... .......... .......... 93% 33.6M 0s
[5.848s]  14600K .......... .......... .......... .......... .......... 93%  118M 0s
[5.849s]  14650K .......... .......... .......... .......... .......... 94% 52.8M 0s
[5.850s]  14700K .......... .......... .......... .......... .......... 94% 32.9M 0s
[5.851s]  14750K .......... .......... .......... .......... .......... 94% 37.3M 0s
[5.853s]  14800K .......... .......... .......... .......... .......... 95% 25.6M 0s
[5.854s]  14850K .......... .......... .......... .......... .......... 95%  119M 0s
[5.855s]  14900K .......... .......... .......... .......... .......... 95% 57.0M 0s
[5.856s]  14950K .......... .......... .......... .......... .......... 95% 29.5M 0s
[5.857s]  15000K .......... .......... .......... .......... .......... 96% 60.0M 0s
[5.859s]  15050K .......... .......... .......... .......... .......... 96% 29.6M 0s
[5.860s]  15100K .......... .......... .......... .......... .......... 96%  104M 0s
[5.861s]  15150K .......... .......... .......... .......... .......... 97% 37.3M 0s
[5.862s]  15200K .......... .......... .......... .......... .......... 97% 31.7M 0s
[5.863s]  15250K .......... .......... .......... .......... .......... 97% 93.2M 0s
[5.864s]  15300K .......... .......... .......... .......... .......... 98% 27.7M 0s
[5.865s]  15350K .......... .......... .......... .......... .......... 98%  102M 0s
[5.866s]  15400K .......... .......... .......... .......... .......... 98% 40.4M 0s
[5.867s]  15450K .......... .......... .......... .......... .......... 99% 34.1M 0s
[5.868s]  15500K .......... .......... .......... .......... .......... 99% 92.9M 0s
[5.870s]  15550K .......... .......... .......... .......... .......... 99% 25.2M 0s
[5.870s]  15600K .......... .......... .....                           100%  243M=0.3s
[5.870s] 
[5.870s] 2026-02-13 17:48:52 (60.8 MB/s) - ‘/home/aisl/Documents/multi_robot_slam_ws/build/multirobot_map_merge/2012-01-28-11-12-01.pgm’ saved [16000058/16000058]
[5.870s] 
[5.871s] Checking MD5 sum of /home/aisl/Documents/multi_robot_slam_ws/build/multirobot_map_merge/2012-01-28-11-12-01.pgm
[5.890s] /home/aisl/Documents/multi_robot_slam_ws/build/multirobot_map_merge/2012-01-28-11-12-01.pgm: OK
[5.893s] -- Found gtest sources under '/opt/ros/jazzy/src/gtest_vendor': C++ tests using 'Google Test' will be built
[5.896s] -- Found Threads: TRUE  
[5.901s] -- Added test 'cppcheck' to perform static code analysis on C / C++ code
[5.902s] -- Configured cppcheck include dirs: /home/aisl/Documents/multi_robot_slam_ws/src/m-explore-ros2/m-explore-ros2-main/map_merge/include;$<BUILD_INTERFACE:/home/aisl/Documents/multi_robot_slam_ws/src/m-explore-ros2/m-explore-ros2-main/map_merge/include>
[5.902s] -- Configured cppcheck exclude dirs and/or files: 
[5.903s] -- Added test 'flake8' to check Python code syntax and style conventions
[5.903s] -- Configured 'flake8' exclude dirs and/or files: 
[5.903s] -- Added test 'lint_cmake' to check CMake code style
[5.904s] -- Added test 'pep257' to check Python code against some of the docstring style conventions in PEP 257
[5.906s] -- Added test 'uncrustify' to check C / C++ code style
[5.906s] -- Configured uncrustify additional arguments: 
[5.906s] -- Added test 'xmllint' to check XML markup files
[5.909s] -- Configuring done (5.7s)
[5.979s] -- Generating done (0.0s)
[5.986s] -- Build files have been written to: /home/aisl/Documents/multi_robot_slam_ws/build/multirobot_map_merge
[5.996s] Invoked command in '/home/aisl/Documents/multi_robot_slam_ws/build/multirobot_map_merge' returned '0': BYOBU_DATE=%Y-%m-%d CMAKE_PREFIX_PATH=${CMAKE_PREFIX_PATH}:/home/aisl/Documents/multi_robot_slam_ws/install/multi_robot_slam_py:/opt/ros/jazzy DEBUGINFOD_URLS=https://debuginfod.ubuntu.com PS1=\[\e[38;5;202m\]$(byobu_prompt_status)\[\e[00m\]$(byobu_prompt_runtime) \[\e[38;5;245m\]\u\[\e[00m\]@\[\e[38;5;172m\]\h\[\e[00m\]:\[\e[38;5;5m\]\w\[\e[00m\]$(byobu_prompt_symbol) /usr/bin/cmake /home/aisl/Documents/multi_robot_slam_ws/src/m-explore-ros2/m-explore-ros2-main/map_merge -DAMENT_CMAKE_SYMLINK_INSTALL=1 -DCMAKE_INSTALL_PREFIX=/home/aisl/Documents/multi_robot_slam_ws/install/multirobot_map_merge
[5.997s] Invoking command in '/home/aisl/Documents/multi_robot_slam_ws/build/multirobot_map_merge': BYOBU_DATE=%Y-%m-%d CMAKE_PREFIX_PATH=${CMAKE_PREFIX_PATH}:/home/aisl/Documents/multi_robot_slam_ws/install/multi_robot_slam_py:/opt/ros/jazzy DEBUGINFOD_URLS=https://debuginfod.ubuntu.com PS1=\[\e[38;5;202m\]$(byobu_prompt_status)\[\e[00m\]$(byobu_prompt_runtime) \[\e[38;5;245m\]\u\[\e[00m\]@\[\e[38;5;172m\]\h\[\e[00m\]:\[\e[38;5;5m\]\w\[\e[00m\]$(byobu_prompt_symbol) /usr/bin/cmake --build /home/aisl/Documents/multi_robot_slam_ws/build/multirobot_map_merge -- -j20 -l20
[6.035s] [ 41%] [32mBuilding CXX object gtest/CMakeFiles/gtest.dir/src/gtest-all.cc.o[0m
[6.035s] [ 41%] [32mBuilding CXX object gtest/CMakeFiles/gtest_main.dir/src/gtest_main.cc.o[0m
[6.035s] [ 41%] [32mBuilding CXX object CMakeFiles/combine_grids.dir/src/combine_grids/grid_warper.cpp.o[0m
[6.035s] [ 41%] [32mBuilding CXX object CMakeFiles/combine_grids.dir/src/combine_grids/grid_compositor.cpp.o[0m
[6.035s] [ 41%] [32mBuilding CXX object CMakeFiles/combine_grids.dir/src/combine_grids/merging_pipeline.cpp.o[0m
[6.693s] [ 50%] [32m[1mLinking CXX static library libgtest_main.a[0m
[6.718s] [ 50%] Built target gtest_main
[8.880s] [ 58%] [32m[1mLinking CXX static library libcombine_grids.a[0m
[8.909s] [ 58%] Built target combine_grids
[8.925s] [ 66%] [32mBuilding CXX object CMakeFiles/map_merge.dir/src/map_merge.cpp.o[0m
[8.943s] [ 75%] [32m[1mLinking CXX static library libgtest.a[0m
[8.982s] [ 75%] Built target gtest
[8.997s] [ 83%] [32mBuilding CXX object CMakeFiles/test_merging_pipeline.dir/test/test_merging_pipeline.cpp.o[0m
[12.548s] [ 91%] [32m[1mLinking CXX executable test_merging_pipeline[0m
[13.046s] [ 91%] Built target test_merging_pipeline
[18.179s] [100%] [32m[1mLinking CXX executable map_merge[0m
[18.757s] [100%] Built target map_merge
[18.765s] Invoked command in '/home/aisl/Documents/multi_robot_slam_ws/build/multirobot_map_merge' returned '0': BYOBU_DATE=%Y-%m-%d CMAKE_PREFIX_PATH=${CMAKE_PREFIX_PATH}:/home/aisl/Documents/multi_robot_slam_ws/install/multi_robot_slam_py:/opt/ros/jazzy DEBUGINFOD_URLS=https://debuginfod.ubuntu.com PS1=\[\e[38;5;202m\]$(byobu_prompt_status)\[\e[00m\]$(byobu_prompt_runtime) \[\e[38;5;245m\]\u\[\e[00m\]@\[\e[38;5;172m\]\h\[\e[00m\]:\[\e[38;5;5m\]\w\[\e[00m\]$(byobu_prompt_symbol) /usr/bin/cmake --build /home/aisl/Documents/multi_robot_slam_ws/build/multirobot_map_merge -- -j20 -l20
[18.765s] Invoking command in '/home/aisl/Documents/multi_robot_slam_ws/build/multirobot_map_merge': BYOBU_DATE=%Y-%m-%d CMAKE_PREFIX_PATH=${CMAKE_PREFIX_PATH}:/home/aisl/Documents/multi_robot_slam_ws/install/multi_robot_slam_py:/opt/ros/jazzy DEBUGINFOD_URLS=https://debuginfod.ubuntu.com PS1=\[\e[38;5;202m\]$(byobu_prompt_status)\[\e[00m\]$(byobu_prompt_runtime) \[\e[38;5;245m\]\u\[\e[00m\]@\[\e[38;5;172m\]\h\[\e[00m\]:\[\e[38;5;5m\]\w\[\e[00m\]$(byobu_prompt_symbol) /usr/bin/cmake --install /home/aisl/Documents/multi_robot_slam_ws/build/multirobot_map_merge
[18.770s] -- Install configuration: ""
[18.770s] -- Execute custom install script
[18.771s] -- Symlinking: /home/aisl/Documents/multi_robot_slam_ws/install/multirobot_map_merge/include/map_merge//map_merge.h
[18.776s] -- Symlinking: /home/aisl/Documents/multi_robot_slam_ws/install/multirobot_map_merge/include/map_merge//ros1_names.hpp
[18.782s] -- Symlinking: /home/aisl/Documents/multi_robot_slam_ws/install/multirobot_map_merge/share/multirobot_map_merge/launch/from_map_server.launch.py
[18.787s] -- Symlinking: /home/aisl/Documents/multi_robot_slam_ws/install/multirobot_map_merge/share/multirobot_map_merge/launch/map_merge.launch.py
[18.793s] -- Symlinking: /home/aisl/Documents/multi_robot_slam_ws/install/multirobot_map_merge/share/multirobot_map_merge/launch/map_merge.rviz
[18.798s] -- Symlinking: /home/aisl/Documents/multi_robot_slam_ws/install/multirobot_map_merge/share/multirobot_map_merge/launch/tb3_simulation/bringup_launch.py
[18.804s] -- Symlinking: /home/aisl/Documents/multi_robot_slam_ws/install/multirobot_map_merge/share/multirobot_map_merge/launch/tb3_simulation/config/nav2_multirobot_params_1.yaml
[18.809s] -- Symlinking: /home/aisl/Documents/multi_robot_slam_ws/install/multirobot_map_merge/share/multirobot_map_merge/launch/tb3_simulation/config/nav2_multirobot_params_2.yaml
[18.814s] -- Symlinking: /home/aisl/Documents/multi_robot_slam_ws/install/multirobot_map_merge/share/multirobot_map_merge/launch/tb3_simulation/multi_tb3_simulation_launch.py
[18.820s] -- Symlinking: /home/aisl/Documents/multi_robot_slam_ws/install/multirobot_map_merge/share/multirobot_map_merge/launch/tb3_simulation/slam_toolbox.py
[18.825s] -- Symlinking: /home/aisl/Documents/multi_robot_slam_ws/install/multirobot_map_merge/share/multirobot_map_merge/launch/tb3_simulation/tb3_simulation_launch.py
[18.831s] -- Symlinking: /home/aisl/Documents/multi_robot_slam_ws/install/multirobot_map_merge/share/multirobot_map_merge/launch/tb3_simulation/worlds/world_only.model
[18.836s] -- Symlinking: /home/aisl/Documents/multi_robot_slam_ws/install/multirobot_map_merge/share/multirobot_map_merge/config/params.yaml
[18.842s] -- Symlinking: /home/aisl/Documents/multi_robot_slam_ws/install/multirobot_map_merge/lib/multirobot_map_merge/map_merge
[18.849s] -- Symlinking: /home/aisl/Documents/multi_robot_slam_ws/install/multirobot_map_merge/share/multirobot_map_merge/environment/library_path.sh
[18.855s] -- Symlinking: /home/aisl/Documents/multi_robot_slam_ws/install/multirobot_map_merge/share/multirobot_map_merge/environment/library_path.dsv
[18.861s] -- Symlinking: /home/aisl/Documents/multi_robot_slam_ws/install/multirobot_map_merge/share/ament_index/resource_index/package_run_dependencies/multirobot_map_merge
[18.866s] -- Symlinking: /home/aisl/Documents/multi_robot_slam_ws/install/multirobot_map_merge/share/ament_index/resource_index/parent_prefix_path/multirobot_map_merge
[18.872s] -- Symlinking: /home/aisl/Documents/multi_robot_slam_ws/install/multirobot_map_merge/share/multirobot_map_merge/environment/ament_prefix_path.sh
[18.877s] -- Symlinking: /home/aisl/Documents/multi_robot_slam_ws/install/multirobot_map_merge/share/multirobot_map_merge/environment/ament_prefix_path.dsv
[18.883s] -- Symlinking: /home/aisl/Documents/multi_robot_slam_ws/install/multirobot_map_merge/share/multirobot_map_merge/environment/path.sh
[18.888s] -- Symlinking: /home/aisl/Documents/multi_robot_slam_ws/install/multirobot_map_merge/share/multirobot_map_merge/environment/path.dsv
[18.894s] -- Symlinking: /home/aisl/Documents/multi_robot_slam_ws/install/multirobot_map_merge/share/multirobot_map_merge/local_setup.bash
[18.899s] -- Symlinking: /home/aisl/Documents/multi_robot_slam_ws/install/multirobot_map_merge/share/multirobot_map_merge/local_setup.sh
[18.904s] -- Symlinking: /home/aisl/Documents/multi_robot_slam_ws/install/multirobot_map_merge/share/multirobot_map_merge/local_setup.zsh
[18.909s] -- Symlinking: /home/aisl/Documents/multi_robot_slam_ws/install/multirobot_map_merge/share/multirobot_map_merge/local_setup.dsv
[18.915s] -- Symlinking: /home/aisl/Documents/multi_robot_slam_ws/install/multirobot_map_merge/share/multirobot_map_merge/package.dsv
[18.920s] -- Symlinking: /home/aisl/Documents/multi_robot_slam_ws/install/multirobot_map_merge/share/ament_index/resource_index/packages/multirobot_map_merge
[18.925s] -- Symlinking: /home/aisl/Documents/multi_robot_slam_ws/install/multirobot_map_merge/share/multirobot_map_merge/cmake/ament_cmake_export_include_directories-extras.cmake
[18.931s] -- Symlinking: /home/aisl/Documents/multi_robot_slam_ws/install/multirobot_map_merge/share/multirobot_map_merge/cmake/ament_cmake_export_libraries-extras.cmake
[18.936s] -- Symlinking: /home/aisl/Documents/multi_robot_slam_ws/install/multirobot_map_merge/share/multirobot_map_merge/cmake/multirobot_map_mergeConfig.cmake
[18.942s] -- Symlinking: /home/aisl/Documents/multi_robot_slam_ws/install/multirobot_map_merge/share/multirobot_map_merge/cmake/multirobot_map_mergeConfig-version.cmake
[18.947s] -- Symlinking: /home/aisl/Documents/multi_robot_slam_ws/install/multirobot_map_merge/share/multirobot_map_merge/package.xml
[18.952s] -- Installing: /home/aisl/Documents/multi_robot_slam_ws/install/multirobot_map_merge/lib/libcombine_grids.a
[18.954s] Invoked command in '/home/aisl/Documents/multi_robot_slam_ws/build/multirobot_map_merge' returned '0': BYOBU_DATE=%Y-%m-%d CMAKE_PREFIX_PATH=${CMAKE_PREFIX_PATH}:/home/aisl/Documents/multi_robot_slam_ws/install/multi_robot_slam_py:/opt/ros/jazzy DEBUGINFOD_URLS=https://debuginfod.ubuntu.com PS1=\[\e[38;5;202m\]$(byobu_prompt_status)\[\e[00m\]$(byobu_prompt_runtime) \[\e[38;5;245m\]\u\[\e[00m\]@\[\e[38;5;172m\]\h\[\e[00m\]:\[\e[38;5;5m\]\w\[\e[00m\]$(byobu_prompt_symbol) /usr/bin/cmake --install /home/aisl/Documents/multi_robot_slam_ws/build/multirobot_map_merge
