--2026-02-15 15:24:01--  https://raw.githubusercontent.com/hrnr/m-explore-extra/master/map_merge/hector_maps/map00.pgm
Resolving raw.githubusercontent.com (raw.githubusercontent.com)... 185.199.111.133, 185.199.110.133, 185.199.108.133, ...
Connecting to raw.githubusercontent.com (raw.githubusercontent.com)|185.199.111.133|:443... connected.
HTTP request sent, awaiting response... 200 OK
Length: 4194362 (4.0M) [application/octet-stream]
Saving to: ‘/home/essivekkeli/multi_robot_slam_ws/build/multirobot_map_merge/map00.pgm’

     0K .......... .......... .......... .......... ..........  1% 2.23M 2s
    50K .......... .......... .......... .......... ..........  2% 2.88M 2s
   100K .......... .......... .......... .......... ..........  3% 7.98M 1s
   150K .......... .......... .......... .......... ..........  4% 4.87M 1s
   200K .......... .......... .......... .......... ..........  6% 6.98M 1s
   250K .......... .......... .......... .......... ..........  7% 13.9M 1s
   300K .......... .......... .......... .......... ..........  8% 3.19M 1s
   350K .......... .......... .......... .......... ..........  9% 3.86M 1s
   400K .......... .......... .......... .......... .......... 10% 7.31M 1s
   450K .......... .......... .......... .......... .......... 12% 22.3M 1s
   500K .......... .......... .......... .......... .......... 13% 13.2M 1s
   550K .......... .......... .......... .......... .......... 14% 6.08M 1s
   600K .......... .......... .......... .......... .......... 15% 10.4M 1s
   650K .......... .......... .......... .......... .......... 17% 9.68M 1s
   700K .......... .......... .......... .......... .......... 18% 12.9M 1s
   750K .......... .......... .......... .......... .......... 19% 13.5M 1s
   800K .......... .......... .......... .......... .......... 20% 3.24M 1s
   850K .......... .......... .......... .......... .......... 21% 10.8M 1s
   900K .......... .......... .......... .......... .......... 23% 8.14M 1s
   950K .......... .......... .......... .......... .......... 24% 27.9M 0s
  1000K .......... .......... .......... .......... .......... 25% 9.51M 0s
  1050K .......... .......... .......... .......... .......... 26% 11.8M 0s
  1100K .......... .......... .......... .......... .......... 28% 1.16M 1s
  1150K .......... .......... .......... .......... .......... 29% 32.4M 1s
  1200K .......... .......... .......... .......... .......... 30%  115M 0s
  1250K .......... .......... .......... .......... .......... 31%  176M 0s
  1300K .......... .......... .......... .......... .......... 32%  179M 0s
  1350K .......... .......... .......... .......... .......... 34%  173M 0s
  1400K .......... .......... .......... .......... .......... 35%  177M 0s
  1450K .......... .......... .......... .......... .......... 36%  183M 0s
  1500K .......... .......... .......... .......... .......... 37% 41.4M 0s
  1550K .......... .......... .......... .......... .......... 39% 9.15M 0s
  1600K .......... .......... .......... .......... .......... 40% 8.61M 0s
  1650K .......... .......... .......... .......... .......... 41% 13.3M 0s
  1700K .......... .......... .......... .......... .......... 42% 10.8M 0s
  1750K .......... .......... .......... .......... .......... 43% 10.0M 0s
  1800K .......... .......... .......... .......... .......... 45% 16.7M 0s
  1850K .......... .......... .......... .......... .......... 46% 10.9M 0s
  1900K .......... .......... .......... .......... .......... 47% 10.9M 0s
  1950K .......... .......... .......... .......... .......... 48% 9.91M 0s
  2000K .......... .......... .......... .......... .......... 50% 10.2M 0s
  2050K .......... .......... .......... .......... .......... 51% 1.08M 0s
  2100K .......... .......... .......... .......... .......... 52%  161M 0s
  2150K .......... .......... .......... .......... .......... 53%  196M 0s
  2200K .......... .......... .......... .......... .......... 54%  213M 0s
  2250K .......... .......... .......... .......... .......... 56% 14.8M 0s
  2300K .......... .......... .......... .......... .......... 57%  190M 0s
  2350K .......... .......... .......... .......... .......... 58%  182M 0s
  2400K .......... .......... .......... .......... .......... 59%  148M 0s
  2450K .......... .......... .......... .......... .......... 61%  210M 0s
  2500K .......... .......... .......... .......... .......... 62% 15.6M 0s
  2550K .......... .......... .......... .......... .......... 63% 3.92M 0s
  2600K .......... .......... .......... .......... .......... 64% 8.33M 0s
  2650K .......... .......... .......... .......... .......... 65% 15.1M 0s
  2700K .......... .......... .......... .......... .......... 67% 5.79M 0s
  2750K .......... .......... .......... .......... .......... 68%  117M 0s
  2800K .......... .......... .......... .......... .......... 69% 6.62M 0s
  2850K .......... .......... .......... .......... .......... 70% 21.6M 0s
  2900K .......... .......... .......... .......... .......... 72% 7.97M 0s
  2950K .......... .......... .......... .......... .......... 73% 11.5M 0s
  3000K .......... .......... .......... .......... .......... 74% 20.0M 0s
  3050K .......... .......... .......... .......... .......... 75% 13.1M 0s
  3100K .......... .......... .......... .......... .......... 76% 7.34M 0s
  3150K .......... .......... .......... .......... .......... 78% 30.2M 0s
  3200K .......... .......... .......... .......... .......... 79% 6.13M 0s
  3250K .......... .......... .......... .......... .......... 80% 4.00M 0s
  3300K .......... .......... .......... .......... .......... 81% 4.04M 0s
  3350K .......... .......... .......... .......... .......... 83% 17.7M 0s
  3400K .......... .......... .......... .......... .......... 84% 17.3M 0s
  3450K .......... .......... .......... .......... .......... 85% 33.4M 0s
  3500K .......... .......... .......... .......... .......... 86% 6.87M 0s
  3550K .......... .......... .......... .......... .......... 87% 11.5M 0s
  3600K .......... .......... .......... .......... .......... 89% 8.02M 0s
  3650K .......... .......... .......... .......... .......... 90% 8.57M 0s
  3700K .......... .......... .......... .......... .......... 91% 16.7M 0s
  3750K .......... .......... .......... .......... .......... 92% 11.0M 0s
  3800K .......... .......... .......... .......... .......... 93% 10.8M 0s
  3850K .......... .......... .......... .......... .......... 95% 11.8M 0s
  3900K .......... .......... .......... .......... .......... 96% 10.7M 0s
  3950K .......... .......... .......... .......... .......... 97% 10.0M 0s
  4000K .......... .......... .......... .......... .......... 98% 8.62M 0s
  4050K .......... .......... .......... .......... ......    100% 37.2M=0.5s

2026-02-15 15:24:02 (8.45 MB/s) - ‘/home/essivekkeli/multi_robot_slam_ws/build/multirobot_map_merge/map00.pgm’ saved [4194362/4194362]

--2026-02-15 15:24:02--  https://raw.githubusercontent.com/hrnr/m-explore-extra/master/map_merge/hector_maps/map05.pgm
Resolving raw.githubusercontent.com (raw.githubusercontent.com)... 185.199.109.133, 185.199.110.133, 185.199.108.133, ...
Connecting to raw.githubusercontent.com (raw.githubusercontent.com)|185.199.109.133|:443... connected.
HTTP request sent, awaiting response... 200 OK
Length: 4194362 (4.0M) [application/octet-stream]
Saving to: ‘/home/essivekkeli/multi_robot_slam_ws/build/multirobot_map_merge/map05.pgm’

     0K .......... .......... .......... .......... ..........  1% 2.52M 2s
    50K .......... .......... .......... .......... ..........  2% 2.75M 1s
   100K .......... .......... .......... .......... ..........  3% 6.43M 1s
   150K .......... .......... .......... .......... ..........  4% 6.13M 1s
   200K .......... .......... .......... .......... ..........  6% 6.71M 1s
   250K .......... .......... .......... .......... ..........  7% 13.1M 1s
   300K .......... .......... .......... .......... ..........  8% 6.23M 1s
   350K .......... .......... .......... .......... ..........  9% 2.03M 1s
   400K .......... .......... .......... .......... .......... 10% 24.1M 1s
   450K .......... .......... .......... .......... .......... 12% 3.45M 1s
   500K .......... .......... .......... .......... .......... 13% 15.8M 1s
   550K .......... .......... .......... .......... .......... 14% 10.5M 1s
   600K .......... .......... .......... .......... .......... 15% 13.9M 1s
   650K .......... .......... .......... .......... .......... 17% 11.9M 1s
   700K .......... .......... .......... .......... .......... 18% 9.30M 1s
   750K .......... .......... .......... .......... .......... 19% 13.3M 1s
   800K .......... .......... .......... .......... .......... 20% 8.82M 1s
   850K .......... .......... .......... .......... .......... 21% 11.3M 1s
   900K .......... .......... .......... .......... .......... 23% 9.97M 0s
   950K .......... .......... .......... .......... .......... 24% 15.9M 0s
  1000K .......... .......... .......... .......... .......... 25% 9.47M 0s
  1050K .......... .......... .......... .......... .......... 26% 13.0M 0s
  1100K .......... .......... .......... .......... .......... 28%  764K 1s
  1150K .......... .......... .......... .......... .......... 29% 40.9M 1s
  1200K .......... .......... .......... .......... .......... 30%  132M 1s
  1250K .......... .......... .......... .......... .......... 31%  190M 0s
  1300K .......... .......... .......... .......... .......... 32%  215M 0s
  1350K .......... .......... .......... .......... .......... 34%  226M 0s
  1400K .......... .......... .......... .......... .......... 35%  186M 0s
  1450K .......... .......... .......... .......... .......... 36%  190M 0s
  1500K .......... .......... .......... .......... .......... 37%  184M 0s
  1550K .......... .......... .......... .......... .......... 39% 20.9M 0s
  1600K .......... .......... .......... .......... .......... 40% 52.3M 0s
  1650K .......... .......... .......... .......... .......... 41% 4.21M 0s
  1700K .......... .......... .......... .......... .......... 42% 6.27M 0s
  1750K .......... .......... .......... .......... .......... 43% 8.12M 0s
  1800K .......... .......... .......... .......... .......... 45% 10.3M 0s
  1850K .......... .......... .......... .......... .......... 46% 17.7M 0s
  1900K .......... .......... .......... .......... .......... 47% 11.2M 0s
  1950K .......... .......... .......... .......... .......... 48% 9.72M 0s
  2000K .......... .......... .......... .......... .......... 50% 2.04M 0s
  2050K .......... .......... .......... .......... .......... 51% 17.1M 0s
  2100K .......... .......... .......... .......... .......... 52% 23.7M 0s
  2150K .......... .......... .......... .......... .......... 53% 18.5M 0s
  2200K .......... .......... .......... .......... .......... 54% 30.0M 0s
  2250K .......... .......... .......... .......... .......... 56% 18.0M 0s
  2300K .......... .......... .......... .......... .......... 57% 11.4M 0s
  2350K .......... .......... .......... .......... .......... 58% 11.6M 0s
  2400K .......... .......... .......... .......... .......... 59% 8.29M 0s
  2450K .......... .......... .......... .......... .......... 61% 14.2M 0s
  2500K .......... .......... .......... .......... .......... 62% 10.8M 0s
  2550K .......... .......... .......... .......... .......... 63% 12.2M 0s
  2600K .......... .......... .......... .......... .......... 64% 10.2M 0s
  2650K .......... .......... .......... .......... .......... 65% 12.6M 0s
  2700K .......... .......... .......... .......... .......... 67% 9.25M 0s
  2750K .......... .......... .......... .......... .......... 68% 10.6M 0s
  2800K .......... .......... .......... .......... .......... 69% 13.3M 0s
  2850K .......... .......... .......... .......... .......... 70% 7.26M 0s
  2900K .......... .......... .......... .......... .......... 72% 28.5M 0s
  2950K .......... .......... .......... .......... .......... 73% 10.4M 0s
  3000K .......... .......... .......... .......... .......... 74% 12.0M 0s
  3050K .......... .......... .......... .......... .......... 75% 1.92M 0s
  3100K .......... .......... .......... .......... .......... 76% 41.1M 0s
  3150K .......... .......... .......... .......... .......... 78% 15.5M 0s
  3200K .......... .......... .......... .......... .......... 79% 21.4M 0s
  3250K .......... .......... .......... .......... .......... 80% 24.4M 0s
  3300K .......... .......... .......... .......... .......... 81% 38.4M 0s
  3350K .......... .......... .......... .......... .......... 83% 8.11M 0s
  3400K .......... .......... .......... .......... .......... 84% 13.8M 0s
  3450K .......... .......... .......... .......... .......... 85% 9.54M 0s
  3500K .......... .......... .......... .......... .......... 86% 11.0M 0s
  3550K .......... .......... .......... .......... .......... 87% 11.8M 0s
  3600K .......... .......... .......... .......... .......... 89% 8.73M 0s
  3650K .......... .......... .......... .......... .......... 90% 11.9M 0s
  3700K .......... .......... .......... .......... .......... 91% 9.88M 0s
  3750K .......... .......... .......... .......... .......... 92% 9.56M 0s
  3800K .......... .......... .......... .......... .......... 93% 13.8M 0s
  3850K .......... .......... .......... .......... .......... 95% 13.8M 0s
  3900K .......... .......... .......... .......... .......... 96% 7.87M 0s
  3950K .......... .......... .......... .......... .......... 97% 24.9M 0s
  4000K .......... .......... .......... .......... .......... 98% 8.37M 0s
  4050K .......... .......... .......... .......... ......    100% 16.7M=0.5s

2026-02-15 15:24:03 (8.32 MB/s) - ‘/home/essivekkeli/multi_robot_slam_ws/build/multirobot_map_merge/map05.pgm’ saved [4194362/4194362]

--2026-02-15 15:24:03--  https://raw.githubusercontent.com/hrnr/m-explore-extra/master/map_merge/gmapping_maps/2011-08-09-12-22-52.pgm
Resolving raw.githubusercontent.com (raw.githubusercontent.com)... 185.199.110.133, 185.199.109.133, 185.199.111.133, ...
Connecting to raw.githubusercontent.com (raw.githubusercontent.com)|185.199.110.133|:443... connected.
HTTP request sent, awaiting response... 200 OK
Length: 16000058 (15M) [application/octet-stream]
Saving to: ‘/home/essivekkeli/multi_robot_slam_ws/build/multirobot_map_merge/2011-08-09-12-22-52.pgm’

     0K .......... .......... .......... .......... ..........  0% 2.32M 7s
    50K .......... .......... .......... .......... ..........  0% 2.59M 6s
   100K .......... .......... .......... .......... ..........  0% 5.93M 5s
   150K .......... .......... .......... .......... ..........  1% 6.09M 4s
   200K .......... .......... .......... .......... ..........  1% 5.87M 4s
   250K .......... .......... .......... .......... ..........  1% 5.18M 4s
   300K .......... .......... .......... .......... ..........  2% 2.41M 4s
   350K .......... .......... .......... .......... ..........  2% 8.12M 4s
   400K .......... .......... .......... .......... ..........  2% 3.43M 4s
   450K .......... .......... .......... .......... ..........  3% 11.2M 4s
   500K .......... .......... .......... .......... ..........  3% 12.0M 3s
   550K .......... .......... .......... .......... ..........  3% 13.3M 3s
   600K .......... .......... .......... .......... ..........  4% 9.83M 3s
   650K .......... .......... .......... .......... ..........  4% 7.14M 3s
   700K .......... .......... .......... .......... ..........  4% 12.1M 3s
   750K .......... .......... .......... .......... ..........  5% 3.12M 3s
   800K .......... .......... .......... .......... ..........  5% 14.1M 3s
   850K .......... .......... .......... .......... ..........  5% 9.65M 3s
   900K .......... .......... .......... .......... ..........  6% 14.6M 3s
   950K .......... .......... .......... .......... ..........  6% 12.1M 3s
  1000K .......... .......... .......... .......... ..........  6% 5.36M 3s
  1050K .......... .......... .......... .......... ..........  7% 1.39M 3s
  1100K .......... .......... .......... .......... ..........  7%  219M 3s
  1150K .......... .......... .......... .......... ..........  7%  177M 3s
  1200K .......... .......... .......... .......... ..........  7%  251M 3s
  1250K .......... .......... .......... .......... ..........  8%  250M 2s
  1300K .......... .......... .......... .......... ..........  8%  217M 2s
  1350K .......... .......... .......... .......... ..........  8%  253M 2s
  1400K .......... .......... .......... .......... ..........  9% 14.1M 2s
  1450K .......... .......... .......... .......... ..........  9% 4.24M 2s
  1500K .......... .......... .......... .......... ..........  9% 10.7M 2s
  1550K .......... .......... .......... .......... .......... 10% 8.10M 2s
  1600K .......... .......... .......... .......... .......... 10% 15.3M 2s
  1650K .......... .......... .......... .......... .......... 10% 11.8M 2s
  1700K .......... .......... .......... .......... .......... 11% 6.24M 2s
  1750K .......... .......... .......... .......... .......... 11% 8.19M 2s
  1800K .......... .......... .......... .......... .......... 11%  119M 2s
  1850K .......... .......... .......... .......... .......... 12% 11.5M 2s
  1900K .......... .......... .......... .......... .......... 12% 9.06M 2s
  1950K .......... .......... .......... .......... .......... 12% 12.2M 2s
  2000K .......... .......... .......... .......... .......... 13% 2.72M 2s
  2050K .......... .......... .......... .......... .......... 13% 21.3M 2s
  2100K .......... .......... .......... .......... .......... 13% 5.81M 2s
  2150K .......... .......... .......... .......... .......... 14% 18.9M 2s
  2200K .......... .......... .......... .......... .......... 14% 13.1M 2s
  2250K .......... .......... .......... .......... .......... 14% 34.4M 2s
  2300K .......... .......... .......... .......... .......... 15% 18.3M 2s
  2350K .......... .......... .......... .......... .......... 15% 6.73M 2s
  2400K .......... .......... .......... .......... .......... 15% 11.7M 2s
  2450K .......... .......... .......... .......... .......... 15% 8.19M 2s
  2500K .......... .......... .......... .......... .......... 16% 6.12M 2s
  2550K .......... .......... .......... .......... .......... 16% 24.2M 2s
  2600K .......... .......... .......... .......... .......... 16% 9.01M 2s
  2650K .......... .......... .......... .......... .......... 17% 88.6M 2s
  2700K .......... .......... .......... .......... .......... 17% 5.48M 2s
  2750K .......... .......... .......... .......... .......... 17% 9.95M 2s
  2800K .......... .......... .......... .......... .......... 18% 7.78M 2s
  2850K .......... .......... .......... .......... .......... 18% 8.58M 2s
  2900K .......... .......... .......... .......... .......... 18% 5.52M 2s
  2950K .......... .......... .......... .......... .......... 19% 2.89M 2s
  3000K .......... .......... .......... .......... .......... 19% 9.45M 2s
  3050K .......... .......... .......... .......... .......... 19% 19.2M 2s
  3100K .......... .......... .......... .......... .......... 20% 24.1M 2s
  3150K .......... .......... .......... .......... .......... 20% 9.81M 2s
  3200K .......... .......... .......... .......... .......... 20% 10.7M 2s
  3250K .......... .......... .......... .......... .......... 21% 7.29M 2s
  3300K .......... .......... .......... .......... .......... 21% 11.1M 2s
  3350K .......... .......... .......... .......... .......... 21% 9.90M 2s
  3400K .......... .......... .......... .......... .......... 22% 10.9M 2s
  3450K .......... .......... .......... .......... .......... 22% 12.8M 2s
  3500K .......... .......... .......... .......... .......... 22% 12.3M 2s
  3550K .......... .......... .......... .......... .......... 23% 7.58M 2s
  3600K .......... .......... .......... .......... .......... 23% 9.36M 2s
  3650K .......... .......... .......... .......... .......... 23% 20.5M 2s
  3700K .......... .......... .......... .......... .......... 23% 7.89M 1s
  3750K .......... .......... .......... .......... .......... 24% 22.1M 1s
  3800K .......... .......... .......... .......... .......... 24% 12.4M 1s
  3850K .......... .......... .......... .......... .......... 24% 9.08M 1s
  3900K .......... .......... .......... .......... .......... 25% 5.49M 1s
  3950K .......... .......... .......... .......... .......... 25% 4.74M 1s
  4000K .......... .......... .......... .......... .......... 25% 5.30M 1s
  4050K .......... .......... .......... .......... .......... 26% 12.3M 1s
  4100K .......... .......... .......... .......... .......... 26% 19.7M 1s
  4150K .......... .......... .......... .......... .......... 26% 6.75M 1s
  4200K .......... .......... .......... .......... .......... 27% 14.9M 1s
  4250K .......... .......... .......... .......... .......... 27% 9.26M 1s
  4300K .......... .......... .......... .......... .......... 27% 9.16M 1s
  4350K .......... .......... .......... .......... .......... 28% 9.29M 1s
  4400K .......... .......... .......... .......... .......... 28% 11.9M 1s
  4450K .......... .......... .......... .......... .......... 28% 11.3M 1s
  4500K .......... .......... .......... .......... .......... 29% 10.6M 1s
  4550K .......... .......... .......... .......... .......... 29% 12.8M 1s
  4600K .......... .......... .......... .......... .......... 29% 10.0M 1s
  4650K .......... .......... .......... .......... .......... 30% 13.2M 1s
  4700K .......... .......... .......... .......... .......... 30% 10.8M 1s
  4750K .......... .......... .......... .......... .......... 30% 7.77M 1s
  4800K .......... .......... .......... .......... .......... 31% 12.1M 1s
  4850K .......... .......... .......... .......... .......... 31% 7.47M 1s
  4900K .......... .......... .......... .......... .......... 31% 1.58M 1s
  4950K .......... .......... .......... .......... .......... 31%  127M 1s
  5000K .......... .......... .......... .......... .......... 32%  162M 1s
  5050K .......... .......... .......... .......... .......... 32%  175M 1s
  5100K .......... .......... .......... .......... .......... 32%  177M 1s
  5150K .......... .......... .......... .......... .......... 33%  141M 1s
  5200K .......... .......... .......... .......... .......... 33% 27.9M 1s
  5250K .......... .......... .......... .......... .......... 33% 9.93M 1s
  5300K .......... .......... .......... .......... .......... 34% 13.2M 1s
  5350K .......... .......... .......... .......... .......... 34% 9.62M 1s
  5400K .......... .......... .......... .......... .......... 34% 14.5M 1s
  5450K .......... .......... .......... .......... .......... 35% 9.38M 1s
  5500K .......... .......... .......... .......... .......... 35% 2.56M 1s
  5550K .......... .......... .......... .......... .......... 35% 1.81M 1s
  5600K .......... .......... .......... .......... .......... 36% 2.32M 1s
  5650K .......... .......... .......... .......... .......... 36%  146M 1s
  5700K .......... .......... .......... .......... .......... 36% 69.9M 1s
  5750K .......... .......... .......... .......... .......... 37% 3.47M 1s
  5800K .......... .......... .......... .......... .......... 37% 6.66M 1s
  5850K .......... .......... .......... .......... .......... 37% 7.43M 1s
  5900K .......... .......... .......... .......... .......... 38% 6.95M 1s
  5950K .......... .......... .......... .......... .......... 38% 7.38M 1s
  6000K .......... .......... .......... .......... .......... 38% 8.52M 1s
  6050K .......... .......... .......... .......... .......... 39% 6.10M 1s
  6100K .......... .......... .......... .......... .......... 39% 17.0M 1s
  6150K .......... .......... .......... .......... .......... 39% 7.62M 1s
  6200K .......... .......... .......... .......... .......... 39% 5.75M 1s
  6250K .......... .......... .......... .......... .......... 40% 4.74M 1s
  6300K .......... .......... .......... .......... .......... 40% 4.25M 1s
  6350K .......... .......... .......... .......... .......... 40% 36.2M 1s
  6400K .......... .......... .......... .......... .......... 41% 2.99M 1s
  6450K .......... .......... .......... .......... .......... 41% 7.08M 1s
  6500K .......... .......... .......... .......... .......... 41% 7.14M 1s
  6550K .......... .......... .......... .......... .......... 42% 7.41M 1s
  6600K .......... .......... .......... .......... .......... 42% 10.6M 1s
  6650K .......... .......... .......... .......... .......... 42% 9.92M 1s
  6700K .......... .......... .......... .......... .......... 43% 7.39M 1s
  6750K .......... .......... .......... .......... .......... 43% 6.56M 1s
  6800K .......... .......... .......... .......... .......... 43% 9.56M 1s
  6850K .......... .......... .......... .......... .......... 44% 8.14M 1s
  6900K .......... .......... .......... .......... .......... 44% 9.05M 1s
  6950K .......... .......... .......... .......... .......... 44% 9.96M 1s
  7000K .......... .......... .......... .......... .......... 45% 5.81M 1s
  7050K .......... .......... .......... .......... .......... 45% 2.98M 1s
  7100K .......... .......... .......... .......... .......... 45% 22.9M 1s
  7150K .......... .......... .......... .......... .......... 46% 2.36M 1s
  7200K .......... .......... .......... .......... .......... 46% 5.91M 1s
  7250K .......... .......... .......... .......... .......... 46% 8.26M 1s
  7300K .......... .......... .......... .......... .......... 47% 10.0M 1s
  7350K .......... .......... .......... .......... .......... 47% 8.69M 1s
  7400K .......... .......... .......... .......... .......... 47% 8.61M 1s
  7450K .......... .......... .......... .......... .......... 47% 10.4M 1s
  7500K .......... .......... .......... .......... .......... 48% 6.37M 1s
  7550K .......... .......... .......... .......... .......... 48% 4.72M 1s
  7600K .......... .......... .......... .......... .......... 48% 6.21M 1s
  7650K .......... .......... .......... .......... .......... 49% 3.83M 1s
  7700K .......... .......... .......... .......... .......... 49% 7.57M 1s
  7750K .......... .......... .......... .......... .......... 49% 2.88M 1s
  7800K .......... .......... .......... .......... .......... 50% 6.48M 1s
  7850K .......... .......... .......... .......... .......... 50% 7.11M 1s
  7900K .......... .......... .......... .......... .......... 50% 8.92M 1s
  7950K .......... .......... .......... .......... .......... 51% 7.27M 1s
  8000K .......... .......... .......... .......... .......... 51% 7.86M 1s
  8050K .......... .......... .......... .......... .......... 51% 9.73M 1s
  8100K .......... .......... .......... .......... .......... 52% 9.82M 1s
  8150K .......... .......... .......... .......... .......... 52% 12.5M 1s
  8200K .......... .......... .......... .......... .......... 52% 5.60M 1s
  8250K .......... .......... .......... .......... .......... 53% 10.5M 1s
  8300K .......... .......... .......... .......... .......... 53% 1.81M 1s
  8350K .......... .......... .......... .......... .......... 53% 31.7M 1s
  8400K .......... .......... .......... .......... .......... 54% 3.53M 1s
  8450K .......... .......... .......... .......... .......... 54% 7.43M 1s
  8500K .......... .......... .......... .......... .......... 54% 6.82M 1s
  8550K .......... .......... .......... .......... .......... 55% 7.18M 1s
  8600K .......... .......... .......... .......... .......... 55% 9.10M 1s
  8650K .......... .......... .......... .......... .......... 55% 12.1M 1s
  8700K .......... .......... .......... .......... .......... 55% 6.96M 1s
  8750K .......... .......... .......... .......... .......... 56% 7.70M 1s
  8800K .......... .......... .......... .......... .......... 56% 6.45M 1s
  8850K .......... .......... .......... .......... .......... 56% 8.95M 1s
  8900K .......... .......... .......... .......... .......... 57% 5.84M 1s
  8950K .......... .......... .......... .......... .......... 57% 12.7M 1s
  9000K .......... .......... .......... .......... .......... 57% 2.80M 1s
  9050K .......... .......... .......... .......... .......... 58% 13.3M 1s
  9100K .......... .......... .......... .......... .......... 58% 9.12M 1s
  9150K .......... .......... .......... .......... .......... 58% 4.99M 1s
  9200K .......... .......... .......... .......... .......... 59% 7.00M 1s
  9250K .......... .......... .......... .......... .......... 59% 10.2M 1s
  9300K .......... .......... .......... .......... .......... 59% 11.7M 1s
  9350K .......... .......... .......... .......... .......... 60% 7.06M 1s
  9400K .......... .......... .......... .......... .......... 60% 10.5M 1s
  9450K .......... .......... .......... .......... .......... 60% 11.2M 1s
  9500K .......... .......... .......... .......... .......... 61% 10.3M 1s
  9550K .......... .......... .......... .......... .......... 61% 5.63M 1s
  9600K .......... .......... .......... .......... .......... 61% 13.8M 1s
  9650K .......... .......... .......... .......... .......... 62% 8.62M 1s
  9700K .......... .......... .......... .......... .......... 62% 5.15M 1s
  9750K .......... .......... .......... .......... .......... 62% 2.51M 1s
  9800K .......... .......... .......... .......... .......... 63% 45.5M 1s
  9850K .......... .......... .......... .......... .......... 63% 12.6M 1s
  9900K .......... .......... .......... .......... .......... 63% 6.27M 1s
  9950K .......... .......... .......... .......... .......... 63% 4.71M 1s
 10000K .......... .......... .......... .......... .......... 64% 9.67M 1s
 10050K .......... .......... .......... .......... .......... 64% 10.1M 1s
 10100K .......... .......... .......... .......... .......... 64% 11.0M 1s
 10150K .......... .......... .......... .......... .......... 65% 8.10M 1s
 10200K .......... .......... .......... .......... .......... 65% 11.3M 1s
 10250K .......... .......... .......... .......... .......... 65% 9.06M 1s
 10300K .......... .......... .......... .......... .......... 66% 9.59M 1s
 10350K .......... .......... .......... .......... .......... 66% 6.47M 1s
 10400K .......... .......... .......... .......... .......... 66% 8.54M 1s
 10450K .......... .......... .......... .......... .......... 67% 11.0M 1s
 10500K .......... .......... .......... .......... .......... 67% 5.27M 1s
 10550K .......... .......... .......... .......... .......... 67% 2.83M 1s
 10600K .......... .......... .......... .......... .......... 68% 15.9M 1s
 10650K .......... .......... .......... .......... .......... 68% 4.30M 1s
 10700K .......... .......... .......... .......... .......... 68% 6.90M 1s
 10750K .......... .......... .......... .......... .......... 69% 4.91M 1s
 10800K .......... .......... .......... .......... .......... 69% 8.88M 1s
 10850K .......... .......... .......... .......... .......... 69% 8.71M 1s
 10900K .......... .......... .......... .......... .......... 70% 15.1M 1s
 10950K .......... .......... .......... .......... .......... 70% 8.83M 1s
 11000K .......... .......... .......... .......... .......... 70% 7.83M 1s
 11050K .......... .......... .......... .......... .......... 71% 11.3M 1s
 11100K .......... .......... .......... .......... .......... 71% 14.6M 1s
 11150K .......... .......... .......... .......... .......... 71% 5.34M 1s
 11200K .......... .......... .......... .......... .......... 71% 5.03M 1s
 11250K .......... .......... .......... .......... .......... 72% 2.69M 1s
 11300K .......... .......... .......... .......... .......... 72% 17.1M 1s
 11350K .......... .......... .......... .......... .......... 72% 5.19M 1s
 11400K .......... .......... .......... .......... .......... 73% 8.81M 1s
 11450K .......... .......... .......... .......... .......... 73% 7.24M 1s
 11500K .......... .......... .......... .......... .......... 73% 7.10M 1s
 11550K .......... .......... .......... .......... .......... 74% 7.92M 1s
 11600K .......... .......... .......... .......... .......... 74% 11.1M 1s
 11650K .......... .......... .......... .......... .......... 74% 9.04M 1s
 11700K .......... .......... .......... .......... .......... 75% 5.19M 1s
 11750K .......... .......... .......... .......... .......... 75% 11.2M 1s
 11800K .......... .......... .......... .......... .......... 75% 10.4M 1s
 11850K .......... .......... .......... .......... .......... 76% 5.23M 1s
 11900K .......... .......... .......... .......... .......... 76% 6.90M 0s
 11950K .......... .......... .......... .......... .......... 76% 3.60M 0s
 12000K .......... .......... .......... .......... .......... 77% 5.07M 0s
 12050K .......... .......... .......... .......... .......... 77% 2.97M 0s
 12100K .......... .......... .......... .......... .......... 77% 6.61M 0s
 12150K .......... .......... .......... .......... .......... 78% 6.46M 0s
 12200K .......... .......... .......... .......... .......... 78% 8.94M 0s
 12250K .......... .......... .......... .......... .......... 78% 9.79M 0s
 12300K .......... .......... .......... .......... .......... 79% 12.6M 0s
 12350K .......... .......... .......... .......... .......... 79% 7.97M 0s
 12400K .......... .......... .......... .......... .......... 79% 5.06M 0s
 12450K .......... .......... .......... .......... .......... 79% 12.2M 0s
 12500K .......... .......... .......... .......... .......... 80% 8.18M 0s
 12550K .......... .......... .......... .......... .......... 80% 6.53M 0s
 12600K .......... .......... .......... .......... .......... 80% 3.74M 0s
 12650K .......... .......... .......... .......... .......... 81% 6.24M 0s
 12700K .......... .......... .......... .......... .......... 81% 28.9M 0s
 12750K .......... .......... .......... .......... .......... 81% 2.75M 0s
 12800K .......... .......... .......... .......... .......... 82% 7.12M 0s
 12850K .......... .......... .......... .......... .......... 82% 7.94M 0s
 12900K .......... .......... .......... .......... .......... 82% 9.49M 0s
 12950K .......... .......... .......... .......... .......... 83% 12.6M 0s
 13000K .......... .......... .......... .......... .......... 83% 11.3M 0s
 13050K .......... .......... .......... .......... .......... 83% 8.82M 0s
 13100K .......... .......... .......... .......... .......... 84% 7.78M 0s
 13150K .......... .......... .......... .......... .......... 84% 6.75M 0s
 13200K .......... .......... .......... .......... .......... 84% 17.2M 0s
 13250K .......... .......... .......... .......... .......... 85% 2.99M 0s
 13300K .......... .......... .......... .......... .......... 85% 2.37M 0s
 13350K .......... .......... .......... .......... .......... 85% 29.2M 0s
 13400K .......... .......... .......... .......... .......... 86% 4.79M 0s
 13450K .......... .......... .......... .......... .......... 86% 9.39M 0s
 13500K .......... .......... .......... .......... .......... 86% 6.95M 0s
 13550K .......... .......... .......... .......... .......... 87% 5.43M 0s
 13600K .......... .......... .......... .......... .......... 87% 11.0M 0s
 13650K .......... .......... .......... .......... .......... 87% 13.2M 0s
 13700K .......... .......... .......... .......... .......... 87% 8.70M 0s
 13750K .......... .......... .......... .......... .......... 88% 10.5M 0s
 13800K .......... .......... .......... .......... .......... 88% 8.30M 0s
 13850K .......... .......... .......... .......... .......... 88% 9.19M 0s
 13900K .......... .......... .......... .......... .......... 89% 14.1M 0s
 13950K .......... .......... .......... .......... .......... 89% 8.36M 0s
 14000K .......... .......... .......... .......... .......... 89% 6.97M 0s
 14050K .......... .......... .......... .......... .......... 90% 1.73M 0s
 14100K .......... .......... .......... .......... .......... 90% 49.0M 0s
 14150K .......... .......... .......... .......... .......... 90% 19.2M 0s
 14200K .......... .......... .......... .......... .......... 91% 2.52M 0s
 14250K .......... .......... .......... .......... .......... 91% 5.67M 0s
 14300K .......... .......... .......... .......... .......... 91% 6.93M 0s
 14350K .......... .......... .......... .......... .......... 92% 7.70M 0s
 14400K .......... .......... .......... .......... .......... 92% 6.49M 0s
 14450K .......... .......... .......... .......... .......... 92% 43.6M 0s
 14500K .......... .......... .......... .......... .......... 93% 7.93M 0s
 14550K .......... .......... .......... .......... .......... 93% 1.65M 0s
 14600K .......... .......... .......... .......... .......... 93% 6.16M 0s
 14650K .......... .......... .......... .......... .......... 94%  132M 0s
 14700K .......... .......... .......... .......... .......... 94% 3.11M 0s
 14750K .......... .......... .......... .......... .......... 94% 6.06M 0s
 14800K .......... .......... .......... .......... .......... 95% 6.52M 0s
 14850K .......... .......... .......... .......... .......... 95% 8.66M 0s
 14900K .......... .......... .......... .......... .......... 95% 15.0M 0s
 14950K .......... .......... .......... .......... .......... 95% 10.5M 0s
 15000K .......... .......... .......... .......... .......... 96% 8.37M 0s
 15050K .......... .......... .......... .......... .......... 96% 10.7M 0s
 15100K .......... .......... .......... .......... .......... 96% 6.65M 0s
 15150K .......... .......... .......... .......... .......... 97% 13.5M 0s
 15200K .......... .......... .......... .......... .......... 97% 7.69M 0s
 15250K .......... .......... .......... .......... .......... 97% 5.38M 0s
 15300K .......... .......... .......... .......... .......... 98% 2.76M 0s
 15350K .......... .......... .......... .......... .......... 98% 41.7M 0s
 15400K .......... .......... .......... .......... .......... 98% 26.0M 0s
 15450K .......... .......... .......... .......... .......... 99% 3.43M 0s
 15500K .......... .......... .......... .......... .......... 99% 8.95M 0s
 15550K .......... .......... .......... .......... .......... 99% 6.54M 0s
 15600K .......... .......... .....                           100% 36.3M=2.2s

2026-02-15 15:24:05 (7.00 MB/s) - ‘/home/essivekkeli/multi_robot_slam_ws/build/multirobot_map_merge/2011-08-09-12-22-52.pgm’ saved [16000058/16000058]

--2026-02-15 15:24:06--  https://raw.githubusercontent.com/hrnr/m-explore-extra/master/map_merge/gmapping_maps/2012-01-28-11-12-01.pgm
Resolving raw.githubusercontent.com (raw.githubusercontent.com)... 185.199.109.133, 185.199.110.133, 185.199.108.133, ...
Connecting to raw.githubusercontent.com (raw.githubusercontent.com)|185.199.109.133|:443... connected.
HTTP request sent, awaiting response... 200 OK
Length: 16000058 (15M) [application/octet-stream]
Saving to: ‘/home/essivekkeli/multi_robot_slam_ws/build/multirobot_map_merge/2012-01-28-11-12-01.pgm’

     0K .......... .......... .......... .......... ..........  0% 2.65M 6s
    50K .......... .......... .......... .......... ..........  0% 2.68M 6s
   100K .......... .......... .......... .......... ..........  0% 6.72M 5s
   150K .......... .......... .......... .......... ..........  1% 5.29M 4s
   200K .......... .......... .......... .......... ..........  1% 9.43M 4s
   250K .......... .......... .......... .......... ..........  1% 8.16M 3s
   300K .......... .......... .......... .......... ..........  2% 11.0M 3s
   350K .......... .......... .......... .......... ..........  2% 4.69M 3s
   400K .......... .......... .......... .......... ..........  2% 17.5M 3s
   450K .......... .......... .......... .......... ..........  3% 2.75M 3s
   500K .......... .......... .......... .......... ..........  3% 22.9M 3s
   550K .......... .......... .......... .......... ..........  3% 3.19M 3s
   600K .......... .......... .......... .......... ..........  4% 10.7M 3s
   650K .......... .......... .......... .......... ..........  4% 6.96M 3s
   700K .......... .......... .......... .......... ..........  4% 16.8M 3s
   750K .......... .......... .......... .......... ..........  5% 11.8M 3s
   800K .......... .......... .......... .......... ..........  5% 13.5M 2s
   850K .......... .......... .......... .......... ..........  5% 10.4M 2s
   900K .......... .......... .......... .......... ..........  6% 11.4M 2s
   950K .......... .......... .......... .......... ..........  6% 9.14M 2s
  1000K .......... .......... .......... .......... ..........  6% 15.8M 2s
  1050K .......... .......... .......... .......... ..........  7% 5.67M 2s
  1100K .......... .......... .......... .......... ..........  7% 22.4M 2s
  1150K .......... .......... .......... .......... ..........  7% 16.7M 2s
  1200K .......... .......... .......... .......... ..........  7% 10.8M 2s
  1250K .......... .......... .......... .......... ..........  8%  837K 3s
  1300K .......... .......... .......... .......... ..........  8%  124M 2s
  1350K .......... .......... .......... .......... ..........  8%  183M 2s
  1400K .......... .......... .......... .......... ..........  9%  190M 2s
  1450K .......... .......... .......... .......... ..........  9%  145M 2s
  1500K .......... .......... .......... .......... ..........  9%  184M 2s
  1550K .......... .......... .......... .......... .......... 10%  193M 2s
  1600K .......... .......... .......... .......... .......... 10%  194M 2s
  1650K .......... .......... .......... .......... .......... 10%  194M 2s
  1700K .......... .......... .......... .......... .......... 11%  185M 2s
  1750K .......... .......... .......... .......... .......... 11%  181M 2s
  1800K .......... .......... .......... .......... .......... 11%  184M 2s
  1850K .......... .......... .......... .......... .......... 12% 4.24M 2s
  1900K .......... .......... .......... .......... .......... 12% 12.8M 2s
  1950K .......... .......... .......... .......... .......... 12% 8.17M 2s
  2000K .......... .......... .......... .......... .......... 13% 9.98M 2s
  2050K .......... .......... .......... .......... .......... 13% 10.9M 2s
  2100K .......... .......... .......... .......... .......... 13% 11.8M 2s
  2150K .......... .......... .......... .......... .......... 14% 11.5M 2s
  2200K .......... .......... .......... .......... .......... 14% 1.60M 2s
  2250K .......... .......... .......... .......... .......... 14% 24.2M 2s
  2300K .......... .......... .......... .......... .......... 15% 18.5M 2s
  2350K .......... .......... .......... .......... .......... 15% 25.2M 2s
  2400K .......... .......... .......... .......... .......... 15% 16.8M 2s
  2450K .......... .......... .......... .......... .......... 15% 17.2M 2s
  2500K .......... .......... .......... .......... .......... 16% 9.42M 2s
  2550K .......... .......... .......... .......... .......... 16% 7.57M 2s
  2600K .......... .......... .......... .......... .......... 16% 19.2M 2s
  2650K .......... .......... .......... .......... .......... 17% 8.36M 2s
  2700K .......... .......... .......... .......... .......... 17% 11.0M 2s
  2750K .......... .......... .......... .......... .......... 17% 10.6M 2s
  2800K .......... .......... .......... .......... .......... 18% 12.5M 2s
  2850K .......... .......... .......... .......... .......... 18% 11.1M 2s
  2900K .......... .......... .......... .......... .......... 18% 9.24M 2s
  2950K .......... .......... .......... .......... .......... 19% 13.1M 2s
  3000K .......... .......... .......... .......... .......... 19% 9.04M 2s
  3050K .......... .......... .......... .......... .......... 19% 12.5M 2s
  3100K .......... .......... .......... .......... .......... 20% 11.4M 2s
  3150K .......... .......... .......... .......... .......... 20% 6.96M 2s
  3200K .......... .......... .......... .......... .......... 20% 13.6M 1s
  3250K .......... .......... .......... .......... .......... 21% 5.13M 1s
  3300K .......... .......... .......... .......... .......... 21% 5.14M 2s
  3350K .......... .......... .......... .......... .......... 21% 16.2M 1s
  3400K .......... .......... .......... .......... .......... 22% 34.7M 1s
  3450K .......... .......... .......... .......... .......... 22% 4.27M 1s
  3500K .......... .......... .......... .......... .......... 22% 10.3M 1s
  3550K .......... .......... .......... .......... .......... 23% 11.9M 1s
  3600K .......... .......... .......... .......... .......... 23% 9.77M 1s
  3650K .......... .......... .......... .......... .......... 23% 11.3M 1s
  3700K .......... .......... .......... .......... .......... 23% 11.7M 1s
  3750K .......... .......... .......... .......... .......... 24% 11.9M 1s
  3800K .......... .......... .......... .......... .......... 24% 10.1M 1s
  3850K .......... .......... .......... .......... .......... 24% 9.60M 1s
  3900K .......... .......... .......... .......... .......... 25% 12.0M 1s
  3950K .......... .......... .......... .......... .......... 25% 7.20M 1s
  4000K .......... .......... .......... .......... .......... 25% 12.9M 1s
  4050K .......... .......... .......... .......... .......... 26% 12.4M 1s
  4100K .......... .......... .......... .......... .......... 26% 18.0M 1s
  4150K .......... .......... .......... .......... .......... 26% 1.09M 1s
  4200K .......... .......... .......... .......... .......... 27%  115M 1s
  4250K .......... .......... .......... .......... .......... 27%  104M 1s
  4300K .......... .......... .......... .......... .......... 27%  194M 1s
  4350K .......... .......... .......... .......... .......... 28%  184M 1s
  4400K .......... .......... .......... .......... .......... 28%  190M 1s
  4450K .......... .......... .......... .......... .......... 28% 4.92M 1s
  4500K .......... .......... .......... .......... .......... 29%  136M 1s
  4550K .......... .......... .......... .......... .......... 29%  165M 1s
  4600K .......... .......... .......... .......... .......... 29% 6.75M 1s
  4650K .......... .......... .......... .......... .......... 30% 22.2M 1s
  4700K .......... .......... .......... .......... .......... 30% 12.1M 1s
  4750K .......... .......... .......... .......... .......... 30% 8.70M 1s
  4800K .......... .......... .......... .......... .......... 31% 12.9M 1s
  4850K .......... .......... .......... .......... .......... 31% 13.2M 1s
  4900K .......... .......... .......... .......... .......... 31% 11.9M 1s
  4950K .......... .......... .......... .......... .......... 31% 9.37M 1s
  5000K .......... .......... .......... .......... .......... 32% 12.1M 1s
  5050K .......... .......... .......... .......... .......... 32% 9.08M 1s
  5100K .......... .......... .......... .......... .......... 32% 4.88M 1s
  5150K .......... .......... .......... .......... .......... 33% 2.58M 1s
  5200K .......... .......... .......... .......... .......... 33% 5.36M 1s
  5250K .......... .......... .......... .......... .......... 33% 7.09M 1s
  5300K .......... .......... .......... .......... .......... 34% 7.45M 1s
  5350K .......... .......... .......... .......... .......... 34% 8.00M 1s
  5400K .......... .......... .......... .......... .......... 34% 6.36M 1s
  5450K .......... .......... .......... .......... .......... 35% 6.06M 1s
  5500K .......... .......... .......... .......... .......... 35% 13.3M 1s
  5550K .......... .......... .......... .......... .......... 35% 4.21M 1s
  5600K .......... .......... .......... .......... .......... 36% 8.69M 1s
  5650K .......... .......... .......... .......... .......... 36% 10.9M 1s
  5700K .......... .......... .......... .......... .......... 36% 30.7M 1s
  5750K .......... .......... .......... .......... .......... 37% 32.1M 1s
  5800K .......... .......... .......... .......... .......... 37% 2.50M 1s
  5850K .......... .......... .......... .......... .......... 37% 14.5M 1s
  5900K .......... .......... .......... .......... .......... 38% 9.16M 1s
  5950K .......... .......... .......... .......... .......... 38% 36.0M 1s
  6000K .......... .......... .......... .......... .......... 38% 5.71M 1s
  6050K .......... .......... .......... .......... .......... 39% 7.74M 1s
  6100K .......... .......... .......... .......... .......... 39% 13.3M 1s
  6150K .......... .......... .......... .......... .......... 39% 11.7M 1s
  6200K .......... .......... .......... .......... .......... 39% 11.5M 1s
  6250K .......... .......... .......... .......... .......... 40% 9.45M 1s
  6300K .......... .......... .......... .......... .......... 40% 12.5M 1s
  6350K .......... .......... .......... .......... .......... 40% 9.95M 1s
  6400K .......... .......... .......... .......... .......... 41% 11.5M 1s
  6450K .......... .......... .......... .......... .......... 41% 13.8M 1s
  6500K .......... .......... .......... .......... .......... 41% 9.11M 1s
  6550K .......... .......... .......... .......... .......... 42% 12.1M 1s
  6600K .......... .......... .......... .......... .......... 42% 10.5M 1s
  6650K .......... .......... .......... .......... .......... 42% 1.50M 1s
  6700K .......... .......... .......... .......... .......... 43% 9.07M 1s
  6750K .......... .......... .......... .......... .......... 43% 38.8M 1s
  6800K .......... .......... .......... .......... .......... 43% 17.6M 1s
  6850K .......... .......... .......... .......... .......... 44% 3.51M 1s
  6900K .......... .......... .......... .......... .......... 44% 10.5M 1s
  6950K .......... .......... .......... .......... .......... 44% 10.5M 1s
  7000K .......... .......... .......... .......... .......... 45% 11.2M 1s
  7050K .......... .......... .......... .......... .......... 45% 7.36M 1s
  7100K .......... .......... .......... .......... .......... 45% 12.0M 1s
  7150K .......... .......... .......... .......... .......... 46% 12.6M 1s
  7200K .......... .......... .......... .......... .......... 46% 12.2M 1s
  7250K .......... .......... .......... .......... .......... 46% 8.17M 1s
  7300K .......... .......... .......... .......... .......... 47% 18.9M 1s
  7350K .......... .......... .......... .......... .......... 47% 8.34M 1s
  7400K .......... .......... .......... .......... .......... 47% 23.6M 1s
  7450K .......... .......... .......... .......... .......... 47% 6.05M 1s
  7500K .......... .......... .......... .......... .......... 48% 5.34M 1s
  7550K .......... .......... .......... .......... .......... 48% 4.32M 1s
  7600K .......... .......... .......... .......... .......... 48% 8.95M 1s
  7650K .......... .......... .......... .......... .......... 49% 24.6M 1s
  7700K .......... .......... .......... .......... .......... 49% 9.77M 1s
  7750K .......... .......... .......... .......... .......... 49% 11.7M 1s
  7800K .......... .......... .......... .......... .......... 50% 10.9M 1s
  7850K .......... .......... .......... .......... .......... 50% 8.32M 1s
  7900K .......... .......... .......... .......... .......... 50% 11.4M 1s
  7950K .......... .......... .......... .......... .......... 51% 10.3M 1s
  8000K .......... .......... .......... .......... .......... 51% 13.5M 1s
  8050K .......... .......... .......... .......... .......... 51% 10.2M 1s
  8100K .......... .......... .......... .......... .......... 52% 11.5M 1s
  8150K .......... .......... .......... .......... .......... 52% 13.0M 1s
  8200K .......... .......... .......... .......... .......... 52% 10.4M 1s
  8250K .......... .......... .......... .......... .......... 53% 7.04M 1s
  8300K .......... .......... .......... .......... .......... 53% 18.0M 1s
  8350K .......... .......... .......... .......... .......... 53% 12.1M 1s
  8400K .......... .......... .......... .......... .......... 54% 11.3M 1s
  8450K .......... .......... .......... .......... .......... 54% 1.44M 1s
  8500K .......... .......... .......... .......... .......... 54% 38.9M 1s
  8550K .......... .......... .......... .......... .......... 55% 15.7M 1s
  8600K .......... .......... .......... .......... .......... 55% 18.5M 1s
  8650K .......... .......... .......... .......... .......... 55% 7.03M 1s
  8700K .......... .......... .......... .......... .......... 55% 7.87M 1s
  8750K .......... .......... .......... .......... .......... 56% 12.2M 1s
  8800K .......... .......... .......... .......... .......... 56% 12.4M 1s
  8850K .......... .......... .......... .......... .......... 56% 11.1M 1s
  8900K .......... .......... .......... .......... .......... 57% 11.6M 1s
  8950K .......... .......... .......... .......... .......... 57% 11.9M 1s
  9000K .......... .......... .......... .......... .......... 57% 12.4M 1s
  9050K .......... .......... .......... .......... .......... 58% 2.81M 1s
  9100K .......... .......... .......... .......... .......... 58% 11.7M 1s
  9150K .......... .......... .......... .......... .......... 58% 11.2M 1s
  9200K .......... .......... .......... .......... .......... 59% 11.4M 1s
  9250K .......... .......... .......... .......... .......... 59% 6.95M 1s
  9300K .......... .......... .......... .......... .......... 59% 3.64M 1s
  9350K .......... .......... .......... .......... .......... 60% 7.35M 1s
  9400K .......... .......... .......... .......... .......... 60% 12.5M 1s
  9450K .......... .......... .......... .......... .......... 60% 36.5M 1s
  9500K .......... .......... .......... .......... .......... 61% 4.03M 1s
  9550K .......... .......... .......... .......... .......... 61% 11.1M 1s
  9600K .......... .......... .......... .......... .......... 61% 9.42M 1s
  9650K .......... .......... .......... .......... .......... 62% 12.6M 1s
  9700K .......... .......... .......... .......... .......... 62% 11.9M 1s
  9750K .......... .......... .......... .......... .......... 62% 10.9M 1s
  9800K .......... .......... .......... .......... .......... 63% 14.2M 1s
  9850K .......... .......... .......... .......... .......... 63% 8.20M 1s
  9900K .......... .......... .......... .......... .......... 63% 9.60M 1s
  9950K .......... .......... .......... .......... .......... 63% 11.5M 1s
 10000K .......... .......... .......... .......... .......... 64% 16.3M 1s
 10050K .......... .......... .......... .......... .......... 64% 8.68M 1s
 10100K .......... .......... .......... .......... .......... 64% 13.9M 1s
 10150K .......... .......... .......... .......... .......... 65% 6.59M 1s
 10200K .......... .......... .......... .......... .......... 65% 7.69M 1s
 10250K .......... .......... .......... .......... .......... 65% 1.57M 1s
 10300K .......... .......... .......... .......... .......... 66% 17.1M 1s
 10350K .......... .......... .......... .......... .......... 66% 34.5M 1s
 10400K .......... .......... .......... .......... .......... 66% 4.34M 1s
 10450K .......... .......... .......... .......... .......... 67% 7.57M 1s
 10500K .......... .......... .......... .......... .......... 67% 6.27M 1s
 10550K .......... .......... .......... .......... .......... 67% 10.8M 1s
 10600K .......... .......... .......... .......... .......... 68% 11.1M 1s
 10650K .......... .......... .......... .......... .......... 68% 8.87M 1s
 10700K .......... .......... .......... .......... .......... 68% 13.2M 1s
 10750K .......... .......... .......... .......... .......... 69% 6.93M 1s
 10800K .......... .......... .......... .......... .......... 69% 25.7M 1s
 10850K .......... .......... .......... .......... .......... 69% 11.2M 1s
 10900K .......... .......... .......... .......... .......... 70% 13.6M 1s
 10950K .......... .......... .......... .......... .......... 70% 7.76M 1s
 11000K .......... .......... .......... .......... .......... 70% 2.44M 1s
 11050K .......... .......... .......... .......... .......... 71% 12.6M 1s
 11100K .......... .......... .......... .......... .......... 71% 31.2M 1s
 11150K .......... .......... .......... .......... .......... 71% 32.2M 1s
 11200K .......... .......... .......... .......... .......... 71% 5.79M 1s
 11250K .......... .......... .......... .......... .......... 72% 9.42M 1s
 11300K .......... .......... .......... .......... .......... 72% 9.44M 1s
 11350K .......... .......... .......... .......... .......... 72% 9.40M 1s
 11400K .......... .......... .......... .......... .......... 73% 14.7M 0s
 11450K .......... .......... .......... .......... .......... 73% 6.97M 0s
 11500K .......... .......... .......... .......... .......... 73% 16.2M 0s
 11550K .......... .......... .......... .......... .......... 74% 9.41M 0s
 11600K .......... .......... .......... .......... .......... 74% 15.5M 0s
 11650K .......... .......... .......... .......... .......... 74% 10.2M 0s
 11700K .......... .......... .......... .......... .......... 75% 6.26M 0s
 11750K .......... .......... .......... .......... .......... 75% 24.8M 0s
 11800K .......... .......... .......... .......... .......... 75% 13.8M 0s
 11850K .......... .......... .......... .......... .......... 76% 9.27M 0s
 11900K .......... .......... .......... .......... .......... 76% 7.05M 0s
 11950K .......... .......... .......... .......... .......... 76% 2.69M 0s
 12000K .......... .......... .......... .......... .......... 77% 8.23M 0s
 12050K .......... .......... .......... .......... .......... 77%  174M 0s
 12100K .......... .......... .......... .......... .......... 77% 3.59M 0s
 12150K .......... .......... .......... .......... .......... 78% 10.6M 0s
 12200K .......... .......... .......... .......... .......... 78% 8.37M 0s
 12250K .......... .......... .......... .......... .......... 78% 6.69M 0s
 12300K .......... .......... .......... .......... .......... 79% 11.9M 0s
 12350K .......... .......... .......... .......... .......... 79% 11.8M 0s
 12400K .......... .......... .......... .......... .......... 79% 10.2M 0s
 12450K .......... .......... .......... .......... .......... 79% 9.18M 0s
 12500K .......... .......... .......... .......... .......... 80% 15.4M 0s
 12550K .......... .......... .......... .......... .......... 80% 5.78M 0s
 12600K .......... .......... .......... .......... .......... 80% 75.7M 0s
 12650K .......... .......... .......... .......... .......... 81% 11.5M 0s
 12700K .......... .......... .......... .......... .......... 81% 10.1M 0s
 12750K .......... .......... .......... .......... .......... 81% 1.21M 0s
 12800K .......... .......... .......... .......... .......... 82%  144M 0s
 12850K .......... .......... .......... .......... .......... 82%  174M 0s
 12900K .......... .......... .......... .......... .......... 82%  172M 0s
 12950K .......... .......... .......... .......... .......... 83%  161M 0s
 13000K .......... .......... .......... .......... .......... 83% 17.0M 0s
 13050K .......... .......... .......... .......... .......... 83% 8.24M 0s
 13100K .......... .......... .......... .......... .......... 84% 11.8M 0s
 13150K .......... .......... .......... .......... .......... 84% 8.73M 0s
 13200K .......... .......... .......... .......... .......... 84% 8.00M 0s
 13250K .......... .......... .......... .......... .......... 85% 13.6M 0s
 13300K .......... .......... .......... .......... .......... 85% 5.08M 0s
 13350K .......... .......... .......... .......... .......... 85% 11.8M 0s
 13400K .......... .......... .......... .......... .......... 86% 9.84M 0s
 13450K .......... .......... .......... .......... .......... 86% 6.12M 0s
 13500K .......... .......... .......... .......... .......... 86% 11.6M 0s
 13550K .......... .......... .......... .......... .......... 87% 5.95M 0s
 13600K .......... .......... .......... .......... .......... 87% 1.50M 0s
 13650K .......... .......... .......... .......... .......... 87%  149M 0s
 13700K .......... .......... .......... .......... .......... 87%  137M 0s
 13750K .......... .......... .......... .......... .......... 88% 17.8M 0s
 13800K .......... .......... .......... .......... .......... 88% 8.37M 0s
 13850K .......... .......... .......... .......... .......... 88% 4.77M 0s
 13900K .......... .......... .......... .......... .......... 89% 7.86M 0s
 13950K .......... .......... .......... .......... .......... 89% 7.88M 0s
 14000K .......... .......... .......... .......... .......... 89% 6.46M 0s
 14050K .......... .......... .......... .......... .......... 90% 11.0M 0s
 14100K .......... .......... .......... .......... .......... 90% 6.51M 0s
 14150K .......... .......... .......... .......... .......... 90% 7.37M 0s
 14200K .......... .......... .......... .......... .......... 91% 8.22M 0s
 14250K .......... .......... .......... .......... .......... 91% 1.18M 0s
 14300K .......... .......... .......... .......... .......... 91%  159M 0s
 14350K .......... .......... .......... .......... .......... 92% 6.48M 0s
 14400K .......... .......... .......... .......... .......... 92% 7.33M 0s
 14450K .......... .......... .......... .......... .......... 92% 4.22M 0s
 14500K .......... .......... .......... .......... .......... 93% 6.23M 0s
 14550K .......... .......... .......... .......... .......... 93% 5.71M 0s
 14600K .......... .......... .......... .......... .......... 93% 5.28M 0s
 14650K .......... .......... .......... .......... .......... 94% 2.21M 0s
 14700K .......... .......... .......... .......... .......... 94% 11.8M 0s
 14750K .......... .......... .......... .......... .......... 94% 1.92M 0s
 14800K .......... .......... .......... .......... .......... 95% 4.31M 0s
 14850K .......... .......... .......... .......... .......... 95% 5.34M 0s
 14900K .......... .......... .......... .......... .......... 95% 6.38M 0s
 14950K .......... .......... .......... .......... .......... 95% 5.56M 0s
 15000K .......... .......... .......... .......... .......... 96% 4.47M 0s
 15050K .......... .......... .......... .......... .......... 96% 4.40M 0s
 15100K .......... .......... .......... .......... .......... 96% 1.38M 0s
 15150K .......... .......... .......... .......... .......... 97% 4.15M 0s
 15200K .......... .......... .......... .......... .......... 97% 3.72M 0s
 15250K .......... .......... .......... .......... .......... 97% 4.28M 0s
 15300K .......... .......... .......... .......... .......... 98% 4.97M 0s
 15350K .......... .......... .......... .......... .......... 98% 7.18M 0s
 15400K .......... .......... .......... .......... .......... 98% 6.02M 0s
 15450K .......... .......... .......... .......... .......... 99% 2.05M 0s
 15500K .......... .......... .......... .......... .......... 99% 4.65M 0s
 15550K .......... .......... .......... .......... .......... 99% 2.78M 0s
 15600K .......... .......... .....                           100% 4.85M=2.1s

2026-02-15 15:24:08 (7.37 MB/s) - ‘/home/essivekkeli/multi_robot_slam_ws/build/multirobot_map_merge/2012-01-28-11-12-01.pgm’ saved [16000058/16000058]

