[0.318s] Invoking command in '/home/essivekkeli/multi_robot_slam_ws/build/multirobot_map_merge': CMAKE_PREFIX_PATH=${CMAKE_PREFIX_PATH}:/home/essivekkeli/multi_robot_slam_ws/install/multi_robot_slam_py:/opt/ros/jazzy DEBUGINFOD_URLS=https://debuginfod.ubuntu.com /usr/bin/cmake /home/essivekkeli/multi_robot_slam_ws/src/m-explore-ros2/m-explore-ros2-main/map_merge -DAMENT_CMAKE_SYMLINK_INSTALL=1 -DCMAKE_INSTALL_PREFIX=/home/essivekkeli/multi_robot_slam_ws/install/multirobot_map_merge
[0.396s] -- The C compiler identification is GNU 13.3.0
[0.468s] -- The CXX compiler identification is GNU 13.3.0
[0.491s] -- Detecting C compiler ABI info
[0.603s] -- Detecting C compiler ABI info - done
[0.616s] -- Check for working C compiler: /usr/bin/cc - skipped
[0.616s] -- Detecting C compile features
[0.616s] -- Detecting C compile features - done
[0.627s] -- Detecting CXX compiler ABI info
[0.752s] -- Detecting CXX compiler ABI info - done
[0.774s] -- Check for working CXX compiler: /usr/bin/c++ - skipped
[0.774s] -- Detecting CXX compile features
[0.775s] -- Detecting CXX compile features - done
[0.783s] -- Found ament_cmake: 2.5.4 (/opt/ros/jazzy/share/ament_cmake/cmake)
[0.978s] -- Found Python3: /usr/bin/python3 (found version "3.12.3") found components: Interpreter 
[1.070s] -- Override CMake install command with custom implementation using symlinks instead of copying resources
[1.139s] -- Found rclcpp: 28.1.13 (/opt/ros/jazzy/share/rclcpp/cmake)
[1.210s] -- Found rosidl_generator_c: 4.6.6 (/opt/ros/jazzy/share/rosidl_generator_c/cmake)
[1.236s] -- Found rosidl_generator_cpp: 4.6.6 (/opt/ros/jazzy/share/rosidl_generator_cpp/cmake)
[1.265s] -- Using all available rosidl_typesupport_c: rosidl_typesupport_fastrtps_c;rosidl_typesupport_introspection_c
[1.297s] -- Using all available rosidl_typesupport_cpp: rosidl_typesupport_fastrtps_cpp;rosidl_typesupport_introspection_cpp
[1.423s] -- Found rmw_implementation_cmake: 7.3.2 (/opt/ros/jazzy/share/rmw_implementation_cmake/cmake)
[1.428s] -- Found rmw_fastrtps_cpp: 8.4.3 (/opt/ros/jazzy/share/rmw_fastrtps_cpp/cmake)
[1.558s] -- Found OpenSSL: /usr/lib/x86_64-linux-gnu/libcrypto.so (found version "3.0.13")  
[1.600s] -- Found FastRTPS: /opt/ros/jazzy/include (Required is at least version "2.13") 
[1.651s] -- Using RMW implementation 'rmw_fastrtps_cpp' as default
[1.846s] -- Found geometry_msgs: 5.3.6 (/opt/ros/jazzy/share/geometry_msgs/cmake)
[1.926s] -- Found image_geometry: 4.1.0 (/opt/ros/jazzy/share/image_geometry/cmake)
[2.023s] -- Found map_msgs: 2.4.1 (/opt/ros/jazzy/share/map_msgs/cmake)
[2.199s] -- Found tf2_geometry_msgs: 0.36.16 (/opt/ros/jazzy/share/tf2_geometry_msgs/cmake)
[2.242s] -- Found eigen3_cmake_module: 0.3.0 (/opt/ros/jazzy/share/eigen3_cmake_module/cmake)
[2.245s] -- Found Eigen3: TRUE (found version "3.4.0") 
[2.245s] -- Ensuring Eigen3 include directory is part of orocos-kdl CMake target
[2.602s] -- Found Boost: /usr/lib/x86_64-linux-gnu/cmake/Boost-1.83.0/BoostConfig.cmake (found version "1.83.0") found components: thread 
[2.610s] -- Found OpenCV: /usr (found version "4.6.0") 
[2.633s] -- Found ament_lint_auto: 0.17.3 (/opt/ros/jazzy/share/ament_lint_auto/cmake)
[2.835s] -- Found ament_cmake_gtest: 2.5.4 (/opt/ros/jazzy/share/ament_cmake_gtest/cmake)
[2.840s] --2026-02-15 15:24:01--  https://raw.githubusercontent.com/hrnr/m-explore-extra/master/map_merge/hector_maps/map00.pgm
[2.888s] Resolving raw.githubusercontent.com (raw.githubusercontent.com)... 185.199.111.133, 185.199.110.133, 185.199.108.133, ...
[2.905s] Connecting to raw.githubusercontent.com (raw.githubusercontent.com)|185.199.111.133|:443... connected.
[3.233s] HTTP request sent, awaiting response... 200 OK
[3.234s] Length: 4194362 (4.0M) [application/octet-stream]
[3.234s] Saving to: ‘/home/essivekkeli/multi_robot_slam_ws/build/multirobot_map_merge/map00.pgm’
[3.234s] 
[3.256s]      0K .......... .......... .......... .......... ..........  1% 2.23M 2s
[3.272s]     50K .......... .......... .......... .......... ..........  2% 2.88M 2s
[3.279s]    100K .......... .......... .......... .......... ..........  3% 7.98M 1s
[3.289s]    150K .......... .......... .......... .......... ..........  4% 4.87M 1s
[3.296s]    200K .......... .......... .......... .......... ..........  6% 6.98M 1s
[3.299s]    250K .......... .......... .......... .......... ..........  7% 13.9M 1s
[3.315s]    300K .......... .......... .......... .......... ..........  8% 3.19M 1s
[3.327s]    350K .......... .......... .......... .......... ..........  9% 3.86M 1s
[3.334s]    400K .......... .......... .......... .......... .......... 10% 7.31M 1s
[3.336s]    450K .......... .......... .......... .......... .......... 12% 22.3M 1s
[3.340s]    500K .......... .......... .......... .......... .......... 13% 13.2M 1s
[3.348s]    550K .......... .......... .......... .......... .......... 14% 6.08M 1s
[3.352s]    600K .......... .......... .......... .......... .......... 15% 10.4M 1s
[3.357s]    650K .......... .......... .......... .......... .......... 17% 9.68M 1s
[3.361s]    700K .......... .......... .......... .......... .......... 18% 12.9M 1s
[3.366s]    750K .......... .......... .......... .......... .......... 19% 13.5M 1s
[3.380s]    800K .......... .......... .......... .......... .......... 20% 3.24M 1s
[3.384s]    850K .......... .......... .......... .......... .......... 21% 10.8M 1s
[3.391s]    900K .......... .......... .......... .......... .......... 23% 8.14M 1s
[3.392s]    950K .......... .......... .......... .......... .......... 24% 27.9M 0s
[3.397s]   1000K .......... .......... .......... .......... .......... 25% 9.51M 0s
[3.402s]   1050K .......... .......... .......... .......... .......... 26% 11.8M 0s
[3.444s]   1100K .......... .......... .......... .......... .......... 28% 1.16M 1s
[3.445s]   1150K .......... .......... .......... .......... .......... 29% 32.4M 1s
[3.446s]   1200K .......... .......... .......... .......... .......... 30%  115M 0s
[3.446s]   1250K .......... .......... .......... .......... .......... 31%  176M 0s
[3.446s]   1300K .......... .......... .......... .......... .......... 32%  179M 0s
[3.447s]   1350K .......... .......... .......... .......... .......... 34%  173M 0s
[3.447s]   1400K .......... .......... .......... .......... .......... 35%  177M 0s
[3.447s]   1450K .......... .......... .......... .......... .......... 36%  183M 0s
[3.448s]   1500K .......... .......... .......... .......... .......... 37% 41.4M 0s
[3.454s]   1550K .......... .......... .......... .......... .......... 39% 9.15M 0s
[3.459s]   1600K .......... .......... .......... .......... .......... 40% 8.61M 0s
[3.463s]   1650K .......... .......... .......... .......... .......... 41% 13.3M 0s
[3.467s]   1700K .......... .......... .......... .......... .......... 42% 10.8M 0s
[3.472s]   1750K .......... .......... .......... .......... .......... 43% 10.0M 0s
[3.475s]   1800K .......... .......... .......... .......... .......... 45% 16.7M 0s
[3.480s]   1850K .......... .......... .......... .......... .......... 46% 10.9M 0s
[3.484s]   1900K .......... .......... .......... .......... .......... 47% 10.9M 0s
[3.490s]   1950K .......... .......... .......... .......... .......... 48% 9.91M 0s
[3.494s]   2000K .......... .......... .......... .......... .......... 50% 10.2M 0s
[3.539s]   2050K .......... .......... .......... .......... .......... 51% 1.08M 0s
[3.539s]   2100K .......... .......... .......... .......... .......... 52%  161M 0s
[3.540s]   2150K .......... .......... .......... .......... .......... 53%  196M 0s
[3.540s]   2200K .......... .......... .......... .......... .......... 54%  213M 0s
[3.543s]   2250K .......... .......... .......... .......... .......... 56% 14.8M 0s
[3.543s]   2300K .......... .......... .......... .......... .......... 57%  190M 0s
[3.544s]   2350K .......... .......... .......... .......... .......... 58%  182M 0s
[3.544s]   2400K .......... .......... .......... .......... .......... 59%  148M 0s
[3.544s]   2450K .......... .......... .......... .......... .......... 61%  210M 0s
[3.547s]   2500K .......... .......... .......... .......... .......... 62% 15.6M 0s
[3.560s]   2550K .......... .......... .......... .......... .......... 63% 3.92M 0s
[3.566s]   2600K .......... .......... .......... .......... .......... 64% 8.33M 0s
[3.569s]   2650K .......... .......... .......... .......... .......... 65% 15.1M 0s
[3.577s]   2700K .......... .......... .......... .......... .......... 67% 5.79M 0s
[3.578s]   2750K .......... .......... .......... .......... .......... 68%  117M 0s
[3.585s]   2800K .......... .......... .......... .......... .......... 69% 6.62M 0s
[3.587s]   2850K .......... .......... .......... .......... .......... 70% 21.6M 0s
[3.593s]   2900K .......... .......... .......... .......... .......... 72% 7.97M 0s
[3.598s]   2950K .......... .......... .......... .......... .......... 73% 11.5M 0s
[3.600s]   3000K .......... .......... .......... .......... .......... 74% 20.0M 0s
[3.604s]   3050K .......... .......... .......... .......... .......... 75% 13.1M 0s
[3.610s]   3100K .......... .......... .......... .......... .......... 76% 7.34M 0s
[3.615s]   3150K .......... .......... .......... .......... .......... 78% 30.2M 0s
[3.620s]   3200K .......... .......... .......... .......... .......... 79% 6.13M 0s
[3.632s]   3250K .......... .......... .......... .......... .......... 80% 4.00M 0s
[3.644s]   3300K .......... .......... .......... .......... .......... 81% 4.04M 0s
[3.647s]   3350K .......... .......... .......... .......... .......... 83% 17.7M 0s
[3.650s]   3400K .......... .......... .......... .......... .......... 84% 17.3M 0s
[3.651s]   3450K .......... .......... .......... .......... .......... 85% 33.4M 0s
[3.659s]   3500K .......... .......... .......... .......... .......... 86% 6.87M 0s
[3.665s]   3550K .......... .......... .......... .......... .......... 87% 11.5M 0s
[3.669s]   3600K .......... .......... .......... .......... .......... 89% 8.02M 0s
[3.675s]   3650K .......... .......... .......... .......... .......... 90% 8.57M 0s
[3.677s]   3700K .......... .......... .......... .......... .......... 91% 16.7M 0s
[3.682s]   3750K .......... .......... .......... .......... .......... 92% 11.0M 0s
[3.686s]   3800K .......... .......... .......... .......... .......... 93% 10.8M 0s
[3.691s]   3850K .......... .......... .......... .......... .......... 95% 11.8M 0s
[3.695s]   3900K .......... .......... .......... .......... .......... 96% 10.7M 0s
[3.700s]   3950K .......... .......... .......... .......... .......... 97% 10.0M 0s
[3.706s]   4000K .......... .......... .......... .......... .......... 98% 8.62M 0s
[3.707s]   4050K .......... .......... .......... .......... ......    100% 37.2M=0.5s
[3.707s] 
[3.707s] 2026-02-15 15:24:02 (8.45 MB/s) - ‘/home/essivekkeli/multi_robot_slam_ws/build/multirobot_map_merge/map00.pgm’ saved [4194362/4194362]
[3.707s] 
[3.708s] Checking MD5 sum of /home/essivekkeli/multi_robot_slam_ws/build/multirobot_map_merge/map00.pgm
[3.716s] /home/essivekkeli/multi_robot_slam_ws/build/multirobot_map_merge/map00.pgm: OK
[3.723s] --2026-02-15 15:24:02--  https://raw.githubusercontent.com/hrnr/m-explore-extra/master/map_merge/hector_maps/map05.pgm
[3.756s] Resolving raw.githubusercontent.com (raw.githubusercontent.com)... 185.199.109.133, 185.199.110.133, 185.199.108.133, ...
[3.771s] Connecting to raw.githubusercontent.com (raw.githubusercontent.com)|185.199.109.133|:443... connected.
[4.056s] HTTP request sent, awaiting response... 200 OK
[4.056s] Length: 4194362 (4.0M) [application/octet-stream]
[4.057s] Saving to: ‘/home/essivekkeli/multi_robot_slam_ws/build/multirobot_map_merge/map05.pgm’
[4.057s] 
[4.076s]      0K .......... .......... .......... .......... ..........  1% 2.52M 2s
[4.094s]     50K .......... .......... .......... .......... ..........  2% 2.75M 1s
[4.101s]    100K .......... .......... .......... .......... ..........  3% 6.43M 1s
[4.109s]    150K .......... .......... .......... .......... ..........  4% 6.13M 1s
[4.116s]    200K .......... .......... .......... .......... ..........  6% 6.71M 1s
[4.120s]    250K .......... .......... .......... .......... ..........  7% 13.1M 1s
[4.128s]    300K .......... .......... .......... .......... ..........  8% 6.23M 1s
[4.152s]    350K .......... .......... .......... .......... ..........  9% 2.03M 1s
[4.154s]    400K .......... .......... .......... .......... .......... 10% 24.1M 1s
[4.168s]    450K .......... .......... .......... .......... .......... 12% 3.45M 1s
[4.171s]    500K .......... .......... .......... .......... .......... 13% 15.8M 1s
[4.176s]    550K .......... .......... .......... .......... .......... 14% 10.5M 1s
[4.179s]    600K .......... .......... .......... .......... .......... 15% 13.9M 1s
[4.183s]    650K .......... .......... .......... .......... .......... 17% 11.9M 1s
[4.189s]    700K .......... .......... .......... .......... .......... 18% 9.30M 1s
[4.193s]    750K .......... .......... .......... .......... .......... 19% 13.3M 1s
[4.198s]    800K .......... .......... .......... .......... .......... 20% 8.82M 1s
[4.202s]    850K .......... .......... .......... .......... .......... 21% 11.3M 1s
[4.207s]    900K .......... .......... .......... .......... .......... 23% 9.97M 0s
[4.210s]    950K .......... .......... .......... .......... .......... 24% 15.9M 0s
[4.215s]   1000K .......... .......... .......... .......... .......... 25% 9.47M 0s
[4.219s]   1050K .......... .......... .......... .......... .......... 26% 13.0M 0s
[4.285s]   1100K .......... .......... .......... .......... .......... 28%  764K 1s
[4.286s]   1150K .......... .......... .......... .......... .......... 29% 40.9M 1s
[4.286s]   1200K .......... .......... .......... .......... .......... 30%  132M 1s
[4.286s]   1250K .......... .......... .......... .......... .......... 31%  190M 0s
[4.287s]   1300K .......... .......... .......... .......... .......... 32%  215M 0s
[4.287s]   1350K .......... .......... .......... .......... .......... 34%  226M 0s
[4.287s]   1400K .......... .......... .......... .......... .......... 35%  186M 0s
[4.287s]   1450K .......... .......... .......... .......... .......... 36%  190M 0s
[4.288s]   1500K .......... .......... .......... .......... .......... 37%  184M 0s
[4.290s]   1550K .......... .......... .......... .......... .......... 39% 20.9M 0s
[4.291s]   1600K .......... .......... .......... .......... .......... 40% 52.3M 0s
[4.303s]   1650K .......... .......... .......... .......... .......... 41% 4.21M 0s
[4.310s]   1700K .......... .......... .......... .......... .......... 42% 6.27M 0s
[4.316s]   1750K .......... .......... .......... .......... .......... 43% 8.12M 0s
[4.321s]   1800K .......... .......... .......... .......... .......... 45% 10.3M 0s
[4.324s]   1850K .......... .......... .......... .......... .......... 46% 17.7M 0s
[4.328s]   1900K .......... .......... .......... .......... .......... 47% 11.2M 0s
[4.338s]   1950K .......... .......... .......... .......... .......... 48% 9.72M 0s
[4.357s]   2000K .......... .......... .......... .......... .......... 50% 2.04M 0s
[4.360s]   2050K .......... .......... .......... .......... .......... 51% 17.1M 0s
[4.362s]   2100K .......... .......... .......... .......... .......... 52% 23.7M 0s
[4.365s]   2150K .......... .......... .......... .......... .......... 53% 18.5M 0s
[4.366s]   2200K .......... .......... .......... .......... .......... 54% 30.0M 0s
[4.369s]   2250K .......... .......... .......... .......... .......... 56% 18.0M 0s
[4.373s]   2300K .......... .......... .......... .......... .......... 57% 11.4M 0s
[4.380s]   2350K .......... .......... .......... .......... .......... 58% 11.6M 0s
[4.383s]   2400K .......... .......... .......... .......... .......... 59% 8.29M 0s
[4.387s]   2450K .......... .......... .......... .......... .......... 61% 14.2M 0s
[4.391s]   2500K .......... .......... .......... .......... .......... 62% 10.8M 0s
[4.395s]   2550K .......... .......... .......... .......... .......... 63% 12.2M 0s
[4.400s]   2600K .......... .......... .......... .......... .......... 64% 10.2M 0s
[4.404s]   2650K .......... .......... .......... .......... .......... 65% 12.6M 0s
[4.409s]   2700K .......... .......... .......... .......... .......... 67% 9.25M 0s
[4.415s]   2750K .......... .......... .......... .......... .......... 68% 10.6M 0s
[4.418s]   2800K .......... .......... .......... .......... .......... 69% 13.3M 0s
[4.425s]   2850K .......... .......... .......... .......... .......... 70% 7.26M 0s
[4.426s]   2900K .......... .......... .......... .......... .......... 72% 28.5M 0s
[4.431s]   2950K .......... .......... .......... .......... .......... 73% 10.4M 0s
[4.435s]   3000K .......... .......... .......... .......... .......... 74% 12.0M 0s
[4.461s]   3050K .......... .......... .......... .......... .......... 75% 1.92M 0s
[4.462s]   3100K .......... .......... .......... .......... .......... 76% 41.1M 0s
[4.465s]   3150K .......... .......... .......... .......... .......... 78% 15.5M 0s
[4.467s]   3200K .......... .......... .......... .......... .......... 79% 21.4M 0s
[4.469s]   3250K .......... .......... .......... .......... .......... 80% 24.4M 0s
[4.470s]   3300K .......... .......... .......... .......... .......... 81% 38.4M 0s
[4.476s]   3350K .......... .......... .......... .......... .......... 83% 8.11M 0s
[4.480s]   3400K .......... .......... .......... .......... .......... 84% 13.8M 0s
[4.485s]   3450K .......... .......... .......... .......... .......... 85% 9.54M 0s
[4.489s]   3500K .......... .......... .......... .......... .......... 86% 11.0M 0s
[4.495s]   3550K .......... .......... .......... .......... .......... 87% 11.8M 0s
[4.499s]   3600K .......... .......... .......... .......... .......... 89% 8.73M 0s
[4.503s]   3650K .......... .......... .......... .......... .......... 90% 11.9M 0s
[4.508s]   3700K .......... .......... .......... .......... .......... 91% 9.88M 0s
[4.513s]   3750K .......... .......... .......... .......... .......... 92% 9.56M 0s
[4.517s]   3800K .......... .......... .......... .......... .......... 93% 13.8M 0s
[4.520s]   3850K .......... .......... .......... .......... .......... 95% 13.8M 0s
[4.527s]   3900K .......... .......... .......... .......... .......... 96% 7.87M 0s
[4.530s]   3950K .......... .......... .......... .......... .......... 97% 24.9M 0s
[4.534s]   4000K .......... .......... .......... .......... .......... 98% 8.37M 0s
[4.537s]   4050K .......... .......... .......... .......... ......    100% 16.7M=0.5s
[4.537s] 
[4.537s] 2026-02-15 15:24:03 (8.32 MB/s) - ‘/home/essivekkeli/multi_robot_slam_ws/build/multirobot_map_merge/map05.pgm’ saved [4194362/4194362]
[4.538s] 
[4.538s] Checking MD5 sum of /home/essivekkeli/multi_robot_slam_ws/build/multirobot_map_merge/map05.pgm
[4.547s] /home/essivekkeli/multi_robot_slam_ws/build/multirobot_map_merge/map05.pgm: OK
[4.553s] --2026-02-15 15:24:03--  https://raw.githubusercontent.com/hrnr/m-explore-extra/master/map_merge/gmapping_maps/2011-08-09-12-22-52.pgm
[4.585s] Resolving raw.githubusercontent.com (raw.githubusercontent.com)... 185.199.110.133, 185.199.109.133, 185.199.111.133, ...
[4.601s] Connecting to raw.githubusercontent.com (raw.githubusercontent.com)|185.199.110.133|:443... connected.
[4.974s] HTTP request sent, awaiting response... 200 OK
[4.974s] Length: 16000058 (15M) [application/octet-stream]
[4.974s] Saving to: ‘/home/essivekkeli/multi_robot_slam_ws/build/multirobot_map_merge/2011-08-09-12-22-52.pgm’
[4.974s] 
[4.995s]      0K .......... .......... .......... .......... ..........  0% 2.32M 7s
[5.014s]     50K .......... .......... .......... .......... ..........  0% 2.59M 6s
[5.022s]    100K .......... .......... .......... .......... ..........  0% 5.93M 5s
[5.030s]    150K .......... .......... .......... .......... ..........  1% 6.09M 4s
[5.038s]    200K .......... .......... .......... .......... ..........  1% 5.87M 4s
[5.048s]    250K .......... .......... .......... .......... ..........  1% 5.18M 4s
[5.069s]    300K .......... .......... .......... .......... ..........  2% 2.41M 4s
[5.074s]    350K .......... .......... .......... .......... ..........  2% 8.12M 4s
[5.088s]    400K .......... .......... .......... .......... ..........  2% 3.43M 4s
[5.093s]    450K .......... .......... .......... .......... ..........  3% 11.2M 4s
[5.097s]    500K .......... .......... .......... .......... ..........  3% 12.0M 3s
[5.101s]    550K .......... .......... .......... .......... ..........  3% 13.3M 3s
[5.106s]    600K .......... .......... .......... .......... ..........  4% 9.83M 3s
[5.112s]    650K .......... .......... .......... .......... ..........  4% 7.14M 3s
[5.127s]    700K .......... .......... .......... .......... ..........  4% 12.1M 3s
[5.132s]    750K .......... .......... .......... .......... ..........  5% 3.12M 3s
[5.136s]    800K .......... .......... .......... .......... ..........  5% 14.1M 3s
[5.141s]    850K .......... .......... .......... .......... ..........  5% 9.65M 3s
[5.144s]    900K .......... .......... .......... .......... ..........  6% 14.6M 3s
[5.148s]    950K .......... .......... .......... .......... ..........  6% 12.1M 3s
[5.157s]   1000K .......... .......... .......... .......... ..........  6% 5.36M 3s
[5.192s]   1050K .......... .......... .......... .......... ..........  7% 1.39M 3s
[5.193s]   1100K .......... .......... .......... .......... ..........  7%  219M 3s
[5.193s]   1150K .......... .......... .......... .......... ..........  7%  177M 3s
[5.193s]   1200K .......... .......... .......... .......... ..........  7%  251M 3s
[5.193s]   1250K .......... .......... .......... .......... ..........  8%  250M 2s
[5.193s]   1300K .......... .......... .......... .......... ..........  8%  217M 2s
[5.194s]   1350K .......... .......... .......... .......... ..........  8%  253M 2s
[5.197s]   1400K .......... .......... .......... .......... ..........  9% 14.1M 2s
[5.208s]   1450K .......... .......... .......... .......... ..........  9% 4.24M 2s
[5.214s]   1500K .......... .......... .......... .......... ..........  9% 10.7M 2s
[5.219s]   1550K .......... .......... .......... .......... .......... 10% 8.10M 2s
[5.222s]   1600K .......... .......... .......... .......... .......... 10% 15.3M 2s
[5.226s]   1650K .......... .......... .......... .......... .......... 10% 11.8M 2s
[5.234s]   1700K .......... .......... .......... .......... .......... 11% 6.24M 2s
[5.240s]   1750K .......... .......... .......... .......... .......... 11% 8.19M 2s
[5.241s]   1800K .......... .......... .......... .......... .......... 11%  119M 2s
[5.245s]   1850K .......... .......... .......... .......... .......... 12% 11.5M 2s
[5.250s]   1900K .......... .......... .......... .......... .......... 12% 9.06M 2s
[5.254s]   1950K .......... .......... .......... .......... .......... 12% 12.2M 2s
[5.272s]   2000K .......... .......... .......... .......... .......... 13% 2.72M 2s
[5.274s]   2050K .......... .......... .......... .......... .......... 13% 21.3M 2s
[5.283s]   2100K .......... .......... .......... .......... .......... 13% 5.81M 2s
[5.285s]   2150K .......... .......... .......... .......... .......... 14% 18.9M 2s
[5.289s]   2200K .......... .......... .......... .......... .......... 14% 13.1M 2s
[5.291s]   2250K .......... .......... .......... .......... .......... 14% 34.4M 2s
[5.295s]   2300K .......... .......... .......... .......... .......... 15% 18.3M 2s
[5.301s]   2350K .......... .......... .......... .......... .......... 15% 6.73M 2s
[5.305s]   2400K .......... .......... .......... .......... .......... 15% 11.7M 2s
[5.311s]   2450K .......... .......... .......... .......... .......... 15% 8.19M 2s
[5.319s]   2500K .......... .......... .......... .......... .......... 16% 6.12M 2s
[5.321s]   2550K .......... .......... .......... .......... .......... 16% 24.2M 2s
[5.326s]   2600K .......... .......... .......... .......... .......... 16% 9.01M 2s
[5.327s]   2650K .......... .......... .......... .......... .......... 17% 88.6M 2s
[5.340s]   2700K .......... .......... .......... .......... .......... 17% 5.48M 2s
[5.341s]   2750K .......... .......... .......... .......... .......... 17% 9.95M 2s
[5.347s]   2800K .......... .......... .......... .......... .......... 18% 7.78M 2s
[5.352s]   2850K .......... .......... .......... .......... .......... 18% 8.58M 2s
[5.361s]   2900K .......... .......... .......... .......... .......... 18% 5.52M 2s
[5.378s]   2950K .......... .......... .......... .......... .......... 19% 2.89M 2s
[5.383s]   3000K .......... .......... .......... .......... .......... 19% 9.45M 2s
[5.386s]   3050K .......... .......... .......... .......... .......... 19% 19.2M 2s
[5.389s]   3100K .......... .......... .......... .......... .......... 20% 24.1M 2s
[5.393s]   3150K .......... .......... .......... .......... .......... 20% 9.81M 2s
[5.398s]   3200K .......... .......... .......... .......... .......... 20% 10.7M 2s
[5.404s]   3250K .......... .......... .......... .......... .......... 21% 7.29M 2s
[5.409s]   3300K .......... .......... .......... .......... .......... 21% 11.1M 2s
[5.414s]   3350K .......... .......... .......... .......... .......... 21% 9.90M 2s
[5.418s]   3400K .......... .......... .......... .......... .......... 22% 10.9M 2s
[5.422s]   3450K .......... .......... .......... .......... .......... 22% 12.8M 2s
[5.428s]   3500K .......... .......... .......... .......... .......... 22% 12.3M 2s
[5.432s]   3550K .......... .......... .......... .......... .......... 23% 7.58M 2s
[5.437s]   3600K .......... .......... .......... .......... .......... 23% 9.36M 2s
[5.440s]   3650K .......... .......... .......... .......... .......... 23% 20.5M 2s
[5.446s]   3700K .......... .......... .......... .......... .......... 23% 7.89M 1s
[5.448s]   3750K .......... .......... .......... .......... .......... 24% 22.1M 1s
[5.452s]   3800K .......... .......... .......... .......... .......... 24% 12.4M 1s
[5.458s]   3850K .......... .......... .......... .......... .......... 24% 9.08M 1s
[5.467s]   3900K .......... .......... .......... .......... .......... 25% 5.49M 1s
[5.477s]   3950K .......... .......... .......... .......... .......... 25% 4.74M 1s
[5.486s]   4000K .......... .......... .......... .......... .......... 25% 5.30M 1s
[5.490s]   4050K .......... .......... .......... .......... .......... 26% 12.3M 1s
[5.493s]   4100K .......... .......... .......... .......... .......... 26% 19.7M 1s
[5.500s]   4150K .......... .......... .......... .......... .......... 26% 6.75M 1s
[5.503s]   4200K .......... .......... .......... .......... .......... 27% 14.9M 1s
[5.508s]   4250K .......... .......... .......... .......... .......... 27% 9.26M 1s
[5.515s]   4300K .......... .......... .......... .......... .......... 27% 9.16M 1s
[5.519s]   4350K .......... .......... .......... .......... .......... 28% 9.29M 1s
[5.523s]   4400K .......... .......... .......... .......... .......... 28% 11.9M 1s
[5.527s]   4450K .......... .......... .......... .......... .......... 28% 11.3M 1s
[5.532s]   4500K .......... .......... .......... .......... .......... 29% 10.6M 1s
[5.536s]   4550K .......... .......... .......... .......... .......... 29% 12.8M 1s
[5.540s]   4600K .......... .......... .......... .......... .......... 29% 10.0M 1s
[5.544s]   4650K .......... .......... .......... .......... .......... 30% 13.2M 1s
[5.550s]   4700K .......... .......... .......... .......... .......... 30% 10.8M 1s
[5.555s]   4750K .......... .......... .......... .......... .......... 30% 7.77M 1s
[5.559s]   4800K .......... .......... .......... .......... .......... 31% 12.1M 1s
[5.566s]   4850K .......... .......... .......... .......... .......... 31% 7.47M 1s
[5.597s]   4900K .......... .......... .......... .......... .......... 31% 1.58M 1s
[5.597s]   4950K .......... .......... .......... .......... .......... 31%  127M 1s
[5.597s]   5000K .......... .......... .......... .......... .......... 32%  162M 1s
[5.597s]   5050K .......... .......... .......... .......... .......... 32%  175M 1s
[5.598s]   5100K .......... .......... .......... .......... .......... 32%  177M 1s
[5.598s]   5150K .......... .......... .......... .......... .......... 33%  141M 1s
[5.600s]   5200K .......... .......... .......... .......... .......... 33% 27.9M 1s
[5.605s]   5250K .......... .......... .......... .......... .......... 33% 9.93M 1s
[5.608s]   5300K .......... .......... .......... .......... .......... 34% 13.2M 1s
[5.614s]   5350K .......... .......... .......... .......... .......... 34% 9.62M 1s
[5.617s]   5400K .......... .......... .......... .......... .......... 34% 14.5M 1s
[5.622s]   5450K .......... .......... .......... .......... .......... 35% 9.38M 1s
[5.641s]   5500K .......... .......... .......... .......... .......... 35% 2.56M 1s
[5.668s]   5550K .......... .......... .......... .......... .......... 35% 1.81M 1s
[5.689s]   5600K .......... .......... .......... .......... .......... 36% 2.32M 1s
[5.690s]   5650K .......... .......... .......... .......... .......... 36%  146M 1s
[5.690s]   5700K .......... .......... .......... .......... .......... 36% 69.9M 1s
[5.704s]   5750K .......... .......... .......... .......... .......... 37% 3.47M 1s
[5.712s]   5800K .......... .......... .......... .......... .......... 37% 6.66M 1s
[5.718s]   5850K .......... .......... .......... .......... .......... 37% 7.43M 1s
[5.726s]   5900K .......... .......... .......... .......... .......... 38% 6.95M 1s
[5.732s]   5950K .......... .......... .......... .......... .......... 38% 7.38M 1s
[5.738s]   6000K .......... .......... .......... .......... .......... 38% 8.52M 1s
[5.746s]   6050K .......... .......... .......... .......... .......... 39% 6.10M 1s
[5.749s]   6100K .......... .......... .......... .......... .......... 39% 17.0M 1s
[5.755s]   6150K .......... .......... .......... .......... .......... 39% 7.62M 1s
[5.763s]   6200K .......... .......... .......... .......... .......... 39% 5.75M 1s
[5.774s]   6250K .......... .......... .......... .......... .......... 40% 4.74M 1s
[5.785s]   6300K .......... .......... .......... .......... .......... 40% 4.25M 1s
[5.786s]   6350K .......... .......... .......... .......... .......... 40% 36.2M 1s
[5.803s]   6400K .......... .......... .......... .......... .......... 41% 2.99M 1s
[5.810s]   6450K .......... .......... .......... .......... .......... 41% 7.08M 1s
[5.817s]   6500K .......... .......... .......... .......... .......... 41% 7.14M 1s
[5.823s]   6550K .......... .......... .......... .......... .......... 42% 7.41M 1s
[5.828s]   6600K .......... .......... .......... .......... .......... 42% 10.6M 1s
[5.833s]   6650K .......... .......... .......... .......... .......... 42% 9.92M 1s
[5.841s]   6700K .......... .......... .......... .......... .......... 43% 7.39M 1s
[5.847s]   6750K .......... .......... .......... .......... .......... 43% 6.56M 1s
[5.852s]   6800K .......... .......... .......... .......... .......... 43% 9.56M 1s
[5.858s]   6850K .......... .......... .......... .......... .......... 44% 8.14M 1s
[5.863s]   6900K .......... .......... .......... .......... .......... 44% 9.05M 1s
[5.868s]   6950K .......... .......... .......... .......... .......... 44% 9.96M 1s
[5.877s]   7000K .......... .......... .......... .......... .......... 45% 5.81M 1s
[5.893s]   7050K .......... .......... .......... .......... .......... 45% 2.98M 1s
[5.908s]   7100K .......... .......... .......... .......... .......... 45% 22.9M 1s
[5.916s]   7150K .......... .......... .......... .......... .......... 46% 2.36M 1s
[5.924s]   7200K .......... .......... .......... .......... .......... 46% 5.91M 1s
[5.930s]   7250K .......... .......... .......... .......... .......... 46% 8.26M 1s
[5.935s]   7300K .......... .......... .......... .......... .......... 47% 10.0M 1s
[5.941s]   7350K .......... .......... .......... .......... .......... 47% 8.69M 1s
[5.946s]   7400K .......... .......... .......... .......... .......... 47% 8.61M 1s
[5.951s]   7450K .......... .......... .......... .......... .......... 47% 10.4M 1s
[5.960s]   7500K .......... .......... .......... .......... .......... 48% 6.37M 1s
[5.969s]   7550K .......... .......... .......... .......... .......... 48% 4.72M 1s
[5.977s]   7600K .......... .......... .......... .......... .......... 48% 6.21M 1s
[5.989s]   7650K .......... .......... .......... .......... .......... 49% 3.83M 1s
[5.996s]   7700K .......... .......... .......... .......... .......... 49% 7.57M 1s
[6.013s]   7750K .......... .......... .......... .......... .......... 49% 2.88M 1s
[6.020s]   7800K .......... .......... .......... .......... .......... 50% 6.48M 1s
[6.027s]   7850K .......... .......... .......... .......... .......... 50% 7.11M 1s
[6.035s]   7900K .......... .......... .......... .......... .......... 50% 8.92M 1s
[6.039s]   7950K .......... .......... .......... .......... .......... 51% 7.27M 1s
[6.046s]   8000K .......... .......... .......... .......... .......... 51% 7.86M 1s
[6.051s]   8050K .......... .......... .......... .......... .......... 51% 9.73M 1s
[6.056s]   8100K .......... .......... .......... .......... .......... 52% 9.82M 1s
[6.060s]   8150K .......... .......... .......... .......... .......... 52% 12.5M 1s
[6.068s]   8200K .......... .......... .......... .......... .......... 52% 5.60M 1s
[6.073s]   8250K .......... .......... .......... .......... .......... 53% 10.5M 1s
[6.100s]   8300K .......... .......... .......... .......... .......... 53% 1.81M 1s
[6.101s]   8350K .......... .......... .......... .......... .......... 53% 31.7M 1s
[6.115s]   8400K .......... .......... .......... .......... .......... 54% 3.53M 1s
[6.122s]   8450K .......... .......... .......... .......... .......... 54% 7.43M 1s
[6.129s]   8500K .......... .......... .......... .......... .......... 54% 6.82M 1s
[6.136s]   8550K .......... .......... .......... .......... .......... 55% 7.18M 1s
[6.141s]   8600K .......... .......... .......... .......... .......... 55% 9.10M 1s
[6.145s]   8650K .......... .......... .......... .......... .......... 55% 12.1M 1s
[6.155s]   8700K .......... .......... .......... .......... .......... 55% 6.96M 1s
[6.158s]   8750K .......... .......... .......... .......... .......... 56% 7.70M 1s
[6.166s]   8800K .......... .......... .......... .......... .......... 56% 6.45M 1s
[6.172s]   8850K .......... .......... .......... .......... .......... 56% 8.95M 1s
[6.180s]   8900K .......... .......... .......... .......... .......... 57% 5.84M 1s
[6.184s]   8950K .......... .......... .......... .......... .......... 57% 12.7M 1s
[6.201s]   9000K .......... .......... .......... .......... .......... 57% 2.80M 1s
[6.205s]   9050K .......... .......... .......... .......... .......... 58% 13.3M 1s
[6.214s]   9100K .......... .......... .......... .......... .......... 58% 9.12M 1s
[6.220s]   9150K .......... .......... .......... .......... .......... 58% 4.99M 1s
[6.227s]   9200K .......... .......... .......... .......... .......... 59% 7.00M 1s
[6.232s]   9250K .......... .......... .......... .......... .......... 59% 10.2M 1s
[6.236s]   9300K .......... .......... .......... .......... .......... 59% 11.7M 1s
[6.243s]   9350K .......... .......... .......... .......... .......... 60% 7.06M 1s
[6.248s]   9400K .......... .......... .......... .......... .......... 60% 10.5M 1s
[6.252s]   9450K .......... .......... .......... .......... .......... 60% 11.2M 1s
[6.260s]   9500K .......... .......... .......... .......... .......... 61% 10.3M 1s
[6.265s]   9550K .......... .......... .......... .......... .......... 61% 5.63M 1s
[6.269s]   9600K .......... .......... .......... .......... .......... 61% 13.8M 1s
[6.275s]   9650K .......... .......... .......... .......... .......... 62% 8.62M 1s
[6.284s]   9700K .......... .......... .......... .......... .......... 62% 5.15M 1s
[6.303s]   9750K .......... .......... .......... .......... .......... 62% 2.51M 1s
[6.304s]   9800K .......... .......... .......... .......... .......... 63% 45.5M 1s
[6.308s]   9850K .......... .......... .......... .......... .......... 63% 12.6M 1s
[6.320s]   9900K .......... .......... .......... .......... .......... 63% 6.27M 1s
[6.327s]   9950K .......... .......... .......... .......... .......... 63% 4.71M 1s
[6.332s]  10000K .......... .......... .......... .......... .......... 64% 9.67M 1s
[6.336s]  10050K .......... .......... .......... .......... .......... 64% 10.1M 1s
[6.341s]  10100K .......... .......... .......... .......... .......... 64% 11.0M 1s
[6.347s]  10150K .......... .......... .......... .......... .......... 65% 8.10M 1s
[6.351s]  10200K .......... .......... .......... .......... .......... 65% 11.3M 1s
[6.357s]  10250K .......... .......... .......... .......... .......... 65% 9.06M 1s
[6.363s]  10300K .......... .......... .......... .......... .......... 66% 9.59M 1s
[6.369s]  10350K .......... .......... .......... .......... .......... 66% 6.47M 1s
[6.375s]  10400K .......... .......... .......... .......... .......... 66% 8.54M 1s
[6.379s]  10450K .......... .......... .......... .......... .......... 67% 11.0M 1s
[6.389s]  10500K .......... .......... .......... .......... .......... 67% 5.27M 1s
[6.406s]  10550K .......... .......... .......... .......... .......... 67% 2.83M 1s
[6.409s]  10600K .......... .......... .......... .......... .......... 68% 15.9M 1s
[6.420s]  10650K .......... .......... .......... .......... .......... 68% 4.30M 1s
[6.430s]  10700K .......... .......... .......... .......... .......... 68% 6.90M 1s
[6.437s]  10750K .......... .......... .......... .......... .......... 69% 4.91M 1s
[6.443s]  10800K .......... .......... .......... .......... .......... 69% 8.88M 1s
[6.449s]  10850K .......... .......... .......... .......... .......... 69% 8.71M 1s
[6.452s]  10900K .......... .......... .......... .......... .......... 70% 15.1M 1s
[6.457s]  10950K .......... .......... .......... .......... .......... 70% 8.83M 1s
[6.464s]  11000K .......... .......... .......... .......... .......... 70% 7.83M 1s
[6.468s]  11050K .......... .......... .......... .......... .......... 71% 11.3M 1s
[6.474s]  11100K .......... .......... .......... .......... .......... 71% 14.6M 1s
[6.480s]  11150K .......... .......... .......... .......... .......... 71% 5.34M 1s
[6.490s]  11200K .......... .......... .......... .......... .......... 71% 5.03M 1s
[6.508s]  11250K .......... .......... .......... .......... .......... 72% 2.69M 1s
[6.511s]  11300K .......... .......... .......... .......... .......... 72% 17.1M 1s
[6.520s]  11350K .......... .......... .......... .......... .......... 72% 5.19M 1s
[6.526s]  11400K .......... .......... .......... .......... .......... 73% 8.81M 1s
[6.533s]  11450K .......... .......... .......... .......... .......... 73% 7.24M 1s
[6.541s]  11500K .......... .......... .......... .......... .......... 73% 7.10M 1s
[6.546s]  11550K .......... .......... .......... .......... .......... 74% 7.92M 1s
[6.550s]  11600K .......... .......... .......... .......... .......... 74% 11.1M 1s
[6.555s]  11650K .......... .......... .......... .......... .......... 74% 9.04M 1s
[6.565s]  11700K .......... .......... .......... .......... .......... 75% 5.19M 1s
[6.569s]  11750K .......... .......... .......... .......... .......... 75% 11.2M 1s
[6.574s]  11800K .......... .......... .......... .......... .......... 75% 10.4M 1s
[6.583s]  11850K .......... .......... .......... .......... .......... 76% 5.23M 1s
[6.593s]  11900K .......... .......... .......... .......... .......... 76% 6.90M 0s
[6.604s]  11950K .......... .......... .......... .......... .......... 76% 3.60M 0s
[6.614s]  12000K .......... .......... .......... .......... .......... 77% 5.07M 0s
[6.630s]  12050K .......... .......... .......... .......... .......... 77% 2.97M 0s
[6.637s]  12100K .......... .......... .......... .......... .......... 77% 6.61M 0s
[6.645s]  12150K .......... .......... .......... .......... .......... 78% 6.46M 0s
[6.650s]  12200K .......... .......... .......... .......... .......... 78% 8.94M 0s
[6.655s]  12250K .......... .......... .......... .......... .......... 78% 9.79M 0s
[6.661s]  12300K .......... .......... .......... .......... .......... 79% 12.6M 0s
[6.665s]  12350K .......... .......... .......... .......... .......... 79% 7.97M 0s
[6.675s]  12400K .......... .......... .......... .......... .......... 79% 5.06M 0s
[6.679s]  12450K .......... .......... .......... .......... .......... 79% 12.2M 0s
[6.685s]  12500K .......... .......... .......... .......... .......... 80% 8.18M 0s
[6.693s]  12550K .......... .......... .......... .......... .......... 80% 6.53M 0s
[6.706s]  12600K .......... .......... .......... .......... .......... 80% 3.74M 0s
[6.713s]  12650K .......... .......... .......... .......... .......... 81% 6.24M 0s
[6.727s]  12700K .......... .......... .......... .......... .......... 81% 28.9M 0s
[6.733s]  12750K .......... .......... .......... .......... .......... 81% 2.75M 0s
[6.740s]  12800K .......... .......... .......... .......... .......... 82% 7.12M 0s
[6.746s]  12850K .......... .......... .......... .......... .......... 82% 7.94M 0s
[6.751s]  12900K .......... .......... .......... .......... .......... 82% 9.49M 0s
[6.755s]  12950K .......... .......... .......... .......... .......... 83% 12.6M 0s
[6.759s]  13000K .......... .......... .......... .......... .......... 83% 11.3M 0s
[6.765s]  13050K .......... .......... .......... .......... .......... 83% 8.82M 0s
[6.773s]  13100K .......... .......... .......... .......... .......... 84% 7.78M 0s
[6.778s]  13150K .......... .......... .......... .......... .......... 84% 6.75M 0s
[6.781s]  13200K .......... .......... .......... .......... .......... 84% 17.2M 0s
[6.797s]  13250K .......... .......... .......... .......... .......... 85% 2.99M 0s
[6.818s]  13300K .......... .......... .......... .......... .......... 85% 2.37M 0s
[6.820s]  13350K .......... .......... .......... .......... .......... 85% 29.2M 0s
[6.830s]  13400K .......... .......... .......... .......... .......... 86% 4.79M 0s
[6.835s]  13450K .......... .......... .......... .......... .......... 86% 9.39M 0s
[6.845s]  13500K .......... .......... .......... .......... .......... 86% 6.95M 0s
[6.851s]  13550K .......... .......... .......... .......... .......... 87% 5.43M 0s
[6.855s]  13600K .......... .......... .......... .......... .......... 87% 11.0M 0s
[6.859s]  13650K .......... .......... .......... .......... .......... 87% 13.2M 0s
[6.865s]  13700K .......... .......... .......... .......... .......... 87% 8.70M 0s
[6.869s]  13750K .......... .......... .......... .......... .......... 88% 10.5M 0s
[6.875s]  13800K .......... .......... .......... .......... .......... 88% 8.30M 0s
[6.881s]  13850K .......... .......... .......... .......... .......... 88% 9.19M 0s
[6.886s]  13900K .......... .......... .......... .......... .......... 89% 14.1M 0s
[6.890s]  13950K .......... .......... .......... .......... .......... 89% 8.36M 0s
[6.897s]  14000K .......... .......... .......... .......... .......... 89% 6.97M 0s
[6.925s]  14050K .......... .......... .......... .......... .......... 90% 1.73M 0s
[6.926s]  14100K .......... .......... .......... .......... .......... 90% 49.0M 0s
[6.929s]  14150K .......... .......... .......... .......... .......... 90% 19.2M 0s
[6.948s]  14200K .......... .......... .......... .......... .......... 91% 2.52M 0s
[6.958s]  14250K .......... .......... .......... .......... .......... 91% 5.67M 0s
[6.966s]  14300K .......... .......... .......... .......... .......... 91% 6.93M 0s
[6.970s]  14350K .......... .......... .......... .......... .......... 92% 7.70M 0s
[6.978s]  14400K .......... .......... .......... .......... .......... 92% 6.49M 0s
[6.979s]  14450K .......... .......... .......... .......... .......... 92% 43.6M 0s
[6.985s]  14500K .......... .......... .......... .......... .......... 93% 7.93M 0s
[7.015s]  14550K .......... .......... .......... .......... .......... 93% 1.65M 0s
[7.023s]  14600K .......... .......... .......... .......... .......... 93% 6.16M 0s
[7.023s]  14650K .......... .......... .......... .......... .......... 94%  132M 0s
[7.041s]  14700K .......... .......... .......... .......... .......... 94% 3.11M 0s
[7.047s]  14750K .......... .......... .......... .......... .......... 94% 6.06M 0s
[7.054s]  14800K .......... .......... .......... .......... .......... 95% 6.52M 0s
[7.060s]  14850K .......... .......... .......... .......... .......... 95% 8.66M 0s
[7.063s]  14900K .......... .......... .......... .......... .......... 95% 15.0M 0s
[7.068s]  14950K .......... .......... .......... .......... .......... 95% 10.5M 0s
[7.073s]  15000K .......... .......... .......... .......... .......... 96% 8.37M 0s
[7.078s]  15050K .......... .......... .......... .......... .......... 96% 10.7M 0s
[7.085s]  15100K .......... .......... .......... .......... .......... 96% 6.65M 0s
[7.089s]  15150K .......... .......... .......... .......... .......... 97% 13.5M 0s
[7.095s]  15200K .......... .......... .......... .......... .......... 97% 7.69M 0s
[7.104s]  15250K .......... .......... .......... .......... .......... 97% 5.38M 0s
[7.122s]  15300K .......... .......... .......... .......... .......... 98% 2.76M 0s
[7.123s]  15350K .......... .......... .......... .......... .......... 98% 41.7M 0s
[7.125s]  15400K .......... .......... .......... .......... .......... 98% 26.0M 0s
[7.139s]  15450K .......... .......... .......... .......... .......... 99% 3.43M 0s
[7.147s]  15500K .......... .......... .......... .......... .......... 99% 8.95M 0s
[7.152s]  15550K .......... .......... .......... .......... .......... 99% 6.54M 0s
[7.153s]  15600K .......... .......... .....                           100% 36.3M=2.2s
[7.153s] 
[7.153s] 2026-02-15 15:24:05 (7.00 MB/s) - ‘/home/essivekkeli/multi_robot_slam_ws/build/multirobot_map_merge/2011-08-09-12-22-52.pgm’ saved [16000058/16000058]
[7.153s] 
[7.154s] Checking MD5 sum of /home/essivekkeli/multi_robot_slam_ws/build/multirobot_map_merge/2011-08-09-12-22-52.pgm
[7.182s] /home/essivekkeli/multi_robot_slam_ws/build/multirobot_map_merge/2011-08-09-12-22-52.pgm: OK
[7.188s] --2026-02-15 15:24:06--  https://raw.githubusercontent.com/hrnr/m-explore-extra/master/map_merge/gmapping_maps/2012-01-28-11-12-01.pgm
[7.221s] Resolving raw.githubusercontent.com (raw.githubusercontent.com)... 185.199.109.133, 185.199.110.133, 185.199.108.133, ...
[7.237s] Connecting to raw.githubusercontent.com (raw.githubusercontent.com)|185.199.109.133|:443... connected.
[7.534s] HTTP request sent, awaiting response... 200 OK
[7.534s] Length: 16000058 (15M) [application/octet-stream]
[7.534s] Saving to: ‘/home/essivekkeli/multi_robot_slam_ws/build/multirobot_map_merge/2012-01-28-11-12-01.pgm’
[7.534s] 
[7.553s]      0K .......... .......... .......... .......... ..........  0% 2.65M 6s
[7.571s]     50K .......... .......... .......... .......... ..........  0% 2.68M 6s
[7.578s]    100K .......... .......... .......... .......... ..........  0% 6.72M 5s
[7.587s]    150K .......... .......... .......... .......... ..........  1% 5.29M 4s
[7.596s]    200K .......... .......... .......... .......... ..........  1% 9.43M 4s
[7.598s]    250K .......... .......... .......... .......... ..........  1% 8.16M 3s
[7.603s]    300K .......... .......... .......... .......... ..........  2% 11.0M 3s
[7.613s]    350K .......... .......... .......... .......... ..........  2% 4.69M 3s
[7.616s]    400K .......... .......... .......... .......... ..........  2% 17.5M 3s
[7.634s]    450K .......... .......... .......... .......... ..........  3% 2.75M 3s
[7.636s]    500K .......... .......... .......... .......... ..........  3% 22.9M 3s
[7.651s]    550K .......... .......... .......... .......... ..........  3% 3.19M 3s
[7.659s]    600K .......... .......... .......... .......... ..........  4% 10.7M 3s
[7.663s]    650K .......... .......... .......... .......... ..........  4% 6.96M 3s
[7.666s]    700K .......... .......... .......... .......... ..........  4% 16.8M 3s
[7.670s]    750K .......... .......... .......... .......... ..........  5% 11.8M 3s
[7.673s]    800K .......... .......... .......... .......... ..........  5% 13.5M 2s
[7.678s]    850K .......... .......... .......... .......... ..........  5% 10.4M 2s
[7.682s]    900K .......... .......... .......... .......... ..........  6% 11.4M 2s
[7.688s]    950K .......... .......... .......... .......... ..........  6% 9.14M 2s
[7.692s]   1000K .......... .......... .......... .......... ..........  6% 15.8M 2s
[7.700s]   1050K .......... .......... .......... .......... ..........  7% 5.67M 2s
[7.702s]   1100K .......... .......... .......... .......... ..........  7% 22.4M 2s
[7.705s]   1150K .......... .......... .......... .......... ..........  7% 16.7M 2s
[7.709s]   1200K .......... .......... .......... .......... ..........  7% 10.8M 2s
[7.769s]   1250K .......... .......... .......... .......... ..........  8%  837K 3s
[7.769s]   1300K .......... .......... .......... .......... ..........  8%  124M 2s
[7.770s]   1350K .......... .......... .......... .......... ..........  8%  183M 2s
[7.770s]   1400K .......... .......... .......... .......... ..........  9%  190M 2s
[7.770s]   1450K .......... .......... .......... .......... ..........  9%  145M 2s
[7.770s]   1500K .......... .......... .......... .......... ..........  9%  184M 2s
[7.771s]   1550K .......... .......... .......... .......... .......... 10%  193M 2s
[7.771s]   1600K .......... .......... .......... .......... .......... 10%  194M 2s
[7.771s]   1650K .......... .......... .......... .......... .......... 10%  194M 2s
[7.771s]   1700K .......... .......... .......... .......... .......... 11%  185M 2s
[7.772s]   1750K .......... .......... .......... .......... .......... 11%  181M 2s
[7.772s]   1800K .......... .......... .......... .......... .......... 11%  184M 2s
[7.784s]   1850K .......... .......... .......... .......... .......... 12% 4.24M 2s
[7.787s]   1900K .......... .......... .......... .......... .......... 12% 12.8M 2s
[7.793s]   1950K .......... .......... .......... .......... .......... 12% 8.17M 2s
[7.798s]   2000K .......... .......... .......... .......... .......... 13% 9.98M 2s
[7.803s]   2050K .......... .......... .......... .......... .......... 13% 10.9M 2s
[7.807s]   2100K .......... .......... .......... .......... .......... 13% 11.8M 2s
[7.811s]   2150K .......... .......... .......... .......... .......... 14% 11.5M 2s
[7.842s]   2200K .......... .......... .......... .......... .......... 14% 1.60M 2s
[7.844s]   2250K .......... .......... .......... .......... .......... 14% 24.2M 2s
[7.846s]   2300K .......... .......... .......... .......... .......... 15% 18.5M 2s
[7.848s]   2350K .......... .......... .......... .......... .......... 15% 25.2M 2s
[7.851s]   2400K .......... .......... .......... .......... .......... 15% 16.8M 2s
[7.854s]   2450K .......... .......... .......... .......... .......... 15% 17.2M 2s
[7.859s]   2500K .......... .......... .......... .......... .......... 16% 9.42M 2s
[7.866s]   2550K .......... .......... .......... .......... .......... 16% 7.57M 2s
[7.868s]   2600K .......... .......... .......... .......... .......... 16% 19.2M 2s
[7.874s]   2650K .......... .......... .......... .......... .......... 17% 8.36M 2s
[7.878s]   2700K .......... .......... .......... .......... .......... 17% 11.0M 2s
[7.883s]   2750K .......... .......... .......... .......... .......... 17% 10.6M 2s
[7.887s]   2800K .......... .......... .......... .......... .......... 18% 12.5M 2s
[7.891s]   2850K .......... .......... .......... .......... .......... 18% 11.1M 2s
[7.897s]   2900K .......... .......... .......... .......... .......... 18% 9.24M 2s
[7.900s]   2950K .......... .......... .......... .......... .......... 19% 13.1M 2s
[7.906s]   3000K .......... .......... .......... .......... .......... 19% 9.04M 2s
[7.910s]   3050K .......... .......... .......... .......... .......... 19% 12.5M 2s
[7.914s]   3100K .......... .......... .......... .......... .......... 20% 11.4M 2s
[7.921s]   3150K .......... .......... .......... .......... .......... 20% 6.96M 2s
[7.924s]   3200K .......... .......... .......... .......... .......... 20% 13.6M 1s
[7.934s]   3250K .......... .......... .......... .......... .......... 21% 5.13M 1s
[7.944s]   3300K .......... .......... .......... .......... .......... 21% 5.14M 2s
[7.947s]   3350K .......... .......... .......... .......... .......... 21% 16.2M 1s
[7.949s]   3400K .......... .......... .......... .......... .......... 22% 34.7M 1s
[7.959s]   3450K .......... .......... .......... .......... .......... 22% 4.27M 1s
[7.964s]   3500K .......... .......... .......... .......... .......... 22% 10.3M 1s
[7.968s]   3550K .......... .......... .......... .......... .......... 23% 11.9M 1s
[7.973s]   3600K .......... .......... .......... .......... .......... 23% 9.77M 1s
[7.977s]   3650K .......... .......... .......... .......... .......... 23% 11.3M 1s
[7.982s]   3700K .......... .......... .......... .......... .......... 23% 11.7M 1s
[7.986s]   3750K .......... .......... .......... .......... .......... 24% 11.9M 1s
[7.991s]   3800K .......... .......... .......... .......... .......... 24% 10.1M 1s
[7.996s]   3850K .......... .......... .......... .......... .......... 24% 9.60M 1s
[8.000s]   3900K .......... .......... .......... .......... .......... 25% 12.0M 1s
[8.007s]   3950K .......... .......... .......... .......... .......... 25% 7.20M 1s
[8.010s]   4000K .......... .......... .......... .......... .......... 25% 12.9M 1s
[8.014s]   4050K .......... .......... .......... .......... .......... 26% 12.4M 1s
[8.017s]   4100K .......... .......... .......... .......... .......... 26% 18.0M 1s
[8.062s]   4150K .......... .......... .......... .......... .......... 26% 1.09M 1s
[8.062s]   4200K .......... .......... .......... .......... .......... 27%  115M 1s
[8.063s]   4250K .......... .......... .......... .......... .......... 27%  104M 1s
[8.063s]   4300K .......... .......... .......... .......... .......... 27%  194M 1s
[8.063s]   4350K .......... .......... .......... .......... .......... 28%  184M 1s
[8.063s]   4400K .......... .......... .......... .......... .......... 28%  190M 1s
[8.073s]   4450K .......... .......... .......... .......... .......... 28% 4.92M 1s
[8.074s]   4500K .......... .......... .......... .......... .......... 29%  136M 1s
[8.074s]   4550K .......... .......... .......... .......... .......... 29%  165M 1s
[8.081s]   4600K .......... .......... .......... .......... .......... 29% 6.75M 1s
[8.083s]   4650K .......... .......... .......... .......... .......... 30% 22.2M 1s
[8.087s]   4700K .......... .......... .......... .......... .......... 30% 12.1M 1s
[8.093s]   4750K .......... .......... .......... .......... .......... 30% 8.70M 1s
[8.097s]   4800K .......... .......... .......... .......... .......... 31% 12.9M 1s
[8.100s]   4850K .......... .......... .......... .......... .......... 31% 13.2M 1s
[8.105s]   4900K .......... .......... .......... .......... .......... 31% 11.9M 1s
[8.110s]   4950K .......... .......... .......... .......... .......... 31% 9.37M 1s
[8.115s]   5000K .......... .......... .......... .......... .......... 32% 12.1M 1s
[8.119s]   5050K .......... .......... .......... .......... .......... 32% 9.08M 1s
[8.129s]   5100K .......... .......... .......... .......... .......... 32% 4.88M 1s
[8.148s]   5150K .......... .......... .......... .......... .......... 33% 2.58M 1s
[8.157s]   5200K .......... .......... .......... .......... .......... 33% 5.36M 1s
[8.164s]   5250K .......... .......... .......... .......... .......... 33% 7.09M 1s
[8.171s]   5300K .......... .......... .......... .......... .......... 34% 7.45M 1s
[8.177s]   5350K .......... .......... .......... .......... .......... 34% 8.00M 1s
[8.187s]   5400K .......... .......... .......... .......... .......... 34% 6.36M 1s
[8.193s]   5450K .......... .......... .......... .......... .......... 35% 6.06M 1s
[8.196s]   5500K .......... .......... .......... .......... .......... 35% 13.3M 1s
[8.208s]   5550K .......... .......... .......... .......... .......... 35% 4.21M 1s
[8.213s]   5600K .......... .......... .......... .......... .......... 36% 8.69M 1s
[8.218s]   5650K .......... .......... .......... .......... .......... 36% 10.9M 1s
[8.220s]   5700K .......... .......... .......... .......... .......... 36% 30.7M 1s
[8.221s]   5750K .......... .......... .......... .......... .......... 37% 32.1M 1s
[8.243s]   5800K .......... .......... .......... .......... .......... 37% 2.50M 1s
[8.244s]   5850K .......... .......... .......... .......... .......... 37% 14.5M 1s
[8.249s]   5900K .......... .......... .......... .......... .......... 38% 9.16M 1s
[8.251s]   5950K .......... .......... .......... .......... .......... 38% 36.0M 1s
[8.259s]   6000K .......... .......... .......... .......... .......... 38% 5.71M 1s
[8.265s]   6050K .......... .......... .......... .......... .......... 39% 7.74M 1s
[8.269s]   6100K .......... .......... .......... .......... .......... 39% 13.3M 1s
[8.273s]   6150K .......... .......... .......... .......... .......... 39% 11.7M 1s
[8.278s]   6200K .......... .......... .......... .......... .......... 39% 11.5M 1s
[8.283s]   6250K .......... .......... .......... .......... .......... 40% 9.45M 1s
[8.287s]   6300K .......... .......... .......... .......... .......... 40% 12.5M 1s
[8.292s]   6350K .......... .......... .......... .......... .......... 40% 9.95M 1s
[8.296s]   6400K .......... .......... .......... .......... .......... 41% 11.5M 1s
[8.299s]   6450K .......... .......... .......... .......... .......... 41% 13.8M 1s
[8.305s]   6500K .......... .......... .......... .......... .......... 41% 9.11M 1s
[8.309s]   6550K .......... .......... .......... .......... .......... 42% 12.1M 1s
[8.314s]   6600K .......... .......... .......... .......... .......... 42% 10.5M 1s
[8.346s]   6650K .......... .......... .......... .......... .......... 42% 1.50M 1s
[8.351s]   6700K .......... .......... .......... .......... .......... 43% 9.07M 1s
[8.352s]   6750K .......... .......... .......... .......... .......... 43% 38.8M 1s
[8.355s]   6800K .......... .......... .......... .......... .......... 43% 17.6M 1s
[8.369s]   6850K .......... .......... .......... .......... .......... 44% 3.51M 1s
[8.374s]   6900K .......... .......... .......... .......... .......... 44% 10.5M 1s
[8.379s]   6950K .......... .......... .......... .......... .......... 44% 10.5M 1s
[8.384s]   7000K .......... .......... .......... .......... .......... 45% 11.2M 1s
[8.390s]   7050K .......... .......... .......... .......... .......... 45% 7.36M 1s
[8.394s]   7100K .......... .......... .......... .......... .......... 45% 12.0M 1s
[8.398s]   7150K .......... .......... .......... .......... .......... 46% 12.6M 1s
[8.402s]   7200K .......... .......... .......... .......... .......... 46% 12.2M 1s
[8.408s]   7250K .......... .......... .......... .......... .......... 46% 8.17M 1s
[8.410s]   7300K .......... .......... .......... .......... .......... 47% 18.9M 1s
[8.416s]   7350K .......... .......... .......... .......... .......... 47% 8.34M 1s
[8.420s]   7400K .......... .......... .......... .......... .......... 47% 23.6M 1s
[8.426s]   7450K .......... .......... .......... .......... .......... 47% 6.05M 1s
[8.435s]   7500K .......... .......... .......... .......... .......... 48% 5.34M 1s
[8.446s]   7550K .......... .......... .......... .......... .......... 48% 4.32M 1s
[8.452s]   7600K .......... .......... .......... .......... .......... 48% 8.95M 1s
[8.454s]   7650K .......... .......... .......... .......... .......... 49% 24.6M 1s
[8.459s]   7700K .......... .......... .......... .......... .......... 49% 9.77M 1s
[8.463s]   7750K .......... .......... .......... .......... .......... 49% 11.7M 1s
[8.469s]   7800K .......... .......... .......... .......... .......... 50% 10.9M 1s
[8.473s]   7850K .......... .......... .......... .......... .......... 50% 8.32M 1s
[8.478s]   7900K .......... .......... .......... .......... .......... 50% 11.4M 1s
[8.482s]   7950K .......... .......... .......... .......... .......... 51% 10.3M 1s
[8.486s]   8000K .......... .......... .......... .......... .......... 51% 13.5M 1s
[8.491s]   8050K .......... .......... .......... .......... .......... 51% 10.2M 1s
[8.495s]   8100K .......... .......... .......... .......... .......... 52% 11.5M 1s
[8.499s]   8150K .......... .......... .......... .......... .......... 52% 13.0M 1s
[8.505s]   8200K .......... .......... .......... .......... .......... 52% 10.4M 1s
[8.511s]   8250K .......... .......... .......... .......... .......... 53% 7.04M 1s
[8.513s]   8300K .......... .......... .......... .......... .......... 53% 18.0M 1s
[8.517s]   8350K .......... .......... .......... .......... .......... 53% 12.1M 1s
[8.521s]   8400K .......... .......... .......... .......... .......... 54% 11.3M 1s
[8.556s]   8450K .......... .......... .......... .......... .......... 54% 1.44M 1s
[8.557s]   8500K .......... .......... .......... .......... .......... 54% 38.9M 1s
[8.560s]   8550K .......... .......... .......... .......... .......... 55% 15.7M 1s
[8.564s]   8600K .......... .......... .......... .......... .......... 55% 18.5M 1s
[8.570s]   8650K .......... .......... .......... .......... .......... 55% 7.03M 1s
[8.576s]   8700K .......... .......... .......... .......... .......... 55% 7.87M 1s
[8.580s]   8750K .......... .......... .......... .......... .......... 56% 12.2M 1s
[8.584s]   8800K .......... .......... .......... .......... .......... 56% 12.4M 1s
[8.588s]   8850K .......... .......... .......... .......... .......... 56% 11.1M 1s
[8.592s]   8900K .......... .......... .......... .......... .......... 57% 11.6M 1s
[8.596s]   8950K .......... .......... .......... .......... .......... 57% 11.9M 1s
[8.602s]   9000K .......... .......... .......... .......... .......... 57% 12.4M 1s
[8.618s]   9050K .......... .......... .......... .......... .......... 58% 2.81M 1s
[8.622s]   9100K .......... .......... .......... .......... .......... 58% 11.7M 1s
[8.626s]   9150K .......... .......... .......... .......... .......... 58% 11.2M 1s
[8.631s]   9200K .......... .......... .......... .......... .......... 59% 11.4M 1s
[8.638s]   9250K .......... .......... .......... .......... .......... 59% 6.95M 1s
[8.651s]   9300K .......... .......... .......... .......... .......... 59% 3.64M 1s
[8.658s]   9350K .......... .......... .......... .......... .......... 60% 7.35M 1s
[8.662s]   9400K .......... .......... .......... .......... .......... 60% 12.5M 1s
[8.663s]   9450K .......... .......... .......... .......... .......... 60% 36.5M 1s
[8.675s]   9500K .......... .......... .......... .......... .......... 61% 4.03M 1s
[8.679s]   9550K .......... .......... .......... .......... .......... 61% 11.1M 1s
[8.685s]   9600K .......... .......... .......... .......... .......... 61% 9.42M 1s
[8.688s]   9650K .......... .......... .......... .......... .......... 62% 12.6M 1s
[8.693s]   9700K .......... .......... .......... .......... .......... 62% 11.9M 1s
[8.697s]   9750K .......... .......... .......... .......... .......... 62% 10.9M 1s
[8.702s]   9800K .......... .......... .......... .......... .......... 63% 14.2M 1s
[8.706s]   9850K .......... .......... .......... .......... .......... 63% 8.20M 1s
[8.712s]   9900K .......... .......... .......... .......... .......... 63% 9.60M 1s
[8.716s]   9950K .......... .......... .......... .......... .......... 63% 11.5M 1s
[8.719s]  10000K .......... .......... .......... .......... .......... 64% 16.3M 1s
[8.724s]  10050K .......... .......... .......... .......... .......... 64% 8.68M 1s
[8.728s]  10100K .......... .......... .......... .......... .......... 64% 13.9M 1s
[8.735s]  10150K .......... .......... .......... .......... .......... 65% 6.59M 1s
[8.742s]  10200K .......... .......... .......... .......... .......... 65% 7.69M 1s
[8.773s]  10250K .......... .......... .......... .......... .......... 65% 1.57M 1s
[8.776s]  10300K .......... .......... .......... .......... .......... 66% 17.1M 1s
[8.777s]  10350K .......... .......... .......... .......... .......... 66% 34.5M 1s
[8.788s]  10400K .......... .......... .......... .......... .......... 66% 4.34M 1s
[8.795s]  10450K .......... .......... .......... .......... .......... 67% 7.57M 1s
[8.802s]  10500K .......... .......... .......... .......... .......... 67% 6.27M 1s
[8.807s]  10550K .......... .......... .......... .......... .......... 67% 10.8M 1s
[8.812s]  10600K .......... .......... .......... .......... .......... 68% 11.1M 1s
[8.817s]  10650K .......... .......... .......... .......... .......... 68% 8.87M 1s
[8.821s]  10700K .......... .......... .......... .......... .......... 68% 13.2M 1s
[8.828s]  10750K .......... .......... .......... .......... .......... 69% 6.93M 1s
[8.830s]  10800K .......... .......... .......... .......... .......... 69% 25.7M 1s
[8.834s]  10850K .......... .......... .......... .......... .......... 69% 11.2M 1s
[8.838s]  10900K .......... .......... .......... .......... .......... 70% 13.6M 1s
[8.844s]  10950K .......... .......... .......... .......... .......... 70% 7.76M 1s
[8.864s]  11000K .......... .......... .......... .......... .......... 70% 2.44M 1s
[8.868s]  11050K .......... .......... .......... .......... .......... 71% 12.6M 1s
[8.869s]  11100K .......... .......... .......... .......... .......... 71% 31.2M 1s
[8.871s]  11150K .......... .......... .......... .......... .......... 71% 32.2M 1s
[8.879s]  11200K .......... .......... .......... .......... .......... 71% 5.79M 1s
[8.884s]  11250K .......... .......... .......... .......... .......... 72% 9.42M 1s
[8.890s]  11300K .......... .......... .......... .......... .......... 72% 9.44M 1s
[8.895s]  11350K .......... .......... .......... .......... .......... 72% 9.40M 1s
[8.900s]  11400K .......... .......... .......... .......... .......... 73% 14.7M 0s
[8.905s]  11450K .......... .......... .......... .......... .......... 73% 6.97M 0s
[8.908s]  11500K .......... .......... .......... .......... .......... 73% 16.2M 0s
[8.913s]  11550K .......... .......... .......... .......... .......... 74% 9.41M 0s
[8.916s]  11600K .......... .......... .......... .......... .......... 74% 15.5M 0s
[8.921s]  11650K .......... .......... .......... .......... .......... 74% 10.2M 0s
[8.929s]  11700K .......... .......... .......... .......... .......... 75% 6.26M 0s
[8.931s]  11750K .......... .......... .......... .......... .......... 75% 24.8M 0s
[8.935s]  11800K .......... .......... .......... .......... .......... 75% 13.8M 0s
[8.940s]  11850K .......... .......... .......... .......... .......... 76% 9.27M 0s
[8.947s]  11900K .......... .......... .......... .......... .......... 76% 7.05M 0s
[8.971s]  11950K .......... .......... .......... .......... .......... 76% 2.69M 0s
[8.971s]  12000K .......... .......... .......... .......... .......... 77% 8.23M 0s
[8.971s]  12050K .......... .......... .......... .......... .......... 77%  174M 0s
[8.985s]  12100K .......... .......... .......... .......... .......... 77% 3.59M 0s
[8.989s]  12150K .......... .......... .......... .......... .......... 78% 10.6M 0s
[8.998s]  12200K .......... .......... .......... .......... .......... 78% 8.37M 0s
[9.002s]  12250K .......... .......... .......... .......... .......... 78% 6.69M 0s
[9.007s]  12300K .......... .......... .......... .......... .......... 79% 11.9M 0s
[9.011s]  12350K .......... .......... .......... .......... .......... 79% 11.8M 0s
[9.015s]  12400K .......... .......... .......... .......... .......... 79% 10.2M 0s
[9.021s]  12450K .......... .......... .......... .......... .......... 79% 9.18M 0s
[9.024s]  12500K .......... .......... .......... .......... .......... 80% 15.4M 0s
[9.033s]  12550K .......... .......... .......... .......... .......... 80% 5.78M 0s
[9.034s]  12600K .......... .......... .......... .......... .......... 80% 75.7M 0s
[9.037s]  12650K .......... .......... .......... .......... .......... 81% 11.5M 0s
[9.042s]  12700K .......... .......... .......... .......... .......... 81% 10.1M 0s
[9.083s]  12750K .......... .......... .......... .......... .......... 81% 1.21M 0s
[9.083s]  12800K .......... .......... .......... .......... .......... 82%  144M 0s
[9.083s]  12850K .......... .......... .......... .......... .......... 82%  174M 0s
[9.083s]  12900K .......... .......... .......... .......... .......... 82%  172M 0s
[9.084s]  12950K .......... .......... .......... .......... .......... 83%  161M 0s
[9.088s]  13000K .......... .......... .......... .......... .......... 83% 17.0M 0s
[9.092s]  13050K .......... .......... .......... .......... .......... 83% 8.24M 0s
[9.097s]  13100K .......... .......... .......... .......... .......... 84% 11.8M 0s
[9.102s]  13150K .......... .......... .......... .......... .......... 84% 8.73M 0s
[9.108s]  13200K .......... .......... .......... .......... .......... 84% 8.00M 0s
[9.112s]  13250K .......... .......... .......... .......... .......... 85% 13.6M 0s
[9.121s]  13300K .......... .......... .......... .......... .......... 85% 5.08M 0s
[9.126s]  13350K .......... .......... .......... .......... .......... 85% 11.8M 0s
[9.131s]  13400K .......... .......... .......... .......... .......... 86% 9.84M 0s
[9.139s]  13450K .......... .......... .......... .......... .......... 86% 6.12M 0s
[9.143s]  13500K .......... .......... .......... .......... .......... 86% 11.6M 0s
[9.151s]  13550K .......... .......... .......... .......... .......... 87% 5.95M 0s
[9.184s]  13600K .......... .......... .......... .......... .......... 87% 1.50M 0s
[9.184s]  13650K .......... .......... .......... .......... .......... 87%  149M 0s
[9.184s]  13700K .......... .......... .......... .......... .......... 87%  137M 0s
[9.187s]  13750K .......... .......... .......... .......... .......... 88% 17.8M 0s
[9.196s]  13800K .......... .......... .......... .......... .......... 88% 8.37M 0s
[9.203s]  13850K .......... .......... .......... .......... .......... 88% 4.77M 0s
[9.209s]  13900K .......... .......... .......... .......... .......... 89% 7.86M 0s
[9.215s]  13950K .......... .......... .......... .......... .......... 89% 7.88M 0s
[9.223s]  14000K .......... .......... .......... .......... .......... 89% 6.46M 0s
[9.227s]  14050K .......... .......... .......... .......... .......... 90% 11.0M 0s
[9.235s]  14100K .......... .......... .......... .......... .......... 90% 6.51M 0s
[9.241s]  14150K .......... .......... .......... .......... .......... 90% 7.37M 0s
[9.289s]  14200K .......... .......... .......... .......... .......... 91% 8.22M 0s
[9.289s]  14250K .......... .......... .......... .......... .......... 91% 1.18M 0s
[9.289s]  14300K .......... .......... .......... .......... .......... 91%  159M 0s
[9.297s]  14350K .......... .......... .......... .......... .......... 92% 6.48M 0s
[9.303s]  14400K .......... .......... .......... .......... .......... 92% 7.33M 0s
[9.315s]  14450K .......... .......... .......... .......... .......... 92% 4.22M 0s
[9.323s]  14500K .......... .......... .......... .......... .......... 93% 6.23M 0s
[9.331s]  14550K .......... .......... .......... .......... .......... 93% 5.71M 0s
[9.344s]  14600K .......... .......... .......... .......... .......... 93% 5.28M 0s
[9.363s]  14650K .......... .......... .......... .......... .......... 94% 2.21M 0s
[9.367s]  14700K .......... .......... .......... .......... .......... 94% 11.8M 0s
[9.392s]  14750K .......... .......... .......... .......... .......... 94% 1.92M 0s
[9.403s]  14800K .......... .......... .......... .......... .......... 95% 4.31M 0s
[9.413s]  14850K .......... .......... .......... .......... .......... 95% 5.34M 0s
[9.420s]  14900K .......... .......... .......... .......... .......... 95% 6.38M 0s
[9.429s]  14950K .......... .......... .......... .......... .......... 95% 5.56M 0s
[9.445s]  15000K .......... .......... .......... .......... .......... 96% 4.47M 0s
[9.451s]  15050K .......... .......... .......... .......... .......... 96% 4.40M 0s
[9.487s]  15100K .......... .......... .......... .......... .......... 96% 1.38M 0s
[9.498s]  15150K .......... .......... .......... .......... .......... 97% 4.15M 0s
[9.511s]  15200K .......... .......... .......... .......... .......... 97% 3.72M 0s
[9.523s]  15250K .......... .......... .......... .......... .......... 97% 4.28M 0s
[9.533s]  15300K .......... .......... .......... .......... .......... 98% 4.97M 0s
[9.539s]  15350K .......... .......... .......... .......... .......... 98% 7.18M 0s
[9.551s]  15400K .......... .......... .......... .......... .......... 98% 6.02M 0s
[9.571s]  15450K .......... .......... .......... .......... .......... 99% 2.05M 0s
[9.582s]  15500K .......... .......... .......... .......... .......... 99% 4.65M 0s
[9.599s]  15550K .......... .......... .......... .......... .......... 99% 2.78M 0s
[9.605s]  15600K .......... .......... .....                           100% 4.85M=2.1s
[9.605s] 
[9.605s] 2026-02-15 15:24:08 (7.37 MB/s) - ‘/home/essivekkeli/multi_robot_slam_ws/build/multirobot_map_merge/2012-01-28-11-12-01.pgm’ saved [16000058/16000058]
[9.605s] 
[9.606s] Checking MD5 sum of /home/essivekkeli/multi_robot_slam_ws/build/multirobot_map_merge/2012-01-28-11-12-01.pgm
[9.634s] /home/essivekkeli/multi_robot_slam_ws/build/multirobot_map_merge/2012-01-28-11-12-01.pgm: OK
[9.639s] -- Found gtest sources under '/opt/ros/jazzy/src/gtest_vendor': C++ tests using 'Google Test' will be built
[9.645s] -- Found Threads: TRUE  
[9.654s] -- Added test 'cppcheck' to perform static code analysis on C / C++ code
[9.655s] -- Configured cppcheck include dirs: /home/essivekkeli/multi_robot_slam_ws/src/m-explore-ros2/m-explore-ros2-main/map_merge/include;$<BUILD_INTERFACE:/home/essivekkeli/multi_robot_slam_ws/src/m-explore-ros2/m-explore-ros2-main/map_merge/include>
[9.655s] -- Configured cppcheck exclude dirs and/or files: 
[9.657s] -- Added test 'flake8' to check Python code syntax and style conventions
[9.657s] -- Configured 'flake8' exclude dirs and/or files: 
[9.658s] -- Added test 'lint_cmake' to check CMake code style
[9.660s] -- Added test 'pep257' to check Python code against some of the docstring style conventions in PEP 257
[9.664s] -- Added test 'uncrustify' to check C / C++ code style
[9.664s] -- Configured uncrustify additional arguments: 
[9.665s] -- Added test 'xmllint' to check XML markup files
[9.670s] -- Configuring done (9.3s)
[9.829s] -- Generating done (0.1s)
[9.841s] -- Build files have been written to: /home/essivekkeli/multi_robot_slam_ws/build/multirobot_map_merge
[9.855s] Invoked command in '/home/essivekkeli/multi_robot_slam_ws/build/multirobot_map_merge' returned '0': CMAKE_PREFIX_PATH=${CMAKE_PREFIX_PATH}:/home/essivekkeli/multi_robot_slam_ws/install/multi_robot_slam_py:/opt/ros/jazzy DEBUGINFOD_URLS=https://debuginfod.ubuntu.com /usr/bin/cmake /home/essivekkeli/multi_robot_slam_ws/src/m-explore-ros2/m-explore-ros2-main/map_merge -DAMENT_CMAKE_SYMLINK_INSTALL=1 -DCMAKE_INSTALL_PREFIX=/home/essivekkeli/multi_robot_slam_ws/install/multirobot_map_merge
[9.857s] Invoking command in '/home/essivekkeli/multi_robot_slam_ws/build/multirobot_map_merge': CMAKE_PREFIX_PATH=${CMAKE_PREFIX_PATH}:/home/essivekkeli/multi_robot_slam_ws/install/multi_robot_slam_py:/opt/ros/jazzy DEBUGINFOD_URLS=https://debuginfod.ubuntu.com /usr/bin/cmake --build /home/essivekkeli/multi_robot_slam_ws/build/multirobot_map_merge -- -j8 -l8
[9.918s] [  8%] [32mBuilding CXX object CMakeFiles/combine_grids.dir/src/combine_grids/grid_compositor.cpp.o[0m
[11.245s] [ 16%] [32mBuilding CXX object CMakeFiles/combine_grids.dir/src/combine_grids/merging_pipeline.cpp.o[0m
[15.278s] [ 25%] [32mBuilding CXX object CMakeFiles/combine_grids.dir/src/combine_grids/grid_warper.cpp.o[0m
[16.454s] [ 33%] [32m[1mLinking CXX static library libcombine_grids.a[0m
[16.529s] [ 33%] Built target combine_grids
[16.553s] [ 41%] [32mBuilding CXX object gtest/CMakeFiles/gtest.dir/src/gtest-all.cc.o[0m
[20.733s] [ 50%] [32m[1mLinking CXX static library libgtest.a[0m
[20.831s] [ 50%] Built target gtest
[20.856s] [ 58%] [32mBuilding CXX object CMakeFiles/map_merge.dir/src/map_merge.cpp.o[0m
[34.679s] [ 66%] [32m[1mLinking CXX executable map_merge[0m
[35.874s] [ 66%] Built target map_merge
[35.901s] [ 75%] [32mBuilding CXX object gtest/CMakeFiles/gtest_main.dir/src/gtest_main.cc.o[0m
[36.923s] [ 83%] [32m[1mLinking CXX static library libgtest_main.a[0m
[36.997s] [ 83%] Built target gtest_main
[37.025s] [ 91%] [32mBuilding CXX object CMakeFiles/test_merging_pipeline.dir/test/test_merging_pipeline.cpp.o[0m
[42.157s] [100%] [32m[1mLinking CXX executable test_merging_pipeline[0m
[42.890s] [100%] Built target test_merging_pipeline
[42.904s] Invoked command in '/home/essivekkeli/multi_robot_slam_ws/build/multirobot_map_merge' returned '0': CMAKE_PREFIX_PATH=${CMAKE_PREFIX_PATH}:/home/essivekkeli/multi_robot_slam_ws/install/multi_robot_slam_py:/opt/ros/jazzy DEBUGINFOD_URLS=https://debuginfod.ubuntu.com /usr/bin/cmake --build /home/essivekkeli/multi_robot_slam_ws/build/multirobot_map_merge -- -j8 -l8
[42.906s] Invoking command in '/home/essivekkeli/multi_robot_slam_ws/build/multirobot_map_merge': CMAKE_PREFIX_PATH=${CMAKE_PREFIX_PATH}:/home/essivekkeli/multi_robot_slam_ws/install/multi_robot_slam_py:/opt/ros/jazzy DEBUGINFOD_URLS=https://debuginfod.ubuntu.com /usr/bin/cmake --install /home/essivekkeli/multi_robot_slam_ws/build/multirobot_map_merge
[42.915s] -- Install configuration: ""
[42.915s] -- Execute custom install script
[42.916s] -- Symlinking: /home/essivekkeli/multi_robot_slam_ws/install/multirobot_map_merge/include/map_merge//map_merge.h
[42.927s] -- Symlinking: /home/essivekkeli/multi_robot_slam_ws/install/multirobot_map_merge/include/map_merge//ros1_names.hpp
[42.938s] -- Symlinking: /home/essivekkeli/multi_robot_slam_ws/install/multirobot_map_merge/share/multirobot_map_merge/launch/from_map_server.launch.py
[42.948s] -- Symlinking: /home/essivekkeli/multi_robot_slam_ws/install/multirobot_map_merge/share/multirobot_map_merge/launch/map_merge.launch.py
[42.959s] -- Symlinking: /home/essivekkeli/multi_robot_slam_ws/install/multirobot_map_merge/share/multirobot_map_merge/launch/map_merge.rviz
[42.970s] -- Symlinking: /home/essivekkeli/multi_robot_slam_ws/install/multirobot_map_merge/share/multirobot_map_merge/launch/tb3_simulation/bringup_launch.py
[42.980s] -- Symlinking: /home/essivekkeli/multi_robot_slam_ws/install/multirobot_map_merge/share/multirobot_map_merge/launch/tb3_simulation/config/nav2_multirobot_params_1.yaml
[42.992s] -- Symlinking: /home/essivekkeli/multi_robot_slam_ws/install/multirobot_map_merge/share/multirobot_map_merge/launch/tb3_simulation/config/nav2_multirobot_params_2.yaml
[43.002s] -- Symlinking: /home/essivekkeli/multi_robot_slam_ws/install/multirobot_map_merge/share/multirobot_map_merge/launch/tb3_simulation/multi_tb3_simulation_launch.py
[43.013s] -- Symlinking: /home/essivekkeli/multi_robot_slam_ws/install/multirobot_map_merge/share/multirobot_map_merge/launch/tb3_simulation/slam_toolbox.py
[43.023s] -- Symlinking: /home/essivekkeli/multi_robot_slam_ws/install/multirobot_map_merge/share/multirobot_map_merge/launch/tb3_simulation/tb3_simulation_launch.py
[43.034s] -- Symlinking: /home/essivekkeli/multi_robot_slam_ws/install/multirobot_map_merge/share/multirobot_map_merge/launch/tb3_simulation/worlds/world_only.model
[43.044s] -- Symlinking: /home/essivekkeli/multi_robot_slam_ws/install/multirobot_map_merge/share/multirobot_map_merge/config/params.yaml
[43.055s] -- Symlinking: /home/essivekkeli/multi_robot_slam_ws/install/multirobot_map_merge/lib/multirobot_map_merge/map_merge
[43.066s] -- Symlinking: /home/essivekkeli/multi_robot_slam_ws/install/multirobot_map_merge/share/multirobot_map_merge/environment/library_path.sh
[43.077s] -- Symlinking: /home/essivekkeli/multi_robot_slam_ws/install/multirobot_map_merge/share/multirobot_map_merge/environment/library_path.dsv
[43.089s] -- Symlinking: /home/essivekkeli/multi_robot_slam_ws/install/multirobot_map_merge/share/ament_index/resource_index/package_run_dependencies/multirobot_map_merge
[43.100s] -- Symlinking: /home/essivekkeli/multi_robot_slam_ws/install/multirobot_map_merge/share/ament_index/resource_index/parent_prefix_path/multirobot_map_merge
[43.111s] -- Symlinking: /home/essivekkeli/multi_robot_slam_ws/install/multirobot_map_merge/share/multirobot_map_merge/environment/ament_prefix_path.sh
[43.122s] -- Symlinking: /home/essivekkeli/multi_robot_slam_ws/install/multirobot_map_merge/share/multirobot_map_merge/environment/ament_prefix_path.dsv
[43.132s] -- Symlinking: /home/essivekkeli/multi_robot_slam_ws/install/multirobot_map_merge/share/multirobot_map_merge/environment/path.sh
[43.143s] -- Symlinking: /home/essivekkeli/multi_robot_slam_ws/install/multirobot_map_merge/share/multirobot_map_merge/environment/path.dsv
[43.154s] -- Symlinking: /home/essivekkeli/multi_robot_slam_ws/install/multirobot_map_merge/share/multirobot_map_merge/local_setup.bash
[43.165s] -- Symlinking: /home/essivekkeli/multi_robot_slam_ws/install/multirobot_map_merge/share/multirobot_map_merge/local_setup.sh
[43.175s] -- Symlinking: /home/essivekkeli/multi_robot_slam_ws/install/multirobot_map_merge/share/multirobot_map_merge/local_setup.zsh
[43.187s] -- Symlinking: /home/essivekkeli/multi_robot_slam_ws/install/multirobot_map_merge/share/multirobot_map_merge/local_setup.dsv
[43.199s] -- Symlinking: /home/essivekkeli/multi_robot_slam_ws/install/multirobot_map_merge/share/multirobot_map_merge/package.dsv
[43.210s] -- Symlinking: /home/essivekkeli/multi_robot_slam_ws/install/multirobot_map_merge/share/ament_index/resource_index/packages/multirobot_map_merge
[43.221s] -- Symlinking: /home/essivekkeli/multi_robot_slam_ws/install/multirobot_map_merge/share/multirobot_map_merge/cmake/ament_cmake_export_include_directories-extras.cmake
[43.232s] -- Symlinking: /home/essivekkeli/multi_robot_slam_ws/install/multirobot_map_merge/share/multirobot_map_merge/cmake/ament_cmake_export_libraries-extras.cmake
[43.242s] -- Symlinking: /home/essivekkeli/multi_robot_slam_ws/install/multirobot_map_merge/share/multirobot_map_merge/cmake/multirobot_map_mergeConfig.cmake
[43.252s] -- Symlinking: /home/essivekkeli/multi_robot_slam_ws/install/multirobot_map_merge/share/multirobot_map_merge/cmake/multirobot_map_mergeConfig-version.cmake
[43.262s] -- Symlinking: /home/essivekkeli/multi_robot_slam_ws/install/multirobot_map_merge/share/multirobot_map_merge/package.xml
[43.273s] -- Installing: /home/essivekkeli/multi_robot_slam_ws/install/multirobot_map_merge/lib/libcombine_grids.a
[43.276s] Invoked command in '/home/essivekkeli/multi_robot_slam_ws/build/multirobot_map_merge' returned '0': CMAKE_PREFIX_PATH=${CMAKE_PREFIX_PATH}:/home/essivekkeli/multi_robot_slam_ws/install/multi_robot_slam_py:/opt/ros/jazzy DEBUGINFOD_URLS=https://debuginfod.ubuntu.com /usr/bin/cmake --install /home/essivekkeli/multi_robot_slam_ws/build/multirobot_map_merge
