[1.069s] Invoking command in '/home/essivekkeli/multi_robot_slam_ws/build/multi_robot_slam_py': DEBUGINFOD_URLS=https://debuginfod.ubuntu.com PYTHONPATH=/home/essivekkeli/multi_robot_slam_ws/build/multi_robot_slam_py/prefix_override:/usr/lib/python3/dist-packages/colcon_core/task/python/colcon_distutils_commands:/home/essivekkeli/multi_robot_slam_ws/install/multi_robot_slam_py/lib/python3.12/site-packages:${PYTHONPATH} /usr/bin/python3 -W ignore:setup.py install is deprecated -W ignore:easy_install command is deprecated setup.py develop --editable --build-directory /home/essivekkeli/multi_robot_slam_ws/build/multi_robot_slam_py/build --no-deps symlink_data
[1.485s] running develop
[1.766s] running egg_info
[1.766s] creating multi_robot_slam_py.egg-info
[1.798s] writing multi_robot_slam_py.egg-info/PKG-INFO
[1.798s] writing dependency_links to multi_robot_slam_py.egg-info/dependency_links.txt
[1.799s] writing requirements to multi_robot_slam_py.egg-info/requires.txt
[1.799s] writing top-level names to multi_robot_slam_py.egg-info/top_level.txt
[1.799s] writing manifest file 'multi_robot_slam_py.egg-info/SOURCES.txt'
[1.860s] reading manifest file 'multi_robot_slam_py.egg-info/SOURCES.txt'
[1.861s] writing manifest file 'multi_robot_slam_py.egg-info/SOURCES.txt'
[1.894s] running build_ext
[1.894s] Creating /home/essivekkeli/multi_robot_slam_ws/install/multi_robot_slam_py/lib/python3.12/site-packages/multi-robot-slam-py.egg-link (link to .)
[1.895s] 
[1.895s] Installed /home/essivekkeli/multi_robot_slam_ws/build/multi_robot_slam_py
[1.895s] running symlink_data
[1.895s] creating /home/essivekkeli/multi_robot_slam_ws/install/multi_robot_slam_py/share/ament_index
[1.896s] creating /home/essivekkeli/multi_robot_slam_ws/install/multi_robot_slam_py/share/ament_index/resource_index
[1.896s] creating /home/essivekkeli/multi_robot_slam_ws/install/multi_robot_slam_py/share/ament_index/resource_index/packages
[1.896s] symbolically linking /home/essivekkeli/multi_robot_slam_ws/build/multi_robot_slam_py/resource/multi_robot_slam_py -> /home/essivekkeli/multi_robot_slam_ws/install/multi_robot_slam_py/share/ament_index/resource_index/packages
[1.896s] symbolically linking /home/essivekkeli/multi_robot_slam_ws/build/multi_robot_slam_py/package.xml -> /home/essivekkeli/multi_robot_slam_ws/install/multi_robot_slam_py/share/multi_robot_slam_py
[1.953s] Invoked command in '/home/essivekkeli/multi_robot_slam_ws/build/multi_robot_slam_py' returned '0': DEBUGINFOD_URLS=https://debuginfod.ubuntu.com PYTHONPATH=/home/essivekkeli/multi_robot_slam_ws/build/multi_robot_slam_py/prefix_override:/usr/lib/python3/dist-packages/colcon_core/task/python/colcon_distutils_commands:/home/essivekkeli/multi_robot_slam_ws/install/multi_robot_slam_py/lib/python3.12/site-packages:${PYTHONPATH} /usr/bin/python3 -W ignore:setup.py install is deprecated -W ignore:easy_install command is deprecated setup.py develop --editable --build-directory /home/essivekkeli/multi_robot_slam_ws/build/multi_robot_slam_py/build --no-deps symlink_data
