[0.699s] Invoking command in '/home/aisl/Documents/multi_robot_slam_ws/src/multi_robot_slam_py': BYOBU_DATE=%Y-%m-%d DEBUGINFOD_URLS=https://debuginfod.ubuntu.com PS1=\[\e[38;5;202m\]$(byobu_prompt_status)\[\e[00m\]$(byobu_prompt_runtime) \[\e[38;5;245m\]\u\[\e[00m\]@\[\e[38;5;172m\]\h\[\e[00m\]:\[\e[38;5;5m\]\w\[\e[00m\]$(byobu_prompt_symbol) PYTHONPATH=/home/aisl/Documents/multi_robot_slam_ws/build/multi_robot_slam_py/prefix_override:/usr/lib/python3/dist-packages/colcon_core/task/python/colcon_distutils_commands:/home/aisl/Documents/multi_robot_slam_ws/install/multi_robot_slam_py/lib/python3.12/site-packages:${PYTHONPATH} /usr/bin/python3 -W ignore:setup.py install is deprecated -W ignore:easy_install command is deprecated setup.py egg_info --egg-base ../../build/multi_robot_slam_py build --build-base /home/aisl/Documents/multi_robot_slam_ws/build/multi_robot_slam_py/build install --record /home/aisl/Documents/multi_robot_slam_ws/build/multi_robot_slam_py/install.log --single-version-externally-managed install_data
[0.921s] running egg_info
[0.921s] creating ../../build/multi_robot_slam_py/multi_robot_slam_py.egg-info
[0.939s] writing ../../build/multi_robot_slam_py/multi_robot_slam_py.egg-info/PKG-INFO
[0.939s] writing dependency_links to ../../build/multi_robot_slam_py/multi_robot_slam_py.egg-info/dependency_links.txt
[0.940s] writing entry points to ../../build/multi_robot_slam_py/multi_robot_slam_py.egg-info/entry_points.txt
[0.940s] writing requirements to ../../build/multi_robot_slam_py/multi_robot_slam_py.egg-info/requires.txt
[0.940s] writing top-level names to ../../build/multi_robot_slam_py/multi_robot_slam_py.egg-info/top_level.txt
[0.940s] writing manifest file '../../build/multi_robot_slam_py/multi_robot_slam_py.egg-info/SOURCES.txt'
[0.977s] reading manifest file '../../build/multi_robot_slam_py/multi_robot_slam_py.egg-info/SOURCES.txt'
[0.977s] writing manifest file '../../build/multi_robot_slam_py/multi_robot_slam_py.egg-info/SOURCES.txt'
[0.977s] running build
[0.977s] running build_py
[0.977s] creating /home/aisl/Documents/multi_robot_slam_ws/build/multi_robot_slam_py/build
[0.978s] creating /home/aisl/Documents/multi_robot_slam_ws/build/multi_robot_slam_py/build/lib
[0.978s] creating /home/aisl/Documents/multi_robot_slam_ws/build/multi_robot_slam_py/build/lib/multi_robot_slam_py
[0.978s] copying multi_robot_slam_py/__init__.py -> /home/aisl/Documents/multi_robot_slam_ws/build/multi_robot_slam_py/build/lib/multi_robot_slam_py
[0.978s] copying multi_robot_slam_py/central_server.py -> /home/aisl/Documents/multi_robot_slam_ws/build/multi_robot_slam_py/build/lib/multi_robot_slam_py
[0.978s] running install
[0.983s] running install_lib
[1.001s] creating /home/aisl/Documents/multi_robot_slam_ws/install/multi_robot_slam_py/lib/python3.12/site-packages/multi_robot_slam_py
[1.002s] copying /home/aisl/Documents/multi_robot_slam_ws/build/multi_robot_slam_py/build/lib/multi_robot_slam_py/__init__.py -> /home/aisl/Documents/multi_robot_slam_ws/install/multi_robot_slam_py/lib/python3.12/site-packages/multi_robot_slam_py
[1.002s] copying /home/aisl/Documents/multi_robot_slam_ws/build/multi_robot_slam_py/build/lib/multi_robot_slam_py/central_server.py -> /home/aisl/Documents/multi_robot_slam_ws/install/multi_robot_slam_py/lib/python3.12/site-packages/multi_robot_slam_py
[1.002s] byte-compiling /home/aisl/Documents/multi_robot_slam_ws/install/multi_robot_slam_py/lib/python3.12/site-packages/multi_robot_slam_py/__init__.py to __init__.cpython-312.pyc
[1.002s] byte-compiling /home/aisl/Documents/multi_robot_slam_ws/install/multi_robot_slam_py/lib/python3.12/site-packages/multi_robot_slam_py/central_server.py to central_server.cpython-312.pyc
[1.003s] running install_data
[1.003s] creating /home/aisl/Documents/multi_robot_slam_ws/install/multi_robot_slam_py/share/ament_index
[1.003s] creating /home/aisl/Documents/multi_robot_slam_ws/install/multi_robot_slam_py/share/ament_index/resource_index
[1.003s] creating /home/aisl/Documents/multi_robot_slam_ws/install/multi_robot_slam_py/share/ament_index/resource_index/packages
[1.003s] copying resource/multi_robot_slam_py -> /home/aisl/Documents/multi_robot_slam_ws/install/multi_robot_slam_py/share/ament_index/resource_index/packages
[1.003s] copying package.xml -> /home/aisl/Documents/multi_robot_slam_ws/install/multi_robot_slam_py/share/multi_robot_slam_py
[1.004s] running install_egg_info
[1.023s] Copying ../../build/multi_robot_slam_py/multi_robot_slam_py.egg-info to /home/aisl/Documents/multi_robot_slam_ws/install/multi_robot_slam_py/lib/python3.12/site-packages/multi_robot_slam_py-0.0.1-py3.12.egg-info
[1.023s] running install_scripts
[1.138s] Installing central_server script to /home/aisl/Documents/multi_robot_slam_ws/install/multi_robot_slam_py/lib/multi_robot_slam_py
[1.138s] writing list of installed files to '/home/aisl/Documents/multi_robot_slam_ws/build/multi_robot_slam_py/install.log'
[1.156s] Invoked command in '/home/aisl/Documents/multi_robot_slam_ws/src/multi_robot_slam_py' returned '0': BYOBU_DATE=%Y-%m-%d DEBUGINFOD_URLS=https://debuginfod.ubuntu.com PS1=\[\e[38;5;202m\]$(byobu_prompt_status)\[\e[00m\]$(byobu_prompt_runtime) \[\e[38;5;245m\]\u\[\e[00m\]@\[\e[38;5;172m\]\h\[\e[00m\]:\[\e[38;5;5m\]\w\[\e[00m\]$(byobu_prompt_symbol) PYTHONPATH=/home/aisl/Documents/multi_robot_slam_ws/build/multi_robot_slam_py/prefix_override:/usr/lib/python3/dist-packages/colcon_core/task/python/colcon_distutils_commands:/home/aisl/Documents/multi_robot_slam_ws/install/multi_robot_slam_py/lib/python3.12/site-packages:${PYTHONPATH} /usr/bin/python3 -W ignore:setup.py install is deprecated -W ignore:easy_install command is deprecated setup.py egg_info --egg-base ../../build/multi_robot_slam_py build --build-base /home/aisl/Documents/multi_robot_slam_ws/build/multi_robot_slam_py/build install --record /home/aisl/Documents/multi_robot_slam_ws/build/multi_robot_slam_py/install.log --single-version-externally-managed install_data
