[0.027s] Invoking command in '/home/essivekkeli/multi_robot_slam_ws/build/explore_lite': CMAKE_PREFIX_PATH=${CMAKE_PREFIX_PATH}:/home/essivekkeli/multi_robot_slam_ws/install/multi_robot_slam_py:/opt/ros/jazzy DEBUGINFOD_URLS=https://debuginfod.ubuntu.com /usr/bin/cmake /home/essivekkeli/multi_robot_slam_ws/src/m-explore-ros2/m-explore-ros2-main/explore -DAMENT_CMAKE_SYMLINK_INSTALL=1 -DCMAKE_INSTALL_PREFIX=/home/essivekkeli/multi_robot_slam_ws/install/explore_lite
[0.329s] -- The C compiler identification is GNU 13.3.0
[0.329s] -- The CXX compiler identification is GNU 13.3.0
[0.329s] -- Detecting C compiler ABI info
[0.330s] -- Detecting C compiler ABI info - done
[0.330s] -- Check for working C compiler: /usr/bin/cc - skipped
[0.330s] -- Detecting C compile features
[0.330s] -- Detecting C compile features - done
[0.331s] -- Detecting CXX compiler ABI info
[0.450s] -- Detecting CXX compiler ABI info - done
[0.472s] -- Check for working CXX compiler: /usr/bin/c++ - skipped
[0.472s] -- Detecting CXX compile features
[0.473s] -- Detecting CXX compile features - done
[0.474s] -- BuilD for ROS2: jazzy
[0.481s] -- Found ament_cmake: 2.5.4 (/opt/ros/jazzy/share/ament_cmake/cmake)
[0.701s] -- Found Python3: /usr/bin/python3 (found version "3.12.3") found components: Interpreter 
[0.810s] -- Override CMake install command with custom implementation using symlinks instead of copying resources
[0.876s] -- Found rclcpp: 28.1.13 (/opt/ros/jazzy/share/rclcpp/cmake)
[0.948s] -- Found rosidl_generator_c: 4.6.6 (/opt/ros/jazzy/share/rosidl_generator_c/cmake)
[0.971s] -- Found rosidl_generator_cpp: 4.6.6 (/opt/ros/jazzy/share/rosidl_generator_cpp/cmake)
[0.997s] -- Using all available rosidl_typesupport_c: rosidl_typesupport_fastrtps_c;rosidl_typesupport_introspection_c
[1.027s] -- Using all available rosidl_typesupport_cpp: rosidl_typesupport_fastrtps_cpp;rosidl_typesupport_introspection_cpp
[1.152s] -- Found rmw_implementation_cmake: 7.3.2 (/opt/ros/jazzy/share/rmw_implementation_cmake/cmake)
[1.158s] -- Found rmw_fastrtps_cpp: 8.4.3 (/opt/ros/jazzy/share/rmw_fastrtps_cpp/cmake)
[1.284s] -- Found OpenSSL: /usr/lib/x86_64-linux-gnu/libcrypto.so (found version "3.0.13")  
[1.312s] -- Found FastRTPS: /opt/ros/jazzy/include (Required is at least version "2.13") 
[1.344s] -- Using RMW implementation 'rmw_fastrtps_cpp' as default
[1.455s] -- Found std_msgs: 5.3.6 (/opt/ros/jazzy/share/std_msgs/cmake)
[1.476s] -- Found sensor_msgs: 5.3.6 (/opt/ros/jazzy/share/sensor_msgs/cmake)
[1.540s] -- Found tf2_ros: 0.36.16 (/opt/ros/jazzy/share/tf2_ros/cmake)
[1.810s] -- Found tf2_geometry_msgs: 0.36.16 (/opt/ros/jazzy/share/tf2_geometry_msgs/cmake)
[1.842s] -- Found eigen3_cmake_module: 0.3.0 (/opt/ros/jazzy/share/eigen3_cmake_module/cmake)
[1.844s] -- Found Eigen3: TRUE (found version "3.4.0") 
[1.844s] -- Ensuring Eigen3 include directory is part of orocos-kdl CMake target
[1.851s] -- Found nav2_msgs: 1.3.10 (/opt/ros/jazzy/share/nav2_msgs/cmake)
[2.031s] -- Found map_msgs: 2.4.1 (/opt/ros/jazzy/share/map_msgs/cmake)
[2.082s] -- Found visualization_msgs: 5.3.6 (/opt/ros/jazzy/share/visualization_msgs/cmake)
[2.127s] -- Found nav2_costmap_2d: 1.3.10 (/opt/ros/jazzy/share/nav2_costmap_2d/cmake)
[2.417s] -- Found ament_lint_auto: 0.17.3 (/opt/ros/jazzy/share/ament_lint_auto/cmake)
[2.567s] -- Found ament_cmake_gtest: 2.5.4 (/opt/ros/jazzy/share/ament_cmake_gtest/cmake)
[2.573s] -- Found gtest sources under '/opt/ros/jazzy/src/gtest_vendor': C++ tests using 'Google Test' will be built
[2.578s] -- Performing Test CMAKE_HAVE_LIBC_PTHREAD
[2.696s] -- Performing Test CMAKE_HAVE_LIBC_PTHREAD - Success
[2.699s] -- Found Threads: TRUE  
[2.718s] -- Added test 'cppcheck' to perform static code analysis on C / C++ code
[2.718s] -- Configured cppcheck include dirs: /home/essivekkeli/multi_robot_slam_ws/src/m-explore-ros2/m-explore-ros2-main/explore/include;$<BUILD_INTERFACE:/home/essivekkeli/multi_robot_slam_ws/src/m-explore-ros2/m-explore-ros2-main/explore/include>
[2.718s] -- Configured cppcheck exclude dirs and/or files: 
[2.720s] -- Added test 'flake8' to check Python code syntax and style conventions
[2.720s] -- Configured 'flake8' exclude dirs and/or files: 
[2.721s] -- Added test 'lint_cmake' to check CMake code style
[2.723s] -- Added test 'pep257' to check Python code against some of the docstring style conventions in PEP 257
[2.726s] -- Added test 'uncrustify' to check C / C++ code style
[2.726s] -- Configured uncrustify additional arguments: 
[2.727s] -- Added test 'xmllint' to check XML markup files
[2.732s] -- Configuring done (2.7s)
[2.882s] -- Generating done (0.1s)
[2.894s] -- Build files have been written to: /home/essivekkeli/multi_robot_slam_ws/build/explore_lite
[2.910s] Invoked command in '/home/essivekkeli/multi_robot_slam_ws/build/explore_lite' returned '0': CMAKE_PREFIX_PATH=${CMAKE_PREFIX_PATH}:/home/essivekkeli/multi_robot_slam_ws/install/multi_robot_slam_py:/opt/ros/jazzy DEBUGINFOD_URLS=https://debuginfod.ubuntu.com /usr/bin/cmake /home/essivekkeli/multi_robot_slam_ws/src/m-explore-ros2/m-explore-ros2-main/explore -DAMENT_CMAKE_SYMLINK_INSTALL=1 -DCMAKE_INSTALL_PREFIX=/home/essivekkeli/multi_robot_slam_ws/install/explore_lite
[2.912s] Invoking command in '/home/essivekkeli/multi_robot_slam_ws/build/explore_lite': CMAKE_PREFIX_PATH=${CMAKE_PREFIX_PATH}:/home/essivekkeli/multi_robot_slam_ws/install/multi_robot_slam_py:/opt/ros/jazzy DEBUGINFOD_URLS=https://debuginfod.ubuntu.com /usr/bin/cmake --build /home/essivekkeli/multi_robot_slam_ws/build/explore_lite -- -j8 -l8
[2.975s] [ 10%] [32mBuilding CXX object CMakeFiles/explore.dir/src/costmap_client.cpp.o[0m
[15.929s] [ 20%] [32mBuilding CXX object CMakeFiles/explore.dir/src/frontier_search.cpp.o[0m
[21.448s] [ 30%] [32mBuilding CXX object CMakeFiles/explore.dir/src/explore.cpp.o[0m
[34.951s] [ 40%] [32m[1mLinking CXX executable explore[0m
[37.178s] [ 40%] Built target explore
[37.202s] [ 50%] [32mBuilding CXX object gtest/CMakeFiles/gtest.dir/src/gtest-all.cc.o[0m
[40.970s] [ 60%] [32m[1mLinking CXX static library libgtest.a[0m
[41.068s] [ 60%] Built target gtest
[41.092s] [ 70%] [32mBuilding CXX object gtest/CMakeFiles/gtest_main.dir/src/gtest_main.cc.o[0m
[41.794s] [ 80%] [32m[1mLinking CXX static library libgtest_main.a[0m
[41.864s] [ 80%] Built target gtest_main
[41.889s] [ 90%] [32mBuilding CXX object CMakeFiles/test_explore.dir/test/test_explore.cpp.o[0m
[43.259s] [100%] [32m[1mLinking CXX executable test_explore[0m
[44.181s] [100%] Built target test_explore
[44.194s] Invoked command in '/home/essivekkeli/multi_robot_slam_ws/build/explore_lite' returned '0': CMAKE_PREFIX_PATH=${CMAKE_PREFIX_PATH}:/home/essivekkeli/multi_robot_slam_ws/install/multi_robot_slam_py:/opt/ros/jazzy DEBUGINFOD_URLS=https://debuginfod.ubuntu.com /usr/bin/cmake --build /home/essivekkeli/multi_robot_slam_ws/build/explore_lite -- -j8 -l8
[44.195s] Invoking command in '/home/essivekkeli/multi_robot_slam_ws/build/explore_lite': CMAKE_PREFIX_PATH=${CMAKE_PREFIX_PATH}:/home/essivekkeli/multi_robot_slam_ws/install/multi_robot_slam_py:/opt/ros/jazzy DEBUGINFOD_URLS=https://debuginfod.ubuntu.com /usr/bin/cmake --install /home/essivekkeli/multi_robot_slam_ws/build/explore_lite
[44.204s] -- Install configuration: ""
[44.205s] -- Execute custom install script
[44.205s] -- Symlinking: /home/essivekkeli/multi_robot_slam_ws/install/explore_lite/include/explore//costmap_client.h
[44.219s] -- Symlinking: /home/essivekkeli/multi_robot_slam_ws/install/explore_lite/include/explore//costmap_tools.h
[44.229s] -- Symlinking: /home/essivekkeli/multi_robot_slam_ws/install/explore_lite/include/explore//explore.h
[44.240s] -- Symlinking: /home/essivekkeli/multi_robot_slam_ws/install/explore_lite/include/explore//frontier_search.h
[44.252s] -- Symlinking: /home/essivekkeli/multi_robot_slam_ws/install/explore_lite/share/explore_lite/config/params.yaml
[44.262s] -- Symlinking: /home/essivekkeli/multi_robot_slam_ws/install/explore_lite/share/explore_lite/config/params_costmap.yaml
[44.272s] -- Symlinking: /home/essivekkeli/multi_robot_slam_ws/install/explore_lite/share/explore_lite/launch/explore.launch.py
[44.282s] -- Symlinking: /home/essivekkeli/multi_robot_slam_ws/install/explore_lite/lib/explore_lite/explore
[44.292s] -- Symlinking: /home/essivekkeli/multi_robot_slam_ws/install/explore_lite/share/ament_index/resource_index/package_run_dependencies/explore_lite
[44.302s] -- Symlinking: /home/essivekkeli/multi_robot_slam_ws/install/explore_lite/share/ament_index/resource_index/parent_prefix_path/explore_lite
[44.312s] -- Symlinking: /home/essivekkeli/multi_robot_slam_ws/install/explore_lite/share/explore_lite/environment/ament_prefix_path.sh
[44.322s] -- Symlinking: /home/essivekkeli/multi_robot_slam_ws/install/explore_lite/share/explore_lite/environment/ament_prefix_path.dsv
[44.332s] -- Symlinking: /home/essivekkeli/multi_robot_slam_ws/install/explore_lite/share/explore_lite/environment/path.sh
[44.342s] -- Symlinking: /home/essivekkeli/multi_robot_slam_ws/install/explore_lite/share/explore_lite/environment/path.dsv
[44.353s] -- Symlinking: /home/essivekkeli/multi_robot_slam_ws/install/explore_lite/share/explore_lite/local_setup.bash
[44.363s] -- Symlinking: /home/essivekkeli/multi_robot_slam_ws/install/explore_lite/share/explore_lite/local_setup.sh
[44.373s] -- Symlinking: /home/essivekkeli/multi_robot_slam_ws/install/explore_lite/share/explore_lite/local_setup.zsh
[44.383s] -- Symlinking: /home/essivekkeli/multi_robot_slam_ws/install/explore_lite/share/explore_lite/local_setup.dsv
[44.393s] -- Symlinking: /home/essivekkeli/multi_robot_slam_ws/install/explore_lite/share/explore_lite/package.dsv
[44.404s] -- Symlinking: /home/essivekkeli/multi_robot_slam_ws/install/explore_lite/share/ament_index/resource_index/packages/explore_lite
[44.415s] -- Symlinking: /home/essivekkeli/multi_robot_slam_ws/install/explore_lite/share/explore_lite/cmake/ament_cmake_export_include_directories-extras.cmake
[44.425s] -- Symlinking: /home/essivekkeli/multi_robot_slam_ws/install/explore_lite/share/explore_lite/cmake/explore_liteConfig.cmake
[44.435s] -- Symlinking: /home/essivekkeli/multi_robot_slam_ws/install/explore_lite/share/explore_lite/cmake/explore_liteConfig-version.cmake
[44.445s] -- Symlinking: /home/essivekkeli/multi_robot_slam_ws/install/explore_lite/share/explore_lite/package.xml
[44.458s] Invoked command in '/home/essivekkeli/multi_robot_slam_ws/build/explore_lite' returned '0': CMAKE_PREFIX_PATH=${CMAKE_PREFIX_PATH}:/home/essivekkeli/multi_robot_slam_ws/install/multi_robot_slam_py:/opt/ros/jazzy DEBUGINFOD_URLS=https://debuginfod.ubuntu.com /usr/bin/cmake --install /home/essivekkeli/multi_robot_slam_ws/build/explore_lite
