[0.078s] DEBUG:colcon:Command line arguments: ['/usr/bin/colcon', 'build', '--symlink-install']
[0.078s] DEBUG:colcon:Parsed command line arguments: Namespace(log_base=None, log_level=None, verb_name='build', build_base='build', install_base='install', merge_install=False, symlink_install=True, test_result_base=None, continue_on_error=False, executor='parallel', parallel_workers=20, event_handlers=None, ignore_user_meta=False, metas=['./colcon.meta'], base_paths=['.'], packages_ignore=None, packages_ignore_regex=None, paths=None, packages_up_to=None, packages_up_to_regex=None, packages_above=None, packages_above_and_dependencies=None, packages_above_depth=None, packages_select_by_dep=None, packages_skip_by_dep=None, packages_skip_up_to=None, packages_select_build_failed=False, packages_skip_build_finished=False, packages_select_test_failures=False, packages_skip_test_passed=False, packages_select=None, packages_skip=None, packages_select_regex=None, packages_skip_regex=None, packages_start=None, packages_end=None, allow_overriding=[], cmake_args=None, cmake_target=None, cmake_target_skip_unavailable=False, cmake_clean_cache=False, cmake_clean_first=False, cmake_force_configure=False, ament_cmake_args=None, catkin_cmake_args=None, catkin_skip_building_tests=False, mixin_files=None, mixin=None, verb_parser=<colcon_mixin.mixin.mixin_argument.MixinArgumentDecorator object at 0x75f45c50f290>, verb_extension=<colcon_core.verb.build.BuildVerb object at 0x75f45c50ee70>, main=<bound method BuildVerb.main of <colcon_core.verb.build.BuildVerb object at 0x75f45c50ee70>>, mixin_verb=('build',))
[0.104s] Level 1:colcon.colcon_core.package_discovery:discover_packages(colcon_meta) check parameters
[0.104s] Level 1:colcon.colcon_core.package_discovery:discover_packages(recursive) check parameters
[0.104s] Level 1:colcon.colcon_core.package_discovery:discover_packages(ignore) check parameters
[0.104s] Level 1:colcon.colcon_core.package_discovery:discover_packages(path) check parameters
[0.104s] Level 1:colcon.colcon_core.package_discovery:discover_packages(colcon_meta) discover
[0.104s] Level 1:colcon.colcon_core.package_discovery:discover_packages(recursive) discover
[0.104s] INFO:colcon.colcon_core.package_discovery:Crawling recursively for packages in '/home/aisl/Documents/multi_robot_slam_ws'
[0.104s] Level 1:colcon.colcon_core.package_identification:_identify(.) by extensions ['ignore', 'ignore_ament_install']
[0.104s] Level 1:colcon.colcon_core.package_identification:_identify(.) by extension 'ignore'
[0.104s] Level 1:colcon.colcon_core.package_identification:_identify(.) by extension 'ignore_ament_install'
[0.104s] Level 1:colcon.colcon_core.package_identification:_identify(.) by extensions ['colcon_pkg']
[0.104s] Level 1:colcon.colcon_core.package_identification:_identify(.) by extension 'colcon_pkg'
[0.104s] Level 1:colcon.colcon_core.package_identification:_identify(.) by extensions ['colcon_meta']
[0.104s] Level 1:colcon.colcon_core.package_identification:_identify(.) by extension 'colcon_meta'
[0.104s] Level 1:colcon.colcon_core.package_identification:_identify(.) by extensions ['ros']
[0.104s] Level 1:colcon.colcon_core.package_identification:_identify(.) by extension 'ros'
[0.121s] Level 1:colcon.colcon_core.package_identification:_identify(.) by extensions ['cmake', 'python']
[0.121s] Level 1:colcon.colcon_core.package_identification:_identify(.) by extension 'cmake'
[0.121s] Level 1:colcon.colcon_core.package_identification:_identify(.) by extension 'python'
[0.121s] Level 1:colcon.colcon_core.package_identification:_identify(.) by extensions ['python_setup_py']
[0.121s] Level 1:colcon.colcon_core.package_identification:_identify(.) by extension 'python_setup_py'
[0.122s] Level 1:colcon.colcon_core.package_identification:_identify(build) by extensions ['ignore', 'ignore_ament_install']
[0.122s] Level 1:colcon.colcon_core.package_identification:_identify(build) by extension 'ignore'
[0.122s] Level 1:colcon.colcon_core.package_identification:_identify(build) ignored
[0.122s] Level 1:colcon.colcon_core.package_identification:_identify(docs) by extensions ['ignore', 'ignore_ament_install']
[0.122s] Level 1:colcon.colcon_core.package_identification:_identify(docs) by extension 'ignore'
[0.122s] Level 1:colcon.colcon_core.package_identification:_identify(docs) by extension 'ignore_ament_install'
[0.122s] Level 1:colcon.colcon_core.package_identification:_identify(docs) by extensions ['colcon_pkg']
[0.122s] Level 1:colcon.colcon_core.package_identification:_identify(docs) by extension 'colcon_pkg'
[0.122s] Level 1:colcon.colcon_core.package_identification:_identify(docs) by extensions ['colcon_meta']
[0.122s] Level 1:colcon.colcon_core.package_identification:_identify(docs) by extension 'colcon_meta'
[0.122s] Level 1:colcon.colcon_core.package_identification:_identify(docs) by extensions ['ros']
[0.122s] Level 1:colcon.colcon_core.package_identification:_identify(docs) by extension 'ros'
[0.122s] Level 1:colcon.colcon_core.package_identification:_identify(docs) by extensions ['cmake', 'python']
[0.122s] Level 1:colcon.colcon_core.package_identification:_identify(docs) by extension 'cmake'
[0.122s] Level 1:colcon.colcon_core.package_identification:_identify(docs) by extension 'python'
[0.122s] Level 1:colcon.colcon_core.package_identification:_identify(docs) by extensions ['python_setup_py']
[0.122s] Level 1:colcon.colcon_core.package_identification:_identify(docs) by extension 'python_setup_py'
[0.122s] Level 1:colcon.colcon_core.package_identification:_identify(install) by extensions ['ignore', 'ignore_ament_install']
[0.122s] Level 1:colcon.colcon_core.package_identification:_identify(install) by extension 'ignore'
[0.122s] Level 1:colcon.colcon_core.package_identification:_identify(install) ignored
[0.122s] Level 1:colcon.colcon_core.package_identification:_identify(log) by extensions ['ignore', 'ignore_ament_install']
[0.122s] Level 1:colcon.colcon_core.package_identification:_identify(log) by extension 'ignore'
[0.122s] Level 1:colcon.colcon_core.package_identification:_identify(log) ignored
[0.122s] Level 1:colcon.colcon_core.package_identification:_identify(src) by extensions ['ignore', 'ignore_ament_install']
[0.123s] Level 1:colcon.colcon_core.package_identification:_identify(src) by extension 'ignore'
[0.123s] Level 1:colcon.colcon_core.package_identification:_identify(src) by extension 'ignore_ament_install'
[0.123s] Level 1:colcon.colcon_core.package_identification:_identify(src) by extensions ['colcon_pkg']
[0.123s] Level 1:colcon.colcon_core.package_identification:_identify(src) by extension 'colcon_pkg'
[0.123s] Level 1:colcon.colcon_core.package_identification:_identify(src) by extensions ['colcon_meta']
[0.123s] Level 1:colcon.colcon_core.package_identification:_identify(src) by extension 'colcon_meta'
[0.123s] Level 1:colcon.colcon_core.package_identification:_identify(src) by extensions ['ros']
[0.123s] Level 1:colcon.colcon_core.package_identification:_identify(src) by extension 'ros'
[0.123s] Level 1:colcon.colcon_core.package_identification:_identify(src) by extensions ['cmake', 'python']
[0.123s] Level 1:colcon.colcon_core.package_identification:_identify(src) by extension 'cmake'
[0.123s] Level 1:colcon.colcon_core.package_identification:_identify(src) by extension 'python'
[0.123s] Level 1:colcon.colcon_core.package_identification:_identify(src) by extensions ['python_setup_py']
[0.123s] Level 1:colcon.colcon_core.package_identification:_identify(src) by extension 'python_setup_py'
[0.123s] Level 1:colcon.colcon_core.package_identification:_identify(src/multi_robot_slam) by extensions ['ignore', 'ignore_ament_install']
[0.123s] Level 1:colcon.colcon_core.package_identification:_identify(src/multi_robot_slam) by extension 'ignore'
[0.123s] Level 1:colcon.colcon_core.package_identification:_identify(src/multi_robot_slam) by extension 'ignore_ament_install'
[0.123s] Level 1:colcon.colcon_core.package_identification:_identify(src/multi_robot_slam) by extensions ['colcon_pkg']
[0.123s] Level 1:colcon.colcon_core.package_identification:_identify(src/multi_robot_slam) by extension 'colcon_pkg'
[0.123s] Level 1:colcon.colcon_core.package_identification:_identify(src/multi_robot_slam) by extensions ['colcon_meta']
[0.123s] Level 1:colcon.colcon_core.package_identification:_identify(src/multi_robot_slam) by extension 'colcon_meta'
[0.123s] Level 1:colcon.colcon_core.package_identification:_identify(src/multi_robot_slam) by extensions ['ros']
[0.123s] Level 1:colcon.colcon_core.package_identification:_identify(src/multi_robot_slam) by extension 'ros'
[0.125s] DEBUG:colcon.colcon_core.package_identification:Package 'src/multi_robot_slam' with type 'ros.ament_cmake' and name 'multi_robot_slam'
[0.125s] Level 1:colcon.colcon_core.package_identification:_identify(src/multi_robot_slam_py) by extensions ['ignore', 'ignore_ament_install']
[0.125s] Level 1:colcon.colcon_core.package_identification:_identify(src/multi_robot_slam_py) by extension 'ignore'
[0.125s] Level 1:colcon.colcon_core.package_identification:_identify(src/multi_robot_slam_py) by extension 'ignore_ament_install'
[0.125s] Level 1:colcon.colcon_core.package_identification:_identify(src/multi_robot_slam_py) by extensions ['colcon_pkg']
[0.125s] Level 1:colcon.colcon_core.package_identification:_identify(src/multi_robot_slam_py) by extension 'colcon_pkg'
[0.125s] Level 1:colcon.colcon_core.package_identification:_identify(src/multi_robot_slam_py) by extensions ['colcon_meta']
[0.125s] Level 1:colcon.colcon_core.package_identification:_identify(src/multi_robot_slam_py) by extension 'colcon_meta'
[0.125s] Level 1:colcon.colcon_core.package_identification:_identify(src/multi_robot_slam_py) by extensions ['ros']
[0.126s] Level 1:colcon.colcon_core.package_identification:_identify(src/multi_robot_slam_py) by extension 'ros'
[0.126s] DEBUG:colcon.colcon_core.package_identification:Package 'src/multi_robot_slam_py' with type 'ros.ament_python' and name 'multi_robot_slam_py'
[0.126s] Level 1:colcon.colcon_core.package_discovery:discover_packages(recursive) using defaults
[0.126s] Level 1:colcon.colcon_core.package_discovery:discover_packages(ignore) discover
[0.126s] Level 1:colcon.colcon_core.package_discovery:discover_packages(ignore) using defaults
[0.126s] Level 1:colcon.colcon_core.package_discovery:discover_packages(path) discover
[0.126s] Level 1:colcon.colcon_core.package_discovery:discover_packages(path) using defaults
[0.138s] Level 1:colcon.colcon_core.package_discovery:discover_packages(prefix_path) check parameters
[0.138s] Level 1:colcon.colcon_core.package_discovery:discover_packages(prefix_path) discover
[0.139s] WARNING:colcon.colcon_ros.prefix_path.ament:The path '/home/aisl/Documents/multi_robot_slam_ws/install/multi_robot_slam_py' in the environment variable AMENT_PREFIX_PATH doesn't exist
[0.139s] WARNING:colcon.colcon_ros.prefix_path.ament:The path '/home/aisl/Documents/multi_robot_slam_ws/install/multi_robot_slam' in the environment variable AMENT_PREFIX_PATH doesn't exist
[0.139s] WARNING:colcon.colcon_ros.prefix_path.catkin:The path '/home/aisl/Documents/multi_robot_slam_ws/install/multi_robot_slam' in the environment variable CMAKE_PREFIX_PATH doesn't exist
[0.139s] DEBUG:colcon.colcon_installed_package_information.package_discovery:Found 0 installed packages in /home/aisl/Documents/multi_robot_slam_ws/install
[0.141s] DEBUG:colcon.colcon_installed_package_information.package_discovery:Found 388 installed packages in /opt/ros/jazzy
[0.141s] Level 1:colcon.colcon_core.package_discovery:discover_packages(prefix_path) using defaults
[0.181s] Level 5:colcon.colcon_core.verb:set package 'multi_robot_slam' build argument 'cmake_args' from command line to 'None'
[0.181s] Level 5:colcon.colcon_core.verb:set package 'multi_robot_slam' build argument 'cmake_target' from command line to 'None'
[0.181s] Level 5:colcon.colcon_core.verb:set package 'multi_robot_slam' build argument 'cmake_target_skip_unavailable' from command line to 'False'
[0.181s] Level 5:colcon.colcon_core.verb:set package 'multi_robot_slam' build argument 'cmake_clean_cache' from command line to 'False'
[0.181s] Level 5:colcon.colcon_core.verb:set package 'multi_robot_slam' build argument 'cmake_clean_first' from command line to 'False'
[0.181s] Level 5:colcon.colcon_core.verb:set package 'multi_robot_slam' build argument 'cmake_force_configure' from command line to 'False'
[0.181s] Level 5:colcon.colcon_core.verb:set package 'multi_robot_slam' build argument 'ament_cmake_args' from command line to 'None'
[0.181s] Level 5:colcon.colcon_core.verb:set package 'multi_robot_slam' build argument 'catkin_cmake_args' from command line to 'None'
[0.181s] Level 5:colcon.colcon_core.verb:set package 'multi_robot_slam' build argument 'catkin_skip_building_tests' from command line to 'False'
[0.181s] DEBUG:colcon.colcon_core.verb:Building package 'multi_robot_slam' with the following arguments: {'ament_cmake_args': None, 'build_base': '/home/aisl/Documents/multi_robot_slam_ws/build/multi_robot_slam', 'catkin_cmake_args': None, 'catkin_skip_building_tests': False, 'cmake_args': None, 'cmake_clean_cache': False, 'cmake_clean_first': False, 'cmake_force_configure': False, 'cmake_target': None, 'cmake_target_skip_unavailable': False, 'install_base': '/home/aisl/Documents/multi_robot_slam_ws/install/multi_robot_slam', 'merge_install': False, 'path': '/home/aisl/Documents/multi_robot_slam_ws/src/multi_robot_slam', 'symlink_install': True, 'test_result_base': None}
[0.181s] Level 5:colcon.colcon_core.verb:set package 'multi_robot_slam_py' build argument 'cmake_args' from command line to 'None'
[0.181s] Level 5:colcon.colcon_core.verb:set package 'multi_robot_slam_py' build argument 'cmake_target' from command line to 'None'
[0.181s] Level 5:colcon.colcon_core.verb:set package 'multi_robot_slam_py' build argument 'cmake_target_skip_unavailable' from command line to 'False'
[0.181s] Level 5:colcon.colcon_core.verb:set package 'multi_robot_slam_py' build argument 'cmake_clean_cache' from command line to 'False'
[0.181s] Level 5:colcon.colcon_core.verb:set package 'multi_robot_slam_py' build argument 'cmake_clean_first' from command line to 'False'
[0.181s] Level 5:colcon.colcon_core.verb:set package 'multi_robot_slam_py' build argument 'cmake_force_configure' from command line to 'False'
[0.181s] Level 5:colcon.colcon_core.verb:set package 'multi_robot_slam_py' build argument 'ament_cmake_args' from command line to 'None'
[0.181s] Level 5:colcon.colcon_core.verb:set package 'multi_robot_slam_py' build argument 'catkin_cmake_args' from command line to 'None'
[0.181s] Level 5:colcon.colcon_core.verb:set package 'multi_robot_slam_py' build argument 'catkin_skip_building_tests' from command line to 'False'
[0.181s] DEBUG:colcon.colcon_core.verb:Building package 'multi_robot_slam_py' with the following arguments: {'ament_cmake_args': None, 'build_base': '/home/aisl/Documents/multi_robot_slam_ws/build/multi_robot_slam_py', 'catkin_cmake_args': None, 'catkin_skip_building_tests': False, 'cmake_args': None, 'cmake_clean_cache': False, 'cmake_clean_first': False, 'cmake_force_configure': False, 'cmake_target': None, 'cmake_target_skip_unavailable': False, 'install_base': '/home/aisl/Documents/multi_robot_slam_ws/install/multi_robot_slam_py', 'merge_install': False, 'path': '/home/aisl/Documents/multi_robot_slam_ws/src/multi_robot_slam_py', 'symlink_install': True, 'test_result_base': None}
[0.181s] INFO:colcon.colcon_core.executor:Executing jobs using 'parallel' executor
[0.182s] DEBUG:colcon.colcon_parallel_executor.executor.parallel:run_until_complete
[0.182s] INFO:colcon.colcon_ros.task.ament_cmake.build:Building ROS package in '/home/aisl/Documents/multi_robot_slam_ws/src/multi_robot_slam' with build type 'ament_cmake'
[0.182s] INFO:colcon.colcon_cmake.task.cmake.build:Building CMake package in '/home/aisl/Documents/multi_robot_slam_ws/src/multi_robot_slam'
[0.183s] INFO:colcon.colcon_core.plugin_system:Skipping extension 'colcon_core.shell.bat': Not used on non-Windows systems
[0.184s] INFO:colcon.colcon_core.shell:Skip shell extension 'powershell' for command environment: Not usable outside of PowerShell
[0.184s] DEBUG:colcon.colcon_core.shell:Skip shell extension 'dsv' for command environment
[0.186s] INFO:colcon.colcon_ros.task.ament_python.build:Building ROS package in '/home/aisl/Documents/multi_robot_slam_ws/src/multi_robot_slam_py' with build type 'ament_python'
[0.186s] Level 1:colcon.colcon_core.shell:create_environment_hook('multi_robot_slam_py', 'ament_prefix_path')
[0.186s] INFO:colcon.colcon_core.shell:Creating environment hook '/home/aisl/Documents/multi_robot_slam_ws/install/multi_robot_slam_py/share/multi_robot_slam_py/hook/ament_prefix_path.ps1'
[0.187s] INFO:colcon.colcon_core.shell:Creating environment descriptor '/home/aisl/Documents/multi_robot_slam_ws/install/multi_robot_slam_py/share/multi_robot_slam_py/hook/ament_prefix_path.dsv'
[0.187s] INFO:colcon.colcon_core.shell:Creating environment hook '/home/aisl/Documents/multi_robot_slam_ws/install/multi_robot_slam_py/share/multi_robot_slam_py/hook/ament_prefix_path.sh'
[0.188s] INFO:colcon.colcon_core.shell:Skip shell extension 'powershell' for command environment: Not usable outside of PowerShell
[0.188s] DEBUG:colcon.colcon_core.shell:Skip shell extension 'dsv' for command environment
[0.192s] DEBUG:colcon.colcon_core.event_handler.log_command:Invoking command in '/home/aisl/Documents/multi_robot_slam_ws/build/multi_robot_slam': BYOBU_DATE=%Y-%m-%d CMAKE_PREFIX_PATH=${CMAKE_PREFIX_PATH}:/home/aisl/Documents/multi_robot_slam_ws/install/multi_robot_slam_py:/opt/ros/jazzy DEBUGINFOD_URLS=https://debuginfod.ubuntu.com PS1=\[\e[38;5;202m\]$(byobu_prompt_status)\[\e[00m\]$(byobu_prompt_runtime) \[\e[38;5;245m\]\u\[\e[00m\]@\[\e[38;5;172m\]\h\[\e[00m\]:\[\e[38;5;5m\]\w\[\e[00m\]$(byobu_prompt_symbol) /usr/bin/cmake /home/aisl/Documents/multi_robot_slam_ws/src/multi_robot_slam -DAMENT_CMAKE_SYMLINK_INSTALL=1 -DCMAKE_INSTALL_PREFIX=/home/aisl/Documents/multi_robot_slam_ws/install/multi_robot_slam
[0.359s] INFO:colcon.colcon_core.task.python.build:Building Python package in '/home/aisl/Documents/multi_robot_slam_ws/src/multi_robot_slam_py'
[0.359s] INFO:colcon.colcon_core.shell:Skip shell extension 'powershell' for command environment: Not usable outside of PowerShell
[0.359s] DEBUG:colcon.colcon_core.shell:Skip shell extension 'dsv' for command environment
[0.837s] DEBUG:colcon.colcon_core.event_handler.log_command:Invoking command in '/home/aisl/Documents/multi_robot_slam_ws/build/multi_robot_slam_py': BYOBU_DATE=%Y-%m-%d DEBUGINFOD_URLS=https://debuginfod.ubuntu.com PS1=\[\e[38;5;202m\]$(byobu_prompt_status)\[\e[00m\]$(byobu_prompt_runtime) \[\e[38;5;245m\]\u\[\e[00m\]@\[\e[38;5;172m\]\h\[\e[00m\]:\[\e[38;5;5m\]\w\[\e[00m\]$(byobu_prompt_symbol) PYTHONPATH=/home/aisl/Documents/multi_robot_slam_ws/build/multi_robot_slam_py/prefix_override:/usr/lib/python3/dist-packages/colcon_core/task/python/colcon_distutils_commands:/home/aisl/Documents/multi_robot_slam_ws/install/multi_robot_slam_py/lib/python3.12/site-packages:${PYTHONPATH} /usr/bin/python3 -W ignore:setup.py install is deprecated -W ignore:easy_install command is deprecated setup.py develop --editable --build-directory /home/aisl/Documents/multi_robot_slam_ws/build/multi_robot_slam_py/build --no-deps symlink_data
[1.195s] DEBUG:colcon.colcon_core.event_handler.log_command:Invoked command in '/home/aisl/Documents/multi_robot_slam_ws/build/multi_robot_slam' returned '0': BYOBU_DATE=%Y-%m-%d CMAKE_PREFIX_PATH=${CMAKE_PREFIX_PATH}:/home/aisl/Documents/multi_robot_slam_ws/install/multi_robot_slam_py:/opt/ros/jazzy DEBUGINFOD_URLS=https://debuginfod.ubuntu.com PS1=\[\e[38;5;202m\]$(byobu_prompt_status)\[\e[00m\]$(byobu_prompt_runtime) \[\e[38;5;245m\]\u\[\e[00m\]@\[\e[38;5;172m\]\h\[\e[00m\]:\[\e[38;5;5m\]\w\[\e[00m\]$(byobu_prompt_symbol) /usr/bin/cmake /home/aisl/Documents/multi_robot_slam_ws/src/multi_robot_slam -DAMENT_CMAKE_SYMLINK_INSTALL=1 -DCMAKE_INSTALL_PREFIX=/home/aisl/Documents/multi_robot_slam_ws/install/multi_robot_slam
[1.196s] DEBUG:colcon.colcon_core.event_handler.log_command:Invoking command in '/home/aisl/Documents/multi_robot_slam_ws/build/multi_robot_slam': BYOBU_DATE=%Y-%m-%d CMAKE_PREFIX_PATH=${CMAKE_PREFIX_PATH}:/home/aisl/Documents/multi_robot_slam_ws/install/multi_robot_slam_py:/opt/ros/jazzy DEBUGINFOD_URLS=https://debuginfod.ubuntu.com PS1=\[\e[38;5;202m\]$(byobu_prompt_status)\[\e[00m\]$(byobu_prompt_runtime) \[\e[38;5;245m\]\u\[\e[00m\]@\[\e[38;5;172m\]\h\[\e[00m\]:\[\e[38;5;5m\]\w\[\e[00m\]$(byobu_prompt_symbol) /usr/bin/cmake --build /home/aisl/Documents/multi_robot_slam_ws/build/multi_robot_slam -- -j20 -l20
[1.226s] DEBUG:colcon.colcon_core.event_handler.log_command:Invoked command in '/home/aisl/Documents/multi_robot_slam_ws/build/multi_robot_slam' returned '0': BYOBU_DATE=%Y-%m-%d CMAKE_PREFIX_PATH=${CMAKE_PREFIX_PATH}:/home/aisl/Documents/multi_robot_slam_ws/install/multi_robot_slam_py:/opt/ros/jazzy DEBUGINFOD_URLS=https://debuginfod.ubuntu.com PS1=\[\e[38;5;202m\]$(byobu_prompt_status)\[\e[00m\]$(byobu_prompt_runtime) \[\e[38;5;245m\]\u\[\e[00m\]@\[\e[38;5;172m\]\h\[\e[00m\]:\[\e[38;5;5m\]\w\[\e[00m\]$(byobu_prompt_symbol) /usr/bin/cmake --build /home/aisl/Documents/multi_robot_slam_ws/build/multi_robot_slam -- -j20 -l20
[1.233s] DEBUG:colcon.colcon_core.event_handler.log_command:Invoking command in '/home/aisl/Documents/multi_robot_slam_ws/build/multi_robot_slam': BYOBU_DATE=%Y-%m-%d CMAKE_PREFIX_PATH=${CMAKE_PREFIX_PATH}:/home/aisl/Documents/multi_robot_slam_ws/install/multi_robot_slam_py:/opt/ros/jazzy DEBUGINFOD_URLS=https://debuginfod.ubuntu.com PS1=\[\e[38;5;202m\]$(byobu_prompt_status)\[\e[00m\]$(byobu_prompt_runtime) \[\e[38;5;245m\]\u\[\e[00m\]@\[\e[38;5;172m\]\h\[\e[00m\]:\[\e[38;5;5m\]\w\[\e[00m\]$(byobu_prompt_symbol) /usr/bin/cmake --install /home/aisl/Documents/multi_robot_slam_ws/build/multi_robot_slam
[1.422s] Level 1:colcon.colcon_core.shell:create_environment_hook('multi_robot_slam_py', 'pythonpath_develop')
[1.422s] INFO:colcon.colcon_core.shell:Creating environment hook '/home/aisl/Documents/multi_robot_slam_ws/build/multi_robot_slam_py/share/multi_robot_slam_py/hook/pythonpath_develop.ps1'
[1.423s] DEBUG:colcon.colcon_core.event_handler.log_command:Invoked command in '/home/aisl/Documents/multi_robot_slam_ws/build/multi_robot_slam_py' returned '0': BYOBU_DATE=%Y-%m-%d DEBUGINFOD_URLS=https://debuginfod.ubuntu.com PS1=\[\e[38;5;202m\]$(byobu_prompt_status)\[\e[00m\]$(byobu_prompt_runtime) \[\e[38;5;245m\]\u\[\e[00m\]@\[\e[38;5;172m\]\h\[\e[00m\]:\[\e[38;5;5m\]\w\[\e[00m\]$(byobu_prompt_symbol) PYTHONPATH=/home/aisl/Documents/multi_robot_slam_ws/build/multi_robot_slam_py/prefix_override:/usr/lib/python3/dist-packages/colcon_core/task/python/colcon_distutils_commands:/home/aisl/Documents/multi_robot_slam_ws/install/multi_robot_slam_py/lib/python3.12/site-packages:${PYTHONPATH} /usr/bin/python3 -W ignore:setup.py install is deprecated -W ignore:easy_install command is deprecated setup.py develop --editable --build-directory /home/aisl/Documents/multi_robot_slam_ws/build/multi_robot_slam_py/build --no-deps symlink_data
[1.423s] INFO:colcon.colcon_core.shell:Creating environment descriptor '/home/aisl/Documents/multi_robot_slam_ws/build/multi_robot_slam_py/share/multi_robot_slam_py/hook/pythonpath_develop.dsv'
[1.423s] INFO:colcon.colcon_core.shell:Creating environment hook '/home/aisl/Documents/multi_robot_slam_ws/build/multi_robot_slam_py/share/multi_robot_slam_py/hook/pythonpath_develop.sh'
[1.425s] Level 1:colcon.colcon_core.environment:checking '/home/aisl/Documents/multi_robot_slam_ws/install/multi_robot_slam_py' for CMake module files
[1.425s] Level 1:colcon.colcon_core.environment:checking '/home/aisl/Documents/multi_robot_slam_ws/install/multi_robot_slam_py' for CMake config files
[1.426s] Level 1:colcon.colcon_core.environment:checking '/home/aisl/Documents/multi_robot_slam_ws/install/multi_robot_slam_py/lib'
[1.426s] Level 1:colcon.colcon_core.environment:checking '/home/aisl/Documents/multi_robot_slam_ws/install/multi_robot_slam_py/bin'
[1.426s] Level 1:colcon.colcon_core.environment:checking '/home/aisl/Documents/multi_robot_slam_ws/install/multi_robot_slam_py/lib/pkgconfig/multi_robot_slam_py.pc'
[1.426s] Level 1:colcon.colcon_core.environment:checking '/home/aisl/Documents/multi_robot_slam_ws/install/multi_robot_slam_py/lib/python3.12/site-packages'
[1.426s] Level 1:colcon.colcon_core.shell:create_environment_hook('multi_robot_slam_py', 'pythonpath')
[1.426s] INFO:colcon.colcon_core.shell:Creating environment hook '/home/aisl/Documents/multi_robot_slam_ws/install/multi_robot_slam_py/share/multi_robot_slam_py/hook/pythonpath.ps1'
[1.427s] INFO:colcon.colcon_core.shell:Creating environment descriptor '/home/aisl/Documents/multi_robot_slam_ws/install/multi_robot_slam_py/share/multi_robot_slam_py/hook/pythonpath.dsv'
[1.427s] INFO:colcon.colcon_core.shell:Creating environment hook '/home/aisl/Documents/multi_robot_slam_ws/install/multi_robot_slam_py/share/multi_robot_slam_py/hook/pythonpath.sh'
[1.427s] Level 1:colcon.colcon_core.environment:checking '/home/aisl/Documents/multi_robot_slam_ws/install/multi_robot_slam_py/bin'
[1.427s] Level 1:colcon.colcon_core.environment:create_environment_scripts_only(multi_robot_slam_py)
[1.427s] INFO:colcon.colcon_core.shell:Creating package script '/home/aisl/Documents/multi_robot_slam_ws/install/multi_robot_slam_py/share/multi_robot_slam_py/package.ps1'
[1.428s] INFO:colcon.colcon_core.shell:Creating package descriptor '/home/aisl/Documents/multi_robot_slam_ws/install/multi_robot_slam_py/share/multi_robot_slam_py/package.dsv'
[1.429s] INFO:colcon.colcon_core.shell:Creating package script '/home/aisl/Documents/multi_robot_slam_ws/install/multi_robot_slam_py/share/multi_robot_slam_py/package.sh'
[1.429s] INFO:colcon.colcon_core.shell:Creating package script '/home/aisl/Documents/multi_robot_slam_ws/install/multi_robot_slam_py/share/multi_robot_slam_py/package.bash'
[1.429s] INFO:colcon.colcon_core.shell:Creating package script '/home/aisl/Documents/multi_robot_slam_ws/install/multi_robot_slam_py/share/multi_robot_slam_py/package.zsh'
[1.430s] Level 1:colcon.colcon_core.environment:create_file_with_runtime_dependencies(/home/aisl/Documents/multi_robot_slam_ws/install/multi_robot_slam_py/share/colcon-core/packages/multi_robot_slam_py)
[1.442s] Level 1:colcon.colcon_core.environment:create_environment_scripts_only(multi_robot_slam)
[1.442s] Level 1:colcon.colcon_core.environment:checking '/home/aisl/Documents/multi_robot_slam_ws/install/multi_robot_slam' for CMake module files
[1.443s] DEBUG:colcon.colcon_core.event_handler.log_command:Invoked command in '/home/aisl/Documents/multi_robot_slam_ws/build/multi_robot_slam' returned '0': BYOBU_DATE=%Y-%m-%d CMAKE_PREFIX_PATH=${CMAKE_PREFIX_PATH}:/home/aisl/Documents/multi_robot_slam_ws/install/multi_robot_slam_py:/opt/ros/jazzy DEBUGINFOD_URLS=https://debuginfod.ubuntu.com PS1=\[\e[38;5;202m\]$(byobu_prompt_status)\[\e[00m\]$(byobu_prompt_runtime) \[\e[38;5;245m\]\u\[\e[00m\]@\[\e[38;5;172m\]\h\[\e[00m\]:\[\e[38;5;5m\]\w\[\e[00m\]$(byobu_prompt_symbol) /usr/bin/cmake --install /home/aisl/Documents/multi_robot_slam_ws/build/multi_robot_slam
[1.443s] Level 1:colcon.colcon_core.environment:checking '/home/aisl/Documents/multi_robot_slam_ws/install/multi_robot_slam' for CMake config files
[1.443s] Level 1:colcon.colcon_core.shell:create_environment_hook('multi_robot_slam', 'cmake_prefix_path')
[1.443s] INFO:colcon.colcon_core.shell:Creating environment hook '/home/aisl/Documents/multi_robot_slam_ws/install/multi_robot_slam/share/multi_robot_slam/hook/cmake_prefix_path.ps1'
[1.444s] INFO:colcon.colcon_core.shell:Creating environment descriptor '/home/aisl/Documents/multi_robot_slam_ws/install/multi_robot_slam/share/multi_robot_slam/hook/cmake_prefix_path.dsv'
[1.444s] INFO:colcon.colcon_core.shell:Creating environment hook '/home/aisl/Documents/multi_robot_slam_ws/install/multi_robot_slam/share/multi_robot_slam/hook/cmake_prefix_path.sh'
[1.444s] Level 1:colcon.colcon_core.environment:checking '/home/aisl/Documents/multi_robot_slam_ws/install/multi_robot_slam/lib'
[1.444s] Level 1:colcon.colcon_core.environment:checking '/home/aisl/Documents/multi_robot_slam_ws/install/multi_robot_slam/bin'
[1.444s] Level 1:colcon.colcon_core.environment:checking '/home/aisl/Documents/multi_robot_slam_ws/install/multi_robot_slam/lib/pkgconfig/multi_robot_slam.pc'
[1.444s] Level 1:colcon.colcon_core.environment:checking '/home/aisl/Documents/multi_robot_slam_ws/install/multi_robot_slam/lib/python3.12/site-packages'
[1.445s] Level 1:colcon.colcon_core.environment:checking '/home/aisl/Documents/multi_robot_slam_ws/install/multi_robot_slam/bin'
[1.445s] INFO:colcon.colcon_core.shell:Creating package script '/home/aisl/Documents/multi_robot_slam_ws/install/multi_robot_slam/share/multi_robot_slam/package.ps1'
[1.445s] INFO:colcon.colcon_core.shell:Creating package descriptor '/home/aisl/Documents/multi_robot_slam_ws/install/multi_robot_slam/share/multi_robot_slam/package.dsv'
[1.445s] INFO:colcon.colcon_core.shell:Creating package script '/home/aisl/Documents/multi_robot_slam_ws/install/multi_robot_slam/share/multi_robot_slam/package.sh'
[1.446s] INFO:colcon.colcon_core.shell:Creating package script '/home/aisl/Documents/multi_robot_slam_ws/install/multi_robot_slam/share/multi_robot_slam/package.bash'
[1.446s] INFO:colcon.colcon_core.shell:Creating package script '/home/aisl/Documents/multi_robot_slam_ws/install/multi_robot_slam/share/multi_robot_slam/package.zsh'
[1.446s] Level 1:colcon.colcon_core.environment:create_file_with_runtime_dependencies(/home/aisl/Documents/multi_robot_slam_ws/install/multi_robot_slam/share/colcon-core/packages/multi_robot_slam)
[1.446s] Level 1:colcon.colcon_core.environment:create_environment_scripts_only(multi_robot_slam)
[1.447s] Level 1:colcon.colcon_core.environment:checking '/home/aisl/Documents/multi_robot_slam_ws/install/multi_robot_slam' for CMake module files
[1.447s] Level 1:colcon.colcon_core.environment:checking '/home/aisl/Documents/multi_robot_slam_ws/install/multi_robot_slam' for CMake config files
[1.447s] Level 1:colcon.colcon_core.shell:create_environment_hook('multi_robot_slam', 'cmake_prefix_path')
[1.447s] INFO:colcon.colcon_core.shell:Creating environment hook '/home/aisl/Documents/multi_robot_slam_ws/install/multi_robot_slam/share/multi_robot_slam/hook/cmake_prefix_path.ps1'
[1.447s] INFO:colcon.colcon_core.shell:Creating environment descriptor '/home/aisl/Documents/multi_robot_slam_ws/install/multi_robot_slam/share/multi_robot_slam/hook/cmake_prefix_path.dsv'
[1.448s] INFO:colcon.colcon_core.shell:Creating environment hook '/home/aisl/Documents/multi_robot_slam_ws/install/multi_robot_slam/share/multi_robot_slam/hook/cmake_prefix_path.sh'
[1.448s] Level 1:colcon.colcon_core.environment:checking '/home/aisl/Documents/multi_robot_slam_ws/install/multi_robot_slam/lib'
[1.448s] Level 1:colcon.colcon_core.environment:checking '/home/aisl/Documents/multi_robot_slam_ws/install/multi_robot_slam/bin'
[1.448s] Level 1:colcon.colcon_core.environment:checking '/home/aisl/Documents/multi_robot_slam_ws/install/multi_robot_slam/lib/pkgconfig/multi_robot_slam.pc'
[1.448s] Level 1:colcon.colcon_core.environment:checking '/home/aisl/Documents/multi_robot_slam_ws/install/multi_robot_slam/lib/python3.12/site-packages'
[1.449s] Level 1:colcon.colcon_core.environment:checking '/home/aisl/Documents/multi_robot_slam_ws/install/multi_robot_slam/bin'
[1.449s] INFO:colcon.colcon_core.shell:Creating package script '/home/aisl/Documents/multi_robot_slam_ws/install/multi_robot_slam/share/multi_robot_slam/package.ps1'
[1.449s] INFO:colcon.colcon_core.shell:Creating package descriptor '/home/aisl/Documents/multi_robot_slam_ws/install/multi_robot_slam/share/multi_robot_slam/package.dsv'
[1.449s] INFO:colcon.colcon_core.shell:Creating package script '/home/aisl/Documents/multi_robot_slam_ws/install/multi_robot_slam/share/multi_robot_slam/package.sh'
[1.450s] INFO:colcon.colcon_core.shell:Creating package script '/home/aisl/Documents/multi_robot_slam_ws/install/multi_robot_slam/share/multi_robot_slam/package.bash'
[1.450s] INFO:colcon.colcon_core.shell:Creating package script '/home/aisl/Documents/multi_robot_slam_ws/install/multi_robot_slam/share/multi_robot_slam/package.zsh'
[1.450s] Level 1:colcon.colcon_core.environment:create_file_with_runtime_dependencies(/home/aisl/Documents/multi_robot_slam_ws/install/multi_robot_slam/share/colcon-core/packages/multi_robot_slam)
[1.450s] DEBUG:colcon.colcon_parallel_executor.executor.parallel:closing loop
[1.451s] DEBUG:colcon.colcon_parallel_executor.executor.parallel:loop closed
[1.451s] DEBUG:colcon.colcon_parallel_executor.executor.parallel:run_until_complete finished with '0'
[1.451s] DEBUG:colcon.colcon_core.event_reactor:joining thread
[1.454s] INFO:colcon.colcon_core.plugin_system:Skipping extension 'colcon_notification.desktop_notification.terminal_notifier': Not used on non-Darwin systems
[1.455s] INFO:colcon.colcon_core.plugin_system:Skipping extension 'colcon_notification.desktop_notification.win32': Not used on non-Windows systems
[1.455s] INFO:colcon.colcon_notification.desktop_notification:Sending desktop notification using 'notify2'
[1.485s] DEBUG:colcon.colcon_core.event_reactor:joined thread
[1.485s] INFO:colcon.colcon_core.shell:Creating prefix script '/home/aisl/Documents/multi_robot_slam_ws/install/local_setup.ps1'
[1.486s] INFO:colcon.colcon_core.shell:Creating prefix util module '/home/aisl/Documents/multi_robot_slam_ws/install/_local_setup_util_ps1.py'
[1.487s] INFO:colcon.colcon_core.shell:Creating prefix chain script '/home/aisl/Documents/multi_robot_slam_ws/install/setup.ps1'
[1.487s] INFO:colcon.colcon_core.shell:Creating prefix script '/home/aisl/Documents/multi_robot_slam_ws/install/local_setup.sh'
[1.488s] INFO:colcon.colcon_core.shell:Creating prefix util module '/home/aisl/Documents/multi_robot_slam_ws/install/_local_setup_util_sh.py'
[1.488s] INFO:colcon.colcon_core.shell:Creating prefix chain script '/home/aisl/Documents/multi_robot_slam_ws/install/setup.sh'
[1.489s] INFO:colcon.colcon_core.shell:Creating prefix script '/home/aisl/Documents/multi_robot_slam_ws/install/local_setup.bash'
[1.489s] INFO:colcon.colcon_core.shell:Creating prefix chain script '/home/aisl/Documents/multi_robot_slam_ws/install/setup.bash'
[1.490s] INFO:colcon.colcon_core.shell:Creating prefix script '/home/aisl/Documents/multi_robot_slam_ws/install/local_setup.zsh'
[1.490s] INFO:colcon.colcon_core.shell:Creating prefix chain script '/home/aisl/Documents/multi_robot_slam_ws/install/setup.zsh'
