--2026-02-10 11:29:29--  https://raw.githubusercontent.com/hrnr/m-explore-extra/master/map_merge/hector_maps/map00.pgm
Resolving raw.githubusercontent.com (raw.githubusercontent.com)... 185.199.108.133, 185.199.109.133, 185.199.110.133, ...
Connecting to raw.githubusercontent.com (raw.githubusercontent.com)|185.199.108.133|:443... connected.
HTTP request sent, awaiting response... 200 OK
Length: 4194362 (4.0M) [application/octet-stream]
Saving to: ‘/home/aisl/Documents/multi_robot_slam_ws/build/multirobot_map_merge/map00.pgm’

     0K .......... .......... .......... .......... ..........  1% 8.23M 0s
    50K .......... .......... .......... .......... ..........  2% 20.7M 0s
   100K .......... .......... .......... .......... ..........  3% 13.0M 0s
   150K .......... .......... .......... .......... ..........  4% 32.7M 0s
   200K .......... .......... .......... .......... ..........  6% 56.8M 0s
   250K .......... .......... .......... .......... ..........  7% 14.9M 0s
   300K .......... .......... .......... .......... ..........  8%  106M 0s
   350K .......... .......... .......... .......... ..........  9% 64.6M 0s
   400K .......... .......... .......... .......... .......... 10% 79.4M 0s
   450K .......... .......... .......... .......... .......... 12% 51.3M 0s
   500K .......... .......... .......... .......... .......... 13%  118M 0s
   550K .......... .......... .......... .......... .......... 14% 92.2M 0s
   600K .......... .......... .......... .......... .......... 15% 21.7M 0s
   650K .......... .......... .......... .......... .......... 17% 94.4M 0s
   700K .......... .......... .......... .......... .......... 18%  104M 0s
   750K .......... .......... .......... .......... .......... 19% 78.4M 0s
   800K .......... .......... .......... .......... .......... 20% 84.9M 0s
   850K .......... .......... .......... .......... .......... 21% 92.6M 0s
   900K .......... .......... .......... .......... .......... 23%  117M 0s
   950K .......... .......... .......... .......... .......... 24% 4.58M 0s
  1000K .......... .......... .......... .......... .......... 25%  460M 0s
  1050K .......... .......... .......... .......... .......... 26%  153M 0s
  1100K .......... .......... .......... .......... .......... 28%  217M 0s
  1150K .......... .......... .......... .......... .......... 29%  343M 0s
  1200K .......... .......... .......... .......... .......... 30%  206M 0s
  1250K .......... .......... .......... .......... .......... 31%  427M 0s
  1300K .......... .......... .......... .......... .......... 32%  563M 0s
  1350K .......... .......... .......... .......... .......... 34%  560M 0s
  1400K .......... .......... .......... .......... .......... 35%  507M 0s
  1450K .......... .......... .......... .......... .......... 36%  486M 0s
  1500K .......... .......... .......... .......... .......... 37%  501M 0s
  1550K .......... .......... .......... .......... .......... 39% 13.2M 0s
  1600K .......... .......... .......... .......... .......... 40%  277M 0s
  1650K .......... .......... .......... .......... .......... 41%  484M 0s
  1700K .......... .......... .......... .......... .......... 42%  186M 0s
  1750K .......... .......... .......... .......... .......... 43% 86.4M 0s
  1800K .......... .......... .......... .......... .......... 45%  396M 0s
  1850K .......... .......... .......... .......... .......... 46%  413M 0s
  1900K .......... .......... .......... .......... .......... 47%  481M 0s
  1950K .......... .......... .......... .......... .......... 48% 21.7M 0s
  2000K .......... .......... .......... .......... .......... 50%  425M 0s
  2050K .......... .......... .......... .......... .......... 51%  444M 0s
  2100K .......... .......... .......... .......... .......... 52% 62.0M 0s
  2150K .......... .......... .......... .......... .......... 53% 5.86M 0s
  2200K .......... .......... .......... .......... .......... 54%  437M 0s
  2250K .......... .......... .......... .......... .......... 56%  528M 0s
  2300K .......... .......... .......... .......... .......... 57%  586M 0s
  2350K .......... .......... .......... .......... .......... 58%  328M 0s
  2400K .......... .......... .......... .......... .......... 59%  420M 0s
  2450K .......... .......... .......... .......... .......... 61%  418M 0s
  2500K .......... .......... .......... .......... .......... 62%  487M 0s
  2550K .......... .......... .......... .......... .......... 63%  393M 0s
  2600K .......... .......... .......... .......... .......... 64%  494M 0s
  2650K .......... .......... .......... .......... .......... 65%  513M 0s
  2700K .......... .......... .......... .......... .......... 67%  523M 0s
  2750K .......... .......... .......... .......... .......... 68%  392M 0s
  2800K .......... .......... .......... .......... .......... 69%  489M 0s
  2850K .......... .......... .......... .......... .......... 70%  511M 0s
  2900K .......... .......... .......... .......... .......... 72%  478M 0s
  2950K .......... .......... .......... .......... .......... 73%  520M 0s
  3000K .......... .......... .......... .......... .......... 74%  427M 0s
  3050K .......... .......... .......... .......... .......... 75%  500M 0s
  3100K .......... .......... .......... .......... .......... 76%  549M 0s
  3150K .......... .......... .......... .......... .......... 78% 16.4M 0s
  3200K .......... .......... .......... .......... .......... 79%  238M 0s
  3250K .......... .......... .......... .......... .......... 80% 63.0M 0s
  3300K .......... .......... .......... .......... .......... 81%  263M 0s
  3350K .......... .......... .......... .......... .......... 83%  572M 0s
  3400K .......... .......... .......... .......... .......... 84%  610M 0s
  3450K .......... .......... .......... .......... .......... 85%  629M 0s
  3500K .......... .......... .......... .......... .......... 86%  626M 0s
  3550K .......... .......... .......... .......... .......... 87%  479M 0s
  3600K .......... .......... .......... .......... .......... 89%  636M 0s
  3650K .......... .......... .......... .......... .......... 90%  621M 0s
  3700K .......... .......... .......... .......... .......... 91%  540M 0s
  3750K .......... .......... .......... .......... .......... 92%  652M 0s
  3800K .......... .......... .......... .......... .......... 93%  634M 0s
  3850K .......... .......... .......... .......... .......... 95%  588M 0s
  3900K .......... .......... .......... .......... .......... 96%  444M 0s
  3950K .......... .......... .......... .......... .......... 97%  332M 0s
  4000K .......... .......... .......... .......... .......... 98%  430M 0s
  4050K .......... .......... .......... .......... ......    100%  422M=0.06s

2026-02-10 11:29:30 (63.2 MB/s) - ‘/home/aisl/Documents/multi_robot_slam_ws/build/multirobot_map_merge/map00.pgm’ saved [4194362/4194362]

--2026-02-10 11:29:30--  https://raw.githubusercontent.com/hrnr/m-explore-extra/master/map_merge/hector_maps/map05.pgm
Resolving raw.githubusercontent.com (raw.githubusercontent.com)... 185.199.110.133, 185.199.108.133, 185.199.109.133, ...
Connecting to raw.githubusercontent.com (raw.githubusercontent.com)|185.199.110.133|:443... connected.
HTTP request sent, awaiting response... 200 OK
Length: 4194362 (4.0M) [application/octet-stream]
Saving to: ‘/home/aisl/Documents/multi_robot_slam_ws/build/multirobot_map_merge/map05.pgm’

     0K .......... .......... .......... .......... ..........  1% 8.28M 0s
    50K .......... .......... .......... .......... ..........  2% 19.3M 0s
   100K .......... .......... .......... .......... ..........  3% 13.9M 0s
   150K .......... .......... .......... .......... ..........  4% 56.8M 0s
   200K .......... .......... .......... .......... ..........  6% 26.0M 0s
   250K .......... .......... .......... .......... ..........  7% 16.6M 0s
   300K .......... .......... .......... .......... ..........  8%  105M 0s
   350K .......... .......... .......... .......... ..........  9% 61.6M 0s
   400K .......... .......... .......... .......... .......... 10% 65.8M 0s
   450K .......... .......... .......... .......... .......... 12% 63.6M 0s
   500K .......... .......... .......... .......... .......... 13%  117M 0s
   550K .......... .......... .......... .......... .......... 14% 92.9M 0s
   600K .......... .......... .......... .......... .......... 15% 21.6M 0s
   650K .......... .......... .......... .......... .......... 17%  105M 0s
   700K .......... .......... .......... .......... .......... 18% 93.9M 0s
   750K .......... .......... .......... .......... .......... 19% 93.0M 0s
   800K .......... .......... .......... .......... .......... 20% 67.9M 0s
   850K .......... .......... .......... .......... .......... 21%  120M 0s
   900K .......... .......... .......... .......... .......... 23% 84.1M 0s
   950K .......... .......... .......... .......... .......... 24%  117M 0s
  1000K .......... .......... .......... .......... .......... 25% 4.98M 0s
  1050K .......... .......... .......... .......... .......... 26%  408M 0s
  1100K .......... .......... .......... .......... .......... 28%  324M 0s
  1150K .......... .......... .......... .......... .......... 29%  108M 0s
  1200K .......... .......... .......... .......... .......... 30%  126M 0s
  1250K .......... .......... .......... .......... .......... 31%  475M 0s
  1300K .......... .......... .......... .......... .......... 32%  577M 0s
  1350K .......... .......... .......... .......... .......... 34%  572M 0s
  1400K .......... .......... .......... .......... .......... 35%  507M 0s
  1450K .......... .......... .......... .......... .......... 36%  573M 0s
  1500K .......... .......... .......... .......... .......... 37% 31.0M 0s
  1550K .......... .......... .......... .......... .......... 39%  234M 0s
  1600K .......... .......... .......... .......... .......... 40%  154M 0s
  1650K .......... .......... .......... .......... .......... 41%  210M 0s
  1700K .......... .......... .......... .......... .......... 42%  262M 0s
  1750K .......... .......... .......... .......... .......... 43% 5.70M 0s
  1800K .......... .......... .......... .......... .......... 45%  421M 0s
  1850K .......... .......... .......... .......... .......... 46%  454M 0s
  1900K .......... .......... .......... .......... .......... 47%  480M 0s
  1950K .......... .......... .......... .......... .......... 48%  481M 0s
  2000K .......... .......... .......... .......... .......... 50%  367M 0s
  2050K .......... .......... .......... .......... .......... 51%  525M 0s
  2100K .......... .......... .......... .......... .......... 52%  432M 0s
  2150K .......... .......... .......... .......... .......... 53%  570M 0s
  2200K .......... .......... .......... .......... .......... 54%  495M 0s
  2250K .......... .......... .......... .......... .......... 56%  480M 0s
  2300K .......... .......... .......... .......... .......... 57%  423M 0s
  2350K .......... .......... .......... .......... .......... 58%  498M 0s
  2400K .......... .......... .......... .......... .......... 59%  365M 0s
  2450K .......... .......... .......... .......... .......... 61%  550M 0s
  2500K .......... .......... .......... .......... .......... 62%  486M 0s
  2550K .......... .......... .......... .......... .......... 63%  534M 0s
  2600K .......... .......... .......... .......... .......... 64%  511M 0s
  2650K .......... .......... .......... .......... .......... 65%  478M 0s
  2700K .......... .......... .......... .......... .......... 67%  539M 0s
  2750K .......... .......... .......... .......... .......... 68%  486M 0s
  2800K .......... .......... .......... .......... .......... 69%  326M 0s
  2850K .......... .......... .......... .......... .......... 70%  495M 0s
  2900K .......... .......... .......... .......... .......... 72%  565M 0s
  2950K .......... .......... .......... .......... .......... 73%  581M 0s
  3000K .......... .......... .......... .......... .......... 74%  494M 0s
  3050K .......... .......... .......... .......... .......... 75%  470M 0s
  3100K .......... .......... .......... .......... .......... 76%  543M 0s
  3150K .......... .......... .......... .......... .......... 78%  492M 0s
  3200K .......... .......... .......... .......... .......... 79%  366M 0s
  3250K .......... .......... .......... .......... .......... 80%  549M 0s
  3300K .......... .......... .......... .......... .......... 81%  619M 0s
  3350K .......... .......... .......... .......... .......... 83% 12.0M 0s
  3400K .......... .......... .......... .......... .......... 84% 93.6M 0s
  3450K .......... .......... .......... .......... .......... 85%  105M 0s
  3500K .......... .......... .......... .......... .......... 86%  103M 0s
  3550K .......... .......... .......... .......... .......... 87%  105M 0s
  3600K .......... .......... .......... .......... .......... 89% 65.9M 0s
  3650K .......... .......... .......... .......... .......... 90% 39.5M 0s
  3700K .......... .......... .......... .......... .......... 91% 85.0M 0s
  3750K .......... .......... .......... .......... .......... 92%  116M 0s
  3800K .......... .......... .......... .......... .......... 93% 32.7M 0s
  3850K .......... .......... .......... .......... .......... 95%  118M 0s
  3900K .......... .......... .......... .......... .......... 96% 91.9M 0s
  3950K .......... .......... .......... .......... .......... 97%  103M 0s
  4000K .......... .......... .......... .......... .......... 98% 85.9M 0s
  4050K .......... .......... .......... .......... ......    100% 50.7M=0.07s

2026-02-10 11:29:31 (60.4 MB/s) - ‘/home/aisl/Documents/multi_robot_slam_ws/build/multirobot_map_merge/map05.pgm’ saved [4194362/4194362]

--2026-02-10 11:29:31--  https://raw.githubusercontent.com/hrnr/m-explore-extra/master/map_merge/gmapping_maps/2011-08-09-12-22-52.pgm
Resolving raw.githubusercontent.com (raw.githubusercontent.com)... 185.199.109.133, 185.199.108.133, 185.199.110.133, ...
Connecting to raw.githubusercontent.com (raw.githubusercontent.com)|185.199.109.133|:443... connected.
HTTP request sent, awaiting response... 200 OK
Length: 16000058 (15M) [application/octet-stream]
Saving to: ‘/home/aisl/Documents/multi_robot_slam_ws/build/multirobot_map_merge/2011-08-09-12-22-52.pgm’

     0K .......... .......... .......... .......... ..........  0% 8.22M 2s
    50K .......... .......... .......... .......... ..........  0% 20.2M 1s
   100K .......... .......... .......... .......... ..........  0% 15.3M 1s
   150K .......... .......... .......... .......... ..........  1% 40.8M 1s
   200K .......... .......... .......... .......... ..........  1% 35.5M 1s
   250K .......... .......... .......... .......... ..........  1% 16.2M 1s
   300K .......... .......... .......... .......... ..........  2%  106M 1s
   350K .......... .......... .......... .......... ..........  2% 52.5M 1s
   400K .......... .......... .......... .......... ..........  2% 78.3M 1s
   450K .......... .......... .......... .......... ..........  3% 67.5M 1s
   500K .......... .......... .......... .......... ..........  3%  105M 1s
   550K .......... .......... .......... .......... ..........  3% 84.9M 1s
   600K .......... .......... .......... .......... ..........  4% 20.1M 1s
   650K .......... .......... .......... .......... ..........  4%  119M 1s
   700K .......... .......... .......... .......... ..........  4% 93.9M 0s
   750K .......... .......... .......... .......... ..........  5% 91.9M 0s
   800K .......... .......... .......... .......... ..........  5% 66.6M 0s
   850K .......... .......... .......... .......... ..........  5%  118M 0s
   900K .......... .......... .......... .......... ..........  6% 92.9M 0s
   950K .......... .......... .......... .......... ..........  6% 5.49M 1s
  1000K .......... .......... .......... .......... ..........  6%  612M 0s
  1050K .......... .......... .......... .......... ..........  7%  100M 0s
  1100K .......... .......... .......... .......... ..........  7%  240M 0s
  1150K .......... .......... .......... .......... ..........  7%  538M 0s
  1200K .......... .......... .......... .......... ..........  7%  193M 0s
  1250K .......... .......... .......... .......... ..........  8%  493M 0s
  1300K .......... .......... .......... .......... ..........  8%  532M 0s
  1350K .......... .......... .......... .......... ..........  8%  588M 0s
  1400K .......... .......... .......... .......... ..........  9%  608M 0s
  1450K .......... .......... .......... .......... ..........  9%  529M 0s
  1500K .......... .......... .......... .......... ..........  9%  517M 0s
  1550K .......... .......... .......... .......... .......... 10%  561M 0s
  1600K .......... .......... .......... .......... .......... 10%  409M 0s
  1650K .......... .......... .......... .......... .......... 10% 21.2M 0s
  1700K .......... .......... .......... .......... .......... 11%  132M 0s
  1750K .......... .......... .......... .......... .......... 11% 84.1M 0s
  1800K .......... .......... .......... .......... .......... 11%  292M 0s
  1850K .......... .......... .......... .......... .......... 12% 56.6M 0s
  1900K .......... .......... .......... .......... .......... 12%  527M 0s
  1950K .......... .......... .......... .......... .......... 12%  516M 0s
  2000K .......... .......... .......... .......... .......... 13% 38.5M 0s
  2050K .......... .......... .......... .......... .......... 13%  103M 0s
  2100K .......... .......... .......... .......... .......... 13%  168M 0s
  2150K .......... .......... .......... .......... .......... 14%  566M 0s
  2200K .......... .......... .......... .......... .......... 14%  526M 0s
  2250K .......... .......... .......... .......... .......... 14%  561M 0s
  2300K .......... .......... .......... .......... .......... 15%  553M 0s
  2350K .......... .......... .......... .......... .......... 15%  577M 0s
  2400K .......... .......... .......... .......... .......... 15%  432M 0s
  2450K .......... .......... .......... .......... .......... 15%  548M 0s
  2500K .......... .......... .......... .......... .......... 16%  554M 0s
  2550K .......... .......... .......... .......... .......... 16%  574M 0s
  2600K .......... .......... .......... .......... .......... 16%  545M 0s
  2650K .......... .......... .......... .......... .......... 17%  488M 0s
  2700K .......... .......... .......... .......... .......... 17%  464M 0s
  2750K .......... .......... .......... .......... .......... 17%  584M 0s
  2800K .......... .......... .......... .......... .......... 18% 68.4M 0s
  2850K .......... .......... .......... .......... .......... 18% 94.0M 0s
  2900K .......... .......... .......... .......... .......... 18%  118M 0s
  2950K .......... .......... .......... .......... .......... 19% 80.1M 0s
  3000K .......... .......... .......... .......... .......... 19% 83.6M 0s
  3050K .......... .......... .......... .......... .......... 19%  118M 0s
  3100K .......... .......... .......... .......... .......... 20% 93.7M 0s
  3150K .......... .......... .......... .......... .......... 20% 67.4M 0s
  3200K .......... .......... .......... .......... .......... 20% 70.1M 0s
  3250K .......... .......... .......... .......... .......... 21%  119M 0s
  3300K .......... .......... .......... .......... .......... 21% 37.0M 0s
  3350K .......... .......... .......... .......... .......... 21%  112M 0s
  3400K .......... .......... .......... .......... .......... 22% 95.6M 0s
  3450K .......... .......... .......... .......... .......... 22% 94.3M 0s
  3500K .......... .......... .......... .......... .......... 22% 67.8M 0s
  3550K .......... .......... .......... .......... .......... 23%  116M 0s
  3600K .......... .......... .......... .......... .......... 23% 65.8M 0s
  3650K .......... .......... .......... .......... .......... 23% 91.9M 0s
  3700K .......... .......... .......... .......... .......... 23% 83.5M 0s
  3750K .......... .......... .......... .......... .......... 24%  105M 0s
  3800K .......... .......... .......... .......... .......... 24% 92.4M 0s
  3850K .......... .......... .......... .......... .......... 24% 60.5M 0s
  3900K .......... .......... .......... .......... .......... 25% 78.7M 0s
  3950K .......... .......... .......... .......... .......... 25% 93.6M 0s
  4000K .......... .......... .......... .......... .......... 25% 53.0M 0s
  4050K .......... .......... .......... .......... .......... 26% 83.9M 0s
  4100K .......... .......... .......... .......... .......... 26%  118M 0s
  4150K .......... .......... .......... .......... .......... 26% 93.6M 0s
  4200K .......... .......... .......... .......... .......... 27% 70.8M 0s
  4250K .......... .......... .......... .......... .......... 27%  115M 0s
  4300K .......... .......... .......... .......... .......... 27% 86.5M 0s
  4350K .......... .......... .......... .......... .......... 28%  116M 0s
  4400K .......... .......... .......... .......... .......... 28% 49.0M 0s
  4450K .......... .......... .......... .......... .......... 28% 84.8M 0s
  4500K .......... .......... .......... .......... .......... 29% 64.6M 0s
  4550K .......... .......... .......... .......... .......... 29%  118M 0s
  4600K .......... .......... .......... .......... .......... 29% 88.4M 0s
  4650K .......... .......... .......... .......... .......... 30% 43.2M 0s
  4700K .......... .......... .......... .......... .......... 30%  105M 0s
  4750K .......... .......... .......... .......... .......... 30% 93.8M 0s
  4800K .......... .......... .......... .......... .......... 31% 51.3M 0s
  4850K .......... .......... .......... .......... .......... 31%  118M 0s
  4900K .......... .......... .......... .......... .......... 31% 84.4M 0s
  4950K .......... .......... .......... .......... .......... 31% 30.4M 0s
  5000K .......... .......... .......... .......... .......... 32%  115M 0s
  5050K .......... .......... .......... .......... .......... 32% 94.4M 0s
  5100K .......... .......... .......... .......... .......... 32% 83.4M 0s
  5150K .......... .......... .......... .......... .......... 33%  118M 0s
  5200K .......... .......... .......... .......... .......... 33% 50.5M 0s
  5250K .......... .......... .......... .......... .......... 33% 84.9M 0s
  5300K .......... .......... .......... .......... .......... 34% 61.9M 0s
  5350K .......... .......... .......... .......... .......... 34% 76.6M 0s
  5400K .......... .......... .......... .......... .......... 34%  116M 0s
  5450K .......... .......... .......... .......... .......... 35%  108M 0s
  5500K .......... .......... .......... .......... .......... 35% 75.1M 0s
  5550K .......... .......... .......... .......... .......... 35%  104M 0s
  5600K .......... .......... .......... .......... .......... 36% 72.1M 0s
  5650K .......... .......... .......... .......... .......... 36% 52.5M 0s
  5700K .......... .......... .......... .......... .......... 36%  116M 0s
  5750K .......... .......... .......... .......... .......... 37% 85.5M 0s
  5800K .......... .......... .......... .......... .......... 37% 83.7M 0s
  5850K .......... .......... .......... .......... .......... 37%  119M 0s
  5900K .......... .......... .......... .......... .......... 38% 79.4M 0s
  5950K .......... .......... .......... .......... .......... 38% 92.6M 0s
  6000K .......... .......... .......... .......... .......... 38% 45.6M 0s
  6050K .......... .......... .......... .......... .......... 39%  118M 0s
  6100K .......... .......... .......... .......... .......... 39%  105M 0s
  6150K .......... .......... .......... .......... .......... 39%  115M 0s
  6200K .......... .......... .......... .......... .......... 39% 38.2M 0s
  6250K .......... .......... .......... .......... .......... 40% 92.2M 0s
  6300K .......... .......... .......... .......... .......... 40%  119M 0s
  6350K .......... .......... .......... .......... .......... 40%  117M 0s
  6400K .......... .......... .......... .......... .......... 41% 44.7M 0s
  6450K .......... .......... .......... .......... .......... 41%  118M 0s
  6500K .......... .......... .......... .......... .......... 41% 85.0M 0s
  6550K .......... .......... .......... .......... .......... 42% 87.9M 0s
  6600K .......... .......... .......... .......... .......... 42%  106M 0s
  6650K .......... .......... .......... .......... .......... 42%  115M 0s
  6700K .......... .......... .......... .......... .......... 43% 92.6M 0s
  6750K .......... .......... .......... .......... .......... 43%  103M 0s
  6800K .......... .......... .......... .......... .......... 43% 66.8M 0s
  6850K .......... .......... .......... .......... .......... 44% 67.5M 0s
  6900K .......... .......... .......... .......... .......... 44% 85.5M 0s
  6950K .......... .......... .......... .......... .......... 44% 70.2M 0s
  7000K .......... .......... .......... .......... .......... 45%  103M 0s
  7050K .......... .......... .......... .......... .......... 45% 89.4M 0s
  7100K .......... .......... .......... .......... .......... 45%  104M 0s
  7150K .......... .......... .......... .......... .......... 46% 66.3M 0s
  7200K .......... .......... .......... .......... .......... 46% 82.5M 0s
  7250K .......... .......... .......... .......... .......... 46% 89.9M 0s
  7300K .......... .......... .......... .......... .......... 47%  104M 0s
  7350K .......... .......... .......... .......... .......... 47% 83.9M 0s
  7400K .......... .......... .......... .......... .......... 47% 76.4M 0s
  7450K .......... .......... .......... .......... .......... 47%  117M 0s
  7500K .......... .......... .......... .......... .......... 48% 82.1M 0s
  7550K .......... .......... .......... .......... .......... 48% 93.1M 0s
  7600K .......... .......... .......... .......... .......... 48% 77.3M 0s
  7650K .......... .......... .......... .......... .......... 49% 64.7M 0s
  7700K .......... .......... .......... .......... .......... 49% 97.9M 0s
  7750K .......... .......... .......... .......... .......... 49%  116M 0s
  7800K .......... .......... .......... .......... .......... 50% 78.4M 0s
  7850K .......... .......... .......... .......... .......... 50% 94.7M 0s
  7900K .......... .......... .......... .......... .......... 50%  117M 0s
  7950K .......... .......... .......... .......... .......... 51% 84.4M 0s
  8000K .......... .......... .......... .......... .......... 51% 72.0M 0s
  8050K .......... .......... .......... .......... .......... 51%  117M 0s
  8100K .......... .......... .......... .......... .......... 52% 93.1M 0s
  8150K .......... .......... .......... .......... .......... 52% 83.1M 0s
  8200K .......... .......... .......... .......... .......... 52%  119M 0s
  8250K .......... .......... .......... .......... .......... 53% 83.7M 0s
  8300K .......... .......... .......... .......... .......... 53% 83.2M 0s
  8350K .......... .......... .......... .......... .......... 53% 82.0M 0s
  8400K .......... .......... .......... .......... .......... 54% 78.1M 0s
  8450K .......... .......... .......... .......... .......... 54% 86.2M 0s
  8500K .......... .......... .......... .......... .......... 54% 76.3M 0s
  8550K .......... .......... .......... .......... .......... 55%  117M 0s
  8600K .......... .......... .......... .......... .......... 55% 90.4M 0s
  8650K .......... .......... .......... .......... .......... 55% 84.4M 0s
  8700K .......... .......... .......... .......... .......... 55%  116M 0s
  8750K .......... .......... .......... .......... .......... 56% 70.0M 0s
  8800K .......... .......... .......... .......... .......... 56% 78.6M 0s
  8850K .......... .......... .......... .......... .......... 56% 57.5M 0s
  8900K .......... .......... .......... .......... .......... 57%  119M 0s
  8950K .......... .......... .......... .......... .......... 57%  103M 0s
  9000K .......... .......... .......... .......... .......... 57% 92.7M 0s
  9050K .......... .......... .......... .......... .......... 58%  104M 0s
  9100K .......... .......... .......... .......... .......... 58% 62.0M 0s
  9150K .......... .......... .......... .......... .......... 58%  118M 0s
  9200K .......... .......... .......... .......... .......... 59% 70.3M 0s
  9250K .......... .......... .......... .......... .......... 59% 67.1M 0s
  9300K .......... .......... .......... .......... .......... 59% 87.9M 0s
  9350K .......... .......... .......... .......... .......... 60%  117M 0s
  9400K .......... .......... .......... .......... .......... 60% 78.6M 0s
  9450K .......... .......... .......... .......... .......... 60% 81.7M 0s
  9500K .......... .......... .......... .......... .......... 61%  118M 0s
  9550K .......... .......... .......... .......... .......... 61% 73.5M 0s
  9600K .......... .......... .......... .......... .......... 61% 53.4M 0s
  9650K .......... .......... .......... .......... .......... 62% 84.9M 0s
  9700K .......... .......... .......... .......... .......... 62%  116M 0s
  9750K .......... .......... .......... .......... .......... 62% 65.5M 0s
  9800K .......... .......... .......... .......... .......... 63% 80.5M 0s
  9850K .......... .......... .......... .......... .......... 63%  118M 0s
  9900K .......... .......... .......... .......... .......... 63% 73.8M 0s
  9950K .......... .......... .......... .......... .......... 63% 78.1M 0s
 10000K .......... .......... .......... .......... .......... 64% 77.6M 0s
 10050K .......... .......... .......... .......... .......... 64%  118M 0s
 10100K .......... .......... .......... .......... .......... 64% 64.3M 0s
 10150K .......... .......... .......... .......... .......... 65% 92.3M 0s
 10200K .......... .......... .......... .......... .......... 65%  105M 0s
 10250K .......... .......... .......... .......... .......... 65% 90.7M 0s
 10300K .......... .......... .......... .......... .......... 66%  104M 0s
 10350K .......... .......... .......... .......... .......... 66% 83.9M 0s
 10400K .......... .......... .......... .......... .......... 66% 72.1M 0s
 10450K .......... .......... .......... .......... .......... 67% 92.1M 0s
 10500K .......... .......... .......... .......... .......... 67%  104M 0s
 10550K .......... .......... .......... .......... .......... 67% 82.9M 0s
 10600K .......... .......... .......... .......... .......... 68% 58.5M 0s
 10650K .......... .......... .......... .......... .......... 68%  116M 0s
 10700K .......... .......... .......... .......... .......... 68% 78.4M 0s
 10750K .......... .......... .......... .......... .......... 69% 66.7M 0s
 10800K .......... .......... .......... .......... .......... 69% 68.3M 0s
 10850K .......... .......... .......... .......... .......... 69%  106M 0s
 10900K .......... .......... .......... .......... .......... 70% 86.6M 0s
 10950K .......... .......... .......... .......... .......... 70% 38.5M 0s
 11000K .......... .......... .......... .......... .......... 70%  118M 0s
 11050K .......... .......... .......... .......... .......... 71% 93.1M 0s
 11100K .......... .......... .......... .......... .......... 71%  105M 0s
 11150K .......... .......... .......... .......... .......... 71%  119M 0s
 11200K .......... .......... .......... .......... .......... 71% 26.5M 0s
 11250K .......... .......... .......... .......... .......... 72% 91.6M 0s
 11300K .......... .......... .......... .......... .......... 72%  104M 0s
 11350K .......... .......... .......... .......... .......... 72% 42.5M 0s
 11400K .......... .......... .......... .......... .......... 73%  118M 0s
 11450K .......... .......... .......... .......... .......... 73%  116M 0s
 11500K .......... .......... .......... .......... .......... 73% 4.89M 0s
 11550K .......... .......... .......... .......... .......... 74%  502M 0s
 11600K .......... .......... .......... .......... .......... 74%  418M 0s
 11650K .......... .......... .......... .......... .......... 74%  526M 0s
 11700K .......... .......... .......... .......... .......... 75%  532M 0s
 11750K .......... .......... .......... .......... .......... 75%  537M 0s
 11800K .......... .......... .......... .......... .......... 75%  519M 0s
 11850K .......... .......... .......... .......... .......... 76%  534M 0s
 11900K .......... .......... .......... .......... .......... 76%  524M 0s
 11950K .......... .......... .......... .......... .......... 76%  531M 0s
 12000K .......... .......... .......... .......... .......... 77%  372M 0s
 12050K .......... .......... .......... .......... .......... 77%  551M 0s
 12100K .......... .......... .......... .......... .......... 77%  550M 0s
 12150K .......... .......... .......... .......... .......... 78%  547M 0s
 12200K .......... .......... .......... .......... .......... 78%  503M 0s
 12250K .......... .......... .......... .......... .......... 78%  566M 0s
 12300K .......... .......... .......... .......... .......... 79%  531M 0s
 12350K .......... .......... .......... .......... .......... 79%  474M 0s
 12400K .......... .......... .......... .......... .......... 79%  325M 0s
 12450K .......... .......... .......... .......... .......... 79%  181M 0s
 12500K .......... .......... .......... .......... .......... 80% 87.4M 0s
 12550K .......... .......... .......... .......... .......... 80% 73.9M 0s
 12600K .......... .......... .......... .......... .......... 80% 63.5M 0s
 12650K .......... .......... .......... .......... .......... 81% 95.8M 0s
 12700K .......... .......... .......... .......... .......... 81%  102M 0s
 12750K .......... .......... .......... .......... .......... 81% 91.0M 0s
 12800K .......... .......... .......... .......... .......... 82% 33.1M 0s
 12850K .......... .......... .......... .......... .......... 82% 94.3M 0s
 12900K .......... .......... .......... .......... .......... 82%  118M 0s
 12950K .......... .......... .......... .......... .......... 83% 53.6M 0s
 13000K .......... .......... .......... .......... .......... 83% 93.3M 0s
 13050K .......... .......... .......... .......... .......... 83%  118M 0s
 13100K .......... .......... .......... .......... .......... 84% 60.8M 0s
 13150K .......... .......... .......... .......... .......... 84% 93.0M 0s
 13200K .......... .......... .......... .......... .......... 84% 69.2M 0s
 13250K .......... .......... .......... .......... .......... 85%  116M 0s
 13300K .......... .......... .......... .......... .......... 85% 31.8M 0s
 13350K .......... .......... .......... .......... .......... 85% 75.3M 0s
 13400K .......... .......... .......... .......... .......... 86% 63.7M 0s
 13450K .......... .......... .......... .......... .......... 86%  114M 0s
 13500K .......... .......... .......... .......... .......... 86% 72.5M 0s
 13550K .......... .......... .......... .......... .......... 87% 83.1M 0s
 13600K .......... .......... .......... .......... .......... 87% 71.4M 0s
 13650K .......... .......... .......... .......... .......... 87%  115M 0s
 13700K .......... .......... .......... .......... .......... 87% 92.7M 0s
 13750K .......... .......... .......... .......... .......... 88% 77.7M 0s
 13800K .......... .......... .......... .......... .......... 88% 78.7M 0s
 13850K .......... .......... .......... .......... .......... 88% 58.5M 0s
 13900K .......... .......... .......... .......... .......... 89%  119M 0s
 13950K .......... .......... .......... .......... .......... 89% 84.0M 0s
 14000K .......... .......... .......... .......... .......... 89% 61.7M 0s
 14050K .......... .......... .......... .......... .......... 90% 76.9M 0s
 14100K .......... .......... .......... .......... .......... 90% 78.3M 0s
 14150K .......... .......... .......... .......... .......... 90% 46.7M 0s
 14200K .......... .......... .......... .......... .......... 91%  614M 0s
 14250K .......... .......... .......... .......... .......... 91%  116M 0s
 14300K .......... .......... .......... .......... .......... 91% 63.1M 0s
 14350K .......... .......... .......... .......... .......... 92% 94.8M 0s
 14400K .......... .......... .......... .......... .......... 92% 33.2M 0s
 14450K .......... .......... .......... .......... .......... 92%  103M 0s
 14500K .......... .......... .......... .......... .......... 93% 96.5M 0s
 14550K .......... .......... .......... .......... .......... 93% 54.4M 0s
 14600K .......... .......... .......... .......... .......... 93% 95.3M 0s
 14650K .......... .......... .......... .......... .......... 94% 98.2M 0s
 14700K .......... .......... .......... .......... .......... 94% 2.37M 0s
 14750K .......... .......... .......... .......... .......... 94%  443M 0s
 14800K .......... .......... .......... .......... .......... 95%  455M 0s
 14850K .......... .......... .......... .......... .......... 95%  553M 0s
 14900K .......... .......... .......... .......... .......... 95%  633M 0s
 14950K .......... .......... .......... .......... .......... 95% 13.7M 0s
 15000K .......... .......... .......... .......... .......... 96%  623M 0s
 15050K .......... .......... .......... .......... .......... 96%  642M 0s
 15100K .......... .......... .......... .......... .......... 96%  502M 0s
 15150K .......... .......... .......... .......... .......... 97%  643M 0s
 15200K .......... .......... .......... .......... .......... 97%  485M 0s
 15250K .......... .......... .......... .......... .......... 97%  496M 0s
 15300K .......... .......... .......... .......... .......... 98%  638M 0s
 15350K .......... .......... .......... .......... .......... 98%  636M 0s
 15400K .......... .......... .......... .......... .......... 98%  559M 0s
 15450K .......... .......... .......... .......... .......... 99%  624M 0s
 15500K .......... .......... .......... .......... .......... 99%  646M 0s
 15550K .......... .......... .......... .......... .......... 99%  146M 0s
 15600K .......... .......... .....                           100% 60.8M=0.2s

2026-02-10 11:29:32 (70.4 MB/s) - ‘/home/aisl/Documents/multi_robot_slam_ws/build/multirobot_map_merge/2011-08-09-12-22-52.pgm’ saved [16000058/16000058]

--2026-02-10 11:29:32--  https://raw.githubusercontent.com/hrnr/m-explore-extra/master/map_merge/gmapping_maps/2012-01-28-11-12-01.pgm
Resolving raw.githubusercontent.com (raw.githubusercontent.com)... 185.199.109.133, 185.199.110.133, 185.199.111.133, ...
Connecting to raw.githubusercontent.com (raw.githubusercontent.com)|185.199.109.133|:443... connected.
HTTP request sent, awaiting response... 200 OK
Length: 16000058 (15M) [application/octet-stream]
Saving to: ‘/home/aisl/Documents/multi_robot_slam_ws/build/multirobot_map_merge/2012-01-28-11-12-01.pgm’

     0K .......... .......... .......... .......... ..........  0% 7.77M 2s
    50K .......... .......... .......... .......... ..........  0% 33.1M 1s
   100K .......... .......... .......... .......... ..........  0% 12.1M 1s
   150K .......... .......... .......... .......... ..........  1% 49.0M 1s
   200K .......... .......... .......... .......... ..........  1% 61.9M 1s
   250K .......... .......... .......... .......... ..........  1% 13.0M 1s
   300K .......... .......... .......... .......... ..........  2%  120M 1s
   350K .......... .......... .......... .......... ..........  2% 95.3M 1s
   400K .......... .......... .......... .......... ..........  2% 70.8M 1s
   450K .......... .......... .......... .......... ..........  3%  118M 1s
   500K .......... .......... .......... .......... ..........  3% 90.8M 1s
   550K .......... .......... .......... .......... ..........  3% 78.9M 1s
   600K .......... .......... .......... .......... ..........  4% 18.9M 1s
   650K .......... .......... .......... .......... ..........  4%  105M 1s
   700K .......... .......... .......... .......... ..........  4%  104M 0s
   750K .......... .......... .......... .......... ..........  5% 77.4M 0s
   800K .......... .......... .......... .......... ..........  5% 84.7M 0s
   850K .......... .......... .......... .......... ..........  5% 93.6M 0s
   900K .......... .......... .......... .......... ..........  6% 92.8M 0s
   950K .......... .......... .......... .......... ..........  6% 5.33M 1s
  1000K .......... .......... .......... .......... ..........  6%  276M 0s
  1050K .......... .......... .......... .......... ..........  7%  476M 0s
  1100K .......... .......... .......... .......... ..........  7%  277M 0s
  1150K .......... .......... .......... .......... ..........  7%  401M 0s
  1200K .......... .......... .......... .......... ..........  7%  159M 0s
  1250K .......... .......... .......... .......... ..........  8%  486M 0s
  1300K .......... .......... .......... .......... ..........  8%  518M 0s
  1350K .......... .......... .......... .......... ..........  8%  570M 0s
  1400K .......... .......... .......... .......... ..........  9%  533M 0s
  1450K .......... .......... .......... .......... ..........  9%  497M 0s
  1500K .......... .......... .......... .......... ..........  9%  506M 0s
  1550K .......... .......... .......... .......... .......... 10% 18.2M 0s
  1600K .......... .......... .......... .......... .......... 10%  329M 0s
  1650K .......... .......... .......... .......... .......... 10%  498M 0s
  1700K .......... .......... .......... .......... .......... 11% 34.3M 0s
  1750K .......... .......... .......... .......... .......... 11%  464M 0s
  1800K .......... .......... .......... .......... .......... 11% 71.8M 0s
  1850K .......... .......... .......... .......... .......... 12%  208M 0s
  1900K .......... .......... .......... .......... .......... 12% 62.0M 0s
  1950K .......... .......... .......... .......... .......... 12%  451M 0s
  2000K .......... .......... .......... .......... .......... 13% 5.87M 0s
  2050K .......... .......... .......... .......... .......... 13%  381M 0s
  2100K .......... .......... .......... .......... .......... 13%  413M 0s
  2150K .......... .......... .......... .......... .......... 14%  463M 0s
  2200K .......... .......... .......... .......... .......... 14%  482M 0s
  2250K .......... .......... .......... .......... .......... 14%  538M 0s
  2300K .......... .......... .......... .......... .......... 15%  494M 0s
  2350K .......... .......... .......... .......... .......... 15%  492M 0s
  2400K .......... .......... .......... .......... .......... 15%  363M 0s
  2450K .......... .......... .......... .......... .......... 15%  454M 0s
  2500K .......... .......... .......... .......... .......... 16%  483M 0s
  2550K .......... .......... .......... .......... .......... 16%  480M 0s
  2600K .......... .......... .......... .......... .......... 16%  613M 0s
  2650K .......... .......... .......... .......... .......... 17%  589M 0s
  2700K .......... .......... .......... .......... .......... 17%  498M 0s
  2750K .......... .......... .......... .......... .......... 17%  498M 0s
  2800K .......... .......... .......... .......... .......... 18%  348M 0s
  2850K .......... .......... .......... .......... .......... 18%  482M 0s
  2900K .......... .......... .......... .......... .......... 18%  498M 0s
  2950K .......... .......... .......... .......... .......... 19%  483M 0s
  3000K .......... .......... .......... .......... .......... 19%  585M 0s
  3050K .......... .......... .......... .......... .......... 19%  519M 0s
  3100K .......... .......... .......... .......... .......... 20%  504M 0s
  3150K .......... .......... .......... .......... .......... 20%  494M 0s
  3200K .......... .......... .......... .......... .......... 20%  392M 0s
  3250K .......... .......... .......... .......... .......... 21%  506M 0s
  3300K .......... .......... .......... .......... .......... 21%  489M 0s
  3350K .......... .......... .......... .......... .......... 21%  499M 0s
  3400K .......... .......... .......... .......... .......... 22%  590M 0s
  3450K .......... .......... .......... .......... .......... 22%  628M 0s
  3500K .......... .......... .......... .......... .......... 22%  630M 0s
  3550K .......... .......... .......... .......... .......... 23%  584M 0s
  3600K .......... .......... .......... .......... .......... 23%  250M 0s
  3650K .......... .......... .......... .......... .......... 23%  106M 0s
  3700K .......... .......... .......... .......... .......... 23% 84.2M 0s
  3750K .......... .......... .......... .......... .......... 24% 94.1M 0s
  3800K .......... .......... .......... .......... .......... 24%  117M 0s
  3850K .......... .......... .......... .......... .......... 24% 64.1M 0s
  3900K .......... .......... .......... .......... .......... 25% 84.1M 0s
  3950K .......... .......... .......... .......... .......... 25%  116M 0s
  4000K .......... .......... .......... .......... .......... 25% 62.3M 0s
  4050K .......... .......... .......... .......... .......... 26% 93.7M 0s
  4100K .......... .......... .......... .......... .......... 26% 55.2M 0s
  4150K .......... .......... .......... .......... .......... 26% 71.1M 0s
  4200K .......... .......... .......... .......... .......... 27% 94.2M 0s
  4250K .......... .......... .......... .......... .......... 27% 70.1M 0s
  4300K .......... .......... .......... .......... .......... 27% 52.7M 0s
  4350K .......... .......... .......... .......... .......... 28% 60.1M 0s
  4400K .......... .......... .......... .......... .......... 28% 48.6M 0s
  4450K .......... .......... .......... .......... .......... 28% 70.8M 0s
  4500K .......... .......... .......... .......... .......... 29% 61.5M 0s
  4550K .......... .......... .......... .......... .......... 29%  118M 0s
  4600K .......... .......... .......... .......... .......... 29% 70.4M 0s
  4650K .......... .......... .......... .......... .......... 30% 65.9M 0s
  4700K .......... .......... .......... .......... .......... 30% 82.7M 0s
  4750K .......... .......... .......... .......... .......... 30%  105M 0s
  4800K .......... .......... .......... .......... .......... 31% 71.3M 0s
  4850K .......... .......... .......... .......... .......... 31% 93.1M 0s
  4900K .......... .......... .......... .......... .......... 31% 93.2M 0s
  4950K .......... .......... .......... .......... .......... 31% 57.7M 0s
  5000K .......... .......... .......... .......... .......... 32%  119M 0s
  5050K .......... .......... .......... .......... .......... 32% 84.8M 0s
  5100K .......... .......... .......... .......... .......... 32% 65.8M 0s
  5150K .......... .......... .......... .......... .......... 33% 94.4M 0s
  5200K .......... .......... .......... .......... .......... 33% 54.9M 0s
  5250K .......... .......... .......... .......... .......... 33%  119M 0s
  5300K .......... .......... .......... .......... .......... 34% 62.0M 0s
  5350K .......... .......... .......... .......... .......... 34% 86.9M 0s
  5400K .......... .......... .......... .......... .......... 34%  118M 0s
  5450K .......... .......... .......... .......... .......... 35% 77.4M 0s
  5500K .......... .......... .......... .......... .......... 35% 91.8M 0s
  5550K .......... .......... .......... .......... .......... 35% 66.4M 0s
  5600K .......... .......... .......... .......... .......... 36% 72.0M 0s
  5650K .......... .......... .......... .......... .......... 36% 69.9M 0s
  5700K .......... .......... .......... .......... .......... 36%  104M 0s
  5750K .......... .......... .......... .......... .......... 37% 53.4M 0s
  5800K .......... .......... .......... .......... .......... 37%  116M 0s
  5850K .......... .......... .......... .......... .......... 37% 93.9M 0s
  5900K .......... .......... .......... .......... .......... 38% 72.8M 0s
  5950K .......... .......... .......... .......... .......... 38%  116M 0s
  6000K .......... .......... .......... .......... .......... 38% 59.6M 0s
  6050K .......... .......... .......... .......... .......... 39% 67.6M 0s
  6100K .......... .......... .......... .......... .......... 39%  104M 0s
  6150K .......... .......... .......... .......... .......... 39% 62.6M 0s
  6200K .......... .......... .......... .......... .......... 39%  104M 0s
  6250K .......... .......... .......... .......... .......... 40% 92.3M 0s
  6300K .......... .......... .......... .......... .......... 40% 85.2M 0s
  6350K .......... .......... .......... .......... .......... 40% 44.8M 0s
  6400K .......... .......... .......... .......... .......... 41% 85.6M 0s
  6450K .......... .......... .......... .......... .......... 41%  105M 0s
  6500K .......... .......... .......... .......... .......... 41% 82.7M 0s
  6550K .......... .......... .......... .......... .......... 42%  117M 0s
  6600K .......... .......... .......... .......... .......... 42% 71.4M 0s
  6650K .......... .......... .......... .......... .......... 42% 94.3M 0s
  6700K .......... .......... .......... .......... .......... 43%  105M 0s
  6750K .......... .......... .......... .......... .......... 43% 73.8M 0s
  6800K .......... .......... .......... .......... .......... 43% 38.4M 0s
  6850K .......... .......... .......... .......... .......... 44% 48.6M 0s
  6900K .......... .......... .......... .......... .......... 44%  120M 0s
  6950K .......... .......... .......... .......... .......... 44%  104M 0s
  7000K .......... .......... .......... .......... .......... 45% 39.8M 0s
  7050K .......... .......... .......... .......... .......... 45%  105M 0s
  7100K .......... .......... .......... .......... .......... 45% 92.6M 0s
  7150K .......... .......... .......... .......... .......... 46%  117M 0s
  7200K .......... .......... .......... .......... .......... 46% 72.0M 0s
  7250K .......... .......... .......... .......... .......... 46% 49.0M 0s
  7300K .......... .......... .......... .......... .......... 47% 78.3M 0s
  7350K .......... .......... .......... .......... .......... 47%  116M 0s
  7400K .......... .......... .......... .......... .......... 47% 68.2M 0s
  7450K .......... .......... .......... .......... .......... 47% 65.6M 0s
  7500K .......... .......... .......... .......... .......... 48% 38.6M 0s
  7550K .......... .......... .......... .......... .......... 48%  118M 0s
  7600K .......... .......... .......... .......... .......... 48% 69.3M 0s
  7650K .......... .......... .......... .......... .......... 49% 81.1M 0s
  7700K .......... .......... .......... .......... .......... 49%  104M 0s
  7750K .......... .......... .......... .......... .......... 49% 79.1M 0s
  7800K .......... .......... .......... .......... .......... 50%  118M 0s
  7850K .......... .......... .......... .......... .......... 50% 78.0M 0s
  7900K .......... .......... .......... .......... .......... 50% 93.7M 0s
  7950K .......... .......... .......... .......... .......... 51% 49.7M 0s
  8000K .......... .......... .......... .......... .......... 51% 58.3M 0s
  8050K .......... .......... .......... .......... .......... 51%  115M 0s
  8100K .......... .......... .......... .......... .......... 52% 94.6M 0s
  8150K .......... .......... .......... .......... .......... 52% 90.0M 0s
  8200K .......... .......... .......... .......... .......... 52% 94.0M 0s
  8250K .......... .......... .......... .......... .......... 53%  104M 0s
  8300K .......... .......... .......... .......... .......... 53% 92.0M 0s
  8350K .......... .......... .......... .......... .......... 53%  101M 0s
  8400K .......... .......... .......... .......... .......... 54% 38.0M 0s
  8450K .......... .......... .......... .......... .......... 54%  102M 0s
  8500K .......... .......... .......... .......... .......... 54% 45.1M 0s
  8550K .......... .......... .......... .......... .......... 55%  106M 0s
  8600K .......... .......... .......... .......... .......... 55% 92.4M 0s
  8650K .......... .......... .......... .......... .......... 55%  118M 0s
  8700K .......... .......... .......... .......... .......... 55% 83.7M 0s
  8750K .......... .......... .......... .......... .......... 56% 85.3M 0s
  8800K .......... .......... .......... .......... .......... 56% 76.6M 0s
  8850K .......... .......... .......... .......... .......... 56% 66.4M 0s
  8900K .......... .......... .......... .......... .......... 57%  104M 0s
  8950K .......... .......... .......... .......... .......... 57% 53.4M 0s
  9000K .......... .......... .......... .......... .......... 57%  103M 0s
  9050K .......... .......... .......... .......... .......... 58% 93.4M 0s
  9100K .......... .......... .......... .......... .......... 58% 66.0M 0s
  9150K .......... .......... .......... .......... .......... 58% 58.4M 0s
  9200K .......... .......... .......... .......... .......... 59% 78.2M 0s
  9250K .......... .......... .......... .......... .......... 59%  118M 0s
  9300K .......... .......... .......... .......... .......... 59% 84.7M 0s
  9350K .......... .......... .......... .......... .......... 60%  119M 0s
  9400K .......... .......... .......... .......... .......... 60% 59.6M 0s
  9450K .......... .......... .......... .......... .......... 60% 93.5M 0s
  9500K .......... .......... .......... .......... .......... 61% 72.7M 0s
  9550K .......... .......... .......... .......... .......... 61% 72.7M 0s
  9600K .......... .......... .......... .......... .......... 61% 60.3M 0s
  9650K .......... .......... .......... .......... .......... 62% 5.84M 0s
  9700K .......... .......... .......... .......... .......... 62%  465M 0s
  9750K .......... .......... .......... .......... .......... 62%  459M 0s
  9800K .......... .......... .......... .......... .......... 63%  490M 0s
  9850K .......... .......... .......... .......... .......... 63%  498M 0s
  9900K .......... .......... .......... .......... .......... 63%  482M 0s
  9950K .......... .......... .......... .......... .......... 63%  624M 0s
 10000K .......... .......... .......... .......... .......... 64%  369M 0s
 10050K .......... .......... .......... .......... .......... 64%  451M 0s
 10100K .......... .......... .......... .......... .......... 64%  480M 0s
 10150K .......... .......... .......... .......... .......... 65%  552M 0s
 10200K .......... .......... .......... .......... .......... 65%  548M 0s
 10250K .......... .......... .......... .......... .......... 65%  602M 0s
 10300K .......... .......... .......... .......... .......... 66%  658M 0s
 10350K .......... .......... .......... .......... .......... 66%  654M 0s
 10400K .......... .......... .......... .......... .......... 66% 82.4M 0s
 10450K .......... .......... .......... .......... .......... 67% 69.0M 0s
 10500K .......... .......... .......... .......... .......... 67% 41.5M 0s
 10550K .......... .......... .......... .......... .......... 67%  105M 0s
 10600K .......... .......... .......... .......... .......... 68% 47.4M 0s
 10650K .......... .......... .......... .......... .......... 68% 91.1M 0s
 10700K .......... .......... .......... .......... .......... 68% 58.8M 0s
 10750K .......... .......... .......... .......... .......... 69% 34.5M 0s
 10800K .......... .......... .......... .......... .......... 69% 41.1M 0s
 10850K .......... .......... .......... .......... .......... 69%  115M 0s
 10900K .......... .......... .......... .......... .......... 70% 84.9M 0s
 10950K .......... .......... .......... .......... .......... 70% 52.9M 0s
 11000K .......... .......... .......... .......... .......... 70% 58.7M 0s
 11050K .......... .......... .......... .......... .......... 71% 35.3M 0s
 11100K .......... .......... .......... .......... .......... 71% 94.0M 0s
 11150K .......... .......... .......... .......... .......... 71% 39.2M 0s
 11200K .......... .......... .......... .......... .......... 71% 4.49M 0s
 11250K .......... .......... .......... .......... .......... 72%  407M 0s
 11300K .......... .......... .......... .......... .......... 72%  460M 0s
 11350K .......... .......... .......... .......... .......... 72%  507M 0s
 11400K .......... .......... .......... .......... .......... 73%  493M 0s
 11450K .......... .......... .......... .......... .......... 73%  520M 0s
 11500K .......... .......... .......... .......... .......... 73%  551M 0s
 11550K .......... .......... .......... .......... .......... 74%  443M 0s
 11600K .......... .......... .......... .......... .......... 74%  477M 0s
 11650K .......... .......... .......... .......... .......... 74%  627M 0s
 11700K .......... .......... .......... .......... .......... 75%  508M 0s
 11750K .......... .......... .......... .......... .......... 75%  487M 0s
 11800K .......... .......... .......... .......... .......... 75%  547M 0s
 11850K .......... .......... .......... .......... .......... 76%  494M 0s
 11900K .......... .......... .......... .......... .......... 76%  485M 0s
 11950K .......... .......... .......... .......... .......... 76%  499M 0s
 12000K .......... .......... .......... .......... .......... 77% 56.1M 0s
 12050K .......... .......... .......... .......... .......... 77%  117M 0s
 12100K .......... .......... .......... .......... .......... 77% 94.1M 0s
 12150K .......... .......... .......... .......... .......... 78% 64.7M 0s
 12200K .......... .......... .......... .......... .......... 78% 76.1M 0s
 12250K .......... .......... .......... .......... .......... 78% 38.8M 0s
 12300K .......... .......... .......... .......... .......... 79% 44.1M 0s
 12350K .......... .......... .......... .......... .......... 79% 43.8M 0s
 12400K .......... .......... .......... .......... .......... 79% 66.5M 0s
 12450K .......... .......... .......... .......... .......... 79% 76.7M 0s
 12500K .......... .......... .......... .......... .......... 80% 77.7M 0s
 12550K .......... .......... .......... .......... .......... 80%  104M 0s
 12600K .......... .......... .......... .......... .......... 80% 31.4M 0s
 12650K .......... .......... .......... .......... .......... 81% 31.5M 0s
 12700K .......... .......... .......... .......... .......... 81% 93.7M 0s
 12750K .......... .......... .......... .......... .......... 81% 94.5M 0s
 12800K .......... .......... .......... .......... .......... 82% 61.6M 0s
 12850K .......... .......... .......... .......... .......... 82% 75.9M 0s
 12900K .......... .......... .......... .......... .......... 82% 34.0M 0s
 12950K .......... .......... .......... .......... .......... 83% 33.2M 0s
 13000K .......... .......... .......... .......... .......... 83%  103M 0s
 13050K .......... .......... .......... .......... .......... 83% 80.3M 0s
 13100K .......... .......... .......... .......... .......... 84% 83.0M 0s
 13150K .......... .......... .......... .......... .......... 84% 75.5M 0s
 13200K .......... .......... .......... .......... .......... 84% 27.3M 0s
 13250K .......... .......... .......... .......... .......... 85%  103M 0s
 13300K .......... .......... .......... .......... .......... 85% 37.5M 0s
 13350K .......... .......... .......... .......... .......... 85% 84.1M 0s
 13400K .......... .......... .......... .......... .......... 86% 67.8M 0s
 13450K .......... .......... .......... .......... .......... 86%  105M 0s
 13500K .......... .......... .......... .......... .......... 86% 92.6M 0s
 13550K .......... .......... .......... .......... .......... 87% 29.1M 0s
 13600K .......... .......... .......... .......... .......... 87% 29.9M 0s
 13650K .......... .......... .......... .......... .......... 87% 93.2M 0s
 13700K .......... .......... .......... .......... .......... 87%  105M 0s
 13750K .......... .......... .......... .......... .......... 88% 75.2M 0s
 13800K .......... .......... .......... .......... .......... 88% 91.7M 0s
 13850K .......... .......... .......... .......... .......... 88% 29.7M 0s
 13900K .......... .......... .......... .......... .......... 89%  118M 0s
 13950K .......... .......... .......... .......... .......... 89% 34.2M 0s
 14000K .......... .......... .......... .......... .......... 89% 54.3M 0s
 14050K .......... .......... .......... .......... .......... 90% 75.9M 0s
 14100K .......... .......... .......... .......... .......... 90% 85.8M 0s
 14150K .......... .......... .......... .......... .......... 90%  116M 0s
 14200K .......... .......... .......... .......... .......... 91% 32.0M 0s
 14250K .......... .......... .......... .......... .......... 91% 34.0M 0s
 14300K .......... .......... .......... .......... .......... 91% 77.9M 0s
 14350K .......... .......... .......... .......... .......... 92%  105M 0s
 14400K .......... .......... .......... .......... .......... 92% 59.5M 0s
 14450K .......... .......... .......... .......... .......... 92% 85.6M 0s
 14500K .......... .......... .......... .......... .......... 93% 34.4M 0s
 14550K .......... .......... .......... .......... .......... 93% 33.2M 0s
 14600K .......... .......... .......... .......... .......... 93%  118M 0s
 14650K .......... .......... .......... .......... .......... 94% 74.5M 0s
 14700K .......... .......... .......... .......... .......... 94% 55.0M 0s
 14750K .......... .......... .......... .......... .......... 94%  117M 0s
 14800K .......... .......... .......... .......... .......... 95% 29.4M 0s
 14850K .......... .......... .......... .......... .......... 95% 35.4M 0s
 14900K .......... .......... .......... .......... .......... 95%  105M 0s
 14950K .......... .......... .......... .......... .......... 95% 4.34M 0s
 15000K .......... .......... .......... .......... .......... 96%  597M 0s
 15050K .......... .......... .......... .......... .......... 96%  629M 0s
 15100K .......... .......... .......... .......... .......... 96%  571M 0s
 15150K .......... .......... .......... .......... .......... 97%  671M 0s
 15200K .......... .......... .......... .......... .......... 97%  498M 0s
 15250K .......... .......... .......... .......... .......... 97%  576M 0s
 15300K .......... .......... .......... .......... .......... 98%  656M 0s
 15350K .......... .......... .......... .......... .......... 98%  599M 0s
 15400K .......... .......... .......... .......... .......... 98% 10.7M 0s
 15450K .......... .......... .......... .......... .......... 99%  599M 0s
 15500K .......... .......... .......... .......... .......... 99%  667M 0s
 15550K .......... .......... .......... .......... .......... 99%  591M 0s
 15600K .......... .......... .....                           100%  474M=0.2s

2026-02-10 11:29:33 (64.8 MB/s) - ‘/home/aisl/Documents/multi_robot_slam_ws/build/multirobot_map_merge/2012-01-28-11-12-01.pgm’ saved [16000058/16000058]

