[0.186s] Invoking command in '/home/aisl/Documents/multi_robot_slam_ws/build/multirobot_map_merge': BYOBU_DATE=%Y-%m-%d CMAKE_PREFIX_PATH=${CMAKE_PREFIX_PATH}:/home/aisl/Documents/multi_robot_slam_ws/install/multi_robot_slam_py:/opt/ros/jazzy DEBUGINFOD_URLS=https://debuginfod.ubuntu.com PS1=\[\e[38;5;202m\]$(byobu_prompt_status)\[\e[00m\]$(byobu_prompt_runtime) \[\e[38;5;245m\]\u\[\e[00m\]@\[\e[38;5;172m\]\h\[\e[00m\]:\[\e[38;5;5m\]\w\[\e[00m\]$(byobu_prompt_symbol) /usr/bin/cmake /home/aisl/Documents/multi_robot_slam_ws/src/m-explore-ros2/m-explore-ros2-main/map_merge -DAMENT_CMAKE_SYMLINK_INSTALL=1 -DCMAKE_INSTALL_PREFIX=/home/aisl/Documents/multi_robot_slam_ws/install/multirobot_map_merge
[0.222s] -- The C compiler identification is GNU 13.3.0
[0.260s] -- The CXX compiler identification is GNU 13.3.0
[0.270s] -- Detecting C compiler ABI info
[0.328s] -- Detecting C compiler ABI info - done
[0.335s] -- Check for working C compiler: /usr/bin/cc - skipped
[0.336s] -- Detecting C compile features
[0.336s] -- Detecting C compile features - done
[0.342s] -- Detecting CXX compiler ABI info
[0.409s] -- Detecting CXX compiler ABI info - done
[0.416s] -- Check for working CXX compiler: /usr/bin/c++ - skipped
[0.417s] -- Detecting CXX compile features
[0.417s] -- Detecting CXX compile features - done
[0.420s] -- Found ament_cmake: 2.5.4 (/opt/ros/jazzy/share/ament_cmake/cmake)
[0.529s] -- Found Python3: /usr/bin/python3 (found version "3.12.3") found components: Interpreter 
[0.582s] -- Override CMake install command with custom implementation using symlinks instead of copying resources
[0.616s] -- Found rclcpp: 28.1.13 (/opt/ros/jazzy/share/rclcpp/cmake)
[0.654s] -- Found rosidl_generator_c: 4.6.6 (/opt/ros/jazzy/share/rosidl_generator_c/cmake)
[0.667s] -- Found rosidl_generator_cpp: 4.6.6 (/opt/ros/jazzy/share/rosidl_generator_cpp/cmake)
[0.682s] -- Using all available rosidl_typesupport_c: rosidl_typesupport_fastrtps_c;rosidl_typesupport_introspection_c
[0.699s] -- Using all available rosidl_typesupport_cpp: rosidl_typesupport_fastrtps_cpp;rosidl_typesupport_introspection_cpp
[0.767s] -- Found rmw_implementation_cmake: 7.3.2 (/opt/ros/jazzy/share/rmw_implementation_cmake/cmake)
[0.770s] -- Found rmw_fastrtps_cpp: 8.4.3 (/opt/ros/jazzy/share/rmw_fastrtps_cpp/cmake)
[0.828s] -- Found OpenSSL: /usr/lib/x86_64-linux-gnu/libcrypto.so (found version "3.0.13")  
[0.844s] -- Found FastRTPS: /opt/ros/jazzy/include (Required is at least version "2.13") 
[0.861s] -- Using RMW implementation 'rmw_fastrtps_cpp' as default
[0.926s] -- Found geometry_msgs: 5.3.6 (/opt/ros/jazzy/share/geometry_msgs/cmake)
[0.955s] -- Found image_geometry: 4.1.0 (/opt/ros/jazzy/share/image_geometry/cmake)
[0.989s] -- Found map_msgs: 2.4.1 (/opt/ros/jazzy/share/map_msgs/cmake)
[1.046s] -- Found tf2_geometry_msgs: 0.36.16 (/opt/ros/jazzy/share/tf2_geometry_msgs/cmake)
[1.061s] -- Found eigen3_cmake_module: 0.3.0 (/opt/ros/jazzy/share/eigen3_cmake_module/cmake)
[1.062s] -- Found Eigen3: TRUE (found version "3.4.0") 
[1.063s] -- Ensuring Eigen3 include directory is part of orocos-kdl CMake target
[1.271s] -- Found Boost: /usr/lib/x86_64-linux-gnu/cmake/Boost-1.83.0/BoostConfig.cmake (found version "1.83.0") found components: thread 
[1.279s] -- Found OpenCV: /usr (found version "4.6.0") 
[1.300s] -- Found ament_lint_auto: 0.17.3 (/opt/ros/jazzy/share/ament_lint_auto/cmake)
[1.386s] -- Found ament_cmake_gtest: 2.5.4 (/opt/ros/jazzy/share/ament_cmake_gtest/cmake)
[1.390s] --2026-02-10 11:29:29--  https://raw.githubusercontent.com/hrnr/m-explore-extra/master/map_merge/hector_maps/map00.pgm
[1.412s] Resolving raw.githubusercontent.com (raw.githubusercontent.com)... 185.199.108.133, 185.199.109.133, 185.199.110.133, ...
[1.418s] Connecting to raw.githubusercontent.com (raw.githubusercontent.com)|185.199.108.133|:443... connected.
[2.129s] HTTP request sent, awaiting response... 200 OK
[2.130s] Length: 4194362 (4.0M) [application/octet-stream]
[2.130s] Saving to: ‘/home/aisl/Documents/multi_robot_slam_ws/build/multirobot_map_merge/map00.pgm’
[2.130s] 
[2.135s]      0K .......... .......... .......... .......... ..........  1% 8.23M 0s
[2.138s]     50K .......... .......... .......... .......... ..........  2% 20.7M 0s
[2.141s]    100K .......... .......... .......... .......... ..........  3% 13.0M 0s
[2.143s]    150K .......... .......... .......... .......... ..........  4% 32.7M 0s
[2.144s]    200K .......... .......... .......... .......... ..........  6% 56.8M 0s
[2.147s]    250K .......... .......... .......... .......... ..........  7% 14.9M 0s
[2.148s]    300K .......... .......... .......... .......... ..........  8%  106M 0s
[2.148s]    350K .......... .......... .......... .......... ..........  9% 64.6M 0s
[2.149s]    400K .......... .......... .......... .......... .......... 10% 79.4M 0s
[2.150s]    450K .......... .......... .......... .......... .......... 12% 51.3M 0s
[2.150s]    500K .......... .......... .......... .......... .......... 13%  118M 0s
[2.151s]    550K .......... .......... .......... .......... .......... 14% 92.2M 0s
[2.153s]    600K .......... .......... .......... .......... .......... 15% 21.7M 0s
[2.154s]    650K .......... .......... .......... .......... .......... 17% 94.4M 0s
[2.154s]    700K .......... .......... .......... .......... .......... 18%  104M 0s
[2.155s]    750K .......... .......... .......... .......... .......... 19% 78.4M 0s
[2.155s]    800K .......... .......... .......... .......... .......... 20% 84.9M 0s
[2.156s]    850K .......... .......... .......... .......... .......... 21% 92.6M 0s
[2.156s]    900K .......... .......... .......... .......... .......... 23%  117M 0s
[2.167s]    950K .......... .......... .......... .......... .......... 24% 4.58M 0s
[2.167s]   1000K .......... .......... .......... .......... .......... 25%  460M 0s
[2.167s]   1050K .......... .......... .......... .......... .......... 26%  153M 0s
[2.167s]   1100K .......... .......... .......... .......... .......... 28%  217M 0s
[2.168s]   1150K .......... .......... .......... .......... .......... 29%  343M 0s
[2.168s]   1200K .......... .......... .......... .......... .......... 30%  206M 0s
[2.168s]   1250K .......... .......... .......... .......... .......... 31%  427M 0s
[2.168s]   1300K .......... .......... .......... .......... .......... 32%  563M 0s
[2.168s]   1350K .......... .......... .......... .......... .......... 34%  560M 0s
[2.168s]   1400K .......... .......... .......... .......... .......... 35%  507M 0s
[2.169s]   1450K .......... .......... .......... .......... .......... 36%  486M 0s
[2.169s]   1500K .......... .......... .......... .......... .......... 37%  501M 0s
[2.172s]   1550K .......... .......... .......... .......... .......... 39% 13.2M 0s
[2.172s]   1600K .......... .......... .......... .......... .......... 40%  277M 0s
[2.172s]   1650K .......... .......... .......... .......... .......... 41%  484M 0s
[2.173s]   1700K .......... .......... .......... .......... .......... 42%  186M 0s
[2.173s]   1750K .......... .......... .......... .......... .......... 43% 86.4M 0s
[2.173s]   1800K .......... .......... .......... .......... .......... 45%  396M 0s
[2.174s]   1850K .......... .......... .......... .......... .......... 46%  413M 0s
[2.175s]   1900K .......... .......... .......... .......... .......... 47%  481M 0s
[2.176s]   1950K .......... .......... .......... .......... .......... 48% 21.7M 0s
[2.176s]   2000K .......... .......... .......... .......... .......... 50%  425M 0s
[2.176s]   2050K .......... .......... .......... .......... .......... 51%  444M 0s
[2.177s]   2100K .......... .......... .......... .......... .......... 52% 62.0M 0s
[2.185s]   2150K .......... .......... .......... .......... .......... 53% 5.86M 0s
[2.186s]   2200K .......... .......... .......... .......... .......... 54%  437M 0s
[2.186s]   2250K .......... .......... .......... .......... .......... 56%  528M 0s
[2.186s]   2300K .......... .......... .......... .......... .......... 57%  586M 0s
[2.186s]   2350K .......... .......... .......... .......... .......... 58%  328M 0s
[2.186s]   2400K .......... .......... .......... .......... .......... 59%  420M 0s
[2.186s]   2450K .......... .......... .......... .......... .......... 61%  418M 0s
[2.186s]   2500K .......... .......... .......... .......... .......... 62%  487M 0s
[2.186s]   2550K .......... .......... .......... .......... .......... 63%  393M 0s
[2.186s]   2600K .......... .......... .......... .......... .......... 64%  494M 0s
[2.187s]   2650K .......... .......... .......... .......... .......... 65%  513M 0s
[2.187s]   2700K .......... .......... .......... .......... .......... 67%  523M 0s
[2.187s]   2750K .......... .......... .......... .......... .......... 68%  392M 0s
[2.187s]   2800K .......... .......... .......... .......... .......... 69%  489M 0s
[2.187s]   2850K .......... .......... .......... .......... .......... 70%  511M 0s
[2.187s]   2900K .......... .......... .......... .......... .......... 72%  478M 0s
[2.187s]   2950K .......... .......... .......... .......... .......... 73%  520M 0s
[2.187s]   3000K .......... .......... .......... .......... .......... 74%  427M 0s
[2.187s]   3050K .......... .......... .......... .......... .......... 75%  500M 0s
[2.188s]   3100K .......... .......... .......... .......... .......... 76%  549M 0s
[2.190s]   3150K .......... .......... .......... .......... .......... 78% 16.4M 0s
[2.190s]   3200K .......... .......... .......... .......... .......... 79%  238M 0s
[2.191s]   3250K .......... .......... .......... .......... .......... 80% 63.0M 0s
[2.191s]   3300K .......... .......... .......... .......... .......... 81%  263M 0s
[2.191s]   3350K .......... .......... .......... .......... .......... 83%  572M 0s
[2.192s]   3400K .......... .......... .......... .......... .......... 84%  610M 0s
[2.192s]   3450K .......... .......... .......... .......... .......... 85%  629M 0s
[2.192s]   3500K .......... .......... .......... .......... .......... 86%  626M 0s
[2.192s]   3550K .......... .......... .......... .......... .......... 87%  479M 0s
[2.192s]   3600K .......... .......... .......... .......... .......... 89%  636M 0s
[2.192s]   3650K .......... .......... .......... .......... .......... 90%  621M 0s
[2.192s]   3700K .......... .......... .......... .......... .......... 91%  540M 0s
[2.193s]   3750K .......... .......... .......... .......... .......... 92%  652M 0s
[2.193s]   3800K .......... .......... .......... .......... .......... 93%  634M 0s
[2.193s]   3850K .......... .......... .......... .......... .......... 95%  588M 0s
[2.193s]   3900K .......... .......... .......... .......... .......... 96%  444M 0s
[2.193s]   3950K .......... .......... .......... .......... .......... 97%  332M 0s
[2.193s]   4000K .......... .......... .......... .......... .......... 98%  430M 0s
[2.193s]   4050K .......... .......... .......... .......... ......    100%  422M=0.06s
[2.193s] 
[2.193s] 2026-02-10 11:29:30 (63.2 MB/s) - ‘/home/aisl/Documents/multi_robot_slam_ws/build/multirobot_map_merge/map00.pgm’ saved [4194362/4194362]
[2.193s] 
[2.194s] Checking MD5 sum of /home/aisl/Documents/multi_robot_slam_ws/build/multirobot_map_merge/map00.pgm
[2.200s] /home/aisl/Documents/multi_robot_slam_ws/build/multirobot_map_merge/map00.pgm: OK
[2.204s] --2026-02-10 11:29:30--  https://raw.githubusercontent.com/hrnr/m-explore-extra/master/map_merge/hector_maps/map05.pgm
[2.226s] Resolving raw.githubusercontent.com (raw.githubusercontent.com)... 185.199.110.133, 185.199.108.133, 185.199.109.133, ...
[2.232s] Connecting to raw.githubusercontent.com (raw.githubusercontent.com)|185.199.110.133|:443... connected.
[3.079s] HTTP request sent, awaiting response... 200 OK
[3.079s] Length: 4194362 (4.0M) [application/octet-stream]
[3.080s] Saving to: ‘/home/aisl/Documents/multi_robot_slam_ws/build/multirobot_map_merge/map05.pgm’
[3.080s] 
[3.085s]      0K .......... .......... .......... .......... ..........  1% 8.28M 0s
[3.088s]     50K .......... .......... .......... .......... ..........  2% 19.3M 0s
[3.091s]    100K .......... .......... .......... .......... ..........  3% 13.9M 0s
[3.092s]    150K .......... .......... .......... .......... ..........  4% 56.8M 0s
[3.094s]    200K .......... .......... .......... .......... ..........  6% 26.0M 0s
[3.097s]    250K .......... .......... .......... .......... ..........  7% 16.6M 0s
[3.097s]    300K .......... .......... .......... .......... ..........  8%  105M 0s
[3.098s]    350K .......... .......... .......... .......... ..........  9% 61.6M 0s
[3.099s]    400K .......... .......... .......... .......... .......... 10% 65.8M 0s
[3.100s]    450K .......... .......... .......... .......... .......... 12% 63.6M 0s
[3.100s]    500K .......... .......... .......... .......... .......... 13%  117M 0s
[3.100s]    550K .......... .......... .......... .......... .......... 14% 92.9M 0s
[3.103s]    600K .......... .......... .......... .......... .......... 15% 21.6M 0s
[3.103s]    650K .......... .......... .......... .......... .......... 17%  105M 0s
[3.104s]    700K .......... .......... .......... .......... .......... 18% 93.9M 0s
[3.104s]    750K .......... .......... .......... .......... .......... 19% 93.0M 0s
[3.105s]    800K .......... .......... .......... .......... .......... 20% 67.9M 0s
[3.105s]    850K .......... .......... .......... .......... .......... 21%  120M 0s
[3.106s]    900K .......... .......... .......... .......... .......... 23% 84.1M 0s
[3.106s]    950K .......... .......... .......... .......... .......... 24%  117M 0s
[3.116s]   1000K .......... .......... .......... .......... .......... 25% 4.98M 0s
[3.117s]   1050K .......... .......... .......... .......... .......... 26%  408M 0s
[3.117s]   1100K .......... .......... .......... .......... .......... 28%  324M 0s
[3.117s]   1150K .......... .......... .......... .......... .......... 29%  108M 0s
[3.117s]   1200K .......... .......... .......... .......... .......... 30%  126M 0s
[3.117s]   1250K .......... .......... .......... .......... .......... 31%  475M 0s
[3.118s]   1300K .......... .......... .......... .......... .......... 32%  577M 0s
[3.118s]   1350K .......... .......... .......... .......... .......... 34%  572M 0s
[3.118s]   1400K .......... .......... .......... .......... .......... 35%  507M 0s
[3.118s]   1450K .......... .......... .......... .......... .......... 36%  573M 0s
[3.119s]   1500K .......... .......... .......... .......... .......... 37% 31.0M 0s
[3.120s]   1550K .......... .......... .......... .......... .......... 39%  234M 0s
[3.120s]   1600K .......... .......... .......... .......... .......... 40%  154M 0s
[3.120s]   1650K .......... .......... .......... .......... .......... 41%  210M 0s
[3.120s]   1700K .......... .......... .......... .......... .......... 42%  262M 0s
[3.129s]   1750K .......... .......... .......... .......... .......... 43% 5.70M 0s
[3.129s]   1800K .......... .......... .......... .......... .......... 45%  421M 0s
[3.129s]   1850K .......... .......... .......... .......... .......... 46%  454M 0s
[3.129s]   1900K .......... .......... .......... .......... .......... 47%  480M 0s
[3.129s]   1950K .......... .......... .......... .......... .......... 48%  481M 0s
[3.130s]   2000K .......... .......... .......... .......... .......... 50%  367M 0s
[3.130s]   2050K .......... .......... .......... .......... .......... 51%  525M 0s
[3.130s]   2100K .......... .......... .......... .......... .......... 52%  432M 0s
[3.130s]   2150K .......... .......... .......... .......... .......... 53%  570M 0s
[3.130s]   2200K .......... .......... .......... .......... .......... 54%  495M 0s
[3.130s]   2250K .......... .......... .......... .......... .......... 56%  480M 0s
[3.130s]   2300K .......... .......... .......... .......... .......... 57%  423M 0s
[3.130s]   2350K .......... .......... .......... .......... .......... 58%  498M 0s
[3.130s]   2400K .......... .......... .......... .......... .......... 59%  365M 0s
[3.130s]   2450K .......... .......... .......... .......... .......... 61%  550M 0s
[3.131s]   2500K .......... .......... .......... .......... .......... 62%  486M 0s
[3.131s]   2550K .......... .......... .......... .......... .......... 63%  534M 0s
[3.131s]   2600K .......... .......... .......... .......... .......... 64%  511M 0s
[3.131s]   2650K .......... .......... .......... .......... .......... 65%  478M 0s
[3.131s]   2700K .......... .......... .......... .......... .......... 67%  539M 0s
[3.131s]   2750K .......... .......... .......... .......... .......... 68%  486M 0s
[3.131s]   2800K .......... .......... .......... .......... .......... 69%  326M 0s
[3.131s]   2850K .......... .......... .......... .......... .......... 70%  495M 0s
[3.131s]   2900K .......... .......... .......... .......... .......... 72%  565M 0s
[3.131s]   2950K .......... .......... .......... .......... .......... 73%  581M 0s
[3.131s]   3000K .......... .......... .......... .......... .......... 74%  494M 0s
[3.132s]   3050K .......... .......... .......... .......... .......... 75%  470M 0s
[3.132s]   3100K .......... .......... .......... .......... .......... 76%  543M 0s
[3.132s]   3150K .......... .......... .......... .......... .......... 78%  492M 0s
[3.132s]   3200K .......... .......... .......... .......... .......... 79%  366M 0s
[3.132s]   3250K .......... .......... .......... .......... .......... 80%  549M 0s
[3.132s]   3300K .......... .......... .......... .......... .......... 81%  619M 0s
[3.136s]   3350K .......... .......... .......... .......... .......... 83% 12.0M 0s
[3.137s]   3400K .......... .......... .......... .......... .......... 84% 93.6M 0s
[3.137s]   3450K .......... .......... .......... .......... .......... 85%  105M 0s
[3.138s]   3500K .......... .......... .......... .......... .......... 86%  103M 0s
[3.138s]   3550K .......... .......... .......... .......... .......... 87%  105M 0s
[3.139s]   3600K .......... .......... .......... .......... .......... 89% 65.9M 0s
[3.140s]   3650K .......... .......... .......... .......... .......... 90% 39.5M 0s
[3.141s]   3700K .......... .......... .......... .......... .......... 91% 85.0M 0s
[3.141s]   3750K .......... .......... .......... .......... .......... 92%  116M 0s
[3.143s]   3800K .......... .......... .......... .......... .......... 93% 32.7M 0s
[3.143s]   3850K .......... .......... .......... .......... .......... 95%  118M 0s
[3.143s]   3900K .......... .......... .......... .......... .......... 96% 91.9M 0s
[3.144s]   3950K .......... .......... .......... .......... .......... 97%  103M 0s
[3.144s]   4000K .......... .......... .......... .......... .......... 98% 85.9M 0s
[3.145s]   4050K .......... .......... .......... .......... ......    100% 50.7M=0.07s
[3.145s] 
[3.146s] 2026-02-10 11:29:31 (60.4 MB/s) - ‘/home/aisl/Documents/multi_robot_slam_ws/build/multirobot_map_merge/map05.pgm’ saved [4194362/4194362]
[3.146s] 
[3.146s] Checking MD5 sum of /home/aisl/Documents/multi_robot_slam_ws/build/multirobot_map_merge/map05.pgm
[3.152s] /home/aisl/Documents/multi_robot_slam_ws/build/multirobot_map_merge/map05.pgm: OK
[3.156s] --2026-02-10 11:29:31--  https://raw.githubusercontent.com/hrnr/m-explore-extra/master/map_merge/gmapping_maps/2011-08-09-12-22-52.pgm
[3.178s] Resolving raw.githubusercontent.com (raw.githubusercontent.com)... 185.199.109.133, 185.199.108.133, 185.199.110.133, ...
[3.184s] Connecting to raw.githubusercontent.com (raw.githubusercontent.com)|185.199.109.133|:443... connected.
[4.103s] HTTP request sent, awaiting response... 200 OK
[4.104s] Length: 16000058 (15M) [application/octet-stream]
[4.104s] Saving to: ‘/home/aisl/Documents/multi_robot_slam_ws/build/multirobot_map_merge/2011-08-09-12-22-52.pgm’
[4.104s] 
[4.109s]      0K .......... .......... .......... .......... ..........  0% 8.22M 2s
[4.112s]     50K .......... .......... .......... .......... ..........  0% 20.2M 1s
[4.115s]    100K .......... .......... .......... .......... ..........  0% 15.3M 1s
[4.116s]    150K .......... .......... .......... .......... ..........  1% 40.8M 1s
[4.118s]    200K .......... .......... .......... .......... ..........  1% 35.5M 1s
[4.121s]    250K .......... .......... .......... .......... ..........  1% 16.2M 1s
[4.121s]    300K .......... .......... .......... .......... ..........  2%  106M 1s
[4.122s]    350K .......... .......... .......... .......... ..........  2% 52.5M 1s
[4.123s]    400K .......... .......... .......... .......... ..........  2% 78.3M 1s
[4.123s]    450K .......... .......... .......... .......... ..........  3% 67.5M 1s
[4.124s]    500K .......... .......... .......... .......... ..........  3%  105M 1s
[4.124s]    550K .......... .......... .......... .......... ..........  3% 84.9M 1s
[4.127s]    600K .......... .......... .......... .......... ..........  4% 20.1M 1s
[4.127s]    650K .......... .......... .......... .......... ..........  4%  119M 1s
[4.128s]    700K .......... .......... .......... .......... ..........  4% 93.9M 0s
[4.128s]    750K .......... .......... .......... .......... ..........  5% 91.9M 0s
[4.129s]    800K .......... .......... .......... .......... ..........  5% 66.6M 0s
[4.129s]    850K .......... .......... .......... .......... ..........  5%  118M 0s
[4.130s]    900K .......... .......... .......... .......... ..........  6% 92.9M 0s
[4.139s]    950K .......... .......... .......... .......... ..........  6% 5.49M 1s
[4.139s]   1000K .......... .......... .......... .......... ..........  6%  612M 0s
[4.139s]   1050K .......... .......... .......... .......... ..........  7%  100M 0s
[4.140s]   1100K .......... .......... .......... .......... ..........  7%  240M 0s
[4.140s]   1150K .......... .......... .......... .......... ..........  7%  538M 0s
[4.140s]   1200K .......... .......... .......... .......... ..........  7%  193M 0s
[4.140s]   1250K .......... .......... .......... .......... ..........  8%  493M 0s
[4.140s]   1300K .......... .......... .......... .......... ..........  8%  532M 0s
[4.140s]   1350K .......... .......... .......... .......... ..........  8%  588M 0s
[4.140s]   1400K .......... .......... .......... .......... ..........  9%  608M 0s
[4.140s]   1450K .......... .......... .......... .......... ..........  9%  529M 0s
[4.141s]   1500K .......... .......... .......... .......... ..........  9%  517M 0s
[4.141s]   1550K .......... .......... .......... .......... .......... 10%  561M 0s
[4.141s]   1600K .......... .......... .......... .......... .......... 10%  409M 0s
[4.143s]   1650K .......... .......... .......... .......... .......... 10% 21.2M 0s
[4.143s]   1700K .......... .......... .......... .......... .......... 11%  132M 0s
[4.144s]   1750K .......... .......... .......... .......... .......... 11% 84.1M 0s
[4.144s]   1800K .......... .......... .......... .......... .......... 11%  292M 0s
[4.145s]   1850K .......... .......... .......... .......... .......... 12% 56.6M 0s
[4.145s]   1900K .......... .......... .......... .......... .......... 12%  527M 0s
[4.146s]   1950K .......... .......... .......... .......... .......... 12%  516M 0s
[4.146s]   2000K .......... .......... .......... .......... .......... 13% 38.5M 0s
[4.147s]   2050K .......... .......... .......... .......... .......... 13%  103M 0s
[4.147s]   2100K .......... .......... .......... .......... .......... 13%  168M 0s
[4.147s]   2150K .......... .......... .......... .......... .......... 14%  566M 0s
[4.147s]   2200K .......... .......... .......... .......... .......... 14%  526M 0s
[4.148s]   2250K .......... .......... .......... .......... .......... 14%  561M 0s
[4.148s]   2300K .......... .......... .......... .......... .......... 15%  553M 0s
[4.148s]   2350K .......... .......... .......... .......... .......... 15%  577M 0s
[4.148s]   2400K .......... .......... .......... .......... .......... 15%  432M 0s
[4.148s]   2450K .......... .......... .......... .......... .......... 15%  548M 0s
[4.148s]   2500K .......... .......... .......... .......... .......... 16%  554M 0s
[4.148s]   2550K .......... .......... .......... .......... .......... 16%  574M 0s
[4.148s]   2600K .......... .......... .......... .......... .......... 16%  545M 0s
[4.148s]   2650K .......... .......... .......... .......... .......... 17%  488M 0s
[4.149s]   2700K .......... .......... .......... .......... .......... 17%  464M 0s
[4.149s]   2750K .......... .......... .......... .......... .......... 17%  584M 0s
[4.149s]   2800K .......... .......... .......... .......... .......... 18% 68.4M 0s
[4.150s]   2850K .......... .......... .......... .......... .......... 18% 94.0M 0s
[4.150s]   2900K .......... .......... .......... .......... .......... 18%  118M 0s
[4.151s]   2950K .......... .......... .......... .......... .......... 19% 80.1M 0s
[4.151s]   3000K .......... .......... .......... .......... .......... 19% 83.6M 0s
[4.152s]   3050K .......... .......... .......... .......... .......... 19%  118M 0s
[4.152s]   3100K .......... .......... .......... .......... .......... 20% 93.7M 0s
[4.153s]   3150K .......... .......... .......... .......... .......... 20% 67.4M 0s
[4.154s]   3200K .......... .......... .......... .......... .......... 20% 70.1M 0s
[4.154s]   3250K .......... .......... .......... .......... .......... 21%  119M 0s
[4.155s]   3300K .......... .......... .......... .......... .......... 21% 37.0M 0s
[4.156s]   3350K .......... .......... .......... .......... .......... 21%  112M 0s
[4.156s]   3400K .......... .......... .......... .......... .......... 22% 95.6M 0s
[4.157s]   3450K .......... .......... .......... .......... .......... 22% 94.3M 0s
[4.157s]   3500K .......... .......... .......... .......... .......... 22% 67.8M 0s
[4.158s]   3550K .......... .......... .......... .......... .......... 23%  116M 0s
[4.159s]   3600K .......... .......... .......... .......... .......... 23% 65.8M 0s
[4.159s]   3650K .......... .......... .......... .......... .......... 23% 91.9M 0s
[4.160s]   3700K .......... .......... .......... .......... .......... 23% 83.5M 0s
[4.160s]   3750K .......... .......... .......... .......... .......... 24%  105M 0s
[4.161s]   3800K .......... .......... .......... .......... .......... 24% 92.4M 0s
[4.162s]   3850K .......... .......... .......... .......... .......... 24% 60.5M 0s
[4.162s]   3900K .......... .......... .......... .......... .......... 25% 78.7M 0s
[4.163s]   3950K .......... .......... .......... .......... .......... 25% 93.6M 0s
[4.164s]   4000K .......... .......... .......... .......... .......... 25% 53.0M 0s
[4.164s]   4050K .......... .......... .......... .......... .......... 26% 83.9M 0s
[4.165s]   4100K .......... .......... .......... .......... .......... 26%  118M 0s
[4.165s]   4150K .......... .......... .......... .......... .......... 26% 93.6M 0s
[4.166s]   4200K .......... .......... .......... .......... .......... 27% 70.8M 0s
[4.166s]   4250K .......... .......... .......... .......... .......... 27%  115M 0s
[4.167s]   4300K .......... .......... .......... .......... .......... 27% 86.5M 0s
[4.168s]   4350K .......... .......... .......... .......... .......... 28%  116M 0s
[4.168s]   4400K .......... .......... .......... .......... .......... 28% 49.0M 0s
[4.169s]   4450K .......... .......... .......... .......... .......... 28% 84.8M 0s
[4.170s]   4500K .......... .......... .......... .......... .......... 29% 64.6M 0s
[4.170s]   4550K .......... .......... .......... .......... .......... 29%  118M 0s
[4.170s]   4600K .......... .......... .......... .......... .......... 29% 88.4M 0s
[4.172s]   4650K .......... .......... .......... .......... .......... 30% 43.2M 0s
[4.172s]   4700K .......... .......... .......... .......... .......... 30%  105M 0s
[4.173s]   4750K .......... .......... .......... .......... .......... 30% 93.8M 0s
[4.174s]   4800K .......... .......... .......... .......... .......... 31% 51.3M 0s
[4.174s]   4850K .......... .......... .......... .......... .......... 31%  118M 0s
[4.175s]   4900K .......... .......... .......... .......... .......... 31% 84.4M 0s
[4.176s]   4950K .......... .......... .......... .......... .......... 31% 30.4M 0s
[4.177s]   5000K .......... .......... .......... .......... .......... 32%  115M 0s
[4.177s]   5050K .......... .......... .......... .......... .......... 32% 94.4M 0s
[4.178s]   5100K .......... .......... .......... .......... .......... 32% 83.4M 0s
[4.179s]   5150K .......... .......... .......... .......... .......... 33%  118M 0s
[4.179s]   5200K .......... .......... .......... .......... .......... 33% 50.5M 0s
[4.180s]   5250K .......... .......... .......... .......... .......... 33% 84.9M 0s
[4.180s]   5300K .......... .......... .......... .......... .......... 34% 61.9M 0s
[4.181s]   5350K .......... .......... .......... .......... .......... 34% 76.6M 0s
[4.182s]   5400K .......... .......... .......... .......... .......... 34%  116M 0s
[4.182s]   5450K .......... .......... .......... .......... .......... 35%  108M 0s
[4.183s]   5500K .......... .......... .......... .......... .......... 35% 75.1M 0s
[4.183s]   5550K .......... .......... .......... .......... .......... 35%  104M 0s
[4.184s]   5600K .......... .......... .......... .......... .......... 36% 72.1M 0s
[4.185s]   5650K .......... .......... .......... .......... .......... 36% 52.5M 0s
[4.185s]   5700K .......... .......... .......... .......... .......... 36%  116M 0s
[4.186s]   5750K .......... .......... .......... .......... .......... 37% 85.5M 0s
[4.186s]   5800K .......... .......... .......... .......... .......... 37% 83.7M 0s
[4.187s]   5850K .......... .......... .......... .......... .......... 37%  119M 0s
[4.187s]   5900K .......... .......... .......... .......... .......... 38% 79.4M 0s
[4.188s]   5950K .......... .......... .......... .......... .......... 38% 92.6M 0s
[4.189s]   6000K .......... .......... .......... .......... .......... 38% 45.6M 0s
[4.189s]   6050K .......... .......... .......... .......... .......... 39%  118M 0s
[4.190s]   6100K .......... .......... .......... .......... .......... 39%  105M 0s
[4.190s]   6150K .......... .......... .......... .......... .......... 39%  115M 0s
[4.191s]   6200K .......... .......... .......... .......... .......... 39% 38.2M 0s
[4.192s]   6250K .......... .......... .......... .......... .......... 40% 92.2M 0s
[4.192s]   6300K .......... .......... .......... .......... .......... 40%  119M 0s
[4.193s]   6350K .......... .......... .......... .......... .......... 40%  117M 0s
[4.194s]   6400K .......... .......... .......... .......... .......... 41% 44.7M 0s
[4.194s]   6450K .......... .......... .......... .......... .......... 41%  118M 0s
[4.195s]   6500K .......... .......... .......... .......... .......... 41% 85.0M 0s
[4.195s]   6550K .......... .......... .......... .......... .......... 42% 87.9M 0s
[4.196s]   6600K .......... .......... .......... .......... .......... 42%  106M 0s
[4.196s]   6650K .......... .......... .......... .......... .......... 42%  115M 0s
[4.197s]   6700K .......... .......... .......... .......... .......... 43% 92.6M 0s
[4.198s]   6750K .......... .......... .......... .......... .......... 43%  103M 0s
[4.198s]   6800K .......... .......... .......... .......... .......... 43% 66.8M 0s
[4.199s]   6850K .......... .......... .......... .......... .......... 44% 67.5M 0s
[4.199s]   6900K .......... .......... .......... .......... .......... 44% 85.5M 0s
[4.200s]   6950K .......... .......... .......... .......... .......... 44% 70.2M 0s
[4.200s]   7000K .......... .......... .......... .......... .......... 45%  103M 0s
[4.201s]   7050K .......... .......... .......... .......... .......... 45% 89.4M 0s
[4.202s]   7100K .......... .......... .......... .......... .......... 45%  104M 0s
[4.202s]   7150K .......... .......... .......... .......... .......... 46% 66.3M 0s
[4.203s]   7200K .......... .......... .......... .......... .......... 46% 82.5M 0s
[4.203s]   7250K .......... .......... .......... .......... .......... 46% 89.9M 0s
[4.204s]   7300K .......... .......... .......... .......... .......... 47%  104M 0s
[4.204s]   7350K .......... .......... .......... .......... .......... 47% 83.9M 0s
[4.205s]   7400K .......... .......... .......... .......... .......... 47% 76.4M 0s
[4.205s]   7450K .......... .......... .......... .......... .......... 47%  117M 0s
[4.206s]   7500K .......... .......... .......... .......... .......... 48% 82.1M 0s
[4.207s]   7550K .......... .......... .......... .......... .......... 48% 93.1M 0s
[4.207s]   7600K .......... .......... .......... .......... .......... 48% 77.3M 0s
[4.208s]   7650K .......... .......... .......... .......... .......... 49% 64.7M 0s
[4.208s]   7700K .......... .......... .......... .......... .......... 49% 97.9M 0s
[4.209s]   7750K .......... .......... .......... .......... .......... 49%  116M 0s
[4.210s]   7800K .......... .......... .......... .......... .......... 50% 78.4M 0s
[4.210s]   7850K .......... .......... .......... .......... .......... 50% 94.7M 0s
[4.210s]   7900K .......... .......... .......... .......... .......... 50%  117M 0s
[4.211s]   7950K .......... .......... .......... .......... .......... 51% 84.4M 0s
[4.212s]   8000K .......... .......... .......... .......... .......... 51% 72.0M 0s
[4.212s]   8050K .......... .......... .......... .......... .......... 51%  117M 0s
[4.213s]   8100K .......... .......... .......... .......... .......... 52% 93.1M 0s
[4.213s]   8150K .......... .......... .......... .......... .......... 52% 83.1M 0s
[4.214s]   8200K .......... .......... .......... .......... .......... 52%  119M 0s
[4.214s]   8250K .......... .......... .......... .......... .......... 53% 83.7M 0s
[4.215s]   8300K .......... .......... .......... .......... .......... 53% 83.2M 0s
[4.216s]   8350K .......... .......... .......... .......... .......... 53% 82.0M 0s
[4.216s]   8400K .......... .......... .......... .......... .......... 54% 78.1M 0s
[4.217s]   8450K .......... .......... .......... .......... .......... 54% 86.2M 0s
[4.217s]   8500K .......... .......... .......... .......... .......... 54% 76.3M 0s
[4.218s]   8550K .......... .......... .......... .......... .......... 55%  117M 0s
[4.218s]   8600K .......... .......... .......... .......... .......... 55% 90.4M 0s
[4.219s]   8650K .......... .......... .......... .......... .......... 55% 84.4M 0s
[4.219s]   8700K .......... .......... .......... .......... .......... 55%  116M 0s
[4.220s]   8750K .......... .......... .......... .......... .......... 56% 70.0M 0s
[4.221s]   8800K .......... .......... .......... .......... .......... 56% 78.6M 0s
[4.221s]   8850K .......... .......... .......... .......... .......... 56% 57.5M 0s
[4.222s]   8900K .......... .......... .......... .......... .......... 57%  119M 0s
[4.222s]   8950K .......... .......... .......... .......... .......... 57%  103M 0s
[4.223s]   9000K .......... .......... .......... .......... .......... 57% 92.7M 0s
[4.223s]   9050K .......... .......... .......... .......... .......... 58%  104M 0s
[4.224s]   9100K .......... .......... .......... .......... .......... 58% 62.0M 0s
[4.225s]   9150K .......... .......... .......... .......... .......... 58%  118M 0s
[4.225s]   9200K .......... .......... .......... .......... .......... 59% 70.3M 0s
[4.226s]   9250K .......... .......... .......... .......... .......... 59% 67.1M 0s
[4.226s]   9300K .......... .......... .......... .......... .......... 59% 87.9M 0s
[4.227s]   9350K .......... .......... .......... .......... .......... 60%  117M 0s
[4.228s]   9400K .......... .......... .......... .......... .......... 60% 78.6M 0s
[4.228s]   9450K .......... .......... .......... .......... .......... 60% 81.7M 0s
[4.229s]   9500K .......... .......... .......... .......... .......... 61%  118M 0s
[4.229s]   9550K .......... .......... .......... .......... .......... 61% 73.5M 0s
[4.230s]   9600K .......... .......... .......... .......... .......... 61% 53.4M 0s
[4.231s]   9650K .......... .......... .......... .......... .......... 62% 84.9M 0s
[4.231s]   9700K .......... .......... .......... .......... .......... 62%  116M 0s
[4.232s]   9750K .......... .......... .......... .......... .......... 62% 65.5M 0s
[4.232s]   9800K .......... .......... .......... .......... .......... 63% 80.5M 0s
[4.233s]   9850K .......... .......... .......... .......... .......... 63%  118M 0s
[4.233s]   9900K .......... .......... .......... .......... .......... 63% 73.8M 0s
[4.234s]   9950K .......... .......... .......... .......... .......... 63% 78.1M 0s
[4.235s]  10000K .......... .......... .......... .......... .......... 64% 77.6M 0s
[4.235s]  10050K .......... .......... .......... .......... .......... 64%  118M 0s
[4.236s]  10100K .......... .......... .......... .......... .......... 64% 64.3M 0s
[4.236s]  10150K .......... .......... .......... .......... .......... 65% 92.3M 0s
[4.237s]  10200K .......... .......... .......... .......... .......... 65%  105M 0s
[4.237s]  10250K .......... .......... .......... .......... .......... 65% 90.7M 0s
[4.238s]  10300K .......... .......... .......... .......... .......... 66%  104M 0s
[4.239s]  10350K .......... .......... .......... .......... .......... 66% 83.9M 0s
[4.239s]  10400K .......... .......... .......... .......... .......... 66% 72.1M 0s
[4.240s]  10450K .......... .......... .......... .......... .......... 67% 92.1M 0s
[4.240s]  10500K .......... .......... .......... .......... .......... 67%  104M 0s
[4.241s]  10550K .......... .......... .......... .......... .......... 67% 82.9M 0s
[4.242s]  10600K .......... .......... .......... .......... .......... 68% 58.5M 0s
[4.242s]  10650K .......... .......... .......... .......... .......... 68%  116M 0s
[4.243s]  10700K .......... .......... .......... .......... .......... 68% 78.4M 0s
[4.243s]  10750K .......... .......... .......... .......... .......... 69% 66.7M 0s
[4.244s]  10800K .......... .......... .......... .......... .......... 69% 68.3M 0s
[4.245s]  10850K .......... .......... .......... .......... .......... 69%  106M 0s
[4.245s]  10900K .......... .......... .......... .......... .......... 70% 86.6M 0s
[4.246s]  10950K .......... .......... .......... .......... .......... 70% 38.5M 0s
[4.247s]  11000K .......... .......... .......... .......... .......... 70%  118M 0s
[4.247s]  11050K .......... .......... .......... .......... .......... 71% 93.1M 0s
[4.248s]  11100K .......... .......... .......... .......... .......... 71%  105M 0s
[4.248s]  11150K .......... .......... .......... .......... .......... 71%  119M 0s
[4.250s]  11200K .......... .......... .......... .......... .......... 71% 26.5M 0s
[4.251s]  11250K .......... .......... .......... .......... .......... 72% 91.6M 0s
[4.251s]  11300K .......... .......... .......... .......... .......... 72%  104M 0s
[4.252s]  11350K .......... .......... .......... .......... .......... 72% 42.5M 0s
[4.253s]  11400K .......... .......... .......... .......... .......... 73%  118M 0s
[4.253s]  11450K .......... .......... .......... .......... .......... 73%  116M 0s
[4.263s]  11500K .......... .......... .......... .......... .......... 73% 4.89M 0s
[4.263s]  11550K .......... .......... .......... .......... .......... 74%  502M 0s
[4.264s]  11600K .......... .......... .......... .......... .......... 74%  418M 0s
[4.264s]  11650K .......... .......... .......... .......... .......... 74%  526M 0s
[4.264s]  11700K .......... .......... .......... .......... .......... 75%  532M 0s
[4.264s]  11750K .......... .......... .......... .......... .......... 75%  537M 0s
[4.264s]  11800K .......... .......... .......... .......... .......... 75%  519M 0s
[4.264s]  11850K .......... .......... .......... .......... .......... 76%  534M 0s
[4.264s]  11900K .......... .......... .......... .......... .......... 76%  524M 0s
[4.264s]  11950K .......... .......... .......... .......... .......... 76%  531M 0s
[4.264s]  12000K .......... .......... .......... .......... .......... 77%  372M 0s
[4.265s]  12050K .......... .......... .......... .......... .......... 77%  551M 0s
[4.265s]  12100K .......... .......... .......... .......... .......... 77%  550M 0s
[4.265s]  12150K .......... .......... .......... .......... .......... 78%  547M 0s
[4.265s]  12200K .......... .......... .......... .......... .......... 78%  503M 0s
[4.265s]  12250K .......... .......... .......... .......... .......... 78%  566M 0s
[4.265s]  12300K .......... .......... .......... .......... .......... 79%  531M 0s
[4.265s]  12350K .......... .......... .......... .......... .......... 79%  474M 0s
[4.265s]  12400K .......... .......... .......... .......... .......... 79%  325M 0s
[4.265s]  12450K .......... .......... .......... .......... .......... 79%  181M 0s
[4.266s]  12500K .......... .......... .......... .......... .......... 80% 87.4M 0s
[4.266s]  12550K .......... .......... .......... .......... .......... 80% 73.9M 0s
[4.267s]  12600K .......... .......... .......... .......... .......... 80% 63.5M 0s
[4.268s]  12650K .......... .......... .......... .......... .......... 81% 95.8M 0s
[4.268s]  12700K .......... .......... .......... .......... .......... 81%  102M 0s
[4.270s]  12750K .......... .......... .......... .......... .......... 81% 91.0M 0s
[4.270s]  12800K .......... .......... .......... .......... .......... 82% 33.1M 0s
[4.271s]  12850K .......... .......... .......... .......... .......... 82% 94.3M 0s
[4.271s]  12900K .......... .......... .......... .......... .......... 82%  118M 0s
[4.272s]  12950K .......... .......... .......... .......... .......... 83% 53.6M 0s
[4.272s]  13000K .......... .......... .......... .......... .......... 83% 93.3M 0s
[4.273s]  13050K .......... .......... .......... .......... .......... 83%  118M 0s
[4.274s]  13100K .......... .......... .......... .......... .......... 84% 60.8M 0s
[4.274s]  13150K .......... .......... .......... .......... .......... 84% 93.0M 0s
[4.275s]  13200K .......... .......... .......... .......... .......... 84% 69.2M 0s
[4.275s]  13250K .......... .......... .......... .......... .......... 85%  116M 0s
[4.277s]  13300K .......... .......... .......... .......... .......... 85% 31.8M 0s
[4.277s]  13350K .......... .......... .......... .......... .......... 85% 75.3M 0s
[4.278s]  13400K .......... .......... .......... .......... .......... 86% 63.7M 0s
[4.279s]  13450K .......... .......... .......... .......... .......... 86%  114M 0s
[4.279s]  13500K .......... .......... .......... .......... .......... 86% 72.5M 0s
[4.280s]  13550K .......... .......... .......... .......... .......... 87% 83.1M 0s
[4.281s]  13600K .......... .......... .......... .......... .......... 87% 71.4M 0s
[4.281s]  13650K .......... .......... .......... .......... .......... 87%  115M 0s
[4.282s]  13700K .......... .......... .......... .......... .......... 87% 92.7M 0s
[4.282s]  13750K .......... .......... .......... .......... .......... 88% 77.7M 0s
[4.283s]  13800K .......... .......... .......... .......... .......... 88% 78.7M 0s
[4.284s]  13850K .......... .......... .......... .......... .......... 88% 58.5M 0s
[4.284s]  13900K .......... .......... .......... .......... .......... 89%  119M 0s
[4.285s]  13950K .......... .......... .......... .......... .......... 89% 84.0M 0s
[4.285s]  14000K .......... .......... .......... .......... .......... 89% 61.7M 0s
[4.286s]  14050K .......... .......... .......... .......... .......... 90% 76.9M 0s
[4.287s]  14100K .......... .......... .......... .......... .......... 90% 78.3M 0s
[4.288s]  14150K .......... .......... .......... .......... .......... 90% 46.7M 0s
[4.288s]  14200K .......... .......... .......... .......... .......... 91%  614M 0s
[4.288s]  14250K .......... .......... .......... .......... .......... 91%  116M 0s
[4.289s]  14300K .......... .......... .......... .......... .......... 91% 63.1M 0s
[4.291s]  14350K .......... .......... .......... .......... .......... 92% 94.8M 0s
[4.291s]  14400K .......... .......... .......... .......... .......... 92% 33.2M 0s
[4.291s]  14450K .......... .......... .......... .......... .......... 92%  103M 0s
[4.292s]  14500K .......... .......... .......... .......... .......... 93% 96.5M 0s
[4.293s]  14550K .......... .......... .......... .......... .......... 93% 54.4M 0s
[4.293s]  14600K .......... .......... .......... .......... .......... 93% 95.3M 0s
[4.294s]  14650K .......... .......... .......... .......... .......... 94% 98.2M 0s
[4.315s]  14700K .......... .......... .......... .......... .......... 94% 2.37M 0s
[4.315s]  14750K .......... .......... .......... .......... .......... 94%  443M 0s
[4.315s]  14800K .......... .......... .......... .......... .......... 95%  455M 0s
[4.315s]  14850K .......... .......... .......... .......... .......... 95%  553M 0s
[4.315s]  14900K .......... .......... .......... .......... .......... 95%  633M 0s
[4.318s]  14950K .......... .......... .......... .......... .......... 95% 13.7M 0s
[4.319s]  15000K .......... .......... .......... .......... .......... 96%  623M 0s
[4.319s]  15050K .......... .......... .......... .......... .......... 96%  642M 0s
[4.319s]  15100K .......... .......... .......... .......... .......... 96%  502M 0s
[4.319s]  15150K .......... .......... .......... .......... .......... 97%  643M 0s
[4.319s]  15200K .......... .......... .......... .......... .......... 97%  485M 0s
[4.319s]  15250K .......... .......... .......... .......... .......... 97%  496M 0s
[4.319s]  15300K .......... .......... .......... .......... .......... 98%  638M 0s
[4.319s]  15350K .......... .......... .......... .......... .......... 98%  636M 0s
[4.319s]  15400K .......... .......... .......... .......... .......... 98%  559M 0s
[4.319s]  15450K .......... .......... .......... .......... .......... 99%  624M 0s
[4.320s]  15500K .......... .......... .......... .......... .......... 99%  646M 0s
[4.320s]  15550K .......... .......... .......... .......... .......... 99%  146M 0s
[4.320s]  15600K .......... .......... .....                           100% 60.8M=0.2s
[4.320s] 
[4.320s] 2026-02-10 11:29:32 (70.4 MB/s) - ‘/home/aisl/Documents/multi_robot_slam_ws/build/multirobot_map_merge/2011-08-09-12-22-52.pgm’ saved [16000058/16000058]
[4.320s] 
[4.321s] Checking MD5 sum of /home/aisl/Documents/multi_robot_slam_ws/build/multirobot_map_merge/2011-08-09-12-22-52.pgm
[4.340s] /home/aisl/Documents/multi_robot_slam_ws/build/multirobot_map_merge/2011-08-09-12-22-52.pgm: OK
[4.344s] --2026-02-10 11:29:32--  https://raw.githubusercontent.com/hrnr/m-explore-extra/master/map_merge/gmapping_maps/2012-01-28-11-12-01.pgm
[4.367s] Resolving raw.githubusercontent.com (raw.githubusercontent.com)... 185.199.109.133, 185.199.110.133, 185.199.111.133, ...
[4.373s] Connecting to raw.githubusercontent.com (raw.githubusercontent.com)|185.199.109.133|:443... connected.
[5.284s] HTTP request sent, awaiting response... 200 OK
[5.284s] Length: 16000058 (15M) [application/octet-stream]
[5.284s] Saving to: ‘/home/aisl/Documents/multi_robot_slam_ws/build/multirobot_map_merge/2012-01-28-11-12-01.pgm’
[5.285s] 
[5.290s]      0K .......... .......... .......... .......... ..........  0% 7.77M 2s
[5.291s]     50K .......... .......... .......... .......... ..........  0% 33.1M 1s
[5.295s]    100K .......... .......... .......... .......... ..........  0% 12.1M 1s
[5.296s]    150K .......... .......... .......... .......... ..........  1% 49.0M 1s
[5.297s]    200K .......... .......... .......... .......... ..........  1% 61.9M 1s
[5.301s]    250K .......... .......... .......... .......... ..........  1% 13.0M 1s
[5.301s]    300K .......... .......... .......... .......... ..........  2%  120M 1s
[5.302s]    350K .......... .......... .......... .......... ..........  2% 95.3M 1s
[5.302s]    400K .......... .......... .......... .......... ..........  2% 70.8M 1s
[5.303s]    450K .......... .......... .......... .......... ..........  3%  118M 1s
[5.303s]    500K .......... .......... .......... .......... ..........  3% 90.8M 1s
[5.304s]    550K .......... .......... .......... .......... ..........  3% 78.9M 1s
[5.307s]    600K .......... .......... .......... .......... ..........  4% 18.9M 1s
[5.307s]    650K .......... .......... .......... .......... ..........  4%  105M 1s
[5.308s]    700K .......... .......... .......... .......... ..........  4%  104M 0s
[5.308s]    750K .......... .......... .......... .......... ..........  5% 77.4M 0s
[5.309s]    800K .......... .......... .......... .......... ..........  5% 84.7M 0s
[5.309s]    850K .......... .......... .......... .......... ..........  5% 93.6M 0s
[5.310s]    900K .......... .......... .......... .......... ..........  6% 92.8M 0s
[5.319s]    950K .......... .......... .......... .......... ..........  6% 5.33M 1s
[5.319s]   1000K .......... .......... .......... .......... ..........  6%  276M 0s
[5.319s]   1050K .......... .......... .......... .......... ..........  7%  476M 0s
[5.319s]   1100K .......... .......... .......... .......... ..........  7%  277M 0s
[5.320s]   1150K .......... .......... .......... .......... ..........  7%  401M 0s
[5.320s]   1200K .......... .......... .......... .......... ..........  7%  159M 0s
[5.320s]   1250K .......... .......... .......... .......... ..........  8%  486M 0s
[5.320s]   1300K .......... .......... .......... .......... ..........  8%  518M 0s
[5.320s]   1350K .......... .......... .......... .......... ..........  8%  570M 0s
[5.320s]   1400K .......... .......... .......... .......... ..........  9%  533M 0s
[5.320s]   1450K .......... .......... .......... .......... ..........  9%  497M 0s
[5.320s]   1500K .......... .......... .......... .......... ..........  9%  506M 0s
[5.323s]   1550K .......... .......... .......... .......... .......... 10% 18.2M 0s
[5.323s]   1600K .......... .......... .......... .......... .......... 10%  329M 0s
[5.323s]   1650K .......... .......... .......... .......... .......... 10%  498M 0s
[5.325s]   1700K .......... .......... .......... .......... .......... 11% 34.3M 0s
[5.325s]   1750K .......... .......... .......... .......... .......... 11%  464M 0s
[5.326s]   1800K .......... .......... .......... .......... .......... 11% 71.8M 0s
[5.326s]   1850K .......... .......... .......... .......... .......... 12%  208M 0s
[5.327s]   1900K .......... .......... .......... .......... .......... 12% 62.0M 0s
[5.327s]   1950K .......... .......... .......... .......... .......... 12%  451M 0s
[5.335s]   2000K .......... .......... .......... .......... .......... 13% 5.87M 0s
[5.335s]   2050K .......... .......... .......... .......... .......... 13%  381M 0s
[5.335s]   2100K .......... .......... .......... .......... .......... 13%  413M 0s
[5.335s]   2150K .......... .......... .......... .......... .......... 14%  463M 0s
[5.335s]   2200K .......... .......... .......... .......... .......... 14%  482M 0s
[5.336s]   2250K .......... .......... .......... .......... .......... 14%  538M 0s
[5.336s]   2300K .......... .......... .......... .......... .......... 15%  494M 0s
[5.336s]   2350K .......... .......... .......... .......... .......... 15%  492M 0s
[5.336s]   2400K .......... .......... .......... .......... .......... 15%  363M 0s
[5.336s]   2450K .......... .......... .......... .......... .......... 15%  454M 0s
[5.336s]   2500K .......... .......... .......... .......... .......... 16%  483M 0s
[5.336s]   2550K .......... .......... .......... .......... .......... 16%  480M 0s
[5.336s]   2600K .......... .......... .......... .......... .......... 16%  613M 0s
[5.336s]   2650K .......... .......... .......... .......... .......... 17%  589M 0s
[5.336s]   2700K .......... .......... .......... .......... .......... 17%  498M 0s
[5.337s]   2750K .......... .......... .......... .......... .......... 17%  498M 0s
[5.337s]   2800K .......... .......... .......... .......... .......... 18%  348M 0s
[5.337s]   2850K .......... .......... .......... .......... .......... 18%  482M 0s
[5.337s]   2900K .......... .......... .......... .......... .......... 18%  498M 0s
[5.337s]   2950K .......... .......... .......... .......... .......... 19%  483M 0s
[5.337s]   3000K .......... .......... .......... .......... .......... 19%  585M 0s
[5.337s]   3050K .......... .......... .......... .......... .......... 19%  519M 0s
[5.337s]   3100K .......... .......... .......... .......... .......... 20%  504M 0s
[5.337s]   3150K .......... .......... .......... .......... .......... 20%  494M 0s
[5.337s]   3200K .......... .......... .......... .......... .......... 20%  392M 0s
[5.338s]   3250K .......... .......... .......... .......... .......... 21%  506M 0s
[5.338s]   3300K .......... .......... .......... .......... .......... 21%  489M 0s
[5.338s]   3350K .......... .......... .......... .......... .......... 21%  499M 0s
[5.338s]   3400K .......... .......... .......... .......... .......... 22%  590M 0s
[5.338s]   3450K .......... .......... .......... .......... .......... 22%  628M 0s
[5.338s]   3500K .......... .......... .......... .......... .......... 22%  630M 0s
[5.338s]   3550K .......... .......... .......... .......... .......... 23%  584M 0s
[5.338s]   3600K .......... .......... .......... .......... .......... 23%  250M 0s
[5.339s]   3650K .......... .......... .......... .......... .......... 23%  106M 0s
[5.339s]   3700K .......... .......... .......... .......... .......... 23% 84.2M 0s
[5.340s]   3750K .......... .......... .......... .......... .......... 24% 94.1M 0s
[5.340s]   3800K .......... .......... .......... .......... .......... 24%  117M 0s
[5.341s]   3850K .......... .......... .......... .......... .......... 24% 64.1M 0s
[5.342s]   3900K .......... .......... .......... .......... .......... 25% 84.1M 0s
[5.342s]   3950K .......... .......... .......... .......... .......... 25%  116M 0s
[5.343s]   4000K .......... .......... .......... .......... .......... 25% 62.3M 0s
[5.343s]   4050K .......... .......... .......... .......... .......... 26% 93.7M 0s
[5.344s]   4100K .......... .......... .......... .......... .......... 26% 55.2M 0s
[5.345s]   4150K .......... .......... .......... .......... .......... 26% 71.1M 0s
[5.345s]   4200K .......... .......... .......... .......... .......... 27% 94.2M 0s
[5.346s]   4250K .......... .......... .......... .......... .......... 27% 70.1M 0s
[5.347s]   4300K .......... .......... .......... .......... .......... 27% 52.7M 0s
[5.348s]   4350K .......... .......... .......... .......... .......... 28% 60.1M 0s
[5.349s]   4400K .......... .......... .......... .......... .......... 28% 48.6M 0s
[5.350s]   4450K .......... .......... .......... .......... .......... 28% 70.8M 0s
[5.350s]   4500K .......... .......... .......... .......... .......... 29% 61.5M 0s
[5.351s]   4550K .......... .......... .......... .......... .......... 29%  118M 0s
[5.351s]   4600K .......... .......... .......... .......... .......... 29% 70.4M 0s
[5.352s]   4650K .......... .......... .......... .......... .......... 30% 65.9M 0s
[5.353s]   4700K .......... .......... .......... .......... .......... 30% 82.7M 0s
[5.353s]   4750K .......... .......... .......... .......... .......... 30%  105M 0s
[5.354s]   4800K .......... .......... .......... .......... .......... 31% 71.3M 0s
[5.354s]   4850K .......... .......... .......... .......... .......... 31% 93.1M 0s
[5.355s]   4900K .......... .......... .......... .......... .......... 31% 93.2M 0s
[5.356s]   4950K .......... .......... .......... .......... .......... 31% 57.7M 0s
[5.356s]   5000K .......... .......... .......... .......... .......... 32%  119M 0s
[5.357s]   5050K .......... .......... .......... .......... .......... 32% 84.8M 0s
[5.358s]   5100K .......... .......... .......... .......... .......... 32% 65.8M 0s
[5.358s]   5150K .......... .......... .......... .......... .......... 33% 94.4M 0s
[5.359s]   5200K .......... .......... .......... .......... .......... 33% 54.9M 0s
[5.359s]   5250K .......... .......... .......... .......... .......... 33%  119M 0s
[5.360s]   5300K .......... .......... .......... .......... .......... 34% 62.0M 0s
[5.361s]   5350K .......... .......... .......... .......... .......... 34% 86.9M 0s
[5.361s]   5400K .......... .......... .......... .......... .......... 34%  118M 0s
[5.362s]   5450K .......... .......... .......... .......... .......... 35% 77.4M 0s
[5.362s]   5500K .......... .......... .......... .......... .......... 35% 91.8M 0s
[5.363s]   5550K .......... .......... .......... .......... .......... 35% 66.4M 0s
[5.364s]   5600K .......... .......... .......... .......... .......... 36% 72.0M 0s
[5.364s]   5650K .......... .......... .......... .......... .......... 36% 69.9M 0s
[5.365s]   5700K .......... .......... .......... .......... .......... 36%  104M 0s
[5.366s]   5750K .......... .......... .......... .......... .......... 37% 53.4M 0s
[5.366s]   5800K .......... .......... .......... .......... .......... 37%  116M 0s
[5.367s]   5850K .......... .......... .......... .......... .......... 37% 93.9M 0s
[5.367s]   5900K .......... .......... .......... .......... .......... 38% 72.8M 0s
[5.368s]   5950K .......... .......... .......... .......... .......... 38%  116M 0s
[5.369s]   6000K .......... .......... .......... .......... .......... 38% 59.6M 0s
[5.369s]   6050K .......... .......... .......... .......... .......... 39% 67.6M 0s
[5.370s]   6100K .......... .......... .......... .......... .......... 39%  104M 0s
[5.371s]   6150K .......... .......... .......... .......... .......... 39% 62.6M 0s
[5.371s]   6200K .......... .......... .......... .......... .......... 39%  104M 0s
[5.372s]   6250K .......... .......... .......... .......... .......... 40% 92.3M 0s
[5.372s]   6300K .......... .......... .......... .......... .......... 40% 85.2M 0s
[5.373s]   6350K .......... .......... .......... .......... .......... 40% 44.8M 0s
[5.374s]   6400K .......... .......... .......... .......... .......... 41% 85.6M 0s
[5.374s]   6450K .......... .......... .......... .......... .......... 41%  105M 0s
[5.375s]   6500K .......... .......... .......... .......... .......... 41% 82.7M 0s
[5.375s]   6550K .......... .......... .......... .......... .......... 42%  117M 0s
[5.376s]   6600K .......... .......... .......... .......... .......... 42% 71.4M 0s
[5.376s]   6650K .......... .......... .......... .......... .......... 42% 94.3M 0s
[5.377s]   6700K .......... .......... .......... .......... .......... 43%  105M 0s
[5.378s]   6750K .......... .......... .......... .......... .......... 43% 73.8M 0s
[5.379s]   6800K .......... .......... .......... .......... .......... 43% 38.4M 0s
[5.380s]   6850K .......... .......... .......... .......... .......... 44% 48.6M 0s
[5.380s]   6900K .......... .......... .......... .......... .......... 44%  120M 0s
[5.381s]   6950K .......... .......... .......... .......... .......... 44%  104M 0s
[5.382s]   7000K .......... .......... .......... .......... .......... 45% 39.8M 0s
[5.382s]   7050K .......... .......... .......... .......... .......... 45%  105M 0s
[5.383s]   7100K .......... .......... .......... .......... .......... 45% 92.6M 0s
[5.384s]   7150K .......... .......... .......... .......... .......... 46%  117M 0s
[5.384s]   7200K .......... .......... .......... .......... .......... 46% 72.0M 0s
[5.385s]   7250K .......... .......... .......... .......... .......... 46% 49.0M 0s
[5.386s]   7300K .......... .......... .......... .......... .......... 47% 78.3M 0s
[5.386s]   7350K .......... .......... .......... .......... .......... 47%  116M 0s
[5.387s]   7400K .......... .......... .......... .......... .......... 47% 68.2M 0s
[5.388s]   7450K .......... .......... .......... .......... .......... 47% 65.6M 0s
[5.389s]   7500K .......... .......... .......... .......... .......... 48% 38.6M 0s
[5.389s]   7550K .......... .......... .......... .......... .......... 48%  118M 0s
[5.390s]   7600K .......... .......... .......... .......... .......... 48% 69.3M 0s
[5.391s]   7650K .......... .......... .......... .......... .......... 49% 81.1M 0s
[5.391s]   7700K .......... .......... .......... .......... .......... 49%  104M 0s
[5.392s]   7750K .......... .......... .......... .......... .......... 49% 79.1M 0s
[5.392s]   7800K .......... .......... .......... .......... .......... 50%  118M 0s
[5.393s]   7850K .......... .......... .......... .......... .......... 50% 78.0M 0s
[5.393s]   7900K .......... .......... .......... .......... .......... 50% 93.7M 0s
[5.394s]   7950K .......... .......... .......... .......... .......... 51% 49.7M 0s
[5.395s]   8000K .......... .......... .......... .......... .......... 51% 58.3M 0s
[5.395s]   8050K .......... .......... .......... .......... .......... 51%  115M 0s
[5.396s]   8100K .......... .......... .......... .......... .......... 52% 94.6M 0s
[5.397s]   8150K .......... .......... .......... .......... .......... 52% 90.0M 0s
[5.397s]   8200K .......... .......... .......... .......... .......... 52% 94.0M 0s
[5.398s]   8250K .......... .......... .......... .......... .......... 53%  104M 0s
[5.398s]   8300K .......... .......... .......... .......... .......... 53% 92.0M 0s
[5.399s]   8350K .......... .......... .......... .......... .......... 53%  101M 0s
[5.400s]   8400K .......... .......... .......... .......... .......... 54% 38.0M 0s
[5.400s]   8450K .......... .......... .......... .......... .......... 54%  102M 0s
[5.401s]   8500K .......... .......... .......... .......... .......... 54% 45.1M 0s
[5.402s]   8550K .......... .......... .......... .......... .......... 55%  106M 0s
[5.402s]   8600K .......... .......... .......... .......... .......... 55% 92.4M 0s
[5.403s]   8650K .......... .......... .......... .......... .......... 55%  118M 0s
[5.403s]   8700K .......... .......... .......... .......... .......... 55% 83.7M 0s
[5.404s]   8750K .......... .......... .......... .......... .......... 56% 85.3M 0s
[5.405s]   8800K .......... .......... .......... .......... .......... 56% 76.6M 0s
[5.405s]   8850K .......... .......... .......... .......... .......... 56% 66.4M 0s
[5.406s]   8900K .......... .......... .......... .......... .......... 57%  104M 0s
[5.407s]   8950K .......... .......... .......... .......... .......... 57% 53.4M 0s
[5.407s]   9000K .......... .......... .......... .......... .......... 57%  103M 0s
[5.408s]   9050K .......... .......... .......... .......... .......... 58% 93.4M 0s
[5.408s]   9100K .......... .......... .......... .......... .......... 58% 66.0M 0s
[5.409s]   9150K .......... .......... .......... .......... .......... 58% 58.4M 0s
[5.410s]   9200K .......... .......... .......... .......... .......... 59% 78.2M 0s
[5.410s]   9250K .......... .......... .......... .......... .......... 59%  118M 0s
[5.411s]   9300K .......... .......... .......... .......... .......... 59% 84.7M 0s
[5.411s]   9350K .......... .......... .......... .......... .......... 60%  119M 0s
[5.412s]   9400K .......... .......... .......... .......... .......... 60% 59.6M 0s
[5.413s]   9450K .......... .......... .......... .......... .......... 60% 93.5M 0s
[5.413s]   9500K .......... .......... .......... .......... .......... 61% 72.7M 0s
[5.414s]   9550K .......... .......... .......... .......... .......... 61% 72.7M 0s
[5.415s]   9600K .......... .......... .......... .......... .......... 61% 60.3M 0s
[5.423s]   9650K .......... .......... .......... .......... .......... 62% 5.84M 0s
[5.423s]   9700K .......... .......... .......... .......... .......... 62%  465M 0s
[5.423s]   9750K .......... .......... .......... .......... .......... 62%  459M 0s
[5.423s]   9800K .......... .......... .......... .......... .......... 63%  490M 0s
[5.424s]   9850K .......... .......... .......... .......... .......... 63%  498M 0s
[5.424s]   9900K .......... .......... .......... .......... .......... 63%  482M 0s
[5.424s]   9950K .......... .......... .......... .......... .......... 63%  624M 0s
[5.424s]  10000K .......... .......... .......... .......... .......... 64%  369M 0s
[5.424s]  10050K .......... .......... .......... .......... .......... 64%  451M 0s
[5.424s]  10100K .......... .......... .......... .......... .......... 64%  480M 0s
[5.424s]  10150K .......... .......... .......... .......... .......... 65%  552M 0s
[5.424s]  10200K .......... .......... .......... .......... .......... 65%  548M 0s
[5.424s]  10250K .......... .......... .......... .......... .......... 65%  602M 0s
[5.424s]  10300K .......... .......... .......... .......... .......... 66%  658M 0s
[5.425s]  10350K .......... .......... .......... .......... .......... 66%  654M 0s
[5.425s]  10400K .......... .......... .......... .......... .......... 66% 82.4M 0s
[5.426s]  10450K .......... .......... .......... .......... .......... 67% 69.0M 0s
[5.427s]  10500K .......... .......... .......... .......... .......... 67% 41.5M 0s
[5.427s]  10550K .......... .......... .......... .......... .......... 67%  105M 0s
[5.428s]  10600K .......... .......... .......... .......... .......... 68% 47.4M 0s
[5.429s]  10650K .......... .......... .......... .......... .......... 68% 91.1M 0s
[5.430s]  10700K .......... .......... .......... .......... .......... 68% 58.8M 0s
[5.431s]  10750K .......... .......... .......... .......... .......... 69% 34.5M 0s
[5.432s]  10800K .......... .......... .......... .......... .......... 69% 41.1M 0s
[5.433s]  10850K .......... .......... .......... .......... .......... 69%  115M 0s
[5.433s]  10900K .......... .......... .......... .......... .......... 70% 84.9M 0s
[5.434s]  10950K .......... .......... .......... .......... .......... 70% 52.9M 0s
[5.435s]  11000K .......... .......... .......... .......... .......... 70% 58.7M 0s
[5.437s]  11050K .......... .......... .......... .......... .......... 71% 35.3M 0s
[5.437s]  11100K .......... .......... .......... .......... .......... 71% 94.0M 0s
[5.438s]  11150K .......... .......... .......... .......... .......... 71% 39.2M 0s
[5.449s]  11200K .......... .......... .......... .......... .......... 71% 4.49M 0s
[5.449s]  11250K .......... .......... .......... .......... .......... 72%  407M 0s
[5.449s]  11300K .......... .......... .......... .......... .......... 72%  460M 0s
[5.450s]  11350K .......... .......... .......... .......... .......... 72%  507M 0s
[5.450s]  11400K .......... .......... .......... .......... .......... 73%  493M 0s
[5.450s]  11450K .......... .......... .......... .......... .......... 73%  520M 0s
[5.450s]  11500K .......... .......... .......... .......... .......... 73%  551M 0s
[5.450s]  11550K .......... .......... .......... .......... .......... 74%  443M 0s
[5.450s]  11600K .......... .......... .......... .......... .......... 74%  477M 0s
[5.450s]  11650K .......... .......... .......... .......... .......... 74%  627M 0s
[5.450s]  11700K .......... .......... .......... .......... .......... 75%  508M 0s
[5.450s]  11750K .......... .......... .......... .......... .......... 75%  487M 0s
[5.450s]  11800K .......... .......... .......... .......... .......... 75%  547M 0s
[5.450s]  11850K .......... .......... .......... .......... .......... 76%  494M 0s
[5.451s]  11900K .......... .......... .......... .......... .......... 76%  485M 0s
[5.451s]  11950K .......... .......... .......... .......... .......... 76%  499M 0s
[5.452s]  12000K .......... .......... .......... .......... .......... 77% 56.1M 0s
[5.452s]  12050K .......... .......... .......... .......... .......... 77%  117M 0s
[5.452s]  12100K .......... .......... .......... .......... .......... 77% 94.1M 0s
[5.453s]  12150K .......... .......... .......... .......... .......... 78% 64.7M 0s
[5.454s]  12200K .......... .......... .......... .......... .......... 78% 76.1M 0s
[5.455s]  12250K .......... .......... .......... .......... .......... 78% 38.8M 0s
[5.456s]  12300K .......... .......... .......... .......... .......... 79% 44.1M 0s
[5.458s]  12350K .......... .......... .......... .......... .......... 79% 43.8M 0s
[5.458s]  12400K .......... .......... .......... .......... .......... 79% 66.5M 0s
[5.459s]  12450K .......... .......... .......... .......... .......... 79% 76.7M 0s
[5.459s]  12500K .......... .......... .......... .......... .......... 80% 77.7M 0s
[5.460s]  12550K .......... .......... .......... .......... .......... 80%  104M 0s
[5.461s]  12600K .......... .......... .......... .......... .......... 80% 31.4M 0s
[5.463s]  12650K .......... .......... .......... .......... .......... 81% 31.5M 0s
[5.464s]  12700K .......... .......... .......... .......... .......... 81% 93.7M 0s
[5.464s]  12750K .......... .......... .......... .......... .......... 81% 94.5M 0s
[5.465s]  12800K .......... .......... .......... .......... .......... 82% 61.6M 0s
[5.465s]  12850K .......... .......... .......... .......... .......... 82% 75.9M 0s
[5.467s]  12900K .......... .......... .......... .......... .......... 82% 34.0M 0s
[5.468s]  12950K .......... .......... .......... .......... .......... 83% 33.2M 0s
[5.469s]  13000K .......... .......... .......... .......... .......... 83%  103M 0s
[5.469s]  13050K .......... .......... .......... .......... .......... 83% 80.3M 0s
[5.470s]  13100K .......... .......... .......... .......... .......... 84% 83.0M 0s
[5.471s]  13150K .......... .......... .......... .......... .......... 84% 75.5M 0s
[5.472s]  13200K .......... .......... .......... .......... .......... 84% 27.3M 0s
[5.473s]  13250K .......... .......... .......... .......... .......... 85%  103M 0s
[5.474s]  13300K .......... .......... .......... .......... .......... 85% 37.5M 0s
[5.475s]  13350K .......... .......... .......... .......... .......... 85% 84.1M 0s
[5.476s]  13400K .......... .......... .......... .......... .......... 86% 67.8M 0s
[5.476s]  13450K .......... .......... .......... .......... .......... 86%  105M 0s
[5.477s]  13500K .......... .......... .......... .......... .......... 86% 92.6M 0s
[5.478s]  13550K .......... .......... .......... .......... .......... 87% 29.1M 0s
[5.480s]  13600K .......... .......... .......... .......... .......... 87% 29.9M 0s
[5.480s]  13650K .......... .......... .......... .......... .......... 87% 93.2M 0s
[5.481s]  13700K .......... .......... .......... .......... .......... 87%  105M 0s
[5.481s]  13750K .......... .......... .......... .......... .......... 88% 75.2M 0s
[5.482s]  13800K .......... .......... .......... .......... .......... 88% 91.7M 0s
[5.484s]  13850K .......... .......... .......... .......... .......... 88% 29.7M 0s
[5.484s]  13900K .......... .......... .......... .......... .......... 89%  118M 0s
[5.486s]  13950K .......... .......... .......... .......... .......... 89% 34.2M 0s
[5.486s]  14000K .......... .......... .......... .......... .......... 89% 54.3M 0s
[5.487s]  14050K .......... .......... .......... .......... .......... 90% 75.9M 0s
[5.488s]  14100K .......... .......... .......... .......... .......... 90% 85.8M 0s
[5.488s]  14150K .......... .......... .......... .......... .......... 90%  116M 0s
[5.490s]  14200K .......... .......... .......... .......... .......... 91% 32.0M 0s
[5.491s]  14250K .......... .......... .......... .......... .......... 91% 34.0M 0s
[5.492s]  14300K .......... .......... .......... .......... .......... 91% 77.9M 0s
[5.492s]  14350K .......... .......... .......... .......... .......... 92%  105M 0s
[5.493s]  14400K .......... .......... .......... .......... .......... 92% 59.5M 0s
[5.493s]  14450K .......... .......... .......... .......... .......... 92% 85.6M 0s
[5.495s]  14500K .......... .......... .......... .......... .......... 93% 34.4M 0s
[5.496s]  14550K .......... .......... .......... .......... .......... 93% 33.2M 0s
[5.497s]  14600K .......... .......... .......... .......... .......... 93%  118M 0s
[5.497s]  14650K .......... .......... .......... .......... .......... 94% 74.5M 0s
[5.498s]  14700K .......... .......... .......... .......... .......... 94% 55.0M 0s
[5.499s]  14750K .......... .......... .......... .......... .......... 94%  117M 0s
[5.500s]  14800K .......... .......... .......... .......... .......... 95% 29.4M 0s
[5.502s]  14850K .......... .......... .......... .......... .......... 95% 35.4M 0s
[5.502s]  14900K .......... .......... .......... .......... .......... 95%  105M 0s
[5.514s]  14950K .......... .......... .......... .......... .......... 95% 4.34M 0s
[5.514s]  15000K .......... .......... .......... .......... .......... 96%  597M 0s
[5.514s]  15050K .......... .......... .......... .......... .......... 96%  629M 0s
[5.514s]  15100K .......... .......... .......... .......... .......... 96%  571M 0s
[5.514s]  15150K .......... .......... .......... .......... .......... 97%  671M 0s
[5.514s]  15200K .......... .......... .......... .......... .......... 97%  498M 0s
[5.514s]  15250K .......... .......... .......... .......... .......... 97%  576M 0s
[5.515s]  15300K .......... .......... .......... .......... .......... 98%  656M 0s
[5.515s]  15350K .......... .......... .......... .......... .......... 98%  599M 0s
[5.519s]  15400K .......... .......... .......... .......... .......... 98% 10.7M 0s
[5.519s]  15450K .......... .......... .......... .......... .......... 99%  599M 0s
[5.519s]  15500K .......... .......... .......... .......... .......... 99%  667M 0s
[5.519s]  15550K .......... .......... .......... .......... .......... 99%  591M 0s
[5.519s]  15600K .......... .......... .....                           100%  474M=0.2s
[5.519s] 
[5.519s] 2026-02-10 11:29:33 (64.8 MB/s) - ‘/home/aisl/Documents/multi_robot_slam_ws/build/multirobot_map_merge/2012-01-28-11-12-01.pgm’ saved [16000058/16000058]
[5.520s] 
[5.520s] Checking MD5 sum of /home/aisl/Documents/multi_robot_slam_ws/build/multirobot_map_merge/2012-01-28-11-12-01.pgm
[5.539s] /home/aisl/Documents/multi_robot_slam_ws/build/multirobot_map_merge/2012-01-28-11-12-01.pgm: OK
[5.542s] -- Found gtest sources under '/opt/ros/jazzy/src/gtest_vendor': C++ tests using 'Google Test' will be built
[5.545s] -- Found Threads: TRUE  
[5.550s] -- Added test 'cppcheck' to perform static code analysis on C / C++ code
[5.551s] -- Configured cppcheck include dirs: /home/aisl/Documents/multi_robot_slam_ws/src/m-explore-ros2/m-explore-ros2-main/map_merge/include;$<BUILD_INTERFACE:/home/aisl/Documents/multi_robot_slam_ws/src/m-explore-ros2/m-explore-ros2-main/map_merge/include>
[5.551s] -- Configured cppcheck exclude dirs and/or files: 
[5.551s] -- Added test 'flake8' to check Python code syntax and style conventions
[5.552s] -- Configured 'flake8' exclude dirs and/or files: 
[5.552s] -- Added test 'lint_cmake' to check CMake code style
[5.553s] -- Added test 'pep257' to check Python code against some of the docstring style conventions in PEP 257
[5.554s] -- Added test 'uncrustify' to check C / C++ code style
[5.555s] -- Configured uncrustify additional arguments: 
[5.555s] -- Added test 'xmllint' to check XML markup files
[5.558s] -- Configuring done (5.4s)
[5.627s] -- Generating done (0.0s)
[5.634s] -- Build files have been written to: /home/aisl/Documents/multi_robot_slam_ws/build/multirobot_map_merge
[5.643s] Invoked command in '/home/aisl/Documents/multi_robot_slam_ws/build/multirobot_map_merge' returned '0': BYOBU_DATE=%Y-%m-%d CMAKE_PREFIX_PATH=${CMAKE_PREFIX_PATH}:/home/aisl/Documents/multi_robot_slam_ws/install/multi_robot_slam_py:/opt/ros/jazzy DEBUGINFOD_URLS=https://debuginfod.ubuntu.com PS1=\[\e[38;5;202m\]$(byobu_prompt_status)\[\e[00m\]$(byobu_prompt_runtime) \[\e[38;5;245m\]\u\[\e[00m\]@\[\e[38;5;172m\]\h\[\e[00m\]:\[\e[38;5;5m\]\w\[\e[00m\]$(byobu_prompt_symbol) /usr/bin/cmake /home/aisl/Documents/multi_robot_slam_ws/src/m-explore-ros2/m-explore-ros2-main/map_merge -DAMENT_CMAKE_SYMLINK_INSTALL=1 -DCMAKE_INSTALL_PREFIX=/home/aisl/Documents/multi_robot_slam_ws/install/multirobot_map_merge
[5.644s] Invoking command in '/home/aisl/Documents/multi_robot_slam_ws/build/multirobot_map_merge': BYOBU_DATE=%Y-%m-%d CMAKE_PREFIX_PATH=${CMAKE_PREFIX_PATH}:/home/aisl/Documents/multi_robot_slam_ws/install/multi_robot_slam_py:/opt/ros/jazzy DEBUGINFOD_URLS=https://debuginfod.ubuntu.com PS1=\[\e[38;5;202m\]$(byobu_prompt_status)\[\e[00m\]$(byobu_prompt_runtime) \[\e[38;5;245m\]\u\[\e[00m\]@\[\e[38;5;172m\]\h\[\e[00m\]:\[\e[38;5;5m\]\w\[\e[00m\]$(byobu_prompt_symbol) /usr/bin/cmake --build /home/aisl/Documents/multi_robot_slam_ws/build/multirobot_map_merge -- -j20 -l20
[5.683s] [ 41%] [32mBuilding CXX object gtest/CMakeFiles/gtest_main.dir/src/gtest_main.cc.o[0m
[5.683s] [ 41%] [32mBuilding CXX object CMakeFiles/combine_grids.dir/src/combine_grids/grid_warper.cpp.o[0m
[5.683s] [ 41%] [32mBuilding CXX object CMakeFiles/combine_grids.dir/src/combine_grids/grid_compositor.cpp.o[0m
[5.683s] [ 41%] [32mBuilding CXX object gtest/CMakeFiles/gtest.dir/src/gtest-all.cc.o[0m
[5.683s] [ 41%] [32mBuilding CXX object CMakeFiles/combine_grids.dir/src/combine_grids/merging_pipeline.cpp.o[0m
[6.353s] [ 50%] [32m[1mLinking CXX static library libgtest_main.a[0m
[6.379s] [ 50%] Built target gtest_main
[8.512s] [ 58%] [32m[1mLinking CXX static library libcombine_grids.a[0m
[8.541s] [ 58%] Built target combine_grids
[8.556s] [ 66%] [32mBuilding CXX object CMakeFiles/map_merge.dir/src/map_merge.cpp.o[0m
[8.580s] [ 75%] [32m[1mLinking CXX static library libgtest.a[0m
[8.625s] [ 75%] Built target gtest
[8.641s] [ 83%] [32mBuilding CXX object CMakeFiles/test_merging_pipeline.dir/test/test_merging_pipeline.cpp.o[0m
[12.195s] [ 91%] [32m[1mLinking CXX executable test_merging_pipeline[0m
[12.693s] [ 91%] Built target test_merging_pipeline
[17.693s] [100%] [32m[1mLinking CXX executable map_merge[0m
[18.272s] [100%] Built target map_merge
[18.279s] Invoked command in '/home/aisl/Documents/multi_robot_slam_ws/build/multirobot_map_merge' returned '0': BYOBU_DATE=%Y-%m-%d CMAKE_PREFIX_PATH=${CMAKE_PREFIX_PATH}:/home/aisl/Documents/multi_robot_slam_ws/install/multi_robot_slam_py:/opt/ros/jazzy DEBUGINFOD_URLS=https://debuginfod.ubuntu.com PS1=\[\e[38;5;202m\]$(byobu_prompt_status)\[\e[00m\]$(byobu_prompt_runtime) \[\e[38;5;245m\]\u\[\e[00m\]@\[\e[38;5;172m\]\h\[\e[00m\]:\[\e[38;5;5m\]\w\[\e[00m\]$(byobu_prompt_symbol) /usr/bin/cmake --build /home/aisl/Documents/multi_robot_slam_ws/build/multirobot_map_merge -- -j20 -l20
[18.280s] Invoking command in '/home/aisl/Documents/multi_robot_slam_ws/build/multirobot_map_merge': BYOBU_DATE=%Y-%m-%d CMAKE_PREFIX_PATH=${CMAKE_PREFIX_PATH}:/home/aisl/Documents/multi_robot_slam_ws/install/multi_robot_slam_py:/opt/ros/jazzy DEBUGINFOD_URLS=https://debuginfod.ubuntu.com PS1=\[\e[38;5;202m\]$(byobu_prompt_status)\[\e[00m\]$(byobu_prompt_runtime) \[\e[38;5;245m\]\u\[\e[00m\]@\[\e[38;5;172m\]\h\[\e[00m\]:\[\e[38;5;5m\]\w\[\e[00m\]$(byobu_prompt_symbol) /usr/bin/cmake --install /home/aisl/Documents/multi_robot_slam_ws/build/multirobot_map_merge
[18.285s] -- Install configuration: ""
[18.286s] -- Execute custom install script
[18.286s] -- Symlinking: /home/aisl/Documents/multi_robot_slam_ws/install/multirobot_map_merge/include/map_merge//map_merge.h
[18.292s] -- Symlinking: /home/aisl/Documents/multi_robot_slam_ws/install/multirobot_map_merge/include/map_merge//ros1_names.hpp
[18.298s] -- Symlinking: /home/aisl/Documents/multi_robot_slam_ws/install/multirobot_map_merge/share/multirobot_map_merge/launch/from_map_server.launch.py
[18.303s] -- Symlinking: /home/aisl/Documents/multi_robot_slam_ws/install/multirobot_map_merge/share/multirobot_map_merge/launch/map_merge.launch.py
[18.308s] -- Symlinking: /home/aisl/Documents/multi_robot_slam_ws/install/multirobot_map_merge/share/multirobot_map_merge/launch/map_merge.rviz
[18.313s] -- Symlinking: /home/aisl/Documents/multi_robot_slam_ws/install/multirobot_map_merge/share/multirobot_map_merge/launch/tb3_simulation/bringup_launch.py
[18.319s] -- Symlinking: /home/aisl/Documents/multi_robot_slam_ws/install/multirobot_map_merge/share/multirobot_map_merge/launch/tb3_simulation/config/nav2_multirobot_params_1.yaml
[18.324s] -- Symlinking: /home/aisl/Documents/multi_robot_slam_ws/install/multirobot_map_merge/share/multirobot_map_merge/launch/tb3_simulation/config/nav2_multirobot_params_2.yaml
[18.331s] -- Symlinking: /home/aisl/Documents/multi_robot_slam_ws/install/multirobot_map_merge/share/multirobot_map_merge/launch/tb3_simulation/multi_tb3_simulation_launch.py
[18.337s] -- Symlinking: /home/aisl/Documents/multi_robot_slam_ws/install/multirobot_map_merge/share/multirobot_map_merge/launch/tb3_simulation/slam_toolbox.py
[18.342s] -- Symlinking: /home/aisl/Documents/multi_robot_slam_ws/install/multirobot_map_merge/share/multirobot_map_merge/launch/tb3_simulation/tb3_simulation_launch.py
[18.348s] -- Symlinking: /home/aisl/Documents/multi_robot_slam_ws/install/multirobot_map_merge/share/multirobot_map_merge/launch/tb3_simulation/worlds/world_only.model
[18.353s] -- Symlinking: /home/aisl/Documents/multi_robot_slam_ws/install/multirobot_map_merge/share/multirobot_map_merge/config/params.yaml
[18.359s] -- Symlinking: /home/aisl/Documents/multi_robot_slam_ws/install/multirobot_map_merge/lib/multirobot_map_merge/map_merge
[18.365s] -- Symlinking: /home/aisl/Documents/multi_robot_slam_ws/install/multirobot_map_merge/share/multirobot_map_merge/environment/library_path.sh
[18.370s] -- Symlinking: /home/aisl/Documents/multi_robot_slam_ws/install/multirobot_map_merge/share/multirobot_map_merge/environment/library_path.dsv
[18.376s] -- Symlinking: /home/aisl/Documents/multi_robot_slam_ws/install/multirobot_map_merge/share/ament_index/resource_index/package_run_dependencies/multirobot_map_merge
[18.381s] -- Symlinking: /home/aisl/Documents/multi_robot_slam_ws/install/multirobot_map_merge/share/ament_index/resource_index/parent_prefix_path/multirobot_map_merge
[18.387s] -- Symlinking: /home/aisl/Documents/multi_robot_slam_ws/install/multirobot_map_merge/share/multirobot_map_merge/environment/ament_prefix_path.sh
[18.392s] -- Symlinking: /home/aisl/Documents/multi_robot_slam_ws/install/multirobot_map_merge/share/multirobot_map_merge/environment/ament_prefix_path.dsv
[18.398s] -- Symlinking: /home/aisl/Documents/multi_robot_slam_ws/install/multirobot_map_merge/share/multirobot_map_merge/environment/path.sh
[18.403s] -- Symlinking: /home/aisl/Documents/multi_robot_slam_ws/install/multirobot_map_merge/share/multirobot_map_merge/environment/path.dsv
[18.408s] -- Symlinking: /home/aisl/Documents/multi_robot_slam_ws/install/multirobot_map_merge/share/multirobot_map_merge/local_setup.bash
[18.414s] -- Symlinking: /home/aisl/Documents/multi_robot_slam_ws/install/multirobot_map_merge/share/multirobot_map_merge/local_setup.sh
[18.419s] -- Symlinking: /home/aisl/Documents/multi_robot_slam_ws/install/multirobot_map_merge/share/multirobot_map_merge/local_setup.zsh
[18.425s] -- Symlinking: /home/aisl/Documents/multi_robot_slam_ws/install/multirobot_map_merge/share/multirobot_map_merge/local_setup.dsv
[18.430s] -- Symlinking: /home/aisl/Documents/multi_robot_slam_ws/install/multirobot_map_merge/share/multirobot_map_merge/package.dsv
[18.436s] -- Symlinking: /home/aisl/Documents/multi_robot_slam_ws/install/multirobot_map_merge/share/ament_index/resource_index/packages/multirobot_map_merge
[18.442s] -- Symlinking: /home/aisl/Documents/multi_robot_slam_ws/install/multirobot_map_merge/share/multirobot_map_merge/cmake/ament_cmake_export_include_directories-extras.cmake
[18.448s] -- Symlinking: /home/aisl/Documents/multi_robot_slam_ws/install/multirobot_map_merge/share/multirobot_map_merge/cmake/ament_cmake_export_libraries-extras.cmake
[18.453s] -- Symlinking: /home/aisl/Documents/multi_robot_slam_ws/install/multirobot_map_merge/share/multirobot_map_merge/cmake/multirobot_map_mergeConfig.cmake
[18.459s] -- Symlinking: /home/aisl/Documents/multi_robot_slam_ws/install/multirobot_map_merge/share/multirobot_map_merge/cmake/multirobot_map_mergeConfig-version.cmake
[18.464s] -- Symlinking: /home/aisl/Documents/multi_robot_slam_ws/install/multirobot_map_merge/share/multirobot_map_merge/package.xml
[18.469s] -- Installing: /home/aisl/Documents/multi_robot_slam_ws/install/multirobot_map_merge/lib/libcombine_grids.a
[18.471s] Invoked command in '/home/aisl/Documents/multi_robot_slam_ws/build/multirobot_map_merge' returned '0': BYOBU_DATE=%Y-%m-%d CMAKE_PREFIX_PATH=${CMAKE_PREFIX_PATH}:/home/aisl/Documents/multi_robot_slam_ws/install/multi_robot_slam_py:/opt/ros/jazzy DEBUGINFOD_URLS=https://debuginfod.ubuntu.com PS1=\[\e[38;5;202m\]$(byobu_prompt_status)\[\e[00m\]$(byobu_prompt_runtime) \[\e[38;5;245m\]\u\[\e[00m\]@\[\e[38;5;172m\]\h\[\e[00m\]:\[\e[38;5;5m\]\w\[\e[00m\]$(byobu_prompt_symbol) /usr/bin/cmake --install /home/aisl/Documents/multi_robot_slam_ws/build/multirobot_map_merge
