running develop
running egg_info
creating multi_robot_slam_py.egg-info
writing multi_robot_slam_py.egg-info/PKG-INFO
writing dependency_links to multi_robot_slam_py.egg-info/dependency_links.txt
writing entry points to multi_robot_slam_py.egg-info/entry_points.txt
writing requirements to multi_robot_slam_py.egg-info/requires.txt
writing top-level names to multi_robot_slam_py.egg-info/top_level.txt
writing manifest file 'multi_robot_slam_py.egg-info/SOURCES.txt'
reading manifest file 'multi_robot_slam_py.egg-info/SOURCES.txt'
writing manifest file 'multi_robot_slam_py.egg-info/SOURCES.txt'
running build_ext
Creating /home/aisl/Documents/multi_robot_slam_ws/install/multi_robot_slam_py/lib/python3.12/site-packages/multi-robot-slam-py.egg-link (link to .)
Installing central_server script to /home/aisl/Documents/multi_robot_slam_ws/install/multi_robot_slam_py/lib/multi_robot_slam_py

Installed /home/aisl/Documents/multi_robot_slam_ws/build/multi_robot_slam_py
running symlink_data
creating /home/aisl/Documents/multi_robot_slam_ws/install/multi_robot_slam_py/share/ament_index
creating /home/aisl/Documents/multi_robot_slam_ws/install/multi_robot_slam_py/share/ament_index/resource_index
creating /home/aisl/Documents/multi_robot_slam_ws/install/multi_robot_slam_py/share/ament_index/resource_index/packages
symbolically linking /home/aisl/Documents/multi_robot_slam_ws/build/multi_robot_slam_py/resource/multi_robot_slam_py -> /home/aisl/Documents/multi_robot_slam_ws/install/multi_robot_slam_py/share/ament_index/resource_index/packages
symbolically linking /home/aisl/Documents/multi_robot_slam_ws/build/multi_robot_slam_py/package.xml -> /home/aisl/Documents/multi_robot_slam_ws/install/multi_robot_slam_py/share/multi_robot_slam_py
