[1.021s] Invoking command in '/home/essivekkeli/multi_robot_slam_ws/build/multi_robot_slam_py': DEBUGINFOD_URLS=https://debuginfod.ubuntu.com PYTHONPATH=/home/essivekkeli/multi_robot_slam_ws/build/multi_robot_slam_py/prefix_override:/usr/lib/python3/dist-packages/colcon_core/task/python/colcon_distutils_commands:/home/essivekkeli/multi_robot_slam_ws/install/multi_robot_slam_py/lib/python3.12/site-packages:${PYTHONPATH} /usr/bin/python3 -W ignore:setup.py install is deprecated -W ignore:easy_install command is deprecated setup.py develop --editable --build-directory /home/essivekkeli/multi_robot_slam_ws/build/multi_robot_slam_py/build --no-deps symlink_data
[1.416s] running develop
[1.674s] running egg_info
[1.674s] creating multi_robot_slam_py.egg-info
[1.699s] writing multi_robot_slam_py.egg-info/PKG-INFO
[1.700s] writing dependency_links to multi_robot_slam_py.egg-info/dependency_links.txt
[1.700s] writing entry points to multi_robot_slam_py.egg-info/entry_points.txt
[1.700s] writing requirements to multi_robot_slam_py.egg-info/requires.txt
[1.701s] writing top-level names to multi_robot_slam_py.egg-info/top_level.txt
[1.701s] writing manifest file 'multi_robot_slam_py.egg-info/SOURCES.txt'
[1.750s] reading manifest file 'multi_robot_slam_py.egg-info/SOURCES.txt'
[1.751s] writing manifest file 'multi_robot_slam_py.egg-info/SOURCES.txt'
[1.778s] running build_ext
[1.778s] Creating /home/essivekkeli/multi_robot_slam_ws/install/multi_robot_slam_py/lib/python3.12/site-packages/multi-robot-slam-py.egg-link (link to .)
[1.779s] Installing central_server script to /home/essivekkeli/multi_robot_slam_ws/install/multi_robot_slam_py/lib/multi_robot_slam_py
[1.779s] 
[1.779s] Installed /home/essivekkeli/multi_robot_slam_ws/build/multi_robot_slam_py
[1.780s] running symlink_data
[1.780s] creating /home/essivekkeli/multi_robot_slam_ws/install/multi_robot_slam_py/share/ament_index
[1.780s] creating /home/essivekkeli/multi_robot_slam_ws/install/multi_robot_slam_py/share/ament_index/resource_index
[1.780s] creating /home/essivekkeli/multi_robot_slam_ws/install/multi_robot_slam_py/share/ament_index/resource_index/packages
[1.780s] symbolically linking /home/essivekkeli/multi_robot_slam_ws/build/multi_robot_slam_py/resource/multi_robot_slam_py -> /home/essivekkeli/multi_robot_slam_ws/install/multi_robot_slam_py/share/ament_index/resource_index/packages
[1.780s] symbolically linking /home/essivekkeli/multi_robot_slam_ws/build/multi_robot_slam_py/package.xml -> /home/essivekkeli/multi_robot_slam_ws/install/multi_robot_slam_py/share/multi_robot_slam_py
[1.819s] Invoked command in '/home/essivekkeli/multi_robot_slam_ws/build/multi_robot_slam_py' returned '0': DEBUGINFOD_URLS=https://debuginfod.ubuntu.com PYTHONPATH=/home/essivekkeli/multi_robot_slam_ws/build/multi_robot_slam_py/prefix_override:/usr/lib/python3/dist-packages/colcon_core/task/python/colcon_distutils_commands:/home/essivekkeli/multi_robot_slam_ws/install/multi_robot_slam_py/lib/python3.12/site-packages:${PYTHONPATH} /usr/bin/python3 -W ignore:setup.py install is deprecated -W ignore:easy_install command is deprecated setup.py develop --editable --build-directory /home/essivekkeli/multi_robot_slam_ws/build/multi_robot_slam_py/build --no-deps symlink_data
