[0.120s] DEBUG:colcon:Command line arguments: ['/usr/bin/colcon', 'build', '--symlink-install']
[0.120s] DEBUG:colcon:Parsed command line arguments: Namespace(log_base=None, log_level=None, verb_name='build', build_base='build', install_base='install', merge_install=False, symlink_install=True, test_result_base=None, continue_on_error=False, executor='parallel', parallel_workers=8, event_handlers=None, ignore_user_meta=False, metas=['./colcon.meta'], base_paths=['.'], packages_ignore=None, packages_ignore_regex=None, paths=None, packages_up_to=None, packages_up_to_regex=None, packages_above=None, packages_above_and_dependencies=None, packages_above_depth=None, packages_select_by_dep=None, packages_skip_by_dep=None, packages_skip_up_to=None, packages_select_build_failed=False, packages_skip_build_finished=False, packages_select_test_failures=False, packages_skip_test_passed=False, packages_select=None, packages_skip=None, packages_select_regex=None, packages_skip_regex=None, packages_start=None, packages_end=None, allow_overriding=[], cmake_args=None, cmake_target=None, cmake_target_skip_unavailable=False, cmake_clean_cache=False, cmake_clean_first=False, cmake_force_configure=False, ament_cmake_args=None, catkin_cmake_args=None, catkin_skip_building_tests=False, mixin_files=None, mixin=None, verb_parser=<colcon_mixin.mixin.mixin_argument.MixinArgumentDecorator object at 0x7d74798a0bf0>, verb_extension=<colcon_core.verb.build.BuildVerb object at 0x7d74798a08f0>, main=<bound method BuildVerb.main of <colcon_core.verb.build.BuildVerb object at 0x7d74798a08f0>>, mixin_verb=('build',))
[0.166s] Level 1:colcon.colcon_core.package_discovery:discover_packages(colcon_meta) check parameters
[0.166s] Level 1:colcon.colcon_core.package_discovery:discover_packages(recursive) check parameters
[0.166s] Level 1:colcon.colcon_core.package_discovery:discover_packages(ignore) check parameters
[0.166s] Level 1:colcon.colcon_core.package_discovery:discover_packages(path) check parameters
[0.166s] Level 1:colcon.colcon_core.package_discovery:discover_packages(colcon_meta) discover
[0.167s] Level 1:colcon.colcon_core.package_discovery:discover_packages(recursive) discover
[0.167s] INFO:colcon.colcon_core.package_discovery:Crawling recursively for packages in '/home/essivekkeli/multi_robot_slam_ws'
[0.167s] Level 1:colcon.colcon_core.package_identification:_identify(.) by extensions ['ignore', 'ignore_ament_install']
[0.167s] Level 1:colcon.colcon_core.package_identification:_identify(.) by extension 'ignore'
[0.167s] Level 1:colcon.colcon_core.package_identification:_identify(.) by extension 'ignore_ament_install'
[0.167s] Level 1:colcon.colcon_core.package_identification:_identify(.) by extensions ['colcon_pkg']
[0.167s] Level 1:colcon.colcon_core.package_identification:_identify(.) by extension 'colcon_pkg'
[0.167s] Level 1:colcon.colcon_core.package_identification:_identify(.) by extensions ['colcon_meta']
[0.167s] Level 1:colcon.colcon_core.package_identification:_identify(.) by extension 'colcon_meta'
[0.167s] Level 1:colcon.colcon_core.package_identification:_identify(.) by extensions ['ros']
[0.167s] Level 1:colcon.colcon_core.package_identification:_identify(.) by extension 'ros'
[0.195s] Level 1:colcon.colcon_core.package_identification:_identify(.) by extensions ['cmake', 'python']
[0.195s] Level 1:colcon.colcon_core.package_identification:_identify(.) by extension 'cmake'
[0.195s] Level 1:colcon.colcon_core.package_identification:_identify(.) by extension 'python'
[0.195s] Level 1:colcon.colcon_core.package_identification:_identify(.) by extensions ['python_setup_py']
[0.196s] Level 1:colcon.colcon_core.package_identification:_identify(.) by extension 'python_setup_py'
[0.196s] Level 1:colcon.colcon_core.package_identification:_identify(build) by extensions ['ignore', 'ignore_ament_install']
[0.196s] Level 1:colcon.colcon_core.package_identification:_identify(build) by extension 'ignore'
[0.196s] Level 1:colcon.colcon_core.package_identification:_identify(build) ignored
[0.196s] Level 1:colcon.colcon_core.package_identification:_identify(install) by extensions ['ignore', 'ignore_ament_install']
[0.197s] Level 1:colcon.colcon_core.package_identification:_identify(install) by extension 'ignore'
[0.197s] Level 1:colcon.colcon_core.package_identification:_identify(install) ignored
[0.197s] Level 1:colcon.colcon_core.package_identification:_identify(log) by extensions ['ignore', 'ignore_ament_install']
[0.197s] Level 1:colcon.colcon_core.package_identification:_identify(log) by extension 'ignore'
[0.197s] Level 1:colcon.colcon_core.package_identification:_identify(log) ignored
[0.197s] Level 1:colcon.colcon_core.package_identification:_identify(src) by extensions ['ignore', 'ignore_ament_install']
[0.197s] Level 1:colcon.colcon_core.package_identification:_identify(src) by extension 'ignore'
[0.197s] Level 1:colcon.colcon_core.package_identification:_identify(src) by extension 'ignore_ament_install'
[0.197s] Level 1:colcon.colcon_core.package_identification:_identify(src) by extensions ['colcon_pkg']
[0.197s] Level 1:colcon.colcon_core.package_identification:_identify(src) by extension 'colcon_pkg'
[0.197s] Level 1:colcon.colcon_core.package_identification:_identify(src) by extensions ['colcon_meta']
[0.197s] Level 1:colcon.colcon_core.package_identification:_identify(src) by extension 'colcon_meta'
[0.197s] Level 1:colcon.colcon_core.package_identification:_identify(src) by extensions ['ros']
[0.197s] Level 1:colcon.colcon_core.package_identification:_identify(src) by extension 'ros'
[0.197s] Level 1:colcon.colcon_core.package_identification:_identify(src) by extensions ['cmake', 'python']
[0.198s] Level 1:colcon.colcon_core.package_identification:_identify(src) by extension 'cmake'
[0.198s] Level 1:colcon.colcon_core.package_identification:_identify(src) by extension 'python'
[0.198s] Level 1:colcon.colcon_core.package_identification:_identify(src) by extensions ['python_setup_py']
[0.198s] Level 1:colcon.colcon_core.package_identification:_identify(src) by extension 'python_setup_py'
[0.198s] Level 1:colcon.colcon_core.package_identification:_identify(src/multi_robot_slam) by extensions ['ignore', 'ignore_ament_install']
[0.198s] Level 1:colcon.colcon_core.package_identification:_identify(src/multi_robot_slam) by extension 'ignore'
[0.198s] Level 1:colcon.colcon_core.package_identification:_identify(src/multi_robot_slam) by extension 'ignore_ament_install'
[0.198s] Level 1:colcon.colcon_core.package_identification:_identify(src/multi_robot_slam) by extensions ['colcon_pkg']
[0.198s] Level 1:colcon.colcon_core.package_identification:_identify(src/multi_robot_slam) by extension 'colcon_pkg'
[0.198s] Level 1:colcon.colcon_core.package_identification:_identify(src/multi_robot_slam) by extensions ['colcon_meta']
[0.198s] Level 1:colcon.colcon_core.package_identification:_identify(src/multi_robot_slam) by extension 'colcon_meta'
[0.198s] Level 1:colcon.colcon_core.package_identification:_identify(src/multi_robot_slam) by extensions ['ros']
[0.198s] Level 1:colcon.colcon_core.package_identification:_identify(src/multi_robot_slam) by extension 'ros'
[0.201s] DEBUG:colcon.colcon_core.package_identification:Package 'src/multi_robot_slam' with type 'ros.ament_cmake' and name 'multi_robot_slam'
[0.201s] Level 1:colcon.colcon_core.package_identification:_identify(src/multi_robot_slam_py) by extensions ['ignore', 'ignore_ament_install']
[0.201s] Level 1:colcon.colcon_core.package_identification:_identify(src/multi_robot_slam_py) by extension 'ignore'
[0.201s] Level 1:colcon.colcon_core.package_identification:_identify(src/multi_robot_slam_py) by extension 'ignore_ament_install'
[0.201s] Level 1:colcon.colcon_core.package_identification:_identify(src/multi_robot_slam_py) by extensions ['colcon_pkg']
[0.201s] Level 1:colcon.colcon_core.package_identification:_identify(src/multi_robot_slam_py) by extension 'colcon_pkg'
[0.201s] Level 1:colcon.colcon_core.package_identification:_identify(src/multi_robot_slam_py) by extensions ['colcon_meta']
[0.201s] Level 1:colcon.colcon_core.package_identification:_identify(src/multi_robot_slam_py) by extension 'colcon_meta'
[0.201s] Level 1:colcon.colcon_core.package_identification:_identify(src/multi_robot_slam_py) by extensions ['ros']
[0.201s] Level 1:colcon.colcon_core.package_identification:_identify(src/multi_robot_slam_py) by extension 'ros'
[0.202s] DEBUG:colcon.colcon_core.package_identification:Package 'src/multi_robot_slam_py' with type 'ros.ament_python' and name 'multi_robot_slam_py'
[0.202s] Level 1:colcon.colcon_core.package_discovery:discover_packages(recursive) using defaults
[0.202s] Level 1:colcon.colcon_core.package_discovery:discover_packages(ignore) discover
[0.202s] Level 1:colcon.colcon_core.package_discovery:discover_packages(ignore) using defaults
[0.202s] Level 1:colcon.colcon_core.package_discovery:discover_packages(path) discover
[0.202s] Level 1:colcon.colcon_core.package_discovery:discover_packages(path) using defaults
[0.220s] Level 1:colcon.colcon_core.package_discovery:discover_packages(prefix_path) check parameters
[0.220s] Level 1:colcon.colcon_core.package_discovery:discover_packages(prefix_path) discover
[0.221s] WARNING:colcon.colcon_ros.prefix_path.ament:The path '/home/essivekkeli/multi_robot_slam_ws/install/multi_robot_slam_py' in the environment variable AMENT_PREFIX_PATH doesn't exist
[0.221s] WARNING:colcon.colcon_ros.prefix_path.ament:The path '/home/essivekkeli/multi_robot_slam_ws/install/multi_robot_slam' in the environment variable AMENT_PREFIX_PATH doesn't exist
[0.221s] WARNING:colcon.colcon_ros.prefix_path.catkin:The path '/home/essivekkeli/multi_robot_slam_ws/install/multi_robot_slam' in the environment variable CMAKE_PREFIX_PATH doesn't exist
[0.222s] DEBUG:colcon.colcon_installed_package_information.package_discovery:Found 0 installed packages in /home/essivekkeli/multi_robot_slam_ws/install
[0.225s] DEBUG:colcon.colcon_installed_package_information.package_discovery:Found 379 installed packages in /opt/ros/jazzy
[0.227s] Level 1:colcon.colcon_core.package_discovery:discover_packages(prefix_path) using defaults
[0.295s] Level 5:colcon.colcon_core.verb:set package 'multi_robot_slam' build argument 'cmake_args' from command line to 'None'
[0.295s] Level 5:colcon.colcon_core.verb:set package 'multi_robot_slam' build argument 'cmake_target' from command line to 'None'
[0.295s] Level 5:colcon.colcon_core.verb:set package 'multi_robot_slam' build argument 'cmake_target_skip_unavailable' from command line to 'False'
[0.295s] Level 5:colcon.colcon_core.verb:set package 'multi_robot_slam' build argument 'cmake_clean_cache' from command line to 'False'
[0.295s] Level 5:colcon.colcon_core.verb:set package 'multi_robot_slam' build argument 'cmake_clean_first' from command line to 'False'
[0.296s] Level 5:colcon.colcon_core.verb:set package 'multi_robot_slam' build argument 'cmake_force_configure' from command line to 'False'
[0.296s] Level 5:colcon.colcon_core.verb:set package 'multi_robot_slam' build argument 'ament_cmake_args' from command line to 'None'
[0.296s] Level 5:colcon.colcon_core.verb:set package 'multi_robot_slam' build argument 'catkin_cmake_args' from command line to 'None'
[0.296s] Level 5:colcon.colcon_core.verb:set package 'multi_robot_slam' build argument 'catkin_skip_building_tests' from command line to 'False'
[0.296s] DEBUG:colcon.colcon_core.verb:Building package 'multi_robot_slam' with the following arguments: {'ament_cmake_args': None, 'build_base': '/home/essivekkeli/multi_robot_slam_ws/build/multi_robot_slam', 'catkin_cmake_args': None, 'catkin_skip_building_tests': False, 'cmake_args': None, 'cmake_clean_cache': False, 'cmake_clean_first': False, 'cmake_force_configure': False, 'cmake_target': None, 'cmake_target_skip_unavailable': False, 'install_base': '/home/essivekkeli/multi_robot_slam_ws/install/multi_robot_slam', 'merge_install': False, 'path': '/home/essivekkeli/multi_robot_slam_ws/src/multi_robot_slam', 'symlink_install': True, 'test_result_base': None}
[0.296s] Level 5:colcon.colcon_core.verb:set package 'multi_robot_slam_py' build argument 'cmake_args' from command line to 'None'
[0.296s] Level 5:colcon.colcon_core.verb:set package 'multi_robot_slam_py' build argument 'cmake_target' from command line to 'None'
[0.296s] Level 5:colcon.colcon_core.verb:set package 'multi_robot_slam_py' build argument 'cmake_target_skip_unavailable' from command line to 'False'
[0.296s] Level 5:colcon.colcon_core.verb:set package 'multi_robot_slam_py' build argument 'cmake_clean_cache' from command line to 'False'
[0.296s] Level 5:colcon.colcon_core.verb:set package 'multi_robot_slam_py' build argument 'cmake_clean_first' from command line to 'False'
[0.296s] Level 5:colcon.colcon_core.verb:set package 'multi_robot_slam_py' build argument 'cmake_force_configure' from command line to 'False'
[0.296s] Level 5:colcon.colcon_core.verb:set package 'multi_robot_slam_py' build argument 'ament_cmake_args' from command line to 'None'
[0.296s] Level 5:colcon.colcon_core.verb:set package 'multi_robot_slam_py' build argument 'catkin_cmake_args' from command line to 'None'
[0.296s] Level 5:colcon.colcon_core.verb:set package 'multi_robot_slam_py' build argument 'catkin_skip_building_tests' from command line to 'False'
[0.296s] DEBUG:colcon.colcon_core.verb:Building package 'multi_robot_slam_py' with the following arguments: {'ament_cmake_args': None, 'build_base': '/home/essivekkeli/multi_robot_slam_ws/build/multi_robot_slam_py', 'catkin_cmake_args': None, 'catkin_skip_building_tests': False, 'cmake_args': None, 'cmake_clean_cache': False, 'cmake_clean_first': False, 'cmake_force_configure': False, 'cmake_target': None, 'cmake_target_skip_unavailable': False, 'install_base': '/home/essivekkeli/multi_robot_slam_ws/install/multi_robot_slam_py', 'merge_install': False, 'path': '/home/essivekkeli/multi_robot_slam_ws/src/multi_robot_slam_py', 'symlink_install': True, 'test_result_base': None}
[0.296s] INFO:colcon.colcon_core.executor:Executing jobs using 'parallel' executor
[0.297s] DEBUG:colcon.colcon_parallel_executor.executor.parallel:run_until_complete
[0.298s] INFO:colcon.colcon_ros.task.ament_cmake.build:Building ROS package in '/home/essivekkeli/multi_robot_slam_ws/src/multi_robot_slam' with build type 'ament_cmake'
[0.298s] INFO:colcon.colcon_cmake.task.cmake.build:Building CMake package in '/home/essivekkeli/multi_robot_slam_ws/src/multi_robot_slam'
[0.300s] INFO:colcon.colcon_core.plugin_system:Skipping extension 'colcon_core.shell.bat': Not used on non-Windows systems
[0.300s] INFO:colcon.colcon_core.shell:Skip shell extension 'powershell' for command environment: Not usable outside of PowerShell
[0.300s] DEBUG:colcon.colcon_core.shell:Skip shell extension 'dsv' for command environment
[0.304s] INFO:colcon.colcon_ros.task.ament_python.build:Building ROS package in '/home/essivekkeli/multi_robot_slam_ws/src/multi_robot_slam_py' with build type 'ament_python'
[0.304s] Level 1:colcon.colcon_core.shell:create_environment_hook('multi_robot_slam_py', 'ament_prefix_path')
[0.305s] INFO:colcon.colcon_core.shell:Creating environment hook '/home/essivekkeli/multi_robot_slam_ws/install/multi_robot_slam_py/share/multi_robot_slam_py/hook/ament_prefix_path.ps1'
[0.305s] INFO:colcon.colcon_core.shell:Creating environment descriptor '/home/essivekkeli/multi_robot_slam_ws/install/multi_robot_slam_py/share/multi_robot_slam_py/hook/ament_prefix_path.dsv'
[0.306s] INFO:colcon.colcon_core.shell:Creating environment hook '/home/essivekkeli/multi_robot_slam_ws/install/multi_robot_slam_py/share/multi_robot_slam_py/hook/ament_prefix_path.sh'
[0.307s] INFO:colcon.colcon_core.shell:Skip shell extension 'powershell' for command environment: Not usable outside of PowerShell
[0.307s] DEBUG:colcon.colcon_core.shell:Skip shell extension 'dsv' for command environment
[0.315s] DEBUG:colcon.colcon_core.event_handler.log_command:Invoking command in '/home/essivekkeli/multi_robot_slam_ws/build/multi_robot_slam': CMAKE_PREFIX_PATH=${CMAKE_PREFIX_PATH}:/home/essivekkeli/multi_robot_slam_ws/install/multi_robot_slam_py:/opt/ros/jazzy DEBUGINFOD_URLS=https://debuginfod.ubuntu.com /usr/bin/cmake /home/essivekkeli/multi_robot_slam_ws/src/multi_robot_slam -DAMENT_CMAKE_SYMLINK_INSTALL=1 -DCMAKE_INSTALL_PREFIX=/home/essivekkeli/multi_robot_slam_ws/install/multi_robot_slam
[0.605s] INFO:colcon.colcon_core.task.python.build:Building Python package in '/home/essivekkeli/multi_robot_slam_ws/src/multi_robot_slam_py'
[0.605s] INFO:colcon.colcon_core.shell:Skip shell extension 'powershell' for command environment: Not usable outside of PowerShell
[0.605s] DEBUG:colcon.colcon_core.shell:Skip shell extension 'dsv' for command environment
[1.373s] DEBUG:colcon.colcon_core.event_handler.log_command:Invoking command in '/home/essivekkeli/multi_robot_slam_ws/build/multi_robot_slam_py': DEBUGINFOD_URLS=https://debuginfod.ubuntu.com PYTHONPATH=/home/essivekkeli/multi_robot_slam_ws/build/multi_robot_slam_py/prefix_override:/usr/lib/python3/dist-packages/colcon_core/task/python/colcon_distutils_commands:/home/essivekkeli/multi_robot_slam_ws/install/multi_robot_slam_py/lib/python3.12/site-packages:${PYTHONPATH} /usr/bin/python3 -W ignore:setup.py install is deprecated -W ignore:easy_install command is deprecated setup.py develop --editable --build-directory /home/essivekkeli/multi_robot_slam_ws/build/multi_robot_slam_py/build --no-deps symlink_data
[2.257s] Level 1:colcon.colcon_core.shell:create_environment_hook('multi_robot_slam_py', 'pythonpath_develop')
[2.258s] INFO:colcon.colcon_core.shell:Creating environment hook '/home/essivekkeli/multi_robot_slam_ws/build/multi_robot_slam_py/share/multi_robot_slam_py/hook/pythonpath_develop.ps1'
[2.258s] DEBUG:colcon.colcon_core.event_handler.log_command:Invoked command in '/home/essivekkeli/multi_robot_slam_ws/build/multi_robot_slam_py' returned '0': DEBUGINFOD_URLS=https://debuginfod.ubuntu.com PYTHONPATH=/home/essivekkeli/multi_robot_slam_ws/build/multi_robot_slam_py/prefix_override:/usr/lib/python3/dist-packages/colcon_core/task/python/colcon_distutils_commands:/home/essivekkeli/multi_robot_slam_ws/install/multi_robot_slam_py/lib/python3.12/site-packages:${PYTHONPATH} /usr/bin/python3 -W ignore:setup.py install is deprecated -W ignore:easy_install command is deprecated setup.py develop --editable --build-directory /home/essivekkeli/multi_robot_slam_ws/build/multi_robot_slam_py/build --no-deps symlink_data
[2.259s] INFO:colcon.colcon_core.shell:Creating environment descriptor '/home/essivekkeli/multi_robot_slam_ws/build/multi_robot_slam_py/share/multi_robot_slam_py/hook/pythonpath_develop.dsv'
[2.260s] INFO:colcon.colcon_core.shell:Creating environment hook '/home/essivekkeli/multi_robot_slam_ws/build/multi_robot_slam_py/share/multi_robot_slam_py/hook/pythonpath_develop.sh'
[2.264s] Level 1:colcon.colcon_core.environment:checking '/home/essivekkeli/multi_robot_slam_ws/install/multi_robot_slam_py' for CMake module files
[2.265s] Level 1:colcon.colcon_core.environment:checking '/home/essivekkeli/multi_robot_slam_ws/install/multi_robot_slam_py' for CMake config files
[2.266s] Level 1:colcon.colcon_core.environment:checking '/home/essivekkeli/multi_robot_slam_ws/install/multi_robot_slam_py/lib'
[2.267s] Level 1:colcon.colcon_core.environment:checking '/home/essivekkeli/multi_robot_slam_ws/install/multi_robot_slam_py/bin'
[2.267s] Level 1:colcon.colcon_core.environment:checking '/home/essivekkeli/multi_robot_slam_ws/install/multi_robot_slam_py/lib/pkgconfig/multi_robot_slam_py.pc'
[2.267s] Level 1:colcon.colcon_core.environment:checking '/home/essivekkeli/multi_robot_slam_ws/install/multi_robot_slam_py/lib/python3.12/site-packages'
[2.268s] Level 1:colcon.colcon_core.shell:create_environment_hook('multi_robot_slam_py', 'pythonpath')
[2.268s] INFO:colcon.colcon_core.shell:Creating environment hook '/home/essivekkeli/multi_robot_slam_ws/install/multi_robot_slam_py/share/multi_robot_slam_py/hook/pythonpath.ps1'
[2.269s] INFO:colcon.colcon_core.shell:Creating environment descriptor '/home/essivekkeli/multi_robot_slam_ws/install/multi_robot_slam_py/share/multi_robot_slam_py/hook/pythonpath.dsv'
[2.269s] INFO:colcon.colcon_core.shell:Creating environment hook '/home/essivekkeli/multi_robot_slam_ws/install/multi_robot_slam_py/share/multi_robot_slam_py/hook/pythonpath.sh'
[2.270s] Level 1:colcon.colcon_core.environment:checking '/home/essivekkeli/multi_robot_slam_ws/install/multi_robot_slam_py/bin'
[2.270s] Level 1:colcon.colcon_core.environment:create_environment_scripts_only(multi_robot_slam_py)
[2.271s] INFO:colcon.colcon_core.shell:Creating package script '/home/essivekkeli/multi_robot_slam_ws/install/multi_robot_slam_py/share/multi_robot_slam_py/package.ps1'
[2.274s] INFO:colcon.colcon_core.shell:Creating package descriptor '/home/essivekkeli/multi_robot_slam_ws/install/multi_robot_slam_py/share/multi_robot_slam_py/package.dsv'
[2.275s] INFO:colcon.colcon_core.shell:Creating package script '/home/essivekkeli/multi_robot_slam_ws/install/multi_robot_slam_py/share/multi_robot_slam_py/package.sh'
[2.276s] INFO:colcon.colcon_core.shell:Creating package script '/home/essivekkeli/multi_robot_slam_ws/install/multi_robot_slam_py/share/multi_robot_slam_py/package.bash'
[2.278s] INFO:colcon.colcon_core.shell:Creating package script '/home/essivekkeli/multi_robot_slam_ws/install/multi_robot_slam_py/share/multi_robot_slam_py/package.zsh'
[2.279s] Level 1:colcon.colcon_core.environment:create_file_with_runtime_dependencies(/home/essivekkeli/multi_robot_slam_ws/install/multi_robot_slam_py/share/colcon-core/packages/multi_robot_slam_py)
[2.307s] DEBUG:colcon.colcon_core.event_handler.log_command:Invoked command in '/home/essivekkeli/multi_robot_slam_ws/build/multi_robot_slam' returned '0': CMAKE_PREFIX_PATH=${CMAKE_PREFIX_PATH}:/home/essivekkeli/multi_robot_slam_ws/install/multi_robot_slam_py:/opt/ros/jazzy DEBUGINFOD_URLS=https://debuginfod.ubuntu.com /usr/bin/cmake /home/essivekkeli/multi_robot_slam_ws/src/multi_robot_slam -DAMENT_CMAKE_SYMLINK_INSTALL=1 -DCMAKE_INSTALL_PREFIX=/home/essivekkeli/multi_robot_slam_ws/install/multi_robot_slam
[2.310s] DEBUG:colcon.colcon_core.event_handler.log_command:Invoking command in '/home/essivekkeli/multi_robot_slam_ws/build/multi_robot_slam': CMAKE_PREFIX_PATH=${CMAKE_PREFIX_PATH}:/home/essivekkeli/multi_robot_slam_ws/install/multi_robot_slam_py:/opt/ros/jazzy DEBUGINFOD_URLS=https://debuginfod.ubuntu.com /usr/bin/cmake --build /home/essivekkeli/multi_robot_slam_ws/build/multi_robot_slam -- -j8 -l8
[2.375s] DEBUG:colcon.colcon_core.event_handler.log_command:Invoked command in '/home/essivekkeli/multi_robot_slam_ws/build/multi_robot_slam' returned '0': CMAKE_PREFIX_PATH=${CMAKE_PREFIX_PATH}:/home/essivekkeli/multi_robot_slam_ws/install/multi_robot_slam_py:/opt/ros/jazzy DEBUGINFOD_URLS=https://debuginfod.ubuntu.com /usr/bin/cmake --build /home/essivekkeli/multi_robot_slam_ws/build/multi_robot_slam -- -j8 -l8
[2.395s] DEBUG:colcon.colcon_core.event_handler.log_command:Invoking command in '/home/essivekkeli/multi_robot_slam_ws/build/multi_robot_slam': CMAKE_PREFIX_PATH=${CMAKE_PREFIX_PATH}:/home/essivekkeli/multi_robot_slam_ws/install/multi_robot_slam_py:/opt/ros/jazzy DEBUGINFOD_URLS=https://debuginfod.ubuntu.com /usr/bin/cmake --install /home/essivekkeli/multi_robot_slam_ws/build/multi_robot_slam
[2.734s] Level 1:colcon.colcon_core.environment:create_environment_scripts_only(multi_robot_slam)
[2.734s] Level 1:colcon.colcon_core.environment:checking '/home/essivekkeli/multi_robot_slam_ws/install/multi_robot_slam' for CMake module files
[2.735s] DEBUG:colcon.colcon_core.event_handler.log_command:Invoked command in '/home/essivekkeli/multi_robot_slam_ws/build/multi_robot_slam' returned '0': CMAKE_PREFIX_PATH=${CMAKE_PREFIX_PATH}:/home/essivekkeli/multi_robot_slam_ws/install/multi_robot_slam_py:/opt/ros/jazzy DEBUGINFOD_URLS=https://debuginfod.ubuntu.com /usr/bin/cmake --install /home/essivekkeli/multi_robot_slam_ws/build/multi_robot_slam
[2.735s] Level 1:colcon.colcon_core.environment:checking '/home/essivekkeli/multi_robot_slam_ws/install/multi_robot_slam' for CMake config files
[2.736s] Level 1:colcon.colcon_core.shell:create_environment_hook('multi_robot_slam', 'cmake_prefix_path')
[2.736s] INFO:colcon.colcon_core.shell:Creating environment hook '/home/essivekkeli/multi_robot_slam_ws/install/multi_robot_slam/share/multi_robot_slam/hook/cmake_prefix_path.ps1'
[2.736s] INFO:colcon.colcon_core.shell:Creating environment descriptor '/home/essivekkeli/multi_robot_slam_ws/install/multi_robot_slam/share/multi_robot_slam/hook/cmake_prefix_path.dsv'
[2.737s] INFO:colcon.colcon_core.shell:Creating environment hook '/home/essivekkeli/multi_robot_slam_ws/install/multi_robot_slam/share/multi_robot_slam/hook/cmake_prefix_path.sh'
[2.737s] Level 1:colcon.colcon_core.environment:checking '/home/essivekkeli/multi_robot_slam_ws/install/multi_robot_slam/bin'
[2.738s] Level 1:colcon.colcon_core.environment:checking '/home/essivekkeli/multi_robot_slam_ws/install/multi_robot_slam/lib/pkgconfig/multi_robot_slam.pc'
[2.738s] Level 1:colcon.colcon_core.environment:checking '/home/essivekkeli/multi_robot_slam_ws/install/multi_robot_slam/lib/python3.12/site-packages'
[2.738s] Level 1:colcon.colcon_core.environment:checking '/home/essivekkeli/multi_robot_slam_ws/install/multi_robot_slam/bin'
[2.738s] INFO:colcon.colcon_core.shell:Creating package script '/home/essivekkeli/multi_robot_slam_ws/install/multi_robot_slam/share/multi_robot_slam/package.ps1'
[2.739s] INFO:colcon.colcon_core.shell:Creating package descriptor '/home/essivekkeli/multi_robot_slam_ws/install/multi_robot_slam/share/multi_robot_slam/package.dsv'
[2.739s] INFO:colcon.colcon_core.shell:Creating package script '/home/essivekkeli/multi_robot_slam_ws/install/multi_robot_slam/share/multi_robot_slam/package.sh'
[2.740s] INFO:colcon.colcon_core.shell:Creating package script '/home/essivekkeli/multi_robot_slam_ws/install/multi_robot_slam/share/multi_robot_slam/package.bash'
[2.740s] INFO:colcon.colcon_core.shell:Creating package script '/home/essivekkeli/multi_robot_slam_ws/install/multi_robot_slam/share/multi_robot_slam/package.zsh'
[2.740s] Level 1:colcon.colcon_core.environment:create_file_with_runtime_dependencies(/home/essivekkeli/multi_robot_slam_ws/install/multi_robot_slam/share/colcon-core/packages/multi_robot_slam)
[2.741s] Level 1:colcon.colcon_core.environment:create_environment_scripts_only(multi_robot_slam)
[2.741s] Level 1:colcon.colcon_core.environment:checking '/home/essivekkeli/multi_robot_slam_ws/install/multi_robot_slam' for CMake module files
[2.742s] Level 1:colcon.colcon_core.environment:checking '/home/essivekkeli/multi_robot_slam_ws/install/multi_robot_slam' for CMake config files
[2.742s] Level 1:colcon.colcon_core.shell:create_environment_hook('multi_robot_slam', 'cmake_prefix_path')
[2.742s] INFO:colcon.colcon_core.shell:Creating environment hook '/home/essivekkeli/multi_robot_slam_ws/install/multi_robot_slam/share/multi_robot_slam/hook/cmake_prefix_path.ps1'
[2.743s] INFO:colcon.colcon_core.shell:Creating environment descriptor '/home/essivekkeli/multi_robot_slam_ws/install/multi_robot_slam/share/multi_robot_slam/hook/cmake_prefix_path.dsv'
[2.744s] INFO:colcon.colcon_core.shell:Creating environment hook '/home/essivekkeli/multi_robot_slam_ws/install/multi_robot_slam/share/multi_robot_slam/hook/cmake_prefix_path.sh'
[2.744s] Level 1:colcon.colcon_core.environment:checking '/home/essivekkeli/multi_robot_slam_ws/install/multi_robot_slam/bin'
[2.744s] Level 1:colcon.colcon_core.environment:checking '/home/essivekkeli/multi_robot_slam_ws/install/multi_robot_slam/lib/pkgconfig/multi_robot_slam.pc'
[2.745s] Level 1:colcon.colcon_core.environment:checking '/home/essivekkeli/multi_robot_slam_ws/install/multi_robot_slam/lib/python3.12/site-packages'
[2.745s] Level 1:colcon.colcon_core.environment:checking '/home/essivekkeli/multi_robot_slam_ws/install/multi_robot_slam/bin'
[2.745s] INFO:colcon.colcon_core.shell:Creating package script '/home/essivekkeli/multi_robot_slam_ws/install/multi_robot_slam/share/multi_robot_slam/package.ps1'
[2.746s] INFO:colcon.colcon_core.shell:Creating package descriptor '/home/essivekkeli/multi_robot_slam_ws/install/multi_robot_slam/share/multi_robot_slam/package.dsv'
[2.746s] INFO:colcon.colcon_core.shell:Creating package script '/home/essivekkeli/multi_robot_slam_ws/install/multi_robot_slam/share/multi_robot_slam/package.sh'
[2.747s] INFO:colcon.colcon_core.shell:Creating package script '/home/essivekkeli/multi_robot_slam_ws/install/multi_robot_slam/share/multi_robot_slam/package.bash'
[2.747s] INFO:colcon.colcon_core.shell:Creating package script '/home/essivekkeli/multi_robot_slam_ws/install/multi_robot_slam/share/multi_robot_slam/package.zsh'
[2.748s] Level 1:colcon.colcon_core.environment:create_file_with_runtime_dependencies(/home/essivekkeli/multi_robot_slam_ws/install/multi_robot_slam/share/colcon-core/packages/multi_robot_slam)
[2.748s] DEBUG:colcon.colcon_parallel_executor.executor.parallel:closing loop
[2.748s] DEBUG:colcon.colcon_parallel_executor.executor.parallel:loop closed
[2.748s] DEBUG:colcon.colcon_parallel_executor.executor.parallel:run_until_complete finished with '0'
[2.748s] DEBUG:colcon.colcon_core.event_reactor:joining thread
[2.757s] INFO:colcon.colcon_core.plugin_system:Skipping extension 'colcon_notification.desktop_notification.terminal_notifier': Not used on non-Darwin systems
[2.757s] INFO:colcon.colcon_core.plugin_system:Skipping extension 'colcon_notification.desktop_notification.win32': Not used on non-Windows systems
[2.757s] INFO:colcon.colcon_notification.desktop_notification:Sending desktop notification using 'notify2'
[2.781s] DEBUG:colcon.colcon_core.event_reactor:joined thread
[2.782s] INFO:colcon.colcon_core.shell:Creating prefix script '/home/essivekkeli/multi_robot_slam_ws/install/local_setup.ps1'
[2.783s] INFO:colcon.colcon_core.shell:Creating prefix util module '/home/essivekkeli/multi_robot_slam_ws/install/_local_setup_util_ps1.py'
[2.785s] INFO:colcon.colcon_core.shell:Creating prefix chain script '/home/essivekkeli/multi_robot_slam_ws/install/setup.ps1'
[2.787s] INFO:colcon.colcon_core.shell:Creating prefix script '/home/essivekkeli/multi_robot_slam_ws/install/local_setup.sh'
[2.788s] INFO:colcon.colcon_core.shell:Creating prefix util module '/home/essivekkeli/multi_robot_slam_ws/install/_local_setup_util_sh.py'
[2.789s] INFO:colcon.colcon_core.shell:Creating prefix chain script '/home/essivekkeli/multi_robot_slam_ws/install/setup.sh'
[2.791s] INFO:colcon.colcon_core.shell:Creating prefix script '/home/essivekkeli/multi_robot_slam_ws/install/local_setup.bash'
[2.793s] INFO:colcon.colcon_core.shell:Creating prefix chain script '/home/essivekkeli/multi_robot_slam_ws/install/setup.bash'
[2.795s] INFO:colcon.colcon_core.shell:Creating prefix script '/home/essivekkeli/multi_robot_slam_ws/install/local_setup.zsh'
[2.796s] INFO:colcon.colcon_core.shell:Creating prefix chain script '/home/essivekkeli/multi_robot_slam_ws/install/setup.zsh'
