[0.186s] Invoking command in '/home/aisl/Documents/multi_robot_slam_ws/build/multirobot_map_merge': BYOBU_DATE=%Y-%m-%d CMAKE_PREFIX_PATH=${CMAKE_PREFIX_PATH}:/home/aisl/Documents/multi_robot_slam_ws/install/multi_robot_slam_py:/opt/ros/jazzy DEBUGINFOD_URLS=https://debuginfod.ubuntu.com PS1=\[\e[38;5;202m\]$(byobu_prompt_status)\[\e[00m\]$(byobu_prompt_runtime) \[\e[38;5;245m\]\u\[\e[00m\]@\[\e[38;5;172m\]\h\[\e[00m\]:\[\e[38;5;5m\]\w\[\e[00m\]$(byobu_prompt_symbol) /usr/bin/cmake /home/aisl/Documents/multi_robot_slam_ws/src/m-explore-ros2/m-explore-ros2-main/map_merge -DCMAKE_INSTALL_PREFIX=/home/aisl/Documents/multi_robot_slam_ws/install/multirobot_map_merge
[0.222s] -- The C compiler identification is GNU 13.3.0
[0.259s] -- The CXX compiler identification is GNU 13.3.0
[0.269s] -- Detecting C compiler ABI info
[0.328s] -- Detecting C compiler ABI info - done
[0.336s] -- Check for working C compiler: /usr/bin/cc - skipped
[0.336s] -- Detecting C compile features
[0.336s] -- Detecting C compile features - done
[0.342s] -- Detecting CXX compiler ABI info
[0.408s] -- Detecting CXX compiler ABI info - done
[0.416s] -- Check for working CXX compiler: /usr/bin/c++ - skipped
[0.416s] -- Detecting CXX compile features
[0.416s] -- Detecting CXX compile features - done
[0.419s] -- Found ament_cmake: 2.5.5 (/opt/ros/jazzy/share/ament_cmake/cmake)
[0.528s] -- Found Python3: /usr/bin/python3 (found version "3.12.3") found components: Interpreter 
[0.612s] -- Found rclcpp: 28.1.16 (/opt/ros/jazzy/share/rclcpp/cmake)
[0.649s] -- Found rosidl_generator_c: 4.6.7 (/opt/ros/jazzy/share/rosidl_generator_c/cmake)
[0.662s] -- Found rosidl_generator_cpp: 4.6.7 (/opt/ros/jazzy/share/rosidl_generator_cpp/cmake)
[0.677s] -- Using all available rosidl_typesupport_c: rosidl_typesupport_fastrtps_c;rosidl_typesupport_introspection_c
[0.693s] -- Using all available rosidl_typesupport_cpp: rosidl_typesupport_fastrtps_cpp;rosidl_typesupport_introspection_cpp
[0.760s] -- Found rmw_implementation_cmake: 7.3.3 (/opt/ros/jazzy/share/rmw_implementation_cmake/cmake)
[0.763s] -- Found rmw_fastrtps_cpp: 8.4.3 (/opt/ros/jazzy/share/rmw_fastrtps_cpp/cmake)
[0.820s] -- Found OpenSSL: /usr/lib/x86_64-linux-gnu/libcrypto.so (found version "3.0.13")  
[0.836s] -- Found FastRTPS: /opt/ros/jazzy/include (Required is at least version "2.13") 
[0.852s] -- Using RMW implementation 'rmw_fastrtps_cpp' as default
[0.916s] -- Found geometry_msgs: 5.3.6 (/opt/ros/jazzy/share/geometry_msgs/cmake)
[0.945s] -- Found image_geometry: 4.1.0 (/opt/ros/jazzy/share/image_geometry/cmake)
[0.977s] -- Found map_msgs: 2.4.1 (/opt/ros/jazzy/share/map_msgs/cmake)
[1.035s] -- Found tf2_geometry_msgs: 0.36.19 (/opt/ros/jazzy/share/tf2_geometry_msgs/cmake)
[1.050s] -- Found eigen3_cmake_module: 0.3.0 (/opt/ros/jazzy/share/eigen3_cmake_module/cmake)
[1.051s] -- Found Eigen3: TRUE (found version "3.4.0") 
[1.051s] -- Ensuring Eigen3 include directory is part of orocos-kdl CMake target
[1.238s] -- Found Boost: /usr/lib/x86_64-linux-gnu/cmake/Boost-1.83.0/BoostConfig.cmake (found version "1.83.0") found components: thread 
[1.242s] -- Found OpenCV: /usr (found version "4.6.0") 
[1.254s] -- Found ament_lint_auto: 0.17.4 (/opt/ros/jazzy/share/ament_lint_auto/cmake)
[1.335s] -- Found ament_cmake_gtest: 2.5.5 (/opt/ros/jazzy/share/ament_cmake_gtest/cmake)
[1.338s] --2026-02-12 16:26:37--  https://raw.githubusercontent.com/hrnr/m-explore-extra/master/map_merge/hector_maps/map00.pgm
[1.418s] Resolving raw.githubusercontent.com (raw.githubusercontent.com)... 185.199.111.133, 185.199.109.133, 185.199.108.133, ...
[1.423s] Connecting to raw.githubusercontent.com (raw.githubusercontent.com)|185.199.111.133|:443... connected.
[1.446s] HTTP request sent, awaiting response... 200 OK
[1.446s] Length: 4194362 (4.0M) [application/octet-stream]
[1.446s] Saving to: ‘/home/aisl/Documents/multi_robot_slam_ws/build/multirobot_map_merge/map00.pgm’
[1.447s] 
[1.452s]      0K .......... .......... .......... .......... ..........  1% 7.74M 1s
[1.454s]     50K .......... .......... .......... .......... ..........  2% 24.4M 0s
[1.458s]    100K .......... .......... .......... .......... ..........  3% 13.8M 0s
[1.459s]    150K .......... .......... .......... .......... ..........  4% 57.3M 0s
[1.460s]    200K .......... .......... .......... .......... ..........  6% 38.0M 0s
[1.463s]    250K .......... .......... .......... .......... ..........  7% 15.0M 0s
[1.464s]    300K .......... .......... .......... .......... ..........  8% 86.3M 0s
[1.465s]    350K .......... .......... .......... .......... ..........  9% 54.9M 0s
[1.465s]    400K .......... .......... .......... .......... .......... 10% 63.9M 0s
[1.466s]    450K .......... .......... .......... .......... .......... 12%  166M 0s
[1.466s]    500K .......... .......... .......... .......... .......... 13%  103M 0s
[1.467s]    550K .......... .......... .......... .......... .......... 14% 97.8M 0s
[1.469s]    600K .......... .......... .......... .......... .......... 15% 20.2M 0s
[1.470s]    650K .......... .......... .......... .......... .......... 17% 94.6M 0s
[1.470s]    700K .......... .......... .......... .......... .......... 18% 97.1M 0s
[1.471s]    750K .......... .......... .......... .......... .......... 19%  166M 0s
[1.471s]    800K .......... .......... .......... .......... .......... 20% 67.9M 0s
[1.471s]    850K .......... .......... .......... .......... .......... 21%  168M 0s
[1.472s]    900K .......... .......... .......... .......... .......... 23%  104M 0s
[1.481s]    950K .......... .......... .......... .......... .......... 24% 5.17M 0s
[1.482s]   1000K .......... .......... .......... .......... .......... 25% 62.2M 0s
[1.482s]   1050K .......... .......... .......... .......... .......... 26%  382M 0s
[1.482s]   1100K .......... .......... .......... .......... .......... 28%  320M 0s
[1.483s]   1150K .......... .......... .......... .......... .......... 29%  221M 0s
[1.483s]   1200K .......... .......... .......... .......... .......... 30%  190M 0s
[1.483s]   1250K .......... .......... .......... .......... .......... 31%  407M 0s
[1.483s]   1300K .......... .......... .......... .......... .......... 32%  338M 0s
[1.483s]   1350K .......... .......... .......... .......... .......... 34%  393M 0s
[1.483s]   1400K .......... .......... .......... .......... .......... 35%  358M 0s
[1.483s]   1450K .......... .......... .......... .......... .......... 36%  402M 0s
[1.484s]   1500K .......... .......... .......... .......... .......... 37%  373M 0s
[1.487s]   1550K .......... .......... .......... .......... .......... 39% 17.4M 0s
[1.487s]   1600K .......... .......... .......... .......... .......... 40% 96.3M 0s
[1.487s]   1650K .......... .......... .......... .......... .......... 41%  165M 0s
[1.488s]   1700K .......... .......... .......... .......... .......... 42% 95.1M 0s
[1.488s]   1750K .......... .......... .......... .......... .......... 43% 96.7M 0s
[1.489s]   1800K .......... .......... .......... .......... .......... 45%  104M 0s
[1.489s]   1850K .......... .......... .......... .......... .......... 46%  150M 0s
[1.489s]   1900K .......... .......... .......... .......... .......... 47%  405M 0s
[1.489s]   1950K .......... .......... .......... .......... .......... 48%  336M 0s
[1.497s]   2000K .......... .......... .......... .......... .......... 50% 6.08M 0s
[1.497s]   2050K .......... .......... .......... .......... .......... 51%  320M 0s
[1.498s]   2100K .......... .......... .......... .......... .......... 52%  306M 0s
[1.498s]   2150K .......... .......... .......... .......... .......... 53%  396M 0s
[1.498s]   2200K .......... .......... .......... .......... .......... 54%  322M 0s
[1.498s]   2250K .......... .......... .......... .......... .......... 56%  338M 0s
[1.498s]   2300K .......... .......... .......... .......... .......... 57%  386M 0s
[1.498s]   2350K .......... .......... .......... .......... .......... 58%  364M 0s
[1.498s]   2400K .......... .......... .......... .......... .......... 59%  296M 0s
[1.499s]   2450K .......... .......... .......... .......... .......... 61%  306M 0s
[1.499s]   2500K .......... .......... .......... .......... .......... 62%  354M 0s
[1.499s]   2550K .......... .......... .......... .......... .......... 63%  334M 0s
[1.499s]   2600K .......... .......... .......... .......... .......... 64%  401M 0s
[1.499s]   2650K .......... .......... .......... .......... .......... 65%  343M 0s
[1.499s]   2700K .......... .......... .......... .......... .......... 67%  414M 0s
[1.499s]   2750K .......... .......... .......... .......... .......... 68%  339M 0s
[1.500s]   2800K .......... .......... .......... .......... .......... 69%  291M 0s
[1.500s]   2850K .......... .......... .......... .......... .......... 70%  348M 0s
[1.500s]   2900K .......... .......... .......... .......... .......... 72%  410M 0s
[1.500s]   2950K .......... .......... .......... .......... .......... 73%  329M 0s
[1.500s]   3000K .......... .......... .......... .......... .......... 74%  426M 0s
[1.500s]   3050K .......... .......... .......... .......... .......... 75%  339M 0s
[1.500s]   3100K .......... .......... .......... .......... .......... 76%  431M 0s
[1.501s]   3150K .......... .......... .......... .......... .......... 78%  336M 0s
[1.501s]   3200K .......... .......... .......... .......... .......... 79%  266M 0s
[1.501s]   3250K .......... .......... .......... .......... .......... 80%  417M 0s
[1.501s]   3300K .......... .......... .......... .......... .......... 81%  344M 0s
[1.501s]   3350K .......... .......... .......... .......... .......... 83%  410M 0s
[1.501s]   3400K .......... .......... .......... .......... .......... 84%  334M 0s
[1.501s]   3450K .......... .......... .......... .......... .......... 85%  414M 0s
[1.501s]   3500K .......... .......... .......... .......... .......... 86%  328M 0s
[1.502s]   3550K .......... .......... .......... .......... .......... 87%  393M 0s
[1.502s]   3600K .......... .......... .......... .......... .......... 89%  272M 0s
[1.502s]   3650K .......... .......... .......... .......... .......... 90%  360M 0s
[1.502s]   3700K .......... .......... .......... .......... .......... 91%  184M 0s
[1.503s]   3750K .......... .......... .......... .......... .......... 92% 96.1M 0s
[1.503s]   3800K .......... .......... .......... .......... .......... 93%  165M 0s
[1.503s]   3850K .......... .......... .......... .......... .......... 95% 95.4M 0s
[1.504s]   3900K .......... .......... .......... .......... .......... 96%  103M 0s
[1.505s]   3950K .......... .......... .......... .......... .......... 97% 97.2M 0s
[1.505s]   4000K .......... .......... .......... .......... .......... 98% 47.8M 0s
[1.506s]   4050K .......... .......... .......... .......... ......    100% 82.6M=0.06s
[1.506s] 
[1.506s] 2026-02-12 16:26:37 (66.5 MB/s) - ‘/home/aisl/Documents/multi_robot_slam_ws/build/multirobot_map_merge/map00.pgm’ saved [4194362/4194362]
[1.506s] 
[1.507s] Checking MD5 sum of /home/aisl/Documents/multi_robot_slam_ws/build/multirobot_map_merge/map00.pgm
[1.513s] /home/aisl/Documents/multi_robot_slam_ws/build/multirobot_map_merge/map00.pgm: OK
[1.516s] --2026-02-12 16:26:38--  https://raw.githubusercontent.com/hrnr/m-explore-extra/master/map_merge/hector_maps/map05.pgm
[1.538s] Resolving raw.githubusercontent.com (raw.githubusercontent.com)... 185.199.108.133, 185.199.110.133, 185.199.109.133, ...
[1.544s] Connecting to raw.githubusercontent.com (raw.githubusercontent.com)|185.199.108.133|:443... connected.
[1.743s] HTTP request sent, awaiting response... 200 OK
[1.743s] Length: 4194362 (4.0M) [application/octet-stream]
[1.744s] Saving to: ‘/home/aisl/Documents/multi_robot_slam_ws/build/multirobot_map_merge/map05.pgm’
[1.744s] 
[1.749s]      0K .......... .......... .......... .......... ..........  1% 7.97M 0s
[1.752s]     50K .......... .......... .......... .......... ..........  2% 21.5M 0s
[1.755s]    100K .......... .......... .......... .......... ..........  3% 14.7M 0s
[1.756s]    150K .......... .......... .......... .......... ..........  4% 49.3M 0s
[1.759s]    200K .......... .......... .......... .......... ..........  6% 18.3M 0s
[1.761s]    250K .......... .......... .......... .......... ..........  7% 24.3M 0s
[1.761s]    300K .......... .......... .......... .......... ..........  8%  101M 0s
[1.762s]    350K .......... .......... .......... .......... ..........  9% 78.6M 0s
[1.764s]    400K .......... .......... .......... .......... .......... 10% 18.3M 0s
[1.765s]    450K .......... .......... .......... .......... .......... 12% 92.3M 0s
[1.765s]    500K .......... .......... .......... .......... .......... 13% 98.3M 0s
[1.766s]    550K .......... .......... .......... .......... .......... 14%  104M 0s
[1.767s]    600K .......... .......... .......... .......... .......... 15% 60.7M 0s
[1.767s]    650K .......... .......... .......... .......... .......... 17% 90.8M 0s
[1.768s]    700K .......... .......... .......... .......... .......... 18%  115M 0s
[1.768s]    750K .......... .......... .......... .......... .......... 19% 87.5M 0s
[1.769s]    800K .......... .......... .......... .......... .......... 20% 70.5M 0s
[1.770s]    850K .......... .......... .......... .......... .......... 21% 48.2M 0s
[1.770s]    900K .......... .......... .......... .......... .......... 23%  103M 0s
[1.771s]    950K .......... .......... .......... .......... .......... 24%  115M 0s
[1.771s]   1000K .......... .......... .......... .......... .......... 25% 82.1M 0s
[1.772s]   1050K .......... .......... .......... .......... .......... 26% 88.6M 0s
[1.772s]   1100K .......... .......... .......... .......... .......... 28%  114M 0s
[1.781s]   1150K .......... .......... .......... .......... .......... 29% 5.75M 0s
[1.781s]   1200K .......... .......... .......... .......... .......... 30%  270M 0s
[1.781s]   1250K .......... .......... .......... .......... .......... 31%  612M 0s
[1.781s]   1300K .......... .......... .......... .......... .......... 32%  648M 0s
[1.782s]   1350K .......... .......... .......... .......... .......... 34%  631M 0s
[1.783s]   1400K .......... .......... .......... .......... .......... 35% 33.8M 0s
[1.783s]   1450K .......... .......... .......... .......... .......... 36%  215M 0s
[1.783s]   1500K .......... .......... .......... .......... .......... 37%  235M 0s
[1.784s]   1550K .......... .......... .......... .......... .......... 39%  311M 0s
[1.784s]   1600K .......... .......... .......... .......... .......... 40% 59.4M 0s
[1.784s]   1650K .......... .......... .......... .......... .......... 41%  188M 0s
[1.785s]   1700K .......... .......... .......... .......... .......... 42%  100M 0s
[1.785s]   1750K .......... .......... .......... .......... .......... 43%  586M 0s
[1.785s]   1800K .......... .......... .......... .......... .......... 45%  624M 0s
[1.787s]   1850K .......... .......... .......... .......... .......... 46% 30.8M 0s
[1.787s]   1900K .......... .......... .......... .......... .......... 47% 89.8M 0s
[1.788s]   1950K .......... .......... .......... .......... .......... 48% 53.5M 0s
[1.788s]   2000K .......... .......... .......... .......... .......... 50%  356M 0s
[1.788s]   2050K .......... .......... .......... .......... .......... 51%  626M 0s
[1.789s]   2100K .......... .......... .......... .......... .......... 52%  641M 0s
[1.789s]   2150K .......... .......... .......... .......... .......... 53%  558M 0s
[1.789s]   2200K .......... .......... .......... .......... .......... 54%  650M 0s
[1.789s]   2250K .......... .......... .......... .......... .......... 56%  627M 0s
[1.789s]   2300K .......... .......... .......... .......... .......... 57%  626M 0s
[1.789s]   2350K .......... .......... .......... .......... .......... 58%  627M 0s
[1.789s]   2400K .......... .......... .......... .......... .......... 59%  451M 0s
[1.789s]   2450K .......... .......... .......... .......... .......... 61%  618M 0s
[1.790s]   2500K .......... .......... .......... .......... .......... 62%  621M 0s
[1.790s]   2550K .......... .......... .......... .......... .......... 63%  631M 0s
[1.790s]   2600K .......... .......... .......... .......... .......... 64%  124M 0s
[1.797s]   2650K .......... .......... .......... .......... .......... 65% 6.26M 0s
[1.798s]   2700K .......... .......... .......... .......... .......... 67%  119M 0s
[1.798s]   2750K .......... .......... .......... .......... .......... 68%  111M 0s
[1.799s]   2800K .......... .......... .......... .......... .......... 69%  137M 0s
[1.799s]   2850K .......... .......... .......... .......... .......... 70%  471M 0s
[1.799s]   2900K .......... .......... .......... .......... .......... 72%  456M 0s
[1.799s]   2950K .......... .......... .......... .......... .......... 73%  458M 0s
[1.799s]   3000K .......... .......... .......... .......... .......... 74%  439M 0s
[1.799s]   3050K .......... .......... .......... .......... .......... 75%  461M 0s
[1.799s]   3100K .......... .......... .......... .......... .......... 76%  457M 0s
[1.799s]   3150K .......... .......... .......... .......... .......... 78%  458M 0s
[1.799s]   3200K .......... .......... .......... .......... .......... 79%  354M 0s
[1.799s]   3250K .......... .......... .......... .......... .......... 80%  393M 0s
[1.800s]   3300K .......... .......... .......... .......... .......... 81%  454M 0s
[1.800s]   3350K .......... .......... .......... .......... .......... 83%  472M 0s
[1.800s]   3400K .......... .......... .......... .......... .......... 84%  445M 0s
[1.800s]   3450K .......... .......... .......... .......... .......... 85%  470M 0s
[1.800s]   3500K .......... .......... .......... .......... .......... 86%  451M 0s
[1.801s]   3550K .......... .......... .......... .......... .......... 87%  106M 0s
[1.807s]   3600K .......... .......... .......... .......... .......... 89% 7.83M 0s
[1.807s]   3650K .......... .......... .......... .......... .......... 90%  432M 0s
[1.807s]   3700K .......... .......... .......... .......... .......... 91%  489M 0s
[1.807s]   3750K .......... .......... .......... .......... .......... 92%  470M 0s
[1.807s]   3800K .......... .......... .......... .......... .......... 93%  446M 0s
[1.807s]   3850K .......... .......... .......... .......... .......... 95%  457M 0s
[1.807s]   3900K .......... .......... .......... .......... .......... 96%  460M 0s
[1.807s]   3950K .......... .......... .......... .......... .......... 97%  410M 0s
[1.808s]   4000K .......... .......... .......... .......... .......... 98%  354M 0s
[1.808s]   4050K .......... .......... .......... .......... ......    100%  463M=0.06s
[1.808s] 
[1.808s] 2026-02-12 16:26:38 (62.0 MB/s) - ‘/home/aisl/Documents/multi_robot_slam_ws/build/multirobot_map_merge/map05.pgm’ saved [4194362/4194362]
[1.808s] 
[1.808s] Checking MD5 sum of /home/aisl/Documents/multi_robot_slam_ws/build/multirobot_map_merge/map05.pgm
[1.814s] /home/aisl/Documents/multi_robot_slam_ws/build/multirobot_map_merge/map05.pgm: OK
[1.818s] --2026-02-12 16:26:38--  https://raw.githubusercontent.com/hrnr/m-explore-extra/master/map_merge/gmapping_maps/2011-08-09-12-22-52.pgm
[1.840s] Resolving raw.githubusercontent.com (raw.githubusercontent.com)... 185.199.109.133, 185.199.108.133, 185.199.110.133, ...
[1.846s] Connecting to raw.githubusercontent.com (raw.githubusercontent.com)|185.199.109.133|:443... connected.
[2.062s] HTTP request sent, awaiting response... 200 OK
[2.062s] Length: 16000058 (15M) [application/octet-stream]
[2.062s] Saving to: ‘/home/aisl/Documents/multi_robot_slam_ws/build/multirobot_map_merge/2011-08-09-12-22-52.pgm’
[2.062s] 
[2.068s]      0K .......... .......... .......... .......... ..........  0% 8.02M 2s
[2.070s]     50K .......... .......... .......... .......... ..........  0% 23.3M 1s
[2.073s]    100K .......... .......... .......... .......... ..........  0% 13.8M 1s
[2.074s]    150K .......... .......... .......... .......... ..........  1% 51.6M 1s
[2.075s]    200K .......... .......... .......... .......... ..........  1% 39.7M 1s
[2.079s]    250K .......... .......... .......... .......... ..........  1% 14.8M 1s
[2.080s]    300K .......... .......... .......... .......... ..........  2%  119M 1s
[2.080s]    350K .......... .......... .......... .......... ..........  2% 48.9M 1s
[2.081s]    400K .......... .......... .......... .......... ..........  2% 84.8M 1s
[2.081s]    450K .......... .......... .......... .......... ..........  3% 81.1M 1s
[2.082s]    500K .......... .......... .......... .......... ..........  3%  118M 1s
[2.082s]    550K .......... .......... .......... .......... ..........  3% 91.1M 1s
[2.085s]    600K .......... .......... .......... .......... ..........  4% 19.7M 1s
[2.085s]    650K .......... .......... .......... .......... ..........  4%  118M 1s
[2.086s]    700K .......... .......... .......... .......... ..........  4% 94.0M 0s
[2.086s]    750K .......... .......... .......... .......... ..........  5% 71.7M 0s
[2.087s]    800K .......... .......... .......... .......... ..........  5%  119M 0s
[2.087s]    850K .......... .......... .......... .......... ..........  5% 92.7M 0s
[2.088s]    900K .......... .......... .......... .......... ..........  6% 83.4M 0s
[2.098s]    950K .......... .......... .......... .......... ..........  6% 4.89M 1s
[2.098s]   1000K .......... .......... .......... .......... ..........  6%  448M 1s
[2.098s]   1050K .......... .......... .......... .......... ..........  7%  101M 0s
[2.099s]   1100K .......... .......... .......... .......... ..........  7%  231M 0s
[2.099s]   1150K .......... .......... .......... .......... ..........  7%  122M 0s
[2.099s]   1200K .......... .......... .......... .......... ..........  7%  197M 0s
[2.099s]   1250K .......... .......... .......... .......... ..........  8%  496M 0s
[2.099s]   1300K .......... .......... .......... .......... ..........  8%  506M 0s
[2.099s]   1350K .......... .......... .......... .......... ..........  8%  522M 0s
[2.099s]   1400K .......... .......... .......... .......... ..........  9%  618M 0s
[2.100s]   1450K .......... .......... .......... .......... ..........  9%  560M 0s
[2.100s]   1500K .......... .......... .......... .......... ..........  9%  539M 0s
[2.102s]   1550K .......... .......... .......... .......... .......... 10% 18.3M 0s
[2.103s]   1600K .......... .......... .......... .......... .......... 10%  209M 0s
[2.103s]   1650K .......... .......... .......... .......... .......... 10%  146M 0s
[2.104s]   1700K .......... .......... .......... .......... .......... 11% 82.5M 0s
[2.104s]   1750K .......... .......... .......... .......... .......... 11% 85.0M 0s
[2.104s]   1800K .......... .......... .......... .......... .......... 11%  292M 0s
[2.104s]   1850K .......... .......... .......... .......... .......... 12%  566M 0s
[2.104s]   1900K .......... .......... .......... .......... .......... 12%  519M 0s
[2.105s]   1950K .......... .......... .......... .......... .......... 12%  409M 0s
[2.105s]   2000K .......... .......... .......... .......... .......... 13%  518M 0s
[2.105s]   2050K .......... .......... .......... .......... .......... 13%  511M 0s
[2.105s]   2100K .......... .......... .......... .......... .......... 13%  544M 0s
[2.105s]   2150K .......... .......... .......... .......... .......... 14%  521M 0s
[2.105s]   2200K .......... .......... .......... .......... .......... 14%  539M 0s
[2.105s]   2250K .......... .......... .......... .......... .......... 14%  516M 0s
[2.110s]   2300K .......... .......... .......... .......... .......... 15% 9.88M 0s
[2.110s]   2350K .......... .......... .......... .......... .......... 15%  398M 0s
[2.110s]   2400K .......... .......... .......... .......... .......... 15%  538M 0s
[2.110s]   2450K .......... .......... .......... .......... .......... 15%  493M 0s
[2.110s]   2500K .......... .......... .......... .......... .......... 16%  550M 0s
[2.114s]   2550K .......... .......... .......... .......... .......... 16% 15.4M 0s
[2.114s]   2600K .......... .......... .......... .......... .......... 16%  152M 0s
[2.114s]   2650K .......... .......... .......... .......... .......... 17%  110M 0s
[2.115s]   2700K .......... .......... .......... .......... .......... 17% 70.1M 0s
[2.115s]   2750K .......... .......... .......... .......... .......... 17%  203M 0s
[2.115s]   2800K .......... .......... .......... .......... .......... 18%  329M 0s
[2.116s]   2850K .......... .......... .......... .......... .......... 18%  524M 0s
[2.116s]   2900K .......... .......... .......... .......... .......... 18%  531M 0s
[2.116s]   2950K .......... .......... .......... .......... .......... 19%  553M 0s
[2.116s]   3000K .......... .......... .......... .......... .......... 19%  526M 0s
[2.116s]   3050K .......... .......... .......... .......... .......... 19%  528M 0s
[2.116s]   3100K .......... .......... .......... .......... .......... 20%  526M 0s
[2.116s]   3150K .......... .......... .......... .......... .......... 20%  424M 0s
[2.116s]   3200K .......... .......... .......... .......... .......... 20%  488M 0s
[2.116s]   3250K .......... .......... .......... .......... .......... 21%  508M 0s
[2.117s]   3300K .......... .......... .......... .......... .......... 21%  152M 0s
[2.117s]   3350K .......... .......... .......... .......... .......... 21%  105M 0s
[2.118s]   3400K .......... .......... .......... .......... .......... 22% 73.2M 0s
[2.118s]   3450K .......... .......... .......... .......... .......... 22% 75.7M 0s
[2.119s]   3500K .......... .......... .......... .......... .......... 22% 82.8M 0s
[2.120s]   3550K .......... .......... .......... .......... .......... 23% 67.5M 0s
[2.120s]   3600K .......... .......... .......... .......... .......... 23%  105M 0s
[2.121s]   3650K .......... .......... .......... .......... .......... 23% 82.8M 0s
[2.121s]   3700K .......... .......... .......... .......... .......... 23% 78.0M 0s
[2.128s]   3750K .......... .......... .......... .......... .......... 24% 7.13M 0s
[2.128s]   3800K .......... .......... .......... .......... .......... 24%  396M 0s
[2.129s]   3850K .......... .......... .......... .......... .......... 24%  549M 0s
[2.129s]   3900K .......... .......... .......... .......... .......... 25%  507M 0s
[2.129s]   3950K .......... .......... .......... .......... .......... 25%  479M 0s
[2.129s]   4000K .......... .......... .......... .......... .......... 25%  555M 0s
[2.129s]   4050K .......... .......... .......... .......... .......... 26%  417M 0s
[2.129s]   4100K .......... .......... .......... .......... .......... 26%  521M 0s
[2.129s]   4150K .......... .......... .......... .......... .......... 26%  592M 0s
[2.129s]   4200K .......... .......... .......... .......... .......... 27%  579M 0s
[2.129s]   4250K .......... .......... .......... .......... .......... 27%  520M 0s
[2.129s]   4300K .......... .......... .......... .......... .......... 27%  396M 0s
[2.137s]   4350K .......... .......... .......... .......... .......... 28% 6.24M 0s
[2.137s]   4400K .......... .......... .......... .......... .......... 28%  493M 0s
[2.137s]   4450K .......... .......... .......... .......... .......... 28%  411M 0s
[2.138s]   4500K .......... .......... .......... .......... .......... 29%  518M 0s
[2.138s]   4550K .......... .......... .......... .......... .......... 29%  512M 0s
[2.138s]   4600K .......... .......... .......... .......... .......... 29%  517M 0s
[2.138s]   4650K .......... .......... .......... .......... .......... 30%  562M 0s
[2.138s]   4700K .......... .......... .......... .......... .......... 30%  511M 0s
[2.138s]   4750K .......... .......... .......... .......... .......... 30%  510M 0s
[2.138s]   4800K .......... .......... .......... .......... .......... 31%  531M 0s
[2.138s]   4850K .......... .......... .......... .......... .......... 31%  426M 0s
[2.139s]   4900K .......... .......... .......... .......... .......... 31%  102M 0s
[2.139s]   4950K .......... .......... .......... .......... .......... 31% 70.1M 0s
[2.140s]   5000K .......... .......... .......... .......... .......... 32%  105M 0s
[2.142s]   5050K .......... .......... .......... .......... .......... 32% 26.3M 0s
[2.142s]   5100K .......... .......... .......... .......... .......... 32% 72.4M 0s
[2.143s]   5150K .......... .......... .......... .......... .......... 33% 94.6M 0s
[2.144s]   5200K .......... .......... .......... .......... .......... 33% 93.6M 0s
[2.144s]   5250K .......... .......... .......... .......... .......... 33% 59.5M 0s
[2.146s]   5300K .......... .......... .......... .......... .......... 34% 38.2M 0s
[2.147s]   5350K .......... .......... .......... .......... .......... 34% 29.2M 0s
[2.148s]   5400K .......... .......... .......... .......... .......... 34% 64.0M 0s
[2.148s]   5450K .......... .......... .......... .......... .......... 35% 91.6M 0s
[2.149s]   5500K .......... .......... .......... .......... .......... 35% 93.2M 0s
[2.150s]   5550K .......... .......... .......... .......... .......... 35% 80.6M 0s
[2.151s]   5600K .......... .......... .......... .......... .......... 36% 35.3M 0s
[2.152s]   5650K .......... .......... .......... .......... .......... 36% 32.8M 0s
[2.153s]   5700K .......... .......... .......... .......... .......... 36% 48.9M 0s
[2.154s]   5750K .......... .......... .......... .......... .......... 37%  115M 0s
[2.155s]   5800K .......... .......... .......... .......... .......... 37% 47.7M 0s
[2.155s]   5850K .......... .......... .......... .......... .......... 37%  103M 0s
[2.156s]   5900K .......... .......... .......... .......... .......... 38% 44.3M 0s
[2.157s]   5950K .......... .......... .......... .......... .......... 38%  106M 0s
[2.159s]   6000K .......... .......... .......... .......... .......... 38% 33.4M 0s
[2.159s]   6050K .......... .......... .......... .......... .......... 39% 46.1M 0s
[2.161s]   6100K .......... .......... .......... .......... .......... 39% 44.2M 0s
[2.161s]   6150K .......... .......... .......... .......... .......... 39% 94.4M 0s
[2.162s]   6200K .......... .......... .......... .......... .......... 39%  119M 0s
[2.163s]   6250K .......... .......... .......... .......... .......... 40% 39.9M 0s
[2.164s]   6300K .......... .......... .......... .......... .......... 40% 37.0M 0s
[2.165s]   6350K .......... .......... .......... .......... .......... 40% 42.1M 0s
[2.166s]   6400K .......... .......... .......... .......... .......... 41%  103M 0s
[2.167s]   6450K .......... .......... .......... .......... .......... 41% 55.4M 0s
[2.167s]   6500K .......... .......... .......... .......... .......... 41% 62.0M 0s
[2.168s]   6550K .......... .......... .......... .......... .......... 42% 45.9M 0s
[2.170s]   6600K .......... .......... .......... .......... .......... 42% 32.4M 0s
[2.170s]   6650K .......... .......... .......... .......... .......... 42%  117M 0s
[2.171s]   6700K .......... .......... .......... .......... .......... 43% 56.6M 0s
[2.172s]   6750K .......... .......... .......... .......... .......... 43% 56.6M 0s
[2.173s]   6800K .......... .......... .......... .......... .......... 43% 60.6M 0s
[2.174s]   6850K .......... .......... .......... .......... .......... 44% 45.7M 0s
[2.174s]   6900K .......... .......... .......... .......... .......... 44%  115M 0s
[2.176s]   6950K .......... .......... .......... .......... .......... 44% 34.9M 0s
[2.177s]   7000K .......... .......... .......... .......... .......... 45% 46.8M 0s
[2.178s]   7050K .......... .......... .......... .......... .......... 45% 66.3M 0s
[2.178s]   7100K .......... .......... .......... .......... .......... 45%  102M 0s
[2.179s]   7150K .......... .......... .......... .......... .......... 46% 57.2M 0s
[2.180s]   7200K .......... .......... .......... .......... .......... 46% 53.2M 0s
[2.181s]   7250K .......... .......... .......... .......... .......... 46% 34.3M 0s
[2.183s]   7300K .......... .......... .......... .......... .......... 47% 33.6M 0s
[2.183s]   7350K .......... .......... .......... .......... .......... 47%  114M 0s
[2.184s]   7400K .......... .......... .......... .......... .......... 47% 94.1M 0s
[2.185s]   7450K .......... .......... .......... .......... .......... 47% 54.2M 0s
[2.186s]   7500K .......... .......... .......... .......... .......... 48% 45.2M 0s
[2.186s]   7550K .......... .......... .......... .......... .......... 48%  104M 0s
[2.187s]   7600K .......... .......... .......... .......... .......... 48% 41.3M 0s
[2.189s]   7650K .......... .......... .......... .......... .......... 49% 32.4M 0s
[2.190s]   7700K .......... .......... .......... .......... .......... 49% 69.0M 0s
[2.190s]   7750K .......... .......... .......... .......... .......... 49% 66.6M 0s
[2.191s]   7800K .......... .......... .......... .......... .......... 50% 52.5M 0s
[2.192s]   7850K .......... .......... .......... .......... .......... 50%  103M 0s
[2.193s]   7900K .......... .......... .......... .......... .......... 50% 40.0M 0s
[2.194s]   7950K .......... .......... .......... .......... .......... 51% 36.2M 0s
[2.195s]   8000K .......... .......... .......... .......... .......... 51% 60.3M 0s
[2.196s]   8050K .......... .......... .......... .......... .......... 51% 43.8M 0s
[2.197s]   8100K .......... .......... .......... .......... .......... 52%  104M 0s
[2.197s]   8150K .......... .......... .......... .......... .......... 52% 70.4M 0s
[2.198s]   8200K .......... .......... .......... .......... .......... 52% 45.1M 0s
[2.200s]   8250K .......... .......... .......... .......... .......... 53% 36.8M 0s
[2.200s]   8300K .......... .......... .......... .......... .......... 53%  119M 0s
[2.201s]   8350K .......... .......... .......... .......... .......... 53% 61.4M 0s
[2.202s]   8400K .......... .......... .......... .......... .......... 54% 52.0M 0s
[2.203s]   8450K .......... .......... .......... .......... .......... 54% 42.3M 0s
[2.204s]   8500K .......... .......... .......... .......... .......... 54% 54.8M 0s
[2.204s]   8550K .......... .......... .......... .......... .......... 55%  106M 0s
[2.206s]   8600K .......... .......... .......... .......... .......... 55% 37.0M 0s
[2.206s]   8650K .......... .......... .......... .......... .......... 55% 61.5M 0s
[2.208s]   8700K .......... .......... .......... .......... .......... 55% 46.9M 0s
[2.208s]   8750K .......... .......... .......... .......... .......... 56%  119M 0s
[2.209s]   8800K .......... .......... .......... .......... .......... 56% 57.7M 0s
[2.210s]   8850K .......... .......... .......... .......... .......... 56% 43.2M 0s
[2.212s]   8900K .......... .......... .......... .......... .......... 57% 29.8M 0s
[2.212s]   8950K .......... .......... .......... .......... .......... 57% 95.0M 0s
[2.213s]   9000K .......... .......... .......... .......... .......... 57%  105M 0s
[2.213s]   9050K .......... .......... .......... .......... .......... 58% 51.0M 0s
[2.214s]   9100K .......... .......... .......... .......... .......... 58% 60.5M 0s
[2.215s]   9150K .......... .......... .......... .......... .......... 58% 41.0M 0s
[2.217s]   9200K .......... .......... .......... .......... .......... 59%  106M 0s
[2.217s]   9250K .......... .......... .......... .......... .......... 59% 32.7M 0s
[2.218s]   9300K .......... .......... .......... .......... .......... 59% 69.3M 0s
[2.219s]   9350K .......... .......... .......... .......... .......... 60% 50.9M 0s
[2.220s]   9400K .......... .......... .......... .......... .......... 60% 60.1M 0s
[2.220s]   9450K .......... .......... .......... .......... .......... 60%  116M 0s
[2.221s]   9500K .......... .......... .......... .......... .......... 61% 42.3M 0s
[2.223s]   9550K .......... .......... .......... .......... .......... 61% 36.8M 0s
[2.224s]   9600K .......... .......... .......... .......... .......... 61% 58.3M 0s
[2.225s]   9650K .......... .......... .......... .......... .......... 62% 51.1M 0s
[2.225s]   9700K .......... .......... .......... .......... .......... 62%  119M 0s
[2.226s]   9750K .......... .......... .......... .......... .......... 62% 47.5M 0s
[2.227s]   9800K .......... .......... .......... .......... .......... 63% 45.2M 0s
[2.229s]   9850K .......... .......... .......... .......... .......... 63% 34.3M 0s
[2.229s]   9900K .......... .......... .......... .......... .......... 63%  118M 0s
[2.230s]   9950K .......... .......... .......... .......... .......... 63% 61.4M 0s
[2.231s]  10000K .......... .......... .......... .......... .......... 64% 53.1M 0s
[2.231s]  10050K .......... .......... .......... .......... .......... 64% 57.3M 0s
[2.233s]  10100K .......... .......... .......... .......... .......... 64% 42.7M 0s
[2.234s]  10150K .......... .......... .......... .......... .......... 65% 33.6M 0s
[2.235s]  10200K .......... .......... .......... .......... .......... 65%  118M 0s
[2.235s]  10250K .......... .......... .......... .......... .......... 65% 72.5M 0s
[2.236s]  10300K .......... .......... .......... .......... .......... 66% 48.9M 0s
[2.237s]  10350K .......... .......... .......... .......... .......... 66% 81.7M 0s
[2.238s]  10400K .......... .......... .......... .......... .......... 66%  106M 0s
[2.239s]  10450K .......... .......... .......... .......... .......... 67% 33.7M 0s
[2.240s]  10500K .......... .......... .......... .......... .......... 67% 36.5M 0s
[2.241s]  10550K .......... .......... .......... .......... .......... 67% 68.8M 0s
[2.242s]  10600K .......... .......... .......... .......... .......... 68% 54.2M 0s
[2.242s]  10650K .......... .......... .......... .......... .......... 68%  116M 0s
[2.243s]  10700K .......... .......... .......... .......... .......... 68% 80.2M 0s
[2.244s]  10750K .......... .......... .......... .......... .......... 69% 31.6M 0s
[2.245s]  10800K .......... .......... .......... .......... .......... 69% 47.5M 0s
[2.246s]  10850K .......... .......... .......... .......... .......... 69% 43.9M 0s
[2.247s]  10900K .......... .......... .......... .......... .......... 70%  105M 0s
[2.248s]  10950K .......... .......... .......... .......... .......... 70% 55.6M 0s
[2.248s]  11000K .......... .......... .......... .......... .......... 70%  105M 0s
[2.250s]  11050K .......... .......... .......... .......... .......... 71% 29.2M 0s
[2.250s]  11100K .......... .......... .......... .......... .......... 71%  118M 0s
[2.251s]  11150K .......... .......... .......... .......... .......... 71% 53.0M 0s
[2.253s]  11200K .......... .......... .......... .......... .......... 71% 41.3M 0s
[2.253s]  11250K .......... .......... .......... .......... .......... 72% 60.1M 0s
[2.254s]  11300K .......... .......... .......... .......... .......... 72% 92.9M 0s
[2.254s]  11350K .......... .......... .......... .......... .......... 72%  105M 0s
[2.256s]  11400K .......... .......... .......... .......... .......... 73% 27.7M 0s
[2.257s]  11450K .......... .......... .......... .......... .......... 73% 63.2M 0s
[2.258s]  11500K .......... .......... .......... .......... .......... 73% 32.5M 0s
[2.259s]  11550K .......... .......... .......... .......... .......... 74%  106M 0s
[2.259s]  11600K .......... .......... .......... .......... .......... 74%  105M 0s
[2.260s]  11650K .......... .......... .......... .......... .......... 74% 44.7M 0s
[2.261s]  11700K .......... .......... .......... .......... .......... 75% 42.3M 0s
[2.262s]  11750K .......... .......... .......... .......... .......... 75% 44.8M 0s
[2.263s]  11800K .......... .......... .......... .......... .......... 75%  116M 0s
[2.264s]  11850K .......... .......... .......... .......... .......... 76% 36.7M 0s
[2.265s]  11900K .......... .......... .......... .......... .......... 76%  105M 0s
[2.266s]  11950K .......... .......... .......... .......... .......... 76% 49.0M 0s
[2.267s]  12000K .......... .......... .......... .......... .......... 77%  115M 0s
[2.267s]  12050K .......... .......... .......... .......... .......... 77% 38.0M 0s
[2.269s]  12100K .......... .......... .......... .......... .......... 77% 39.9M 0s
[2.270s]  12150K .......... .......... .......... .......... .......... 78% 45.6M 0s
[2.270s]  12200K .......... .......... .......... .......... .......... 78% 94.4M 0s
[2.271s]  12250K .......... .......... .......... .......... .......... 78% 43.0M 0s
[2.272s]  12300K .......... .......... .......... .......... .......... 79%  105M 0s
[2.273s]  12350K .......... .......... .......... .......... .......... 79% 59.4M 0s
[2.274s]  12400K .......... .......... .......... .......... .......... 79% 38.9M 0s
[2.275s]  12450K .......... .......... .......... .......... .......... 79% 42.3M 0s
[2.276s]  12500K .......... .......... .......... .......... .......... 80% 78.2M 0s
[2.276s]  12550K .......... .......... .......... .......... .......... 80%  118M 0s
[2.277s]  12600K .......... .......... .......... .......... .......... 80% 38.9M 0s
[2.278s]  12650K .......... .......... .......... .......... .......... 81% 51.4M 0s
[2.279s]  12700K .......... .......... .......... .......... .......... 81% 47.3M 0s
[2.280s]  12750K .......... .......... .......... .......... .......... 81%  105M 0s
[2.281s]  12800K .......... .......... .......... .......... .......... 82% 46.9M 0s
[2.282s]  12850K .......... .......... .......... .......... .......... 82% 44.1M 0s
[2.283s]  12900K .......... .......... .......... .......... .......... 82% 63.6M 0s
[2.284s]  12950K .......... .......... .......... .......... .......... 83% 47.4M 0s
[2.284s]  13000K .......... .......... .......... .......... .......... 83%  105M 0s
[2.285s]  13050K .......... .......... .......... .......... .......... 83% 49.7M 0s
[2.286s]  13100K .......... .......... .......... .......... .......... 84% 46.0M 0s
[2.287s]  13150K .......... .......... .......... .......... .......... 84% 44.1M 0s
[2.288s]  13200K .......... .......... .......... .......... .......... 84%  117M 0s
[2.289s]  13250K .......... .......... .......... .......... .......... 85% 61.2M 0s
[2.290s]  13300K .......... .......... .......... .......... .......... 85% 43.9M 0s
[2.291s]  13350K .......... .......... .......... .......... .......... 85% 53.5M 0s
[2.292s]  13400K .......... .......... .......... .......... .......... 86% 38.5M 0s
[2.292s]  13450K .......... .......... .......... .......... .......... 86%  106M 0s
[2.293s]  13500K .......... .......... .......... .......... .......... 86% 54.9M 0s
[2.294s]  13550K .......... .......... .......... .......... .......... 87% 64.5M 0s
[2.295s]  13600K .......... .......... .......... .......... .......... 87% 52.2M 0s
[2.296s]  13650K .......... .......... .......... .......... .......... 87% 36.1M 0s
[2.297s]  13700K .......... .......... .......... .......... .......... 87%  104M 0s
[2.298s]  13750K .......... .......... .......... .......... .......... 88% 41.3M 0s
[2.299s]  13800K .......... .......... .......... .......... .......... 88% 46.8M 0s
[2.299s]  13850K .......... .......... .......... .......... .......... 88%  101M 0s
[2.300s]  13900K .......... .......... .......... .......... .......... 89%  106M 0s
[2.301s]  13950K .......... .......... .......... .......... .......... 89% 36.0M 0s
[2.302s]  14000K .......... .......... .......... .......... .......... 89% 59.2M 0s
[2.303s]  14050K .......... .......... .......... .......... .......... 90% 40.5M 0s
[2.304s]  14100K .......... .......... .......... .......... .......... 90% 39.3M 0s
[2.305s]  14150K .......... .......... .......... .......... .......... 90%  103M 0s
[2.305s]  14200K .......... .......... .......... .......... .......... 91%  117M 0s
[2.307s]  14250K .......... .......... .......... .......... .......... 91% 30.9M 0s
[2.308s]  14300K .......... .......... .......... .......... .......... 91% 82.7M 0s
[2.308s]  14350K .......... .......... .......... .......... .......... 92%  116M 0s
[2.309s]  14400K .......... .......... .......... .......... .......... 92% 50.1M 0s
[2.311s]  14450K .......... .......... .......... .......... .......... 92% 25.1M 0s
[2.311s]  14500K .......... .......... .......... .......... .......... 93% 92.9M 0s
[2.313s]  14550K .......... .......... .......... .......... .......... 93% 45.6M 0s
[2.313s]  14600K .......... .......... .......... .......... .......... 93%  105M 0s
[2.313s]  14650K .......... .......... .......... .......... .......... 94%  105M 0s
[2.315s]  14700K .......... .......... .......... .......... .......... 94% 41.3M 0s
[2.316s]  14750K .......... .......... .......... .......... .......... 94% 34.0M 0s
[2.317s]  14800K .......... .......... .......... .......... .......... 95% 57.1M 0s
[2.318s]  14850K .......... .......... .......... .......... .......... 95% 54.1M 0s
[2.318s]  14900K .......... .......... .......... .......... .......... 95%  104M 0s
[2.319s]  14950K .......... .......... .......... .......... .......... 95% 84.7M 0s
[2.320s]  15000K .......... .......... .......... .......... .......... 96% 33.1M 0s
[2.321s]  15050K .......... .......... .......... .......... .......... 96% 45.6M 0s
[2.322s]  15100K .......... .......... .......... .......... .......... 96%  106M 0s
[2.323s]  15150K .......... .......... .......... .......... .......... 97% 59.5M 0s
[2.324s]  15200K .......... .......... .......... .......... .......... 97% 45.4M 0s
[2.324s]  15250K .......... .......... .......... .......... .......... 97% 84.3M 0s
[2.326s]  15300K .......... .......... .......... .......... .......... 98% 31.0M 0s
[2.326s]  15350K .......... .......... .......... .......... .......... 98%  117M 0s
[2.327s]  15400K .......... .......... .......... .......... .......... 98% 56.3M 0s
[2.328s]  15450K .......... .......... .......... .......... .......... 99% 60.3M 0s
[2.329s]  15500K .......... .......... .......... .......... .......... 99% 39.9M 0s
[2.330s]  15550K .......... .......... .......... .......... .......... 99%  116M 0s
[2.330s]  15600K .......... .......... .....                           100%  116M=0.3s
[2.330s] 
[2.330s] 2026-02-12 16:26:38 (56.8 MB/s) - ‘/home/aisl/Documents/multi_robot_slam_ws/build/multirobot_map_merge/2011-08-09-12-22-52.pgm’ saved [16000058/16000058]
[2.330s] 
[2.331s] Checking MD5 sum of /home/aisl/Documents/multi_robot_slam_ws/build/multirobot_map_merge/2011-08-09-12-22-52.pgm
[2.350s] /home/aisl/Documents/multi_robot_slam_ws/build/multirobot_map_merge/2011-08-09-12-22-52.pgm: OK
[2.354s] --2026-02-12 16:26:38--  https://raw.githubusercontent.com/hrnr/m-explore-extra/master/map_merge/gmapping_maps/2012-01-28-11-12-01.pgm
[2.376s] Resolving raw.githubusercontent.com (raw.githubusercontent.com)... 185.199.110.133, 185.199.108.133, 185.199.109.133, ...
[2.382s] Connecting to raw.githubusercontent.com (raw.githubusercontent.com)|185.199.110.133|:443... connected.
[2.584s] HTTP request sent, awaiting response... 200 OK
[2.584s] Length: 16000058 (15M) [application/octet-stream]
[2.584s] Saving to: ‘/home/aisl/Documents/multi_robot_slam_ws/build/multirobot_map_merge/2012-01-28-11-12-01.pgm’
[2.585s] 
[2.591s]      0K .......... .......... .......... .......... ..........  0% 7.46M 2s
[2.592s]     50K .......... .......... .......... .......... ..........  0% 29.6M 1s
[2.596s]    100K .......... .......... .......... .......... ..........  0% 15.4M 1s
[2.597s]    150K .......... .......... .......... .......... ..........  1% 40.4M 1s
[2.598s]    200K .......... .......... .......... .......... ..........  1% 34.6M 1s
[2.601s]    250K .......... .......... .......... .......... ..........  1% 17.5M 1s
[2.601s]    300K .......... .......... .......... .......... ..........  2%  118M 1s
[2.602s]    350K .......... .......... .......... .......... ..........  2% 48.9M 1s
[2.603s]    400K .......... .......... .......... .......... ..........  2% 54.8M 1s
[2.604s]    450K .......... .......... .......... .......... ..........  3% 65.5M 1s
[2.604s]    500K .......... .......... .......... .......... ..........  3%  102M 1s
[2.605s]    550K .......... .......... .......... .......... ..........  3%  103M 1s
[2.607s]    600K .......... .......... .......... .......... ..........  4% 27.1M 1s
[2.607s]    650K .......... .......... .......... .......... ..........  4%  118M 0s
[2.608s]    700K .......... .......... .......... .......... ..........  4% 59.1M 0s
[2.609s]    750K .......... .......... .......... .......... ..........  5%  104M 0s
[2.609s]    800K .......... .......... .......... .......... ..........  5% 83.9M 0s
[2.610s]    850K .......... .......... .......... .......... ..........  5% 86.9M 0s
[2.610s]    900K .......... .......... .......... .......... ..........  6%  119M 0s
[2.611s]    950K .......... .......... .......... .......... ..........  6% 80.8M 0s
[2.619s]   1000K .......... .......... .......... .......... ..........  6% 5.75M 0s
[2.619s]   1050K .......... .......... .......... .......... ..........  7%  375M 0s
[2.619s]   1100K .......... .......... .......... .......... ..........  7%  251M 0s
[2.620s]   1150K .......... .......... .......... .......... ..........  7%  476M 0s
[2.620s]   1200K .......... .......... .......... .......... ..........  7% 60.7M 0s
[2.620s]   1250K .......... .......... .......... .......... ..........  8%  478M 0s
[2.620s]   1300K .......... .......... .......... .......... ..........  8%  460M 0s
[2.621s]   1350K .......... .......... .......... .......... ..........  8%  516M 0s
[2.621s]   1400K .......... .......... .......... .......... ..........  9%  505M 0s
[2.622s]   1450K .......... .......... .......... .......... ..........  9% 37.1M 0s
[2.622s]   1500K .......... .......... .......... .......... ..........  9%  469M 0s
[2.622s]   1550K .......... .......... .......... .......... .......... 10%  491M 0s
[2.623s]   1600K .......... .......... .......... .......... .......... 10% 45.2M 0s
[2.623s]   1650K .......... .......... .......... .......... .......... 10%  240M 0s
[2.624s]   1700K .......... .......... .......... .......... .......... 11%  541M 0s
[2.624s]   1750K .......... .......... .......... .......... .......... 11% 75.6M 0s
[2.625s]   1800K .......... .......... .......... .......... .......... 11% 85.2M 0s
[2.625s]   1850K .......... .......... .......... .......... .......... 12%  206M 0s
[2.626s]   1900K .......... .......... .......... .......... .......... 12% 79.0M 0s
[2.626s]   1950K .......... .......... .......... .......... .......... 12%  473M 0s
[2.627s]   2000K .......... .......... .......... .......... .......... 13% 63.7M 0s
[2.627s]   2050K .......... .......... .......... .......... .......... 13%  399M 0s
[2.627s]   2100K .......... .......... .......... .......... .......... 13%  480M 0s
[2.627s]   2150K .......... .......... .......... .......... .......... 14%  502M 0s
[2.627s]   2200K .......... .......... .......... .......... .......... 14%  480M 0s
[2.627s]   2250K .......... .......... .......... .......... .......... 14%  488M 0s
[2.627s]   2300K .......... .......... .......... .......... .......... 15%  474M 0s
[2.627s]   2350K .......... .......... .......... .......... .......... 15%  488M 0s
[2.627s]   2400K .......... .......... .......... .......... .......... 15%  381M 0s
[2.627s]   2450K .......... .......... .......... .......... .......... 15%  458M 0s
[2.628s]   2500K .......... .......... .......... .......... .......... 16%  465M 0s
[2.628s]   2550K .......... .......... .......... .......... .......... 16%  489M 0s
[2.628s]   2600K .......... .......... .......... .......... .......... 16%  495M 0s
[2.628s]   2650K .......... .......... .......... .......... .......... 17%  492M 0s
[2.628s]   2700K .......... .......... .......... .......... .......... 17%  131M 0s
[2.636s]   2750K .......... .......... .......... .......... .......... 17% 6.44M 0s
[2.636s]   2800K .......... .......... .......... .......... .......... 18%  109M 0s
[2.636s]   2850K .......... .......... .......... .......... .......... 18%  494M 0s
[2.638s]   2900K .......... .......... .......... .......... .......... 18% 42.1M 0s
[2.638s]   2950K .......... .......... .......... .......... .......... 19%  203M 0s
[2.638s]   3000K .......... .......... .......... .......... .......... 19%  465M 0s
[2.638s]   3050K .......... .......... .......... .......... .......... 19%  473M 0s
[2.638s]   3100K .......... .......... .......... .......... .......... 20%  505M 0s
[2.638s]   3150K .......... .......... .......... .......... .......... 20%  531M 0s
[2.638s]   3200K .......... .......... .......... .......... .......... 20%  432M 0s
[2.638s]   3250K .......... .......... .......... .......... .......... 21%  546M 0s
[2.638s]   3300K .......... .......... .......... .......... .......... 21%  458M 0s
[2.639s]   3350K .......... .......... .......... .......... .......... 21%  487M 0s
[2.639s]   3400K .......... .......... .......... .......... .......... 22%  488M 0s
[2.639s]   3450K .......... .......... .......... .......... .......... 22%  513M 0s
[2.639s]   3500K .......... .......... .......... .......... .......... 22%  486M 0s
[2.639s]   3550K .......... .......... .......... .......... .......... 23%  474M 0s
[2.639s]   3600K .......... .......... .......... .......... .......... 23%  399M 0s
[2.639s]   3650K .......... .......... .......... .......... .......... 23%  483M 0s
[2.639s]   3700K .......... .......... .......... .......... .......... 23%  485M 0s
[2.640s]   3750K .......... .......... .......... .......... .......... 24%  124M 0s
[2.640s]   3800K .......... .......... .......... .......... .......... 24% 79.1M 0s
[2.641s]   3850K .......... .......... .......... .......... .......... 24% 93.6M 0s
[2.641s]   3900K .......... .......... .......... .......... .......... 25% 69.1M 0s
[2.642s]   3950K .......... .......... .......... .......... .......... 25%  117M 0s
[2.642s]   4000K .......... .......... .......... .......... .......... 25% 90.5M 0s
[2.643s]   4050K .......... .......... .......... .......... .......... 26% 77.5M 0s
[2.644s]   4100K .......... .......... .......... .......... .......... 26%  104M 0s
[2.645s]   4150K .......... .......... .......... .......... .......... 26% 48.9M 0s
[2.645s]   4200K .......... .......... .......... .......... .......... 27% 88.1M 0s
[2.646s]   4250K .......... .......... .......... .......... .......... 27% 55.7M 0s
[2.647s]   4300K .......... .......... .......... .......... .......... 27% 85.8M 0s
[2.647s]   4350K .......... .......... .......... .......... .......... 28% 91.7M 0s
[2.648s]   4400K .......... .......... .......... .......... .......... 28% 69.5M 0s
[2.648s]   4450K .......... .......... .......... .......... .......... 28%  117M 0s
[2.649s]   4500K .......... .......... .......... .......... .......... 29% 83.2M 0s
[2.649s]   4550K .......... .......... .......... .......... .......... 29% 82.3M 0s
[2.650s]   4600K .......... .......... .......... .......... .......... 29%  118M 0s
[2.651s]   4650K .......... .......... .......... .......... .......... 30% 68.7M 0s
[2.651s]   4700K .......... .......... .......... .......... .......... 30% 70.9M 0s
[2.652s]   4750K .......... .......... .......... .......... .......... 30% 57.3M 0s
[2.652s]   4800K .......... .......... .......... .......... .......... 31%  115M 0s
[2.653s]   4850K .......... .......... .......... .......... .......... 31% 94.0M 0s
[2.654s]   4900K .......... .......... .......... .......... .......... 31% 80.2M 0s
[2.654s]   4950K .......... .......... .......... .......... .......... 31% 73.3M 0s
[2.655s]   5000K .......... .......... .......... .......... .......... 32% 94.1M 0s
[2.655s]   5050K .......... .......... .......... .......... .......... 32%  101M 0s
[2.656s]   5100K .......... .......... .......... .......... .......... 32% 67.2M 0s
[2.657s]   5150K .......... .......... .......... .......... .......... 33% 86.6M 0s
[2.657s]   5200K .......... .......... .......... .......... .......... 33% 79.0M 0s
[2.658s]   5250K .......... .......... .......... .......... .......... 33%  104M 0s
[2.658s]   5300K .......... .......... .......... .......... .......... 34% 78.7M 0s
[2.659s]   5350K .......... .......... .......... .......... .......... 34%  103M 0s
[2.659s]   5400K .......... .......... .......... .......... .......... 34% 76.4M 0s
[2.660s]   5450K .......... .......... .......... .......... .......... 35%  117M 0s
[2.661s]   5500K .......... .......... .......... .......... .......... 35% 62.6M 0s
[2.661s]   5550K .......... .......... .......... .......... .......... 35% 61.6M 0s
[2.662s]   5600K .......... .......... .......... .......... .......... 36% 94.3M 0s
[2.663s]   5650K .......... .......... .......... .......... .......... 36% 68.6M 0s
[2.663s]   5700K .......... .......... .......... .......... .......... 36%  117M 0s
[2.664s]   5750K .......... .......... .......... .......... .......... 37% 85.4M 0s
[2.664s]   5800K .......... .......... .......... .......... .......... 37%  104M 0s
[2.665s]   5850K .......... .......... .......... .......... .......... 37% 70.4M 0s
[2.665s]   5900K .......... .......... .......... .......... .......... 38% 77.7M 0s
[2.666s]   5950K .......... .......... .......... .......... .......... 38% 85.4M 0s
[2.666s]   6000K .......... .......... .......... .......... .......... 38%  116M 0s
[2.667s]   6050K .......... .......... .......... .......... .......... 39% 46.6M 0s
[2.668s]   6100K .......... .......... .......... .......... .......... 39% 86.0M 0s
[2.669s]   6150K .......... .......... .......... .......... .......... 39% 91.8M 0s
[2.669s]   6200K .......... .......... .......... .......... .......... 39%  117M 0s
[2.670s]   6250K .......... .......... .......... .......... .......... 40% 42.9M 0s
[2.671s]   6300K .......... .......... .......... .......... .......... 40% 93.7M 0s
[2.671s]   6350K .......... .......... .......... .......... .......... 40% 83.5M 0s
[2.672s]   6400K .......... .......... .......... .......... .......... 41% 39.7M 0s
[2.673s]   6450K .......... .......... .......... .......... .......... 41%  116M 0s
[2.673s]   6500K .......... .......... .......... .......... .......... 41%  106M 0s
[2.674s]   6550K .......... .......... .......... .......... .......... 42% 73.0M 0s
[2.674s]   6600K .......... .......... .......... .......... .......... 42%  117M 0s
[2.675s]   6650K .......... .......... .......... .......... .......... 42% 82.1M 0s
[2.676s]   6700K .......... .......... .......... .......... .......... 43% 66.1M 0s
[2.676s]   6750K .......... .......... .......... .......... .......... 43% 77.0M 0s
[2.677s]   6800K .......... .......... .......... .......... .......... 43%  103M 0s
[2.678s]   6850K .......... .......... .......... .......... .......... 44% 46.8M 0s
[2.678s]   6900K .......... .......... .......... .......... .......... 44%  118M 0s
[2.679s]   6950K .......... .......... .......... .......... .......... 44% 47.8M 0s
[2.680s]   7000K .......... .......... .......... .......... .......... 45% 92.5M 0s
[2.680s]   7050K .......... .......... .......... .......... .......... 45% 90.5M 0s
[2.681s]   7100K .......... .......... .......... .......... .......... 45% 61.1M 0s
[2.682s]   7150K .......... .......... .......... .......... .......... 46%  118M 0s
[2.682s]   7200K .......... .......... .......... .......... .......... 46% 93.7M 0s
[2.683s]   7250K .......... .......... .......... .......... .......... 46% 41.5M 0s
[2.684s]   7300K .......... .......... .......... .......... .......... 47%  118M 0s
[2.684s]   7350K .......... .......... .......... .......... .......... 47% 91.2M 0s
[2.685s]   7400K .......... .......... .......... .......... .......... 47% 84.3M 0s
[2.685s]   7450K .......... .......... .......... .......... .......... 47%  118M 0s
[2.686s]   7500K .......... .......... .......... .......... .......... 48% 69.4M 0s
[2.686s]   7550K .......... .......... .......... .......... .......... 48% 91.1M 0s
[2.687s]   7600K .......... .......... .......... .......... .......... 48% 64.8M 0s
[2.688s]   7650K .......... .......... .......... .......... .......... 49%  118M 0s
[2.688s]   7700K .......... .......... .......... .......... .......... 49% 84.9M 0s
[2.689s]   7750K .......... .......... .......... .......... .......... 49% 51.8M 0s
[2.690s]   7800K .......... .......... .......... .......... .......... 50%  117M 0s
[2.691s]   7850K .......... .......... .......... .......... .......... 50% 29.1M 0s
[2.692s]   7900K .......... .......... .......... .......... .......... 50% 71.1M 0s
[2.692s]   7950K .......... .......... .......... .......... .......... 51% 93.9M 0s
[2.693s]   8000K .......... .......... .......... .......... .......... 51%  104M 0s
[2.693s]   8050K .......... .......... .......... .......... .......... 51%  104M 0s
[2.694s]   8100K .......... .......... .......... .......... .......... 52% 81.0M 0s
[2.694s]   8150K .......... .......... .......... .......... .......... 52%  118M 0s
[2.695s]   8200K .......... .......... .......... .......... .......... 52% 51.6M 0s
[2.696s]   8250K .......... .......... .......... .......... .......... 53%  103M 0s
[2.697s]   8300K .......... .......... .......... .......... .......... 53% 39.9M 0s
[2.698s]   8350K .......... .......... .......... .......... .......... 53%  118M 0s
[2.698s]   8400K .......... .......... .......... .......... .......... 54%  105M 0s
[2.699s]   8450K .......... .......... .......... .......... .......... 54% 69.6M 0s
[2.699s]   8500K .......... .......... .......... .......... .......... 54%  105M 0s
[2.700s]   8550K .......... .......... .......... .......... .......... 55% 99.3M 0s
[2.700s]   8600K .......... .......... .......... .......... .......... 55%  104M 0s
[2.701s]   8650K .......... .......... .......... .......... .......... 55% 54.7M 0s
[2.702s]   8700K .......... .......... .......... .......... .......... 55% 48.1M 0s
[2.702s]   8750K .......... .......... .......... .......... .......... 56%  116M 0s
[2.703s]   8800K .......... .......... .......... .......... .......... 56% 90.9M 0s
[2.704s]   8850K .......... .......... .......... .......... .......... 56% 85.0M 0s
[2.704s]   8900K .......... .......... .......... .......... .......... 57%  118M 0s
[2.705s]   8950K .......... .......... .......... .......... .......... 57% 62.4M 0s
[2.705s]   9000K .......... .......... .......... .......... .......... 57%  117M 0s
[2.706s]   9050K .......... .......... .......... .......... .......... 58% 85.7M 0s
[2.706s]   9100K .......... .......... .......... .......... .......... 58% 78.4M 0s
[2.707s]   9150K .......... .......... .......... .......... .......... 58% 79.9M 0s
[2.708s]   9200K .......... .......... .......... .......... .......... 59% 64.3M 0s
[2.708s]   9250K .......... .......... .......... .......... .......... 59%  104M 0s
[2.709s]   9300K .......... .......... .......... .......... .......... 59% 81.5M 0s
[2.709s]   9350K .......... .......... .......... .......... .......... 60% 79.0M 0s
[2.710s]   9400K .......... .......... .......... .......... .......... 60% 84.4M 0s
[2.710s]   9450K .......... .......... .......... .......... .......... 60%  102M 0s
[2.711s]   9500K .......... .......... .......... .......... .......... 61% 69.7M 0s
[2.712s]   9550K .......... .......... .......... .......... .......... 61% 70.7M 0s
[2.712s]   9600K .......... .......... .......... .......... .......... 61% 94.3M 0s
[2.713s]   9650K .......... .......... .......... .......... .......... 62%  101M 0s
[2.713s]   9700K .......... .......... .......... .......... .......... 62% 93.7M 0s
[2.714s]   9750K .......... .......... .......... .......... .......... 62%  119M 0s
[2.714s]   9800K .......... .......... .......... .......... .......... 63% 78.8M 0s
[2.715s]   9850K .......... .......... .......... .......... .......... 63% 54.2M 0s
[2.716s]   9900K .......... .......... .......... .......... .......... 63% 85.4M 0s
[2.716s]   9950K .......... .......... .......... .......... .......... 63% 92.4M 0s
[2.717s]  10000K .......... .......... .......... .......... .......... 64% 94.5M 0s
[2.718s]  10050K .......... .......... .......... .......... .......... 64% 60.4M 0s
[2.718s]  10100K .......... .......... .......... .......... .......... 64%  105M 0s
[2.719s]  10150K .......... .......... .......... .......... .......... 65%  115M 0s
[2.719s]  10200K .......... .......... .......... .......... .......... 65% 85.4M 0s
[2.720s]  10250K .......... .......... .......... .......... .......... 65% 79.5M 0s
[2.720s]  10300K .......... .......... .......... .......... .......... 66% 85.8M 0s
[2.721s]  10350K .......... .......... .......... .......... .......... 66% 49.2M 0s
[2.722s]  10400K .......... .......... .......... .......... .......... 66%  117M 0s
[2.722s]  10450K .......... .......... .......... .......... .......... 67% 93.7M 0s
[2.723s]  10500K .......... .......... .......... .......... .......... 67% 81.4M 0s
[2.724s]  10550K .......... .......... .......... .......... .......... 67% 60.1M 0s
[2.724s]  10600K .......... .......... .......... .......... .......... 68%  104M 0s
[2.725s]  10650K .......... .......... .......... .......... .......... 68%  105M 0s
[2.725s]  10700K .......... .......... .......... .......... .......... 68% 69.2M 0s
[2.726s]  10750K .......... .......... .......... .......... .......... 69% 84.2M 0s
[2.727s]  10800K .......... .......... .......... .......... .......... 69% 59.4M 0s
[2.727s]  10850K .......... .......... .......... .......... .......... 69%  118M 0s
[2.728s]  10900K .......... .......... .......... .......... .......... 70% 93.8M 0s
[2.728s]  10950K .......... .......... .......... .......... .......... 70% 85.0M 0s
[2.729s]  11000K .......... .......... .......... .......... .......... 70% 72.9M 0s
[2.729s]  11050K .......... .......... .......... .......... .......... 71%  105M 0s
[2.730s]  11100K .......... .......... .......... .......... .......... 71% 60.0M 0s
[2.731s]  11150K .......... .......... .......... .......... .......... 71%  117M 0s
[2.731s]  11200K .......... .......... .......... .......... .......... 71% 66.6M 0s
[2.732s]  11250K .......... .......... .......... .......... .......... 72%  103M 0s
[2.732s]  11300K .......... .......... .......... .......... .......... 72% 70.3M 0s
[2.733s]  11350K .......... .......... .......... .......... .......... 72%  118M 0s
[2.734s]  11400K .......... .......... .......... .......... .......... 73% 69.8M 0s
[2.734s]  11450K .......... .......... .......... .......... .......... 73% 94.3M 0s
[2.735s]  11500K .......... .......... .......... .......... .......... 73% 71.2M 0s
[2.735s]  11550K .......... .......... .......... .......... .......... 74% 93.4M 0s
[2.736s]  11600K .......... .......... .......... .......... .......... 74%  105M 0s
[2.736s]  11650K .......... .......... .......... .......... .......... 74% 73.0M 0s
[2.737s]  11700K .......... .......... .......... .......... .......... 75% 93.3M 0s
[2.738s]  11750K .......... .......... .......... .......... .......... 75% 57.2M 0s
[2.738s]  11800K .......... .......... .......... .......... .......... 75%  119M 0s
[2.739s]  11850K .......... .......... .......... .......... .......... 76% 93.2M 0s
[2.740s]  11900K .......... .......... .......... .......... .......... 76% 59.5M 0s
[2.740s]  11950K .......... .......... .......... .......... .......... 76% 94.2M 0s
[2.741s]  12000K .......... .......... .......... .......... .......... 77%  101M 0s
[2.741s]  12050K .......... .......... .......... .......... .......... 77% 82.5M 0s
[2.742s]  12100K .......... .......... .......... .......... .......... 77% 91.3M 0s
[2.742s]  12150K .......... .......... .......... .......... .......... 78% 94.2M 0s
[2.743s]  12200K .......... .......... .......... .......... .......... 78%  115M 0s
[2.743s]  12250K .......... .......... .......... .......... .......... 78% 85.9M 0s
[2.744s]  12300K .......... .......... .......... .......... .......... 79% 56.1M 0s
[2.745s]  12350K .......... .......... .......... .......... .......... 79% 84.5M 0s
[2.745s]  12400K .......... .......... .......... .......... .......... 79% 63.8M 0s
[2.746s]  12450K .......... .......... .......... .......... .......... 79% 67.3M 0s
[2.747s]  12500K .......... .......... .......... .......... .......... 80% 80.7M 0s
[2.747s]  12550K .......... .......... .......... .......... .......... 80%  105M 0s
[2.748s]  12600K .......... .......... .......... .......... .......... 80%  104M 0s
[2.748s]  12650K .......... .......... .......... .......... .......... 81% 82.6M 0s
[2.749s]  12700K .......... .......... .......... .......... .......... 81% 95.1M 0s
[2.750s]  12750K .......... .......... .......... .......... .......... 81% 64.6M 0s
[2.750s]  12800K .......... .......... .......... .......... .......... 82%  117M 0s
[2.751s]  12850K .......... .......... .......... .......... .......... 82% 94.3M 0s
[2.751s]  12900K .......... .......... .......... .......... .......... 82% 84.4M 0s
[2.752s]  12950K .......... .......... .......... .......... .......... 83% 68.8M 0s
[2.752s]  13000K .......... .......... .......... .......... .......... 83%  119M 0s
[2.753s]  13050K .......... .......... .......... .......... .......... 83% 48.3M 0s
[2.754s]  13100K .......... .......... .......... .......... .......... 84% 71.5M 0s
[2.755s]  13150K .......... .......... .......... .......... .......... 84% 82.9M 0s
[2.755s]  13200K .......... .......... .......... .......... .......... 84%  119M 0s
[2.755s]  13250K .......... .......... .......... .......... .......... 85% 84.8M 0s
[2.756s]  13300K .......... .......... .......... .......... .......... 85%  118M 0s
[2.756s]  13350K .......... .......... .......... .......... .......... 85% 83.0M 0s
[2.757s]  13400K .......... .......... .......... .......... .......... 86% 96.8M 0s
[2.757s]  13450K .......... .......... .......... .......... .......... 86%  105M 0s
[2.758s]  13500K .......... .......... .......... .......... .......... 86% 59.0M 0s
[2.759s]  13550K .......... .......... .......... .......... .......... 87% 55.5M 0s
[2.760s]  13600K .......... .......... .......... .......... .......... 87% 78.4M 0s
[2.760s]  13650K .......... .......... .......... .......... .......... 87%  118M 0s
[2.761s]  13700K .......... .......... .......... .......... .......... 87%  105M 0s
[2.761s]  13750K .......... .......... .......... .......... .......... 88% 83.1M 0s
[2.762s]  13800K .......... .......... .......... .......... .......... 88% 76.8M 0s
[2.763s]  13850K .......... .......... .......... .......... .......... 88% 66.7M 0s
[2.763s]  13900K .......... .......... .......... .......... .......... 89% 78.0M 0s
[2.769s]  13950K .......... .......... .......... .......... .......... 89% 8.45M 0s
[2.769s]  14000K .......... .......... .......... .......... .......... 89%  502M 0s
[2.769s]  14050K .......... .......... .......... .......... .......... 90%  596M 0s
[2.769s]  14100K .......... .......... .......... .......... .......... 90%  622M 0s
[2.769s]  14150K .......... .......... .......... .......... .......... 90%  452M 0s
[2.770s]  14200K .......... .......... .......... .......... .......... 91%  432M 0s
[2.770s]  14250K .......... .......... .......... .......... .......... 91%  513M 0s
[2.770s]  14300K .......... .......... .......... .......... .......... 91%  464M 0s
[2.770s]  14350K .......... .......... .......... .......... .......... 92%  568M 0s
[2.770s]  14400K .......... .......... .......... .......... .......... 92%  478M 0s
[2.770s]  14450K .......... .......... .......... .......... .......... 92%  484M 0s
[2.771s]  14500K .......... .......... .......... .......... .......... 93% 54.8M 0s
[2.772s]  14550K .......... .......... .......... .......... .......... 93% 74.4M 0s
[2.772s]  14600K .......... .......... .......... .......... .......... 93% 52.5M 0s
[2.773s]  14650K .......... .......... .......... .......... .......... 94%  105M 0s
[2.774s]  14700K .......... .......... .......... .......... .......... 94% 45.6M 0s
[2.775s]  14750K .......... .......... .......... .......... .......... 94% 93.3M 0s
[2.776s]  14800K .......... .......... .......... .......... .......... 95% 37.5M 0s
[2.777s]  14850K .......... .......... .......... .......... .......... 95% 38.6M 0s
[2.778s]  14900K .......... .......... .......... .......... .......... 95%  104M 0s
[2.778s]  14950K .......... .......... .......... .......... .......... 95% 64.1M 0s
[2.779s]  15000K .......... .......... .......... .......... .......... 96% 51.6M 0s
[2.780s]  15050K .......... .......... .......... .......... .......... 96% 83.4M 0s
[2.781s]  15100K .......... .......... .......... .......... .......... 96% 37.7M 0s
[2.782s]  15150K .......... .......... .......... .......... .......... 97%  117M 0s
[2.783s]  15200K .......... .......... .......... .......... .......... 97% 34.6M 0s
[2.784s]  15250K .......... .......... .......... .......... .......... 97% 72.0M 0s
[2.785s]  15300K .......... .......... .......... .......... .......... 98% 53.4M 0s
[2.785s]  15350K .......... .......... .......... .......... .......... 98%  104M 0s
[2.786s]  15400K .......... .......... .......... .......... .......... 98% 85.7M 0s
[2.787s]  15450K .......... .......... .......... .......... .......... 99% 40.7M 0s
[2.788s]  15500K .......... .......... .......... .......... .......... 99% 30.8M 0s
[2.789s]  15550K .......... .......... .......... .......... .......... 99% 88.2M 0s
[2.789s]  15600K .......... .......... .....                           100%  227M=0.2s
[2.789s] 
[2.789s] 2026-02-12 16:26:39 (74.4 MB/s) - ‘/home/aisl/Documents/multi_robot_slam_ws/build/multirobot_map_merge/2012-01-28-11-12-01.pgm’ saved [16000058/16000058]
[2.789s] 
[2.790s] Checking MD5 sum of /home/aisl/Documents/multi_robot_slam_ws/build/multirobot_map_merge/2012-01-28-11-12-01.pgm
[2.809s] /home/aisl/Documents/multi_robot_slam_ws/build/multirobot_map_merge/2012-01-28-11-12-01.pgm: OK
[2.812s] -- Found gtest sources under '/opt/ros/jazzy/src/gtest_vendor': C++ tests using 'Google Test' will be built
[2.816s] -- Found Threads: TRUE  
[2.820s] -- Added test 'cppcheck' to perform static code analysis on C / C++ code
[2.820s] -- Configured cppcheck include dirs: /home/aisl/Documents/multi_robot_slam_ws/src/m-explore-ros2/m-explore-ros2-main/map_merge/include;$<BUILD_INTERFACE:/home/aisl/Documents/multi_robot_slam_ws/src/m-explore-ros2/m-explore-ros2-main/map_merge/include>
[2.820s] -- Configured cppcheck exclude dirs and/or files: 
[2.821s] -- Added test 'flake8' to check Python code syntax and style conventions
[2.821s] -- Configured 'flake8' exclude dirs and/or files: 
[2.822s] -- Added test 'lint_cmake' to check CMake code style
[2.822s] -- Added test 'pep257' to check Python code against some of the docstring style conventions in PEP 257
[2.824s] -- Added test 'uncrustify' to check C / C++ code style
[2.824s] -- Configured uncrustify additional arguments: 
[2.825s] -- Added test 'xmllint' to check XML markup files
[2.827s] -- Configuring done (2.6s)
[2.899s] -- Generating done (0.0s)
[2.906s] -- Build files have been written to: /home/aisl/Documents/multi_robot_slam_ws/build/multirobot_map_merge
[2.917s] Invoked command in '/home/aisl/Documents/multi_robot_slam_ws/build/multirobot_map_merge' returned '0': BYOBU_DATE=%Y-%m-%d CMAKE_PREFIX_PATH=${CMAKE_PREFIX_PATH}:/home/aisl/Documents/multi_robot_slam_ws/install/multi_robot_slam_py:/opt/ros/jazzy DEBUGINFOD_URLS=https://debuginfod.ubuntu.com PS1=\[\e[38;5;202m\]$(byobu_prompt_status)\[\e[00m\]$(byobu_prompt_runtime) \[\e[38;5;245m\]\u\[\e[00m\]@\[\e[38;5;172m\]\h\[\e[00m\]:\[\e[38;5;5m\]\w\[\e[00m\]$(byobu_prompt_symbol) /usr/bin/cmake /home/aisl/Documents/multi_robot_slam_ws/src/m-explore-ros2/m-explore-ros2-main/map_merge -DCMAKE_INSTALL_PREFIX=/home/aisl/Documents/multi_robot_slam_ws/install/multirobot_map_merge
[2.918s] Invoking command in '/home/aisl/Documents/multi_robot_slam_ws/build/multirobot_map_merge': BYOBU_DATE=%Y-%m-%d CMAKE_PREFIX_PATH=${CMAKE_PREFIX_PATH}:/home/aisl/Documents/multi_robot_slam_ws/install/multi_robot_slam_py:/opt/ros/jazzy DEBUGINFOD_URLS=https://debuginfod.ubuntu.com PS1=\[\e[38;5;202m\]$(byobu_prompt_status)\[\e[00m\]$(byobu_prompt_runtime) \[\e[38;5;245m\]\u\[\e[00m\]@\[\e[38;5;172m\]\h\[\e[00m\]:\[\e[38;5;5m\]\w\[\e[00m\]$(byobu_prompt_symbol) /usr/bin/cmake --build /home/aisl/Documents/multi_robot_slam_ws/build/multirobot_map_merge -- -j20 -l20
[2.957s] [ 41%] [32mBuilding CXX object CMakeFiles/combine_grids.dir/src/combine_grids/grid_warper.cpp.o[0m
[2.958s] [ 41%] [32mBuilding CXX object gtest/CMakeFiles/gtest_main.dir/src/gtest_main.cc.o[0m
[2.958s] [ 41%] [32mBuilding CXX object CMakeFiles/combine_grids.dir/src/combine_grids/grid_compositor.cpp.o[0m
[2.958s] [ 41%] [32mBuilding CXX object CMakeFiles/combine_grids.dir/src/combine_grids/merging_pipeline.cpp.o[0m
[2.958s] [ 41%] [32mBuilding CXX object gtest/CMakeFiles/gtest.dir/src/gtest-all.cc.o[0m
[3.630s] [ 50%] [32m[1mLinking CXX static library libgtest_main.a[0m
[3.656s] [ 50%] Built target gtest_main
[5.888s] [ 58%] [32m[1mLinking CXX static library libgtest.a[0m
[5.900s] [ 66%] [32m[1mLinking CXX static library libcombine_grids.a[0m
[5.927s] [ 66%] Built target gtest
[5.927s] [ 66%] Built target combine_grids
[5.943s] [ 83%] [32mBuilding CXX object CMakeFiles/test_merging_pipeline.dir/test/test_merging_pipeline.cpp.o[0m
[5.943s] [ 83%] [32mBuilding CXX object CMakeFiles/map_merge.dir/src/map_merge.cpp.o[0m
[9.463s] [ 91%] [32m[1mLinking CXX executable test_merging_pipeline[0m
[9.927s] [ 91%] Built target test_merging_pipeline
[15.163s] [100%] [32m[1mLinking CXX executable map_merge[0m
[15.735s] [100%] Built target map_merge
[15.742s] Invoked command in '/home/aisl/Documents/multi_robot_slam_ws/build/multirobot_map_merge' returned '0': BYOBU_DATE=%Y-%m-%d CMAKE_PREFIX_PATH=${CMAKE_PREFIX_PATH}:/home/aisl/Documents/multi_robot_slam_ws/install/multi_robot_slam_py:/opt/ros/jazzy DEBUGINFOD_URLS=https://debuginfod.ubuntu.com PS1=\[\e[38;5;202m\]$(byobu_prompt_status)\[\e[00m\]$(byobu_prompt_runtime) \[\e[38;5;245m\]\u\[\e[00m\]@\[\e[38;5;172m\]\h\[\e[00m\]:\[\e[38;5;5m\]\w\[\e[00m\]$(byobu_prompt_symbol) /usr/bin/cmake --build /home/aisl/Documents/multi_robot_slam_ws/build/multirobot_map_merge -- -j20 -l20
[15.743s] Invoking command in '/home/aisl/Documents/multi_robot_slam_ws/build/multirobot_map_merge': BYOBU_DATE=%Y-%m-%d CMAKE_PREFIX_PATH=${CMAKE_PREFIX_PATH}:/home/aisl/Documents/multi_robot_slam_ws/install/multi_robot_slam_py:/opt/ros/jazzy DEBUGINFOD_URLS=https://debuginfod.ubuntu.com PS1=\[\e[38;5;202m\]$(byobu_prompt_status)\[\e[00m\]$(byobu_prompt_runtime) \[\e[38;5;245m\]\u\[\e[00m\]@\[\e[38;5;172m\]\h\[\e[00m\]:\[\e[38;5;5m\]\w\[\e[00m\]$(byobu_prompt_symbol) /usr/bin/cmake --install /home/aisl/Documents/multi_robot_slam_ws/build/multirobot_map_merge
[15.748s] -- Install configuration: ""
[15.748s] -- Installing: /home/aisl/Documents/multi_robot_slam_ws/install/multirobot_map_merge/include/map_merge/
[15.748s] -- Installing: /home/aisl/Documents/multi_robot_slam_ws/install/multirobot_map_merge/include/map_merge//ros1_names.hpp
[15.749s] -- Installing: /home/aisl/Documents/multi_robot_slam_ws/install/multirobot_map_merge/include/map_merge//map_merge.h
[15.749s] -- Installing: /home/aisl/Documents/multi_robot_slam_ws/install/multirobot_map_merge/share/multirobot_map_merge/launch
[15.749s] -- Installing: /home/aisl/Documents/multi_robot_slam_ws/install/multirobot_map_merge/share/multirobot_map_merge/launch/tb3_simulation
[15.749s] -- Installing: /home/aisl/Documents/multi_robot_slam_ws/install/multirobot_map_merge/share/multirobot_map_merge/launch/tb3_simulation/worlds
[15.749s] -- Installing: /home/aisl/Documents/multi_robot_slam_ws/install/multirobot_map_merge/share/multirobot_map_merge/launch/tb3_simulation/worlds/world_only.model
[15.749s] -- Installing: /home/aisl/Documents/multi_robot_slam_ws/install/multirobot_map_merge/share/multirobot_map_merge/launch/tb3_simulation/multi_tb3_simulation_launch.py
[15.749s] -- Installing: /home/aisl/Documents/multi_robot_slam_ws/install/multirobot_map_merge/share/multirobot_map_merge/launch/tb3_simulation/config
[15.749s] -- Installing: /home/aisl/Documents/multi_robot_slam_ws/install/multirobot_map_merge/share/multirobot_map_merge/launch/tb3_simulation/config/nav2_multirobot_params_2.yaml
[15.749s] -- Installing: /home/aisl/Documents/multi_robot_slam_ws/install/multirobot_map_merge/share/multirobot_map_merge/launch/tb3_simulation/config/nav2_multirobot_params_1.yaml
[15.749s] -- Installing: /home/aisl/Documents/multi_robot_slam_ws/install/multirobot_map_merge/share/multirobot_map_merge/launch/tb3_simulation/tb3_simulation_launch.py
[15.749s] -- Installing: /home/aisl/Documents/multi_robot_slam_ws/install/multirobot_map_merge/share/multirobot_map_merge/launch/tb3_simulation/bringup_launch.py
[15.749s] -- Installing: /home/aisl/Documents/multi_robot_slam_ws/install/multirobot_map_merge/share/multirobot_map_merge/launch/tb3_simulation/slam_toolbox.py
[15.749s] -- Installing: /home/aisl/Documents/multi_robot_slam_ws/install/multirobot_map_merge/share/multirobot_map_merge/launch/map_merge.rviz
[15.749s] -- Installing: /home/aisl/Documents/multi_robot_slam_ws/install/multirobot_map_merge/share/multirobot_map_merge/launch/from_map_server.launch.py
[15.750s] -- Installing: /home/aisl/Documents/multi_robot_slam_ws/install/multirobot_map_merge/share/multirobot_map_merge/launch/map_merge.launch.py
[15.750s] -- Installing: /home/aisl/Documents/multi_robot_slam_ws/install/multirobot_map_merge/share/multirobot_map_merge/config
[15.750s] -- Installing: /home/aisl/Documents/multi_robot_slam_ws/install/multirobot_map_merge/share/multirobot_map_merge/config/params.yaml
[15.750s] -- Installing: /home/aisl/Documents/multi_robot_slam_ws/install/multirobot_map_merge/lib/libcombine_grids.a
[15.750s] -- Installing: /home/aisl/Documents/multi_robot_slam_ws/install/multirobot_map_merge/lib/multirobot_map_merge/map_merge
[15.755s] -- Set non-toolchain portion of runtime path of "/home/aisl/Documents/multi_robot_slam_ws/install/multirobot_map_merge/lib/multirobot_map_merge/map_merge" to ""
[15.755s] -- Installing: /home/aisl/Documents/multi_robot_slam_ws/install/multirobot_map_merge/share/multirobot_map_merge/environment/library_path.sh
[15.755s] -- Installing: /home/aisl/Documents/multi_robot_slam_ws/install/multirobot_map_merge/share/multirobot_map_merge/environment/library_path.dsv
[15.755s] -- Installing: /home/aisl/Documents/multi_robot_slam_ws/install/multirobot_map_merge/share/ament_index/resource_index/package_run_dependencies/multirobot_map_merge
[15.755s] -- Installing: /home/aisl/Documents/multi_robot_slam_ws/install/multirobot_map_merge/share/ament_index/resource_index/parent_prefix_path/multirobot_map_merge
[15.755s] -- Installing: /home/aisl/Documents/multi_robot_slam_ws/install/multirobot_map_merge/share/multirobot_map_merge/environment/ament_prefix_path.sh
[15.755s] -- Installing: /home/aisl/Documents/multi_robot_slam_ws/install/multirobot_map_merge/share/multirobot_map_merge/environment/ament_prefix_path.dsv
[15.755s] -- Installing: /home/aisl/Documents/multi_robot_slam_ws/install/multirobot_map_merge/share/multirobot_map_merge/environment/path.sh
[15.755s] -- Installing: /home/aisl/Documents/multi_robot_slam_ws/install/multirobot_map_merge/share/multirobot_map_merge/environment/path.dsv
[15.755s] -- Installing: /home/aisl/Documents/multi_robot_slam_ws/install/multirobot_map_merge/share/multirobot_map_merge/local_setup.bash
[15.755s] -- Installing: /home/aisl/Documents/multi_robot_slam_ws/install/multirobot_map_merge/share/multirobot_map_merge/local_setup.sh
[15.755s] -- Installing: /home/aisl/Documents/multi_robot_slam_ws/install/multirobot_map_merge/share/multirobot_map_merge/local_setup.zsh
[15.756s] -- Installing: /home/aisl/Documents/multi_robot_slam_ws/install/multirobot_map_merge/share/multirobot_map_merge/local_setup.dsv
[15.756s] -- Installing: /home/aisl/Documents/multi_robot_slam_ws/install/multirobot_map_merge/share/multirobot_map_merge/package.dsv
[15.756s] -- Installing: /home/aisl/Documents/multi_robot_slam_ws/install/multirobot_map_merge/share/ament_index/resource_index/packages/multirobot_map_merge
[15.756s] -- Installing: /home/aisl/Documents/multi_robot_slam_ws/install/multirobot_map_merge/share/multirobot_map_merge/cmake/ament_cmake_export_include_directories-extras.cmake
[15.756s] -- Installing: /home/aisl/Documents/multi_robot_slam_ws/install/multirobot_map_merge/share/multirobot_map_merge/cmake/ament_cmake_export_libraries-extras.cmake
[15.756s] -- Installing: /home/aisl/Documents/multi_robot_slam_ws/install/multirobot_map_merge/share/multirobot_map_merge/cmake/multirobot_map_mergeConfig.cmake
[15.756s] -- Installing: /home/aisl/Documents/multi_robot_slam_ws/install/multirobot_map_merge/share/multirobot_map_merge/cmake/multirobot_map_mergeConfig-version.cmake
[15.756s] -- Installing: /home/aisl/Documents/multi_robot_slam_ws/install/multirobot_map_merge/share/multirobot_map_merge/package.xml
[15.758s] Invoked command in '/home/aisl/Documents/multi_robot_slam_ws/build/multirobot_map_merge' returned '0': BYOBU_DATE=%Y-%m-%d CMAKE_PREFIX_PATH=${CMAKE_PREFIX_PATH}:/home/aisl/Documents/multi_robot_slam_ws/install/multi_robot_slam_py:/opt/ros/jazzy DEBUGINFOD_URLS=https://debuginfod.ubuntu.com PS1=\[\e[38;5;202m\]$(byobu_prompt_status)\[\e[00m\]$(byobu_prompt_runtime) \[\e[38;5;245m\]\u\[\e[00m\]@\[\e[38;5;172m\]\h\[\e[00m\]:\[\e[38;5;5m\]\w\[\e[00m\]$(byobu_prompt_symbol) /usr/bin/cmake --install /home/aisl/Documents/multi_robot_slam_ws/build/multirobot_map_merge
