[0.185s] Invoking command in '/home/aisl/Documents/multi_robot_slam_ws/build/multirobot_map_merge': BYOBU_DATE=%Y-%m-%d CMAKE_PREFIX_PATH=${CMAKE_PREFIX_PATH}:/home/aisl/Documents/multi_robot_slam_ws/install/multi_robot_slam_py:/opt/ros/jazzy DEBUGINFOD_URLS=https://debuginfod.ubuntu.com PS1=\[\e[38;5;202m\]$(byobu_prompt_status)\[\e[00m\]$(byobu_prompt_runtime) \[\e[38;5;245m\]\u\[\e[00m\]@\[\e[38;5;172m\]\h\[\e[00m\]:\[\e[38;5;5m\]\w\[\e[00m\]$(byobu_prompt_symbol) /usr/bin/cmake /home/aisl/Documents/multi_robot_slam_ws/src/m-explore-ros2/m-explore-ros2-main/map_merge -DCMAKE_INSTALL_PREFIX=/home/aisl/Documents/multi_robot_slam_ws/install/multirobot_map_merge
[0.221s] -- The C compiler identification is GNU 13.3.0
[0.262s] -- The CXX compiler identification is GNU 13.3.0
[0.273s] -- Detecting C compiler ABI info
[0.331s] -- Detecting C compiler ABI info - done
[0.338s] -- Check for working C compiler: /usr/bin/cc - skipped
[0.338s] -- Detecting C compile features
[0.338s] -- Detecting C compile features - done
[0.345s] -- Detecting CXX compiler ABI info
[0.412s] -- Detecting CXX compiler ABI info - done
[0.419s] -- Check for working CXX compiler: /usr/bin/c++ - skipped
[0.420s] -- Detecting CXX compile features
[0.420s] -- Detecting CXX compile features - done
[0.423s] -- Found ament_cmake: 2.5.5 (/opt/ros/jazzy/share/ament_cmake/cmake)
[0.531s] -- Found Python3: /usr/bin/python3 (found version "3.12.3") found components: Interpreter 
[0.616s] -- Found rclcpp: 28.1.16 (/opt/ros/jazzy/share/rclcpp/cmake)
[0.654s] -- Found rosidl_generator_c: 4.6.7 (/opt/ros/jazzy/share/rosidl_generator_c/cmake)
[0.667s] -- Found rosidl_generator_cpp: 4.6.7 (/opt/ros/jazzy/share/rosidl_generator_cpp/cmake)
[0.682s] -- Using all available rosidl_typesupport_c: rosidl_typesupport_fastrtps_c;rosidl_typesupport_introspection_c
[0.699s] -- Using all available rosidl_typesupport_cpp: rosidl_typesupport_fastrtps_cpp;rosidl_typesupport_introspection_cpp
[0.766s] -- Found rmw_implementation_cmake: 7.3.3 (/opt/ros/jazzy/share/rmw_implementation_cmake/cmake)
[0.769s] -- Found rmw_fastrtps_cpp: 8.4.3 (/opt/ros/jazzy/share/rmw_fastrtps_cpp/cmake)
[0.827s] -- Found OpenSSL: /usr/lib/x86_64-linux-gnu/libcrypto.so (found version "3.0.13")  
[0.842s] -- Found FastRTPS: /opt/ros/jazzy/include (Required is at least version "2.13") 
[0.859s] -- Using RMW implementation 'rmw_fastrtps_cpp' as default
[0.923s] -- Found geometry_msgs: 5.3.6 (/opt/ros/jazzy/share/geometry_msgs/cmake)
[0.951s] -- Found image_geometry: 4.1.0 (/opt/ros/jazzy/share/image_geometry/cmake)
[0.984s] -- Found map_msgs: 2.4.1 (/opt/ros/jazzy/share/map_msgs/cmake)
[1.039s] -- Found tf2_geometry_msgs: 0.36.19 (/opt/ros/jazzy/share/tf2_geometry_msgs/cmake)
[1.054s] -- Found eigen3_cmake_module: 0.3.0 (/opt/ros/jazzy/share/eigen3_cmake_module/cmake)
[1.055s] -- Found Eigen3: TRUE (found version "3.4.0") 
[1.055s] -- Ensuring Eigen3 include directory is part of orocos-kdl CMake target
[1.251s] -- Found Boost: /usr/lib/x86_64-linux-gnu/cmake/Boost-1.83.0/BoostConfig.cmake (found version "1.83.0") found components: thread 
[1.255s] -- Found OpenCV: /usr (found version "4.6.0") 
[1.267s] -- Found ament_lint_auto: 0.17.4 (/opt/ros/jazzy/share/ament_lint_auto/cmake)
[1.347s] -- Found ament_cmake_gtest: 2.5.5 (/opt/ros/jazzy/share/ament_cmake_gtest/cmake)
[1.351s] --2026-02-10 17:15:53--  https://raw.githubusercontent.com/hrnr/m-explore-extra/master/map_merge/hector_maps/map00.pgm
[1.687s] Resolving raw.githubusercontent.com (raw.githubusercontent.com)... 185.199.109.133, 185.199.111.133, 185.199.108.133, ...
[1.693s] Connecting to raw.githubusercontent.com (raw.githubusercontent.com)|185.199.109.133|:443... connected.
[2.018s] HTTP request sent, awaiting response... 200 OK
[2.018s] Length: 4194362 (4.0M) [application/octet-stream]
[2.018s] Saving to: ‘/home/aisl/Documents/multi_robot_slam_ws/build/multirobot_map_merge/map00.pgm’
[2.019s] 
[2.026s]      0K .......... .......... .......... .......... ..........  1% 6.17M 1s
[2.029s]     50K .......... .......... .......... .......... ..........  2% 17.5M 0s
[2.031s]    100K .......... .......... .......... .......... ..........  3% 25.8M 0s
[2.034s]    150K .......... .......... .......... .......... ..........  4% 18.0M 0s
[2.035s]    200K .......... .......... .......... .......... ..........  6% 28.4M 0s
[2.036s]    250K .......... .......... .......... .......... ..........  7% 54.4M 0s
[2.038s]    300K .......... .......... .......... .......... ..........  8% 27.6M 0s
[2.039s]    350K .......... .......... .......... .......... ..........  9% 50.2M 0s
[2.039s]    400K .......... .......... .......... .......... .......... 10%  105M 0s
[2.041s]    450K .......... .......... .......... .......... .......... 12% 37.1M 0s
[2.041s]    500K .......... .......... .......... .......... .......... 13% 93.8M 0s
[2.042s]    550K .......... .......... .......... .......... .......... 14%  115M 0s
[2.042s]    600K .......... .......... .......... .......... .......... 15% 79.4M 0s
[2.043s]    650K .......... .......... .......... .......... .......... 17% 93.3M 0s
[2.044s]    700K .......... .......... .......... .......... .......... 18% 64.6M 0s
[2.044s]    750K .......... .......... .......... .......... .......... 19% 72.5M 0s
[2.045s]    800K .......... .......... .......... .......... .......... 20%  104M 0s
[2.046s]    850K .......... .......... .......... .......... .......... 21% 50.9M 0s
[2.046s]    900K .......... .......... .......... .......... .......... 23%  119M 0s
[2.046s]    950K .......... .......... .......... .......... .......... 24%  104M 0s
[2.048s]   1000K .......... .......... .......... .......... .......... 25% 46.4M 0s
[2.048s]   1050K .......... .......... .......... .......... .......... 26%  117M 0s
[2.049s]   1100K .......... .......... .......... .......... .......... 28% 93.3M 0s
[2.049s]   1150K .......... .......... .......... .......... .......... 29% 57.1M 0s
[2.057s]   1200K .......... .......... .......... .......... .......... 30% 6.21M 0s
[2.058s]   1250K .......... .......... .......... .......... .......... 31%  156M 0s
[2.058s]   1300K .......... .......... .......... .......... .......... 32%  593M 0s
[2.059s]   1350K .......... .......... .......... .......... .......... 34% 42.8M 0s
[2.059s]   1400K .......... .......... .......... .......... .......... 35%  257M 0s
[2.059s]   1450K .......... .......... .......... .......... .......... 36% 96.6M 0s
[2.060s]   1500K .......... .......... .......... .......... .......... 37%  581M 0s
[2.060s]   1550K .......... .......... .......... .......... .......... 39%  470M 0s
[2.060s]   1600K .......... .......... .......... .......... .......... 40% 88.0M 0s
[2.060s]   1650K .......... .......... .......... .......... .......... 41%  234M 0s
[2.060s]   1700K .......... .......... .......... .......... .......... 42%  620M 0s
[2.061s]   1750K .......... .......... .......... .......... .......... 43%  595M 0s
[2.061s]   1800K .......... .......... .......... .......... .......... 45%  625M 0s
[2.061s]   1850K .......... .......... .......... .......... .......... 46%  655M 0s
[2.062s]   1900K .......... .......... .......... .......... .......... 47% 28.3M 0s
[2.063s]   1950K .......... .......... .......... .......... .......... 48%  452M 0s
[2.063s]   2000K .......... .......... .......... .......... .......... 50%  610M 0s
[2.063s]   2050K .......... .......... .......... .......... .......... 51%  643M 0s
[2.063s]   2100K .......... .......... .......... .......... .......... 52%  647M 0s
[2.063s]   2150K .......... .......... .......... .......... .......... 53%  613M 0s
[2.063s]   2200K .......... .......... .......... .......... .......... 54%  635M 0s
[2.063s]   2250K .......... .......... .......... .......... .......... 56%  580M 0s
[2.063s]   2300K .......... .......... .......... .......... .......... 57%  631M 0s
[2.063s]   2350K .......... .......... .......... .......... .......... 58%  474M 0s
[2.063s]   2400K .......... .......... .......... .......... .......... 59%  644M 0s
[2.063s]   2450K .......... .......... .......... .......... .......... 61%  656M 0s
[2.064s]   2500K .......... .......... .......... .......... .......... 62%  110M 0s
[2.065s]   2550K .......... .......... .......... .......... .......... 63% 56.3M 0s
[2.071s]   2600K .......... .......... .......... .......... .......... 64% 7.52M 0s
[2.071s]   2650K .......... .......... .......... .......... .......... 65%  259M 0s
[2.072s]   2700K .......... .......... .......... .......... .......... 67%  103M 0s
[2.072s]   2750K .......... .......... .......... .......... .......... 68%  253M 0s
[2.072s]   2800K .......... .......... .......... .......... .......... 69%  624M 0s
[2.072s]   2850K .......... .......... .......... .......... .......... 70%  641M 0s
[2.072s]   2900K .......... .......... .......... .......... .......... 72%  638M 0s
[2.072s]   2950K .......... .......... .......... .......... .......... 73%  643M 0s
[2.072s]   3000K .......... .......... .......... .......... .......... 74%  655M 0s
[2.072s]   3050K .......... .......... .......... .......... .......... 75%  628M 0s
[2.073s]   3100K .......... .......... .......... .......... .......... 76%  596M 0s
[2.073s]   3150K .......... .......... .......... .......... .......... 78%  489M 0s
[2.073s]   3200K .......... .......... .......... .......... .......... 79%  642M 0s
[2.073s]   3250K .......... .......... .......... .......... .......... 80%  650M 0s
[2.073s]   3300K .......... .......... .......... .......... .......... 81%  653M 0s
[2.074s]   3350K .......... .......... .......... .......... .......... 83% 40.5M 0s
[2.075s]   3400K .......... .......... .......... .......... .......... 84% 68.2M 0s
[2.075s]   3450K .......... .......... .......... .......... .......... 85%  105M 0s
[2.076s]   3500K .......... .......... .......... .......... .......... 86%  105M 0s
[2.076s]   3550K .......... .......... .......... .......... .......... 87% 68.4M 0s
[2.077s]   3600K .......... .......... .......... .......... .......... 89% 76.3M 0s
[2.077s]   3650K .......... .......... .......... .......... .......... 90%  116M 0s
[2.078s]   3700K .......... .......... .......... .......... .......... 91% 92.5M 0s
[2.079s]   3750K .......... .......... .......... .......... .......... 92% 75.8M 0s
[2.079s]   3800K .......... .......... .......... .......... .......... 93% 62.3M 0s
[2.080s]   3850K .......... .......... .......... .......... .......... 95%  104M 0s
[2.081s]   3900K .......... .......... .......... .......... .......... 96% 58.5M 0s
[2.082s]   3950K .......... .......... .......... .......... .......... 97% 54.0M 0s
[2.082s]   4000K .......... .......... .......... .......... .......... 98% 84.6M 0s
[2.083s]   4050K .......... .......... .......... .......... ......    100%  134M=0.06s
[2.083s] 
[2.083s] 2026-02-10 17:15:54 (62.2 MB/s) - ‘/home/aisl/Documents/multi_robot_slam_ws/build/multirobot_map_merge/map00.pgm’ saved [4194362/4194362]
[2.083s] 
[2.083s] Checking MD5 sum of /home/aisl/Documents/multi_robot_slam_ws/build/multirobot_map_merge/map00.pgm
[2.089s] /home/aisl/Documents/multi_robot_slam_ws/build/multirobot_map_merge/map00.pgm: OK
[2.093s] --2026-02-10 17:15:54--  https://raw.githubusercontent.com/hrnr/m-explore-extra/master/map_merge/hector_maps/map05.pgm
[2.115s] Resolving raw.githubusercontent.com (raw.githubusercontent.com)... 185.199.109.133, 185.199.108.133, 185.199.111.133, ...
[2.121s] Connecting to raw.githubusercontent.com (raw.githubusercontent.com)|185.199.109.133|:443... connected.
[2.387s] HTTP request sent, awaiting response... 200 OK
[2.387s] Length: 4194362 (4.0M) [application/octet-stream]
[2.387s] Saving to: ‘/home/aisl/Documents/multi_robot_slam_ws/build/multirobot_map_merge/map05.pgm’
[2.387s] 
[2.393s]      0K .......... .......... .......... .......... ..........  1% 8.14M 0s
[2.395s]     50K .......... .......... .......... .......... ..........  2% 22.0M 0s
[2.399s]    100K .......... .......... .......... .......... ..........  3% 13.9M 0s
[2.400s]    150K .......... .......... .......... .......... ..........  4% 37.1M 0s
[2.401s]    200K .......... .......... .......... .......... ..........  6% 43.6M 0s
[2.405s]    250K .......... .......... .......... .......... ..........  7% 14.4M 0s
[2.405s]    300K .......... .......... .......... .......... ..........  8%  118M 0s
[2.406s]    350K .......... .......... .......... .......... ..........  9% 45.6M 0s
[2.407s]    400K .......... .......... .......... .......... .......... 10% 90.7M 0s
[2.407s]    450K .......... .......... .......... .......... .......... 12%  102M 0s
[2.408s]    500K .......... .......... .......... .......... .......... 13%  105M 0s
[2.410s]    550K .......... .......... .......... .......... .......... 14% 21.4M 0s
[2.411s]    600K .......... .......... .......... .......... .......... 15% 56.4M 0s
[2.412s]    650K .......... .......... .......... .......... .......... 17% 49.4M 0s
[2.412s]    700K .......... .......... .......... .......... .......... 18% 92.5M 0s
[2.413s]    750K .......... .......... .......... .......... .......... 19%  105M 0s
[2.413s]    800K .......... .......... .......... .......... .......... 20% 79.2M 0s
[2.414s]    850K .......... .......... .......... .......... .......... 21%  117M 0s
[2.414s]    900K .......... .......... .......... .......... .......... 23% 93.8M 0s
[2.423s]    950K .......... .......... .......... .......... .......... 24% 5.93M 0s
[2.423s]   1000K .......... .......... .......... .......... .......... 25%  267M 0s
[2.423s]   1050K .......... .......... .......... .......... .......... 26%  117M 0s
[2.423s]   1100K .......... .......... .......... .......... .......... 28%  455M 0s
[2.424s]   1150K .......... .......... .......... .......... .......... 29%  140M 0s
[2.424s]   1200K .......... .......... .......... .......... .......... 30%  211M 0s
[2.424s]   1250K .......... .......... .......... .......... .......... 31%  549M 0s
[2.424s]   1300K .......... .......... .......... .......... .......... 32%  591M 0s
[2.424s]   1350K .......... .......... .......... .......... .......... 34%  399M 0s
[2.424s]   1400K .......... .......... .......... .......... .......... 35%  584M 0s
[2.424s]   1450K .......... .......... .......... .......... .......... 36%  554M 0s
[2.424s]   1500K .......... .......... .......... .......... .......... 37%  573M 0s
[2.427s]   1550K .......... .......... .......... .......... .......... 39% 23.1M 0s
[2.427s]   1600K .......... .......... .......... .......... .......... 40%  201M 0s
[2.427s]   1650K .......... .......... .......... .......... .......... 41%  511M 0s
[2.428s]   1700K .......... .......... .......... .......... .......... 42% 45.5M 0s
[2.429s]   1750K .......... .......... .......... .......... .......... 43% 93.5M 0s
[2.429s]   1800K .......... .......... .......... .......... .......... 45% 86.1M 0s
[2.429s]   1850K .......... .......... .......... .......... .......... 46%  230M 0s
[2.429s]   1900K .......... .......... .......... .......... .......... 47%  590M 0s
[2.429s]   1950K .......... .......... .......... .......... .......... 48%  581M 0s
[2.429s]   2000K .......... .......... .......... .......... .......... 50%  580M 0s
[2.430s]   2050K .......... .......... .......... .......... .......... 51%  622M 0s
[2.430s]   2100K .......... .......... .......... .......... .......... 52%  640M 0s
[2.430s]   2150K .......... .......... .......... .......... .......... 53%  446M 0s
[2.430s]   2200K .......... .......... .......... .......... .......... 54%  633M 0s
[2.430s]   2250K .......... .......... .......... .......... .......... 56%  635M 0s
[2.430s]   2300K .......... .......... .......... .......... .......... 57%  630M 0s
[2.436s]   2350K .......... .......... .......... .......... .......... 58% 8.88M 0s
[2.436s]   2400K .......... .......... .......... .......... .......... 59%  446M 0s
[2.436s]   2450K .......... .......... .......... .......... .......... 61%  533M 0s
[2.436s]   2500K .......... .......... .......... .......... .......... 62%  527M 0s
[2.436s]   2550K .......... .......... .......... .......... .......... 63%  458M 0s
[2.436s]   2600K .......... .......... .......... .......... .......... 64%  623M 0s
[2.436s]   2650K .......... .......... .......... .......... .......... 65%  597M 0s
[2.436s]   2700K .......... .......... .......... .......... .......... 67%  627M 0s
[2.436s]   2750K .......... .......... .......... .......... .......... 68%  662M 0s
[2.436s]   2800K .......... .......... .......... .......... .......... 69%  621M 0s
[2.436s]   2850K .......... .......... .......... .......... .......... 70%  590M 0s
[2.436s]   2900K .......... .......... .......... .......... .......... 72%  636M 0s
[2.437s]   2950K .......... .......... .......... .......... .......... 73%  405M 0s
[2.437s]   3000K .......... .......... .......... .......... .......... 74%  588M 0s
[2.437s]   3050K .......... .......... .......... .......... .......... 75%  646M 0s
[2.437s]   3100K .......... .......... .......... .......... .......... 76%  639M 0s
[2.437s]   3150K .......... .......... .......... .......... .......... 78%  579M 0s
[2.437s]   3200K .......... .......... .......... .......... .......... 79% 88.1M 0s
[2.438s]   3250K .......... .......... .......... .......... .......... 80% 81.7M 0s
[2.439s]   3300K .......... .......... .......... .......... .......... 81% 76.7M 0s
[2.440s]   3350K .......... .......... .......... .......... .......... 83% 51.7M 0s
[2.440s]   3400K .......... .......... .......... .......... .......... 84% 72.1M 0s
[2.441s]   3450K .......... .......... .......... .......... .......... 85% 92.7M 0s
[2.442s]   3500K .......... .......... .......... .......... .......... 86% 69.4M 0s
[2.442s]   3550K .......... .......... .......... .......... .......... 87% 71.6M 0s
[2.443s]   3600K .......... .......... .......... .......... .......... 89% 93.5M 0s
[2.443s]   3650K .......... .......... .......... .......... .......... 90% 86.9M 0s
[2.444s]   3700K .......... .......... .......... .......... .......... 91%  118M 0s
[2.445s]   3750K .......... .......... .......... .......... .......... 92% 52.0M 0s
[2.446s]   3800K .......... .......... .......... .......... .......... 93% 30.1M 0s
[2.447s]   3850K .......... .......... .......... .......... .......... 95%  106M 0s
[2.448s]   3900K .......... .......... .......... .......... .......... 96% 49.2M 0s
[2.448s]   3950K .......... .......... .......... .......... .......... 97% 93.4M 0s
[2.449s]   4000K .......... .......... .......... .......... .......... 98%  118M 0s
[2.449s]   4050K .......... .......... .......... .......... ......    100% 79.8M=0.06s
[2.449s] 
[2.449s] 2026-02-10 17:15:55 (64.4 MB/s) - ‘/home/aisl/Documents/multi_robot_slam_ws/build/multirobot_map_merge/map05.pgm’ saved [4194362/4194362]
[2.449s] 
[2.450s] Checking MD5 sum of /home/aisl/Documents/multi_robot_slam_ws/build/multirobot_map_merge/map05.pgm
[2.456s] /home/aisl/Documents/multi_robot_slam_ws/build/multirobot_map_merge/map05.pgm: OK
[2.460s] --2026-02-10 17:15:55--  https://raw.githubusercontent.com/hrnr/m-explore-extra/master/map_merge/gmapping_maps/2011-08-09-12-22-52.pgm
[2.482s] Resolving raw.githubusercontent.com (raw.githubusercontent.com)... 185.199.109.133, 185.199.108.133, 185.199.110.133, ...
[2.489s] Connecting to raw.githubusercontent.com (raw.githubusercontent.com)|185.199.109.133|:443... connected.
[2.719s] HTTP request sent, awaiting response... 200 OK
[2.719s] Length: 16000058 (15M) [application/octet-stream]
[2.719s] Saving to: ‘/home/aisl/Documents/multi_robot_slam_ws/build/multirobot_map_merge/2011-08-09-12-22-52.pgm’
[2.719s] 
[2.725s]      0K .......... .......... .......... .......... ..........  0% 8.40M 2s
[2.730s]     50K .......... .......... .......... .......... ..........  0% 9.58M 2s
[2.731s]    100K .......... .......... .......... .......... ..........  0% 72.8M 1s
[2.732s]    150K .......... .......... .......... .......... ..........  1% 42.5M 1s
[2.736s]    200K .......... .......... .......... .......... ..........  1% 13.5M 1s
[2.736s]    250K .......... .......... .......... .......... ..........  1% 60.5M 1s
[2.737s]    300K .......... .......... .......... .......... ..........  2%  118M 1s
[2.738s]    350K .......... .......... .......... .......... ..........  2% 52.3M 1s
[2.738s]    400K .......... .......... .......... .......... ..........  2% 73.1M 1s
[2.741s]    450K .......... .......... .......... .......... ..........  3% 16.8M 1s
[2.742s]    500K .......... .......... .......... .......... ..........  3% 94.0M 1s
[2.742s]    550K .......... .......... .......... .......... ..........  3%  102M 1s
[2.743s]    600K .......... .......... .......... .......... ..........  4%  119M 1s
[2.743s]    650K .......... .......... .......... .......... ..........  4% 81.9M 1s
[2.744s]    700K .......... .......... .......... .......... ..........  4% 85.0M 0s
[2.744s]    750K .......... .......... .......... .......... ..........  5% 65.9M 0s
[2.745s]    800K .......... .......... .......... .......... ..........  5%  120M 0s
[2.745s]    850K .......... .......... .......... .......... ..........  5% 89.8M 0s
[2.753s]    900K .......... .......... .......... .......... ..........  6% 6.75M 1s
[2.753s]    950K .......... .......... .......... .......... ..........  6%  177M 0s
[2.753s]   1000K .......... .......... .......... .......... ..........  6%  590M 0s
[2.753s]   1050K .......... .......... .......... .......... ..........  7%  627M 0s
[2.753s]   1100K .......... .......... .......... .......... ..........  7%  626M 0s
[2.753s]   1150K .......... .......... .......... .......... ..........  7%  474M 0s
[2.753s]   1200K .......... .......... .......... .......... ..........  7%  601M 0s
[2.755s]   1250K .......... .......... .......... .......... ..........  8% 24.3M 0s
[2.756s]   1300K .......... .......... .......... .......... ..........  8%  525M 0s
[2.756s]   1350K .......... .......... .......... .......... ..........  8%  577M 0s
[2.756s]   1400K .......... .......... .......... .......... ..........  9% 61.1M 0s
[2.757s]   1450K .......... .......... .......... .......... ..........  9%  117M 0s
[2.757s]   1500K .......... .......... .......... .......... ..........  9%  614M 0s
[2.758s]   1550K .......... .......... .......... .......... .......... 10% 71.4M 0s
[2.758s]   1600K .......... .......... .......... .......... .......... 10%  312M 0s
[2.758s]   1650K .......... .......... .......... .......... .......... 10%  145M 0s
[2.758s]   1700K .......... .......... .......... .......... .......... 11%  117M 0s
[2.759s]   1750K .......... .......... .......... .......... .......... 11%  240M 0s
[2.759s]   1800K .......... .......... .......... .......... .......... 11%  298M 0s
[2.759s]   1850K .......... .......... .......... .......... .......... 12%  635M 0s
[2.759s]   1900K .......... .......... .......... .......... .......... 12%  622M 0s
[2.759s]   1950K .......... .......... .......... .......... .......... 12%  476M 0s
[2.759s]   2000K .......... .......... .......... .......... .......... 13%  617M 0s
[2.759s]   2050K .......... .......... .......... .......... .......... 13%  622M 0s
[2.759s]   2100K .......... .......... .......... .......... .......... 13%  632M 0s
[2.760s]   2150K .......... .......... .......... .......... .......... 14%  119M 0s
[2.761s]   2200K .......... .......... .......... .......... .......... 14% 32.1M 0s
[2.762s]   2250K .......... .......... .......... .......... .......... 14% 76.2M 0s
[2.763s]   2300K .......... .......... .......... .......... .......... 15%  116M 0s
[2.763s]   2350K .......... .......... .......... .......... .......... 15% 61.3M 0s
[2.764s]   2400K .......... .......... .......... .......... .......... 15% 82.6M 0s
[2.764s]   2450K .......... .......... .......... .......... .......... 15%  117M 0s
[2.765s]   2500K .......... .......... .......... .......... .......... 16% 73.7M 0s
[2.765s]   2550K .......... .......... .......... .......... .......... 16% 90.9M 0s
[2.766s]   2600K .......... .......... .......... .......... .......... 16%  118M 0s
[2.773s]   2650K .......... .......... .......... .......... .......... 17% 6.60M 0s
[2.773s]   2700K .......... .......... .......... .......... .......... 17%  571M 0s
[2.774s]   2750K .......... .......... .......... .......... .......... 17% 82.1M 0s
[2.774s]   2800K .......... .......... .......... .......... .......... 18%  206M 0s
[2.774s]   2850K .......... .......... .......... .......... .......... 18%  548M 0s
[2.774s]   2900K .......... .......... .......... .......... .......... 18%  626M 0s
[2.774s]   2950K .......... .......... .......... .......... .......... 19%  625M 0s
[2.774s]   3000K .......... .......... .......... .......... .......... 19%  616M 0s
[2.774s]   3050K .......... .......... .......... .......... .......... 19%  620M 0s
[2.775s]   3100K .......... .......... .......... .......... .......... 20%  579M 0s
[2.775s]   3150K .......... .......... .......... .......... .......... 20%  474M 0s
[2.775s]   3200K .......... .......... .......... .......... .......... 20%  626M 0s
[2.775s]   3250K .......... .......... .......... .......... .......... 21%  627M 0s
[2.775s]   3300K .......... .......... .......... .......... .......... 21%  614M 0s
[2.775s]   3350K .......... .......... .......... .......... .......... 21%  651M 0s
[2.775s]   3400K .......... .......... .......... .......... .......... 22%  635M 0s
[2.776s]   3450K .......... .......... .......... .......... .......... 22% 51.7M 0s
[2.777s]   3500K .......... .......... .......... .......... .......... 22%  105M 0s
[2.777s]   3550K .......... .......... .......... .......... .......... 23% 54.2M 0s
[2.778s]   3600K .......... .......... .......... .......... .......... 23% 83.7M 0s
[2.778s]   3650K .......... .......... .......... .......... .......... 23% 92.5M 0s
[2.779s]   3700K .......... .......... .......... .......... .......... 23% 94.1M 0s
[2.779s]   3750K .......... .......... .......... .......... .......... 24%  116M 0s
[2.780s]   3800K .......... .......... .......... .......... .......... 24% 67.3M 0s
[2.781s]   3850K .......... .......... .......... .......... .......... 24%  103M 0s
[2.782s]   3900K .......... .......... .......... .......... .......... 25% 32.5M 0s
[2.783s]   3950K .......... .......... .......... .......... .......... 25% 72.5M 0s
[2.783s]   4000K .......... .......... .......... .......... .......... 25% 68.4M 0s
[2.784s]   4050K .......... .......... .......... .......... .......... 26%  104M 0s
[2.784s]   4100K .......... .......... .......... .......... .......... 26%  103M 0s
[2.785s]   4150K .......... .......... .......... .......... .......... 26% 91.2M 0s
[2.785s]   4200K .......... .......... .......... .......... .......... 27% 94.1M 0s
[2.786s]   4250K .......... .......... .......... .......... .......... 27% 82.6M 0s
[2.792s]   4300K .......... .......... .......... .......... .......... 27% 7.72M 0s
[2.793s]   4350K .......... .......... .......... .......... .......... 28%  369M 0s
[2.793s]   4400K .......... .......... .......... .......... .......... 28%  620M 0s
[2.793s]   4450K .......... .......... .......... .......... .......... 28%  630M 0s
[2.793s]   4500K .......... .......... .......... .......... .......... 29%  626M 0s
[2.793s]   4550K .......... .......... .......... .......... .......... 29%  642M 0s
[2.793s]   4600K .......... .......... .......... .......... .......... 29%  599M 0s
[2.793s]   4650K .......... .......... .......... .......... .......... 30%  631M 0s
[2.793s]   4700K .......... .......... .......... .......... .......... 30%  634M 0s
[2.793s]   4750K .......... .......... .......... .......... .......... 30%  473M 0s
[2.794s]   4800K .......... .......... .......... .......... .......... 31% 58.5M 0s
[2.795s]   4850K .......... .......... .......... .......... .......... 31% 49.0M 0s
[2.796s]   4900K .......... .......... .......... .......... .......... 31% 68.8M 0s
[2.796s]   4950K .......... .......... .......... .......... .......... 31% 62.8M 0s
[2.798s]   5000K .......... .......... .......... .......... .......... 32% 44.3M 0s
[2.798s]   5050K .......... .......... .......... .......... .......... 32%  104M 0s
[2.801s]   5100K .......... .......... .......... .......... .......... 32% 33.4M 0s
[2.801s]   5150K .......... .......... .......... .......... .......... 33% 30.6M 0s
[2.802s]   5200K .......... .......... .......... .......... .......... 33% 90.8M 0s
[2.802s]   5250K .......... .......... .......... .......... .......... 33%  106M 0s
[2.803s]   5300K .......... .......... .......... .......... .......... 34% 37.3M 0s
[2.804s]   5350K .......... .......... .......... .......... .......... 34% 93.7M 0s
[2.806s]   5400K .......... .......... .......... .......... .......... 34% 21.8M 0s
[2.807s]   5450K .......... .......... .......... .......... .......... 35%  106M 0s
[2.807s]   5500K .......... .......... .......... .......... .......... 35% 69.2M 0s
[2.808s]   5550K .......... .......... .......... .......... .......... 35% 65.2M 0s
[2.809s]   5600K .......... .......... .......... .......... .......... 36% 43.4M 0s
[2.810s]   5650K .......... .......... .......... .......... .......... 36%  105M 0s
[2.810s]   5700K .......... .......... .......... .......... .......... 36%  104M 0s
[2.812s]   5750K .......... .......... .......... .......... .......... 37% 22.5M 0s
[2.813s]   5800K .......... .......... .......... .......... .......... 37% 61.7M 0s
[2.814s]   5850K .......... .......... .......... .......... .......... 37% 68.6M 0s
[2.815s]   5900K .......... .......... .......... .......... .......... 38% 45.4M 0s
[2.815s]   5950K .......... .......... .......... .......... .......... 38% 85.9M 0s
[2.816s]   6000K .......... .......... .......... .......... .......... 38% 85.2M 0s
[2.818s]   6050K .......... .......... .......... .......... .......... 39% 27.3M 0s
[2.819s]   6100K .......... .......... .......... .......... .......... 39% 51.3M 0s
[2.820s]   6150K .......... .......... .......... .......... .......... 39% 52.1M 0s
[2.820s]   6200K .......... .......... .......... .......... .......... 39%  116M 0s
[2.821s]   6250K .......... .......... .......... .......... .......... 40% 42.7M 0s
[2.822s]   6300K .......... .......... .......... .......... .......... 40% 85.7M 0s
[2.824s]   6350K .......... .......... .......... .......... .......... 40% 27.4M 0s
[2.825s]   6400K .......... .......... .......... .......... .......... 41% 45.6M 0s
[2.825s]   6450K .......... .......... .......... .......... .......... 41%  117M 0s
[2.826s]   6500K .......... .......... .......... .......... .......... 41% 55.2M 0s
[2.827s]   6550K .......... .......... .......... .......... .......... 42% 46.2M 0s
[2.828s]   6600K .......... .......... .......... .......... .......... 42% 90.2M 0s
[2.835s]   6650K .......... .......... .......... .......... .......... 42% 6.58M 0s
[2.835s]   6700K .......... .......... .......... .......... .......... 43%  579M 0s
[2.835s]   6750K .......... .......... .......... .......... .......... 43%  469M 0s
[2.835s]   6800K .......... .......... .......... .......... .......... 43%  588M 0s
[2.836s]   6850K .......... .......... .......... .......... .......... 44%  613M 0s
[2.836s]   6900K .......... .......... .......... .......... .......... 44%  610M 0s
[2.836s]   6950K .......... .......... .......... .......... .......... 44%  554M 0s
[2.836s]   7000K .......... .......... .......... .......... .......... 45%  611M 0s
[2.836s]   7050K .......... .......... .......... .......... .......... 45%  620M 0s
[2.836s]   7100K .......... .......... .......... .......... .......... 45%  564M 0s
[2.838s]   7150K .......... .......... .......... .......... .......... 46% 25.1M 0s
[2.839s]   7200K .......... .......... .......... .......... .......... 46% 42.1M 0s
[2.840s]   7250K .......... .......... .......... .......... .......... 46% 67.8M 0s
[2.840s]   7300K .......... .......... .......... .......... .......... 47% 92.9M 0s
[2.841s]   7350K .......... .......... .......... .......... .......... 47% 92.6M 0s
[2.841s]   7400K .......... .......... .......... .......... .......... 47% 92.2M 0s
[2.843s]   7450K .......... .......... .......... .......... .......... 47% 31.4M 0s
[2.844s]   7500K .......... .......... .......... .......... .......... 48% 29.9M 0s
[2.845s]   7550K .......... .......... .......... .......... .......... 48% 45.3M 0s
[2.846s]   7600K .......... .......... .......... .......... .......... 48%  104M 0s
[2.846s]   7650K .......... .......... .......... .......... .......... 49% 93.5M 0s
[2.847s]   7700K .......... .......... .......... .......... .......... 49% 84.6M 0s
[2.848s]   7750K .......... .......... .......... .......... .......... 49% 33.9M 0s
[2.849s]   7800K .......... .......... .......... .......... .......... 50%  117M 0s
[2.850s]   7850K .......... .......... .......... .......... .......... 50% 31.8M 0s
[2.852s]   7900K .......... .......... .......... .......... .......... 50% 42.3M 0s
[2.852s]   7950K .......... .......... .......... .......... .......... 51% 78.2M 0s
[2.853s]   8000K .......... .......... .......... .......... .......... 51% 77.3M 0s
[2.853s]   8050K .......... .......... .......... .......... .......... 51%  102M 0s
[2.855s]   8100K .......... .......... .......... .......... .......... 52% 31.4M 0s
[2.856s]   8150K .......... .......... .......... .......... .......... 52% 34.8M 0s
[2.863s]   8200K .......... .......... .......... .......... .......... 52% 7.06M 0s
[2.863s]   8250K .......... .......... .......... .......... .......... 53%  520M 0s
[2.864s]   8300K .......... .......... .......... .......... .......... 53%  403M 0s
[2.864s]   8350K .......... .......... .......... .......... .......... 53%  268M 0s
[2.864s]   8400K .......... .......... .......... .......... .......... 54%  370M 0s
[2.864s]   8450K .......... .......... .......... .......... .......... 54%  386M 0s
[2.864s]   8500K .......... .......... .......... .......... .......... 54%  378M 0s
[2.864s]   8550K .......... .......... .......... .......... .......... 55%  396M 0s
[2.864s]   8600K .......... .......... .......... .......... .......... 55%  405M 0s
[2.864s]   8650K .......... .......... .......... .......... .......... 55%  384M 0s
[2.866s]   8700K .......... .......... .......... .......... .......... 55% 71.9M 0s
[2.867s]   8750K .......... .......... .......... .......... .......... 56% 28.1M 0s
[2.868s]   8800K .......... .......... .......... .......... .......... 56% 31.5M 0s
[2.869s]   8850K .......... .......... .......... .......... .......... 56% 85.2M 0s
[2.869s]   8900K .......... .......... .......... .......... .......... 57%  115M 0s
[2.870s]   8950K .......... .......... .......... .......... .......... 57% 49.7M 0s
[2.871s]   9000K .......... .......... .......... .......... .......... 57%  118M 0s
[2.872s]   9050K .......... .......... .......... .......... .......... 58% 32.0M 0s
[2.874s]   9100K .......... .......... .......... .......... .......... 58% 29.9M 0s
[2.882s]   9150K .......... .......... .......... .......... .......... 58% 6.23M 0s
[2.882s]   9200K .......... .......... .......... .......... .......... 59%  426M 0s
[2.882s]   9250K .......... .......... .......... .......... .......... 59%  418M 0s
[2.882s]   9300K .......... .......... .......... .......... .......... 59%  356M 0s
[2.882s]   9350K .......... .......... .......... .......... .......... 60%  392M 0s
[2.882s]   9400K .......... .......... .......... .......... .......... 60%  370M 0s
[2.883s]   9450K .......... .......... .......... .......... .......... 60%  385M 0s
[2.883s]   9500K .......... .......... .......... .......... .......... 61%  354M 0s
[2.883s]   9550K .......... .......... .......... .......... .......... 61%  294M 0s
[2.883s]   9600K .......... .......... .......... .......... .......... 61%  392M 0s
[2.883s]   9650K .......... .......... .......... .......... .......... 62%  411M 0s
[2.883s]   9700K .......... .......... .......... .......... .......... 62%  407M 0s
[2.884s]   9750K .......... .......... .......... .......... .......... 62% 47.5M 0s
[2.886s]   9800K .......... .......... .......... .......... .......... 63% 23.2M 0s
[2.887s]   9850K .......... .......... .......... .......... .......... 63% 90.7M 0s
[2.888s]   9900K .......... .......... .......... .......... .......... 63%  104M 0s
[2.888s]   9950K .......... .......... .......... .......... .......... 63% 53.3M 0s
[2.889s]  10000K .......... .......... .......... .......... .......... 64% 84.5M 0s
[2.892s]  10050K .......... .......... .......... .......... .......... 64% 17.3M 0s
[2.892s]  10100K .......... .......... .......... .......... .......... 64% 84.5M 0s
[2.893s]  10150K .......... .......... .......... .......... .......... 65%  103M 0s
[2.893s]  10200K .......... .......... .......... .......... .......... 65% 94.4M 0s
[2.894s]  10250K .......... .......... .......... .......... .......... 65% 66.4M 0s
[2.895s]  10300K .......... .......... .......... .......... .......... 66% 62.4M 0s
[2.897s]  10350K .......... .......... .......... .......... .......... 66% 20.7M 0s
[2.898s]  10400K .......... .......... .......... .......... .......... 66% 50.5M 0s
[2.898s]  10450K .......... .......... .......... .......... .......... 67%  104M 0s
[2.899s]  10500K .......... .......... .......... .......... .......... 67%  104M 0s
[2.900s]  10550K .......... .......... .......... .......... .......... 67% 63.0M 0s
[2.900s]  10600K .......... .......... .......... .......... .......... 68% 60.2M 0s
[2.901s]  10650K .......... .......... .......... .......... .......... 68%  105M 0s
[2.903s]  10700K .......... .......... .......... .......... .......... 68% 22.0M 0s
[2.904s]  10750K .......... .......... .......... .......... .......... 69% 45.5M 0s
[2.905s]  10800K .......... .......... .......... .......... .......... 69% 93.8M 0s
[2.906s]  10850K .......... .......... .......... .......... .......... 69% 52.7M 0s
[2.906s]  10900K .......... .......... .......... .......... .......... 70%  119M 0s
[2.907s]  10950K .......... .......... .......... .......... .......... 70% 58.6M 0s
[2.909s]  11000K .......... .......... .......... .......... .......... 70% 27.3M 0s
[2.910s]  11050K .......... .......... .......... .......... .......... 71% 42.6M 0s
[2.911s]  11100K .......... .......... .......... .......... .......... 71%  117M 0s
[2.911s]  11150K .......... .......... .......... .......... .......... 71% 72.1M 0s
[2.912s]  11200K .......... .......... .......... .......... .......... 71% 42.9M 0s
[2.913s]  11250K .......... .......... .......... .......... .......... 72% 57.9M 0s
[2.914s]  11300K .......... .......... .......... .......... .......... 72% 36.8M 0s
[2.915s]  11350K .......... .......... .......... .......... .......... 72%  119M 0s
[2.916s]  11400K .......... .......... .......... .......... .......... 73% 34.3M 0s
[2.917s]  11450K .......... .......... .......... .......... .......... 73%  106M 0s
[2.918s]  11500K .......... .......... .......... .......... .......... 73% 45.1M 0s
[2.919s]  11550K .......... .......... .......... .......... .......... 74% 47.3M 0s
[2.919s]  11600K .......... .......... .......... .......... .......... 74%  118M 0s
[2.920s]  11650K .......... .......... .......... .......... .......... 74% 36.9M 0s
[2.922s]  11700K .......... .......... .......... .......... .......... 75% 26.3M 0s
[2.923s]  11750K .......... .......... .......... .......... .......... 75%  105M 0s
[2.923s]  11800K .......... .......... .......... .......... .......... 75%  103M 0s
[2.924s]  11850K .......... .......... .......... .......... .......... 76% 66.3M 0s
[2.925s]  11900K .......... .......... .......... .......... .......... 76% 53.0M 0s
[2.926s]  11950K .......... .......... .......... .......... .......... 76% 34.3M 0s
[2.928s]  12000K .......... .......... .......... .......... .......... 77% 31.8M 0s
[2.928s]  12050K .......... .......... .......... .......... .......... 77% 74.3M 0s
[2.929s]  12100K .......... .......... .......... .......... .......... 77% 83.7M 0s
[2.930s]  12150K .......... .......... .......... .......... .......... 78% 79.0M 0s
[2.931s]  12200K .......... .......... .......... .......... .......... 78% 50.9M 0s
[2.931s]  12250K .......... .......... .......... .......... .......... 78%  119M 0s
[2.932s]  12300K .......... .......... .......... .......... .......... 79% 36.8M 0s
[2.934s]  12350K .......... .......... .......... .......... .......... 79% 27.5M 0s
[2.935s]  12400K .......... .......... .......... .......... .......... 79% 83.3M 0s
[2.935s]  12450K .......... .......... .......... .......... .......... 79% 64.8M 0s
[2.936s]  12500K .......... .......... .......... .......... .......... 80%  119M 0s
[2.937s]  12550K .......... .......... .......... .......... .......... 80% 47.8M 0s
[2.938s]  12600K .......... .......... .......... .......... .......... 80% 32.7M 0s
[2.940s]  12650K .......... .......... .......... .......... .......... 81% 38.0M 0s
[2.941s]  12700K .......... .......... .......... .......... .......... 81% 72.6M 0s
[2.941s]  12750K .......... .......... .......... .......... .......... 81% 63.2M 0s
[2.942s]  12800K .......... .......... .......... .......... .......... 82%  104M 0s
[2.943s]  12850K .......... .......... .......... .......... .......... 82% 37.7M 0s
[2.944s]  12900K .......... .......... .......... .......... .......... 82% 37.1M 0s
[2.945s]  12950K .......... .......... .......... .......... .......... 83% 40.4M 0s
[2.946s]  13000K .......... .......... .......... .......... .......... 83%  117M 0s
[2.947s]  13050K .......... .......... .......... .......... .......... 83% 57.4M 0s
[2.947s]  13100K .......... .......... .......... .......... .......... 84% 93.9M 0s
[2.949s]  13150K .......... .......... .......... .......... .......... 84% 34.9M 0s
[2.950s]  13200K .......... .......... .......... .......... .......... 84% 33.3M 0s
[2.951s]  13250K .......... .......... .......... .......... .......... 85%  116M 0s
[2.952s]  13300K .......... .......... .......... .......... .......... 85% 46.8M 0s
[2.952s]  13350K .......... .......... .......... .......... .......... 85% 54.1M 0s
[2.953s]  13400K .......... .......... .......... .......... .......... 86%  105M 0s
[2.953s]  13450K .......... .......... .......... .......... .......... 86%  105M 0s
[2.955s]  13500K .......... .......... .......... .......... .......... 86% 38.8M 0s
[2.956s]  13550K .......... .......... .......... .......... .......... 87% 33.0M 0s
[2.957s]  13600K .......... .......... .......... .......... .......... 87% 38.1M 0s
[2.958s]  13650K .......... .......... .......... .......... .......... 87% 58.5M 0s
[2.959s]  13700K .......... .......... .......... .......... .......... 87%  119M 0s
[2.959s]  13750K .......... .......... .......... .......... .......... 88% 85.4M 0s
[2.960s]  13800K .......... .......... .......... .......... .......... 88% 40.6M 0s
[2.962s]  13850K .......... .......... .......... .......... .......... 88% 36.8M 0s
[2.963s]  13900K .......... .......... .......... .......... .......... 89%  104M 0s
[2.964s]  13950K .......... .......... .......... .......... .......... 89% 33.5M 0s
[2.965s]  14000K .......... .......... .......... .......... .......... 89% 47.0M 0s
[2.965s]  14050K .......... .......... .......... .......... .......... 90% 93.5M 0s
[2.966s]  14100K .......... .......... .......... .......... .......... 90% 52.1M 0s
[2.967s]  14150K .......... .......... .......... .......... .......... 90%  118M 0s
[2.968s]  14200K .......... .......... .......... .......... .......... 91% 32.7M 0s
[2.969s]  14250K .......... .......... .......... .......... .......... 91% 37.0M 0s
[2.970s]  14300K .......... .......... .......... .......... .......... 91% 50.6M 0s
[2.971s]  14350K .......... .......... .......... .......... .......... 92% 78.3M 0s
[2.971s]  14400K .......... .......... .......... .......... .......... 92%  119M 0s
[2.972s]  14450K .......... .......... .......... .......... .......... 92% 54.6M 0s
[2.974s]  14500K .......... .......... .......... .......... .......... 93% 32.5M 0s
[2.975s]  14550K .......... .......... .......... .......... .......... 93% 37.0M 0s
[2.976s]  14600K .......... .......... .......... .......... .......... 93%  119M 0s
[2.977s]  14650K .......... .......... .......... .......... .......... 94% 44.0M 0s
[2.977s]  14700K .......... .......... .......... .......... .......... 94%  102M 0s
[2.978s]  14750K .......... .......... .......... .......... .......... 94% 41.4M 0s
[2.980s]  14800K .......... .......... .......... .......... .......... 95% 39.5M 0s
[2.980s]  14850K .......... .......... .......... .......... .......... 95%  116M 0s
[2.981s]  14900K .......... .......... .......... .......... .......... 95% 38.2M 0s
[2.982s]  14950K .......... .......... .......... .......... .......... 95% 41.5M 0s
[2.983s]  15000K .......... .......... .......... .......... .......... 96% 93.6M 0s
[2.984s]  15050K .......... .......... .......... .......... .......... 96% 46.6M 0s
[2.986s]  15100K .......... .......... .......... .......... .......... 96%  105M 0s
[2.986s]  15150K .......... .......... .......... .......... .......... 97% 33.5M 0s
[2.987s]  15200K .......... .......... .......... .......... .......... 97% 46.5M 0s
[2.988s]  15250K .......... .......... .......... .......... .......... 97% 40.2M 0s
[2.989s]  15300K .......... .......... .......... .......... .......... 98%  105M 0s
[2.989s]  15350K .......... .......... .......... .......... .......... 98%  104M 0s
[2.990s]  15400K .......... .......... .......... .......... .......... 98% 42.9M 0s
[2.992s]  15450K .......... .......... .......... .......... .......... 99% 35.3M 0s
[2.998s]  15500K .......... .......... .......... .......... .......... 99% 55.2M 0s
[2.999s]  15550K .......... .......... .......... .......... .......... 99% 8.42M 0s
[2.999s]  15600K .......... .......... .....                           100%  588M=0.3s
[2.999s] 
[2.999s] 2026-02-10 17:15:55 (54.6 MB/s) - ‘/home/aisl/Documents/multi_robot_slam_ws/build/multirobot_map_merge/2011-08-09-12-22-52.pgm’ saved [16000058/16000058]
[2.999s] 
[2.999s] Checking MD5 sum of /home/aisl/Documents/multi_robot_slam_ws/build/multirobot_map_merge/2011-08-09-12-22-52.pgm
[3.019s] /home/aisl/Documents/multi_robot_slam_ws/build/multirobot_map_merge/2011-08-09-12-22-52.pgm: OK
[3.024s] --2026-02-10 17:15:55--  https://raw.githubusercontent.com/hrnr/m-explore-extra/master/map_merge/gmapping_maps/2012-01-28-11-12-01.pgm
[3.046s] Resolving raw.githubusercontent.com (raw.githubusercontent.com)... 185.199.111.133, 185.199.109.133, 185.199.110.133, ...
[3.052s] Connecting to raw.githubusercontent.com (raw.githubusercontent.com)|185.199.111.133|:443... connected.
[3.293s] HTTP request sent, awaiting response... 200 OK
[3.293s] Length: 16000058 (15M) [application/octet-stream]
[3.293s] Saving to: ‘/home/aisl/Documents/multi_robot_slam_ws/build/multirobot_map_merge/2012-01-28-11-12-01.pgm’
[3.293s] 
[3.298s]      0K .......... .......... .......... .......... ..........  0% 8.98M 2s
[3.301s]     50K .......... .......... .......... .......... ..........  0% 21.3M 1s
[3.309s]    100K .......... .......... .......... .......... ..........  0% 5.78M 2s
[3.309s]    150K .......... .......... .......... .......... ..........  1%  398M 1s
[3.309s]    200K .......... .......... .......... .......... ..........  1%  335M 1s
[3.309s]    250K .......... .......... .......... .......... ..........  1%  402M 1s
[3.311s]    300K .......... .......... .......... .......... ..........  2% 57.1M 1s
[3.312s]    350K .......... .......... .......... .......... ..........  2% 24.5M 1s
[3.316s]    400K .......... .......... .......... .......... ..........  2% 14.1M 1s
[3.317s]    450K .......... .......... .......... .......... ..........  3% 29.8M 1s
[3.320s]    500K .......... .......... .......... .......... ..........  3% 15.8M 1s
[3.322s]    550K .......... .......... .......... .......... ..........  3% 36.8M 1s
[3.323s]    600K .......... .......... .......... .......... ..........  4% 28.6M 1s
[3.327s]    650K .......... .......... .......... .......... ..........  4% 15.1M 1s
[3.328s]    700K .......... .......... .......... .......... ..........  4% 30.9M 1s
[3.332s]    750K .......... .......... .......... .......... ..........  5% 12.1M 1s
[3.333s]    800K .......... .......... .......... .......... ..........  5% 70.5M 1s
[3.335s]    850K .......... .......... .......... .......... ..........  5% 25.7M 1s
[3.338s]    900K .......... .......... .......... .......... ..........  6% 14.6M 1s
[3.340s]    950K .......... .......... .......... .......... ..........  6% 37.3M 1s
[3.341s]   1000K .......... .......... .......... .......... ..........  6% 26.0M 1s
[3.345s]   1050K .......... .......... .......... .......... ..........  7% 15.2M 1s
[3.346s]   1100K .......... .......... .......... .......... ..........  7% 29.8M 1s
[3.350s]   1150K .......... .......... .......... .......... ..........  7% 15.1M 1s
[3.351s]   1200K .......... .......... .......... .......... ..........  7% 37.0M 1s
[3.353s]   1250K .......... .......... .......... .......... ..........  8% 26.4M 1s
[3.356s]   1300K .......... .......... .......... .......... ..........  8% 16.7M 1s
[3.357s]   1350K .......... .......... .......... .......... ..........  8% 27.6M 1s
[3.359s]   1400K .......... .......... .......... .......... ..........  9% 23.9M 1s
[3.362s]   1450K .......... .......... .......... .......... ..........  9% 17.7M 1s
[3.366s]   1500K .......... .......... .......... .......... ..........  9% 68.0M 1s
[3.366s]   1550K .......... .......... .......... .......... .......... 10% 13.9M 1s
[3.369s]   1600K .......... .......... .......... .......... .......... 10% 19.8M 1s
[3.372s]   1650K .......... .......... .......... .......... .......... 10% 18.4M 1s
[3.373s]   1700K .......... .......... .......... .......... .......... 11% 33.1M 1s
[3.374s]   1750K .......... .......... .......... .......... .......... 11% 33.7M 1s
[3.377s]   1800K .......... .......... .......... .......... .......... 11% 17.6M 1s
[3.379s]   1850K .......... .......... .......... .......... .......... 12% 36.6M 1s
[3.382s]   1900K .......... .......... .......... .......... .......... 12% 16.1M 1s
[3.384s]   1950K .......... .......... .......... .......... .......... 12% 20.6M 1s
[3.385s]   2000K .......... .......... .......... .......... .......... 13% 32.2M 1s
[3.388s]   2050K .......... .......... .......... .......... .......... 13% 17.5M 1s
[3.390s]   2100K .......... .......... .......... .......... .......... 13% 38.5M 1s
[3.393s]   2150K .......... .......... .......... .......... .......... 14% 16.2M 1s
[3.394s]   2200K .......... .......... .......... .......... .......... 14% 36.9M 1s
[3.396s]   2250K .......... .......... .......... .......... .......... 14% 20.2M 1s
[3.399s]   2300K .......... .......... .......... .......... .......... 15% 26.0M 1s
[3.414s]   2350K .......... .......... .......... .......... .......... 15% 3.04M 1s
[3.418s]   2400K .......... .......... .......... .......... .......... 15% 12.3M 1s
[3.422s]   2450K .......... .......... .......... .......... .......... 15% 11.6M 1s
[3.425s]   2500K .......... .......... .......... .......... .......... 16% 21.3M 1s
[3.426s]   2550K .......... .......... .......... .......... .......... 16% 41.5M 1s
[3.428s]   2600K .......... .......... .......... .......... .......... 16% 20.4M 1s
[3.430s]   2650K .......... .......... .......... .......... .......... 17% 25.2M 1s
[3.433s]   2700K .......... .......... .......... .......... .......... 17% 22.1M 1s
[3.436s]   2750K .......... .......... .......... .......... .......... 17% 16.0M 1s
[3.437s]   2800K .......... .......... .......... .......... .......... 18% 39.8M 1s
[3.439s]   2850K .......... .......... .......... .......... .......... 18% 19.3M 1s
[3.441s]   2900K .......... .......... .......... .......... .......... 18% 26.9M 1s
[3.443s]   2950K .......... .......... .......... .......... .......... 19% 23.1M 1s
[3.445s]   3000K .......... .......... .......... .......... .......... 19% 31.2M 1s
[3.448s]   3050K .......... .......... .......... .......... .......... 19% 16.4M 1s
[3.450s]   3100K .......... .......... .......... .......... .......... 20% 39.6M 1s
[3.452s]   3150K .......... .......... .......... .......... .......... 20% 17.0M 1s
[3.454s]   3200K .......... .......... .......... .......... .......... 20% 22.8M 1s
[3.455s]   3250K .......... .......... .......... .......... .......... 21% 32.2M 1s
[3.459s]   3300K .......... .......... .......... .......... .......... 21% 13.0M 1s
[3.460s]   3350K .......... .......... .......... .......... .......... 21% 38.5M 1s
[3.462s]   3400K .......... .......... .......... .......... .......... 22% 26.6M 1s
[3.465s]   3450K .......... .......... .......... .......... .......... 22% 18.1M 1s
[3.466s]   3500K .......... .......... .......... .......... .......... 22% 36.3M 1s
[3.470s]   3550K .......... .......... .......... .......... .......... 23% 13.7M 1s
[3.471s]   3600K .......... .......... .......... .......... .......... 23% 38.8M 1s
[3.473s]   3650K .......... .......... .......... .......... .......... 23% 25.5M 1s
[3.476s]   3700K .......... .......... .......... .......... .......... 23% 19.1M 1s
[3.477s]   3750K .......... .......... .......... .......... .......... 24% 33.8M 1s
[3.480s]   3800K .......... .......... .......... .......... .......... 24% 16.0M 1s
[3.483s]   3850K .......... .......... .......... .......... .......... 24% 20.8M 1s
[3.484s]   3900K .......... .......... .......... .......... .......... 25% 28.0M 1s
[3.488s]   3950K .......... .......... .......... .......... .......... 25% 15.0M 1s
[3.489s]   4000K .......... .......... .......... .......... .......... 25% 35.3M 1s
[3.491s]   4050K .......... .......... .......... .......... .......... 26% 22.2M 1s
[3.493s]   4100K .......... .......... .......... .......... .......... 26% 26.7M 1s
[3.495s]   4150K .......... .......... .......... .......... .......... 26% 22.1M 1s
[3.497s]   4200K .......... .......... .......... .......... .......... 27% 30.9M 1s
[3.500s]   4250K .......... .......... .......... .......... .......... 27% 15.9M 1s
[3.502s]   4300K .......... .......... .......... .......... .......... 27% 51.4M 1s
[3.504s]   4350K .......... .......... .......... .......... .......... 28% 17.1M 1s
[3.506s]   4400K .......... .......... .......... .......... .......... 28% 20.7M 1s
[3.507s]   4450K .......... .......... .......... .......... .......... 28% 33.4M 1s
[3.511s]   4500K .......... .......... .......... .......... .......... 29% 14.9M 1s
[3.512s]   4550K .......... .......... .......... .......... .......... 29% 59.5M 1s
[3.514s]   4600K .......... .......... .......... .......... .......... 29% 16.7M 1s
[3.516s]   4650K .......... .......... .......... .......... .......... 30% 25.9M 1s
[3.518s]   4700K .......... .......... .......... .......... .......... 30% 25.4M 1s
[3.521s]   4750K .......... .......... .......... .......... .......... 30% 15.1M 1s
[3.522s]   4800K .......... .......... .......... .......... .......... 31% 51.8M 1s
[3.525s]   4850K .......... .......... .......... .......... .......... 31% 18.0M 1s
[3.527s]   4900K .......... .......... .......... .......... .......... 31% 28.3M 1s
[3.529s]   4950K .......... .......... .......... .......... .......... 31% 21.5M 1s
[3.530s]   5000K .......... .......... .......... .......... .......... 32% 34.7M 0s
[3.533s]   5050K .......... .......... .......... .......... .......... 32% 20.0M 0s
[3.542s]   5100K .......... .......... .......... .......... .......... 32% 27.4M 0s
[3.542s]   5150K .......... .......... .......... .......... .......... 33% 6.80M 0s
[3.542s]   5200K .......... .......... .......... .......... .......... 33%  403M 0s
[3.542s]   5250K .......... .......... .......... .......... .......... 33%  410M 0s
[3.546s]   5300K .......... .......... .......... .......... .......... 34% 14.0M 0s
[3.547s]   5350K .......... .......... .......... .......... .......... 34% 55.4M 0s
[3.551s]   5400K .......... .......... .......... .......... .......... 34% 11.0M 0s
[3.552s]   5450K .......... .......... .......... .......... .......... 35% 32.5M 0s
[3.557s]   5500K .......... .......... .......... .......... .......... 35% 12.6M 0s
[3.559s]   5550K .......... .......... .......... .......... .......... 35% 16.6M 0s
[3.562s]   5600K .......... .......... .......... .......... .......... 36% 17.5M 0s
[3.565s]   5650K .......... .......... .......... .......... .......... 36% 17.2M 0s
[3.567s]   5700K .......... .......... .......... .......... .......... 36% 20.1M 0s
[3.571s]   5750K .......... .......... .......... .......... .......... 37% 15.4M 0s
[3.574s]   5800K .......... .......... .......... .......... .......... 37% 14.9M 0s
[3.576s]   5850K .......... .......... .......... .......... .......... 37% 27.7M 0s
[3.579s]   5900K .......... .......... .......... .......... .......... 38% 13.7M 0s
[3.583s]   5950K .......... .......... .......... .......... .......... 38% 12.6M 0s
[3.585s]   6000K .......... .......... .......... .......... .......... 38% 27.7M 0s
[3.587s]   6050K .......... .......... .......... .......... .......... 39% 19.1M 0s
[3.590s]   6100K .......... .......... .......... .......... .......... 39% 17.6M 0s
[3.593s]   6150K .......... .......... .......... .......... .......... 39% 19.6M 0s
[3.595s]   6200K .......... .......... .......... .......... .......... 39% 17.2M 0s
[3.598s]   6250K .......... .......... .......... .......... .......... 40% 19.7M 0s
[3.601s]   6300K .......... .......... .......... .......... .......... 40% 29.4M 0s
[3.604s]   6350K .......... .......... .......... .......... .......... 40% 11.6M 0s
[3.606s]   6400K .......... .......... .......... .......... .......... 41% 19.9M 0s
[3.609s]   6450K .......... .......... .......... .......... .......... 41% 18.2M 0s
[3.612s]   6500K .......... .......... .......... .......... .......... 41% 18.7M 0s
[3.613s]   6550K .......... .......... .......... .......... .......... 42% 38.5M 0s
[3.617s]   6600K .......... .......... .......... .......... .......... 42% 12.0M 0s
[3.618s]   6650K .......... .......... .......... .......... .......... 42% 37.8M 0s
[3.623s]   6700K .......... .......... .......... .......... .......... 43% 11.5M 0s
[3.625s]   6750K .......... .......... .......... .......... .......... 43% 22.7M 0s
[3.628s]   6800K .......... .......... .......... .......... .......... 43% 14.0M 0s
[3.630s]   6850K .......... .......... .......... .......... .......... 44% 26.3M 0s
[3.633s]   6900K .......... .......... .......... .......... .......... 44% 16.2M 0s
[3.634s]   6950K .......... .......... .......... .......... .......... 44% 30.7M 0s
[3.636s]   7000K .......... .......... .......... .......... .......... 45% 27.1M 0s
[3.640s]   7050K .......... .......... .......... .......... .......... 45% 13.6M 0s
[3.644s]   7100K .......... .......... .......... .......... .......... 45% 22.1M 0s
[3.645s]   7150K .......... .......... .......... .......... .......... 46% 15.5M 0s
[3.648s]   7200K .......... .......... .......... .......... .......... 46% 21.1M 0s
[3.651s]   7250K .......... .......... .......... .......... .......... 46% 15.6M 0s
[3.653s]   7300K .......... .......... .......... .......... .......... 47% 23.1M 0s
[3.655s]   7350K .......... .......... .......... .......... .......... 47% 20.7M 0s
[3.657s]   7400K .......... .......... .......... .......... .......... 47% 27.8M 0s
[3.660s]   7450K .......... .......... .......... .......... .......... 47% 14.0M 0s
[3.663s]   7500K .......... .......... .......... .......... .......... 48% 28.0M 0s
[3.666s]   7550K .......... .......... .......... .......... .......... 48% 12.9M 0s
[3.668s]   7600K .......... .......... .......... .......... .......... 48% 28.3M 0s
[3.671s]   7650K .......... .......... .......... .......... .......... 49% 14.1M 0s
[3.673s]   7700K .......... .......... .......... .......... .......... 49% 27.3M 0s
[3.675s]   7750K .......... .......... .......... .......... .......... 49% 19.1M 0s
[3.678s]   7800K .......... .......... .......... .......... .......... 50% 22.1M 0s
[3.679s]   7850K .......... .......... .......... .......... .......... 50% 31.2M 0s
[3.683s]   7900K .......... .......... .......... .......... .......... 50% 12.9M 0s
[3.686s]   7950K .......... .......... .......... .......... .......... 51% 17.2M 0s
[3.688s]   8000K .......... .......... .......... .......... .......... 51% 19.6M 0s
[3.690s]   8050K .......... .......... .......... .......... .......... 51% 35.1M 0s
[3.693s]   8100K .......... .......... .......... .......... .......... 52% 15.9M 0s
[3.695s]   8150K .......... .......... .......... .......... .......... 52% 23.5M 0s
[3.698s]   8200K .......... .......... .......... .......... .......... 52% 15.4M 0s
[3.700s]   8250K .......... .......... .......... .......... .......... 53% 23.8M 0s
[3.704s]   8300K .......... .......... .......... .......... .......... 53% 29.9M 0s
[3.705s]   8350K .......... .......... .......... .......... .......... 53% 15.6M 0s
[3.710s]   8400K .......... .......... .......... .......... .......... 54% 10.1M 0s
[3.711s]   8450K .......... .......... .......... .......... .......... 54% 45.2M 0s
[3.715s]   8500K .......... .......... .......... .......... .......... 54% 11.8M 0s
[3.716s]   8550K .......... .......... .......... .......... .......... 55% 71.9M 0s
[3.718s]   8600K .......... .......... .......... .......... .......... 55% 21.0M 0s
[3.721s]   8650K .......... .......... .......... .......... .......... 55% 16.6M 0s
[3.723s]   8700K .......... .......... .......... .......... .......... 55% 20.9M 0s
[3.727s]   8750K .......... .......... .......... .......... .......... 56% 12.3M 0s
[3.728s]   8800K .......... .......... .......... .......... .......... 56% 71.1M 0s
[3.731s]   8850K .......... .......... .......... .......... .......... 56% 14.0M 0s
[3.733s]   8900K .......... .......... .......... .......... .......... 57% 28.4M 0s
[3.736s]   8950K .......... .......... .......... .......... .......... 57% 16.8M 0s
[3.738s]   9000K .......... .......... .......... .......... .......... 57% 25.6M 0s
[3.739s]   9050K .......... .......... .......... .......... .......... 58% 35.7M 0s
[3.743s]   9100K .......... .......... .......... .......... .......... 58% 12.9M 0s
[3.744s]   9150K .......... .......... .......... .......... .......... 58% 35.0M 0s
[3.748s]   9200K .......... .......... .......... .......... .......... 59% 12.6M 0s
[3.750s]   9250K .......... .......... .......... .......... .......... 59% 36.6M 0s
[3.751s]   9300K .......... .......... .......... .......... .......... 59% 31.2M 0s
[3.754s]   9350K .......... .......... .......... .......... .......... 60% 14.8M 0s
[3.756s]   9400K .......... .......... .......... .......... .......... 60% 33.9M 0s
[3.758s]   9450K .......... .......... .......... .......... .......... 60% 26.4M 0s
[3.761s]   9500K .......... .......... .......... .......... .......... 61% 15.0M 0s
[3.763s]   9550K .......... .......... .......... .......... .......... 61% 28.2M 0s
[3.766s]   9600K .......... .......... .......... .......... .......... 61% 15.7M 0s
[3.767s]   9650K .......... .......... .......... .......... .......... 62% 34.9M 0s
[3.769s]   9700K .......... .......... .......... .......... .......... 62% 26.6M 0s
[3.772s]   9750K .......... .......... .......... .......... .......... 62% 16.8M 0s
[3.773s]   9800K .......... .......... .......... .......... .......... 63% 57.5M 0s
[3.777s]   9850K .......... .......... .......... .......... .......... 63% 12.2M 0s
[3.778s]   9900K .......... .......... .......... .......... .......... 63% 58.2M 0s
[3.781s]   9950K .......... .......... .......... .......... .......... 63% 15.3M 0s
[3.788s]  10000K .......... .......... .......... .......... .......... 64% 7.11M 0s
[3.788s]  10050K .......... .......... .......... .......... .......... 64%  409M 0s
[3.788s]  10100K .......... .......... .......... .......... .......... 64%  420M 0s
[3.791s]  10150K .......... .......... .......... .......... .......... 65% 19.6M 0s
[3.794s]  10200K .......... .......... .......... .......... .......... 65% 14.8M 0s
[3.796s]  10250K .......... .......... .......... .......... .......... 65% 21.5M 0s
[3.801s]  10300K .......... .......... .......... .......... .......... 66% 15.1M 0s
[3.805s]  10350K .......... .......... .......... .......... .......... 66% 9.43M 0s
[3.807s]  10400K .......... .......... .......... .......... .......... 66% 21.4M 0s
[3.810s]  10450K .......... .......... .......... .......... .......... 67% 15.9M 0s
[3.812s]  10500K .......... .......... .......... .......... .......... 67% 19.4M 0s
[3.815s]  10550K .......... .......... .......... .......... .......... 67% 16.8M 0s
[3.821s]  10600K .......... .......... .......... .......... .......... 68% 8.06M 0s
[3.826s]  10650K .......... .......... .......... .......... .......... 68% 10.1M 0s
[3.831s]  10700K .......... .......... .......... .......... .......... 68% 14.8M 0s
[3.833s]  10750K .......... .......... .......... .......... .......... 69% 14.0M 0s
[3.836s]  10800K .......... .......... .......... .......... .......... 69% 16.7M 0s
[3.839s]  10850K .......... .......... .......... .......... .......... 69% 14.8M 0s
[3.843s]  10900K .......... .......... .......... .......... .......... 70% 13.1M 0s
[3.845s]  10950K .......... .......... .......... .......... .......... 70% 27.7M 0s
[3.850s]  11000K .......... .......... .......... .......... .......... 70% 9.76M 0s
[3.852s]  11050K .......... .......... .......... .......... .......... 71% 21.1M 0s
[3.856s]  11100K .......... .......... .......... .......... .......... 71% 16.1M 0s
[3.859s]  11150K .......... .......... .......... .......... .......... 71% 12.7M 0s
[3.862s]  11200K .......... .......... .......... .......... .......... 71% 17.0M 0s
[3.866s]  11250K .......... .......... .......... .......... .......... 72% 13.1M 0s
[3.868s]  11300K .......... .......... .......... .......... .......... 72% 21.4M 0s
[3.871s]  11350K .......... .......... .......... .......... .......... 72% 15.4M 0s
[3.873s]  11400K .......... .......... .......... .......... .......... 73% 22.8M 0s
[3.878s]  11450K .......... .......... .......... .......... .......... 73% 11.1M 0s
[3.881s]  11500K .......... .......... .......... .......... .......... 73% 19.8M 0s
[3.884s]  11550K .......... .......... .......... .......... .......... 74% 12.6M 0s
[3.887s]  11600K .......... .......... .......... .......... .......... 74% 16.9M 0s
[3.889s]  11650K .......... .......... .......... .......... .......... 74% 18.2M 0s
[3.893s]  11700K .......... .......... .......... .......... .......... 75% 12.9M 0s
[3.896s]  11750K .......... .......... .......... .......... .......... 75% 19.6M 0s
[3.899s]  11800K .......... .......... .......... .......... .......... 75% 17.3M 0s
[3.901s]  11850K .......... .......... .......... .......... .......... 76% 19.6M 0s
[3.906s]  11900K .......... .......... .......... .......... .......... 76% 12.2M 0s
[3.909s]  11950K .......... .......... .......... .......... .......... 76% 12.6M 0s
[3.911s]  12000K .......... .......... .......... .......... .......... 77% 19.0M 0s
[3.914s]  12050K .......... .......... .......... .......... .......... 77% 16.9M 0s
[3.919s]  12100K .......... .......... .......... .......... .......... 77% 10.3M 0s
[3.921s]  12150K .......... .......... .......... .......... .......... 78% 30.8M 0s
[3.924s]  12200K .......... .......... .......... .......... .......... 78% 13.1M 0s
[3.926s]  12250K .......... .......... .......... .......... .......... 78% 33.6M 0s
[3.930s]  12300K .......... .......... .......... .......... .......... 79% 11.8M 0s
[3.933s]  12350K .......... .......... .......... .......... .......... 79% 18.2M 0s
[3.935s]  12400K .......... .......... .......... .......... .......... 79% 17.4M 0s
[3.937s]  12450K .......... .......... .......... .......... .......... 79% 26.7M 0s
[3.941s]  12500K .......... .......... .......... .......... .......... 80% 13.8M 0s
[3.943s]  12550K .......... .......... .......... .......... .......... 80% 23.5M 0s
[3.946s]  12600K .......... .......... .......... .......... .......... 80% 16.6M 0s
[3.948s]  12650K .......... .......... .......... .......... .......... 81% 24.7M 0s
[3.952s]  12700K .......... .......... .......... .......... .......... 81% 11.8M 0s
[3.955s]  12750K .......... .......... .......... .......... .......... 81% 18.4M 0s
[3.963s]  12800K .......... .......... .......... .......... .......... 82% 6.02M 0s
[3.963s]  12850K .......... .......... .......... .......... .......... 82%  398M 0s
[3.963s]  12900K .......... .......... .......... .......... .......... 82%  258M 0s
[3.966s]  12950K .......... .......... .......... .......... .......... 83% 17.7M 0s
[3.969s]  13000K .......... .......... .......... .......... .......... 83% 16.3M 0s
[3.971s]  13050K .......... .......... .......... .......... .......... 83% 19.8M 0s
[3.976s]  13100K .......... .......... .......... .......... .......... 84% 16.4M 0s
[3.979s]  13150K .......... .......... .......... .......... .......... 84% 9.28M 0s
[3.982s]  13200K .......... .......... .......... .......... .......... 84% 20.5M 0s
[3.985s]  13250K .......... .......... .......... .......... .......... 85% 15.7M 0s
[3.987s]  13300K .......... .......... .......... .......... .......... 85% 20.5M 0s
[3.992s]  13350K .......... .......... .......... .......... .......... 85% 11.0M 0s
[3.994s]  13400K .......... .......... .......... .......... .......... 86% 25.6M 0s
[3.997s]  13450K .......... .......... .......... .......... .......... 86% 14.4M 0s
[4.001s]  13500K .......... .......... .......... .......... .......... 86% 22.6M 0s
[4.004s]  13550K .......... .......... .......... .......... .......... 87% 10.6M 0s
[4.008s]  13600K .......... .......... .......... .......... .......... 87% 13.0M 0s
[4.010s]  13650K .......... .......... .......... .......... .......... 87% 22.0M 0s
[4.013s]  13700K .......... .......... .......... .......... .......... 87% 15.6M 0s
[4.015s]  13750K .......... .......... .......... .......... .......... 88% 21.8M 0s
[4.020s]  13800K .......... .......... .......... .......... .......... 88% 10.5M 0s
[4.022s]  13850K .......... .......... .......... .......... .......... 88% 19.4M 0s
[4.030s]  13900K .......... .......... .......... .......... .......... 89% 6.38M 0s
[4.030s]  13950K .......... .......... .......... .......... .......... 89%  455M 0s
[4.030s]  14000K .......... .......... .......... .......... .......... 89%  145M 0s
[4.034s]  14050K .......... .......... .......... .......... .......... 90% 13.0M 0s
[4.036s]  14100K .......... .......... .......... .......... .......... 90% 26.3M 0s
[4.040s]  14150K .......... .......... .......... .......... .......... 90% 12.3M 0s
[4.043s]  14200K .......... .......... .......... .......... .......... 91% 14.9M 0s
[4.046s]  14250K .......... .......... .......... .......... .......... 91% 18.8M 0s
[4.050s]  14300K .......... .......... .......... .......... .......... 91% 17.4M 0s
[4.052s]  14350K .......... .......... .......... .......... .......... 92% 12.9M 0s
[4.056s]  14400K .......... .......... .......... .......... .......... 92% 13.7M 0s
[4.059s]  14450K .......... .......... .......... .......... .......... 92% 15.3M 0s
[4.062s]  14500K .......... .......... .......... .......... .......... 93% 15.0M 0s
[4.065s]  14550K .......... .......... .......... .......... .......... 93% 21.7M 0s
[4.068s]  14600K .......... .......... .......... .......... .......... 93% 13.1M 0s
[4.072s]  14650K .......... .......... .......... .......... .......... 94% 14.4M 0s
[4.076s]  14700K .......... .......... .......... .......... .......... 94% 20.9M 0s
[4.079s]  14750K .......... .......... .......... .......... .......... 94% 11.1M 0s
[4.082s]  14800K .......... .......... .......... .......... .......... 95% 12.7M 0s
[4.085s]  14850K .......... .......... .......... .......... .......... 95% 22.7M 0s
[4.088s]  14900K .......... .......... .......... .......... .......... 95% 14.8M 0s
[4.090s]  14950K .......... .......... .......... .......... .......... 95% 22.6M 0s
[4.094s]  15000K .......... .......... .......... .......... .......... 96% 12.3M 0s
[4.097s]  15050K .......... .......... .......... .......... .......... 96% 16.9M 0s
[4.101s]  15100K .......... .......... .......... .......... .......... 96% 15.0M 0s
[4.105s]  15150K .......... .......... .......... .......... .......... 97% 11.2M 0s
[4.107s]  15200K .......... .......... .......... .......... .......... 97% 25.0M 0s
[4.111s]  15250K .......... .......... .......... .......... .......... 97% 11.4M 0s
[4.113s]  15300K .......... .......... .......... .......... .......... 98% 21.1M 0s
[4.116s]  15350K .......... .......... .......... .......... .......... 98% 16.3M 0s
[4.118s]  15400K .......... .......... .......... .......... .......... 98% 21.1M 0s
[4.121s]  15450K .......... .......... .......... .......... .......... 99% 16.2M 0s
[4.126s]  15500K .......... .......... .......... .......... .......... 99% 10.7M 0s
[4.129s]  15550K .......... .......... .......... .......... .......... 99% 17.9M 0s
[4.129s]  15600K .......... .......... .....                           100%  241M=0.8s
[4.129s] 
[4.129s] 2026-02-10 17:15:56 (18.3 MB/s) - ‘/home/aisl/Documents/multi_robot_slam_ws/build/multirobot_map_merge/2012-01-28-11-12-01.pgm’ saved [16000058/16000058]
[4.129s] 
[4.130s] Checking MD5 sum of /home/aisl/Documents/multi_robot_slam_ws/build/multirobot_map_merge/2012-01-28-11-12-01.pgm
[4.149s] /home/aisl/Documents/multi_robot_slam_ws/build/multirobot_map_merge/2012-01-28-11-12-01.pgm: OK
[4.152s] -- Found gtest sources under '/opt/ros/jazzy/src/gtest_vendor': C++ tests using 'Google Test' will be built
[4.156s] -- Found Threads: TRUE  
[4.160s] -- Added test 'cppcheck' to perform static code analysis on C / C++ code
[4.160s] -- Configured cppcheck include dirs: /home/aisl/Documents/multi_robot_slam_ws/src/m-explore-ros2/m-explore-ros2-main/map_merge/include;$<BUILD_INTERFACE:/home/aisl/Documents/multi_robot_slam_ws/src/m-explore-ros2/m-explore-ros2-main/map_merge/include>
[4.160s] -- Configured cppcheck exclude dirs and/or files: 
[4.161s] -- Added test 'flake8' to check Python code syntax and style conventions
[4.161s] -- Configured 'flake8' exclude dirs and/or files: 
[4.162s] -- Added test 'lint_cmake' to check CMake code style
[4.162s] -- Added test 'pep257' to check Python code against some of the docstring style conventions in PEP 257
[4.164s] -- Added test 'uncrustify' to check C / C++ code style
[4.164s] -- Configured uncrustify additional arguments: 
[4.165s] -- Added test 'xmllint' to check XML markup files
[4.167s] -- Configuring done (4.0s)
[4.239s] -- Generating done (0.0s)
[4.246s] -- Build files have been written to: /home/aisl/Documents/multi_robot_slam_ws/build/multirobot_map_merge
[4.258s] Invoked command in '/home/aisl/Documents/multi_robot_slam_ws/build/multirobot_map_merge' returned '0': BYOBU_DATE=%Y-%m-%d CMAKE_PREFIX_PATH=${CMAKE_PREFIX_PATH}:/home/aisl/Documents/multi_robot_slam_ws/install/multi_robot_slam_py:/opt/ros/jazzy DEBUGINFOD_URLS=https://debuginfod.ubuntu.com PS1=\[\e[38;5;202m\]$(byobu_prompt_status)\[\e[00m\]$(byobu_prompt_runtime) \[\e[38;5;245m\]\u\[\e[00m\]@\[\e[38;5;172m\]\h\[\e[00m\]:\[\e[38;5;5m\]\w\[\e[00m\]$(byobu_prompt_symbol) /usr/bin/cmake /home/aisl/Documents/multi_robot_slam_ws/src/m-explore-ros2/m-explore-ros2-main/map_merge -DCMAKE_INSTALL_PREFIX=/home/aisl/Documents/multi_robot_slam_ws/install/multirobot_map_merge
[4.259s] Invoking command in '/home/aisl/Documents/multi_robot_slam_ws/build/multirobot_map_merge': BYOBU_DATE=%Y-%m-%d CMAKE_PREFIX_PATH=${CMAKE_PREFIX_PATH}:/home/aisl/Documents/multi_robot_slam_ws/install/multi_robot_slam_py:/opt/ros/jazzy DEBUGINFOD_URLS=https://debuginfod.ubuntu.com PS1=\[\e[38;5;202m\]$(byobu_prompt_status)\[\e[00m\]$(byobu_prompt_runtime) \[\e[38;5;245m\]\u\[\e[00m\]@\[\e[38;5;172m\]\h\[\e[00m\]:\[\e[38;5;5m\]\w\[\e[00m\]$(byobu_prompt_symbol) /usr/bin/cmake --build /home/aisl/Documents/multi_robot_slam_ws/build/multirobot_map_merge -- -j20 -l20
[4.299s] [ 25%] [32mBuilding CXX object CMakeFiles/combine_grids.dir/src/combine_grids/grid_compositor.cpp.o[0m
[4.299s] [ 25%] [32mBuilding CXX object gtest/CMakeFiles/gtest_main.dir/src/gtest_main.cc.o[0m
[4.299s] [ 25%] [32mBuilding CXX object CMakeFiles/combine_grids.dir/src/combine_grids/grid_warper.cpp.o[0m
[4.299s] [ 41%] [32mBuilding CXX object CMakeFiles/combine_grids.dir/src/combine_grids/merging_pipeline.cpp.o[0m
[4.299s] [ 41%] [32mBuilding CXX object gtest/CMakeFiles/gtest.dir/src/gtest-all.cc.o[0m
[4.992s] [ 50%] [32m[1mLinking CXX static library libgtest_main.a[0m
[5.018s] [ 50%] Built target gtest_main
[7.154s] [ 58%] [32m[1mLinking CXX static library libcombine_grids.a[0m
[7.182s] [ 58%] Built target combine_grids
[7.199s] [ 66%] [32mBuilding CXX object CMakeFiles/map_merge.dir/src/map_merge.cpp.o[0m
[7.248s] [ 75%] [32m[1mLinking CXX static library libgtest.a[0m
[7.288s] [ 75%] Built target gtest
[7.304s] [ 83%] [32mBuilding CXX object CMakeFiles/test_merging_pipeline.dir/test/test_merging_pipeline.cpp.o[0m
[10.805s] [ 91%] [32m[1mLinking CXX executable test_merging_pipeline[0m
[11.273s] [ 91%] Built target test_merging_pipeline
[16.334s] [100%] [32m[1mLinking CXX executable map_merge[0m
[16.907s] [100%] Built target map_merge
[16.914s] Invoked command in '/home/aisl/Documents/multi_robot_slam_ws/build/multirobot_map_merge' returned '0': BYOBU_DATE=%Y-%m-%d CMAKE_PREFIX_PATH=${CMAKE_PREFIX_PATH}:/home/aisl/Documents/multi_robot_slam_ws/install/multi_robot_slam_py:/opt/ros/jazzy DEBUGINFOD_URLS=https://debuginfod.ubuntu.com PS1=\[\e[38;5;202m\]$(byobu_prompt_status)\[\e[00m\]$(byobu_prompt_runtime) \[\e[38;5;245m\]\u\[\e[00m\]@\[\e[38;5;172m\]\h\[\e[00m\]:\[\e[38;5;5m\]\w\[\e[00m\]$(byobu_prompt_symbol) /usr/bin/cmake --build /home/aisl/Documents/multi_robot_slam_ws/build/multirobot_map_merge -- -j20 -l20
[16.915s] Invoking command in '/home/aisl/Documents/multi_robot_slam_ws/build/multirobot_map_merge': BYOBU_DATE=%Y-%m-%d CMAKE_PREFIX_PATH=${CMAKE_PREFIX_PATH}:/home/aisl/Documents/multi_robot_slam_ws/install/multi_robot_slam_py:/opt/ros/jazzy DEBUGINFOD_URLS=https://debuginfod.ubuntu.com PS1=\[\e[38;5;202m\]$(byobu_prompt_status)\[\e[00m\]$(byobu_prompt_runtime) \[\e[38;5;245m\]\u\[\e[00m\]@\[\e[38;5;172m\]\h\[\e[00m\]:\[\e[38;5;5m\]\w\[\e[00m\]$(byobu_prompt_symbol) /usr/bin/cmake --install /home/aisl/Documents/multi_robot_slam_ws/build/multirobot_map_merge
[16.921s] -- Install configuration: ""
[16.921s] -- Installing: /home/aisl/Documents/multi_robot_slam_ws/install/multirobot_map_merge/include/map_merge/
[16.921s] -- Installing: /home/aisl/Documents/multi_robot_slam_ws/install/multirobot_map_merge/include/map_merge//ros1_names.hpp
[16.921s] -- Installing: /home/aisl/Documents/multi_robot_slam_ws/install/multirobot_map_merge/include/map_merge//map_merge.h
[16.921s] -- Installing: /home/aisl/Documents/multi_robot_slam_ws/install/multirobot_map_merge/share/multirobot_map_merge/launch
[16.921s] -- Installing: /home/aisl/Documents/multi_robot_slam_ws/install/multirobot_map_merge/share/multirobot_map_merge/launch/tb3_simulation
[16.921s] -- Installing: /home/aisl/Documents/multi_robot_slam_ws/install/multirobot_map_merge/share/multirobot_map_merge/launch/tb3_simulation/worlds
[16.921s] -- Installing: /home/aisl/Documents/multi_robot_slam_ws/install/multirobot_map_merge/share/multirobot_map_merge/launch/tb3_simulation/worlds/world_only.model
[16.921s] -- Installing: /home/aisl/Documents/multi_robot_slam_ws/install/multirobot_map_merge/share/multirobot_map_merge/launch/tb3_simulation/multi_tb3_simulation_launch.py
[16.921s] -- Installing: /home/aisl/Documents/multi_robot_slam_ws/install/multirobot_map_merge/share/multirobot_map_merge/launch/tb3_simulation/config
[16.922s] -- Installing: /home/aisl/Documents/multi_robot_slam_ws/install/multirobot_map_merge/share/multirobot_map_merge/launch/tb3_simulation/config/nav2_multirobot_params_2.yaml
[16.922s] -- Installing: /home/aisl/Documents/multi_robot_slam_ws/install/multirobot_map_merge/share/multirobot_map_merge/launch/tb3_simulation/config/nav2_multirobot_params_1.yaml
[16.922s] -- Installing: /home/aisl/Documents/multi_robot_slam_ws/install/multirobot_map_merge/share/multirobot_map_merge/launch/tb3_simulation/tb3_simulation_launch.py
[16.922s] -- Installing: /home/aisl/Documents/multi_robot_slam_ws/install/multirobot_map_merge/share/multirobot_map_merge/launch/tb3_simulation/bringup_launch.py
[16.922s] -- Installing: /home/aisl/Documents/multi_robot_slam_ws/install/multirobot_map_merge/share/multirobot_map_merge/launch/tb3_simulation/slam_toolbox.py
[16.922s] -- Installing: /home/aisl/Documents/multi_robot_slam_ws/install/multirobot_map_merge/share/multirobot_map_merge/launch/map_merge.rviz
[16.922s] -- Installing: /home/aisl/Documents/multi_robot_slam_ws/install/multirobot_map_merge/share/multirobot_map_merge/launch/from_map_server.launch.py
[16.922s] -- Installing: /home/aisl/Documents/multi_robot_slam_ws/install/multirobot_map_merge/share/multirobot_map_merge/launch/map_merge.launch.py
[16.922s] -- Installing: /home/aisl/Documents/multi_robot_slam_ws/install/multirobot_map_merge/share/multirobot_map_merge/config
[16.922s] -- Installing: /home/aisl/Documents/multi_robot_slam_ws/install/multirobot_map_merge/share/multirobot_map_merge/config/params.yaml
[16.922s] -- Installing: /home/aisl/Documents/multi_robot_slam_ws/install/multirobot_map_merge/lib/libcombine_grids.a
[16.922s] -- Installing: /home/aisl/Documents/multi_robot_slam_ws/install/multirobot_map_merge/lib/multirobot_map_merge/map_merge
[16.927s] -- Set non-toolchain portion of runtime path of "/home/aisl/Documents/multi_robot_slam_ws/install/multirobot_map_merge/lib/multirobot_map_merge/map_merge" to ""
[16.927s] -- Installing: /home/aisl/Documents/multi_robot_slam_ws/install/multirobot_map_merge/share/multirobot_map_merge/environment/library_path.sh
[16.927s] -- Installing: /home/aisl/Documents/multi_robot_slam_ws/install/multirobot_map_merge/share/multirobot_map_merge/environment/library_path.dsv
[16.927s] -- Installing: /home/aisl/Documents/multi_robot_slam_ws/install/multirobot_map_merge/share/ament_index/resource_index/package_run_dependencies/multirobot_map_merge
[16.928s] -- Installing: /home/aisl/Documents/multi_robot_slam_ws/install/multirobot_map_merge/share/ament_index/resource_index/parent_prefix_path/multirobot_map_merge
[16.928s] -- Installing: /home/aisl/Documents/multi_robot_slam_ws/install/multirobot_map_merge/share/multirobot_map_merge/environment/ament_prefix_path.sh
[16.928s] -- Installing: /home/aisl/Documents/multi_robot_slam_ws/install/multirobot_map_merge/share/multirobot_map_merge/environment/ament_prefix_path.dsv
[16.928s] -- Installing: /home/aisl/Documents/multi_robot_slam_ws/install/multirobot_map_merge/share/multirobot_map_merge/environment/path.sh
[16.928s] -- Installing: /home/aisl/Documents/multi_robot_slam_ws/install/multirobot_map_merge/share/multirobot_map_merge/environment/path.dsv
[16.928s] -- Installing: /home/aisl/Documents/multi_robot_slam_ws/install/multirobot_map_merge/share/multirobot_map_merge/local_setup.bash
[16.928s] -- Installing: /home/aisl/Documents/multi_robot_slam_ws/install/multirobot_map_merge/share/multirobot_map_merge/local_setup.sh
[16.928s] -- Installing: /home/aisl/Documents/multi_robot_slam_ws/install/multirobot_map_merge/share/multirobot_map_merge/local_setup.zsh
[16.928s] -- Installing: /home/aisl/Documents/multi_robot_slam_ws/install/multirobot_map_merge/share/multirobot_map_merge/local_setup.dsv
[16.928s] -- Installing: /home/aisl/Documents/multi_robot_slam_ws/install/multirobot_map_merge/share/multirobot_map_merge/package.dsv
[16.928s] -- Installing: /home/aisl/Documents/multi_robot_slam_ws/install/multirobot_map_merge/share/ament_index/resource_index/packages/multirobot_map_merge
[16.928s] -- Installing: /home/aisl/Documents/multi_robot_slam_ws/install/multirobot_map_merge/share/multirobot_map_merge/cmake/ament_cmake_export_include_directories-extras.cmake
[16.928s] -- Installing: /home/aisl/Documents/multi_robot_slam_ws/install/multirobot_map_merge/share/multirobot_map_merge/cmake/ament_cmake_export_libraries-extras.cmake
[16.929s] -- Installing: /home/aisl/Documents/multi_robot_slam_ws/install/multirobot_map_merge/share/multirobot_map_merge/cmake/multirobot_map_mergeConfig.cmake
[16.929s] -- Installing: /home/aisl/Documents/multi_robot_slam_ws/install/multirobot_map_merge/share/multirobot_map_merge/cmake/multirobot_map_mergeConfig-version.cmake
[16.929s] -- Installing: /home/aisl/Documents/multi_robot_slam_ws/install/multirobot_map_merge/share/multirobot_map_merge/package.xml
[16.930s] Invoked command in '/home/aisl/Documents/multi_robot_slam_ws/build/multirobot_map_merge' returned '0': BYOBU_DATE=%Y-%m-%d CMAKE_PREFIX_PATH=${CMAKE_PREFIX_PATH}:/home/aisl/Documents/multi_robot_slam_ws/install/multi_robot_slam_py:/opt/ros/jazzy DEBUGINFOD_URLS=https://debuginfod.ubuntu.com PS1=\[\e[38;5;202m\]$(byobu_prompt_status)\[\e[00m\]$(byobu_prompt_runtime) \[\e[38;5;245m\]\u\[\e[00m\]@\[\e[38;5;172m\]\h\[\e[00m\]:\[\e[38;5;5m\]\w\[\e[00m\]$(byobu_prompt_symbol) /usr/bin/cmake --install /home/aisl/Documents/multi_robot_slam_ws/build/multirobot_map_merge
