[0.016s] Invoking command in '/home/aisl/Documents/multi_robot_slam_ws/build/explore_lite': BYOBU_DATE=%Y-%m-%d CMAKE_PREFIX_PATH=${CMAKE_PREFIX_PATH}:/home/aisl/Documents/multi_robot_slam_ws/install/multi_robot_slam_py:/opt/ros/jazzy DEBUGINFOD_URLS=https://debuginfod.ubuntu.com PS1=\[\e[38;5;202m\]$(byobu_prompt_status)\[\e[00m\]$(byobu_prompt_runtime) \[\e[38;5;245m\]\u\[\e[00m\]@\[\e[38;5;172m\]\h\[\e[00m\]:\[\e[38;5;5m\]\w\[\e[00m\]$(byobu_prompt_symbol) /usr/bin/cmake /home/aisl/Documents/multi_robot_slam_ws/src/m-explore-ros2/m-explore-ros2-main/explore -DAMENT_CMAKE_SYMLINK_INSTALL=1 -DCMAKE_INSTALL_PREFIX=/home/aisl/Documents/multi_robot_slam_ws/install/explore_lite
[0.198s] -- The C compiler identification is GNU 13.3.0
[0.198s] -- The CXX compiler identification is GNU 13.3.0
[0.214s] -- Detecting C compiler ABI info
[0.280s] -- Detecting C compiler ABI info - done
[0.287s] -- Check for working C compiler: /usr/bin/cc - skipped
[0.288s] -- Detecting C compile features
[0.288s] -- Detecting C compile features - done
[0.295s] -- Detecting CXX compiler ABI info
[0.359s] -- Detecting CXX compiler ABI info - done
[0.367s] -- Check for working CXX compiler: /usr/bin/c++ - skipped
[0.367s] -- Detecting CXX compile features
[0.367s] -- Detecting CXX compile features - done
[0.368s] -- BuilD for ROS2: jazzy
[0.373s] -- Found ament_cmake: 2.5.5 (/opt/ros/jazzy/share/ament_cmake/cmake)
[0.486s] -- Found Python3: /usr/bin/python3 (found version "3.12.3") found components: Interpreter 
[0.541s] -- Override CMake install command with custom implementation using symlinks instead of copying resources
[0.581s] -- Found rclcpp: 28.1.16 (/opt/ros/jazzy/share/rclcpp/cmake)
[0.625s] -- Found rosidl_generator_c: 4.6.7 (/opt/ros/jazzy/share/rosidl_generator_c/cmake)
[0.639s] -- Found rosidl_generator_cpp: 4.6.7 (/opt/ros/jazzy/share/rosidl_generator_cpp/cmake)
[0.657s] -- Using all available rosidl_typesupport_c: rosidl_typesupport_fastrtps_c;rosidl_typesupport_introspection_c
[0.675s] -- Using all available rosidl_typesupport_cpp: rosidl_typesupport_fastrtps_cpp;rosidl_typesupport_introspection_cpp
[0.752s] -- Found rmw_implementation_cmake: 7.3.3 (/opt/ros/jazzy/share/rmw_implementation_cmake/cmake)
[0.755s] -- Found rmw_fastrtps_cpp: 8.4.3 (/opt/ros/jazzy/share/rmw_fastrtps_cpp/cmake)
[0.825s] -- Found OpenSSL: /usr/lib/x86_64-linux-gnu/libcrypto.so (found version "3.0.13")  
[0.842s] -- Found FastRTPS: /opt/ros/jazzy/include (Required is at least version "2.13") 
[0.860s] -- Using RMW implementation 'rmw_fastrtps_cpp' as default
[0.932s] -- Found std_msgs: 5.3.6 (/opt/ros/jazzy/share/std_msgs/cmake)
[0.946s] -- Found sensor_msgs: 5.3.6 (/opt/ros/jazzy/share/sensor_msgs/cmake)
[0.983s] -- Found tf2_ros: 0.36.19 (/opt/ros/jazzy/share/tf2_ros/cmake)
[1.109s] -- Found tf2_geometry_msgs: 0.36.19 (/opt/ros/jazzy/share/tf2_geometry_msgs/cmake)
[1.123s] -- Found eigen3_cmake_module: 0.3.0 (/opt/ros/jazzy/share/eigen3_cmake_module/cmake)
[1.124s] -- Found Eigen3: TRUE (found version "3.4.0") 
[1.125s] -- Ensuring Eigen3 include directory is part of orocos-kdl CMake target
[1.128s] -- Found nav2_msgs: 1.3.10 (/opt/ros/jazzy/share/nav2_msgs/cmake)
[1.238s] -- Found map_msgs: 2.4.1 (/opt/ros/jazzy/share/map_msgs/cmake)
[1.267s] -- Found visualization_msgs: 5.3.6 (/opt/ros/jazzy/share/visualization_msgs/cmake)
[1.304s] -- Found nav2_costmap_2d: 1.3.10 (/opt/ros/jazzy/share/nav2_costmap_2d/cmake)
[1.473s] -- Found ament_lint_auto: 0.17.4 (/opt/ros/jazzy/share/ament_lint_auto/cmake)
[1.562s] -- Found ament_cmake_gtest: 2.5.5 (/opt/ros/jazzy/share/ament_cmake_gtest/cmake)
[1.565s] -- Found gtest sources under '/opt/ros/jazzy/src/gtest_vendor': C++ tests using 'Google Test' will be built
[1.569s] -- Performing Test CMAKE_HAVE_LIBC_PTHREAD
[1.629s] -- Performing Test CMAKE_HAVE_LIBC_PTHREAD - Success
[1.629s] -- Found Threads: TRUE  
[1.637s] -- Added test 'cppcheck' to perform static code analysis on C / C++ code
[1.638s] -- Configured cppcheck include dirs: /home/aisl/Documents/multi_robot_slam_ws/src/m-explore-ros2/m-explore-ros2-main/explore/include;$<BUILD_INTERFACE:/home/aisl/Documents/multi_robot_slam_ws/src/m-explore-ros2/m-explore-ros2-main/explore/include>
[1.638s] -- Configured cppcheck exclude dirs and/or files: 
[1.639s] -- Added test 'flake8' to check Python code syntax and style conventions
[1.639s] -- Configured 'flake8' exclude dirs and/or files: 
[1.639s] -- Added test 'lint_cmake' to check CMake code style
[1.640s] -- Added test 'pep257' to check Python code against some of the docstring style conventions in PEP 257
[1.641s] -- Added test 'uncrustify' to check C / C++ code style
[1.641s] -- Configured uncrustify additional arguments: 
[1.642s] -- Added test 'xmllint' to check XML markup files
[1.644s] -- Configuring done (1.6s)
[1.698s] -- Generating done (0.0s)
[1.706s] -- Build files have been written to: /home/aisl/Documents/multi_robot_slam_ws/build/explore_lite
[1.715s] Invoked command in '/home/aisl/Documents/multi_robot_slam_ws/build/explore_lite' returned '0': BYOBU_DATE=%Y-%m-%d CMAKE_PREFIX_PATH=${CMAKE_PREFIX_PATH}:/home/aisl/Documents/multi_robot_slam_ws/install/multi_robot_slam_py:/opt/ros/jazzy DEBUGINFOD_URLS=https://debuginfod.ubuntu.com PS1=\[\e[38;5;202m\]$(byobu_prompt_status)\[\e[00m\]$(byobu_prompt_runtime) \[\e[38;5;245m\]\u\[\e[00m\]@\[\e[38;5;172m\]\h\[\e[00m\]:\[\e[38;5;5m\]\w\[\e[00m\]$(byobu_prompt_symbol) /usr/bin/cmake /home/aisl/Documents/multi_robot_slam_ws/src/m-explore-ros2/m-explore-ros2-main/explore -DAMENT_CMAKE_SYMLINK_INSTALL=1 -DCMAKE_INSTALL_PREFIX=/home/aisl/Documents/multi_robot_slam_ws/install/explore_lite
[1.716s] Invoking command in '/home/aisl/Documents/multi_robot_slam_ws/build/explore_lite': BYOBU_DATE=%Y-%m-%d CMAKE_PREFIX_PATH=${CMAKE_PREFIX_PATH}:/home/aisl/Documents/multi_robot_slam_ws/install/multi_robot_slam_py:/opt/ros/jazzy DEBUGINFOD_URLS=https://debuginfod.ubuntu.com PS1=\[\e[38;5;202m\]$(byobu_prompt_status)\[\e[00m\]$(byobu_prompt_runtime) \[\e[38;5;245m\]\u\[\e[00m\]@\[\e[38;5;172m\]\h\[\e[00m\]:\[\e[38;5;5m\]\w\[\e[00m\]$(byobu_prompt_symbol) /usr/bin/cmake --build /home/aisl/Documents/multi_robot_slam_ws/build/explore_lite -- -j20 -l20
[1.751s] [ 20%] [32mBuilding CXX object gtest/CMakeFiles/gtest_main.dir/src/gtest_main.cc.o[0m
[1.751s] [ 20%] [32mBuilding CXX object gtest/CMakeFiles/gtest.dir/src/gtest-all.cc.o[0m
[1.752s] [ 30%] [32mBuilding CXX object CMakeFiles/explore.dir/src/explore.cpp.o[0m
[1.752s] [ 40%] [32mBuilding CXX object CMakeFiles/explore.dir/src/costmap_client.cpp.o[0m
[1.753s] [ 50%] [32mBuilding CXX object CMakeFiles/explore.dir/src/frontier_search.cpp.o[0m
[2.292s] [ 60%] [32m[1mLinking CXX static library libgtest_main.a[0m
[2.318s] [ 60%] Built target gtest_main
[4.476s] [ 70%] [32m[1mLinking CXX static library libgtest.a[0m
[4.518s] [ 70%] Built target gtest
[4.533s] [ 80%] [32mBuilding CXX object CMakeFiles/test_explore.dir/test/test_explore.cpp.o[0m
[5.376s] [ 90%] [32m[1mLinking CXX executable test_explore[0m
[6.022s] [ 90%] Built target test_explore
[11.583s] [100%] [32m[1mLinking CXX executable explore[0m
[12.740s] [100%] Built target explore
[12.748s] Invoked command in '/home/aisl/Documents/multi_robot_slam_ws/build/explore_lite' returned '0': BYOBU_DATE=%Y-%m-%d CMAKE_PREFIX_PATH=${CMAKE_PREFIX_PATH}:/home/aisl/Documents/multi_robot_slam_ws/install/multi_robot_slam_py:/opt/ros/jazzy DEBUGINFOD_URLS=https://debuginfod.ubuntu.com PS1=\[\e[38;5;202m\]$(byobu_prompt_status)\[\e[00m\]$(byobu_prompt_runtime) \[\e[38;5;245m\]\u\[\e[00m\]@\[\e[38;5;172m\]\h\[\e[00m\]:\[\e[38;5;5m\]\w\[\e[00m\]$(byobu_prompt_symbol) /usr/bin/cmake --build /home/aisl/Documents/multi_robot_slam_ws/build/explore_lite -- -j20 -l20
[12.749s] Invoking command in '/home/aisl/Documents/multi_robot_slam_ws/build/explore_lite': BYOBU_DATE=%Y-%m-%d CMAKE_PREFIX_PATH=${CMAKE_PREFIX_PATH}:/home/aisl/Documents/multi_robot_slam_ws/install/multi_robot_slam_py:/opt/ros/jazzy DEBUGINFOD_URLS=https://debuginfod.ubuntu.com PS1=\[\e[38;5;202m\]$(byobu_prompt_status)\[\e[00m\]$(byobu_prompt_runtime) \[\e[38;5;245m\]\u\[\e[00m\]@\[\e[38;5;172m\]\h\[\e[00m\]:\[\e[38;5;5m\]\w\[\e[00m\]$(byobu_prompt_symbol) /usr/bin/cmake --install /home/aisl/Documents/multi_robot_slam_ws/build/explore_lite
[12.754s] -- Install configuration: ""
[12.754s] -- Execute custom install script
[12.755s] -- Symlinking: /home/aisl/Documents/multi_robot_slam_ws/install/explore_lite/include/explore//costmap_client.h
[12.762s] -- Symlinking: /home/aisl/Documents/multi_robot_slam_ws/install/explore_lite/include/explore//costmap_tools.h
[12.768s] -- Symlinking: /home/aisl/Documents/multi_robot_slam_ws/install/explore_lite/include/explore//explore.h
[12.775s] -- Symlinking: /home/aisl/Documents/multi_robot_slam_ws/install/explore_lite/include/explore//frontier_search.h
[12.783s] -- Symlinking: /home/aisl/Documents/multi_robot_slam_ws/install/explore_lite/share/explore_lite/config/params.yaml
[12.789s] -- Symlinking: /home/aisl/Documents/multi_robot_slam_ws/install/explore_lite/share/explore_lite/config/params_costmap.yaml
[12.796s] -- Symlinking: /home/aisl/Documents/multi_robot_slam_ws/install/explore_lite/share/explore_lite/launch/explore.launch.py
[12.803s] -- Symlinking: /home/aisl/Documents/multi_robot_slam_ws/install/explore_lite/lib/explore_lite/explore
[12.809s] -- Symlinking: /home/aisl/Documents/multi_robot_slam_ws/install/explore_lite/share/ament_index/resource_index/package_run_dependencies/explore_lite
[12.816s] -- Symlinking: /home/aisl/Documents/multi_robot_slam_ws/install/explore_lite/share/ament_index/resource_index/parent_prefix_path/explore_lite
[12.822s] -- Symlinking: /home/aisl/Documents/multi_robot_slam_ws/install/explore_lite/share/explore_lite/environment/ament_prefix_path.sh
[12.829s] -- Symlinking: /home/aisl/Documents/multi_robot_slam_ws/install/explore_lite/share/explore_lite/environment/ament_prefix_path.dsv
[12.835s] -- Symlinking: /home/aisl/Documents/multi_robot_slam_ws/install/explore_lite/share/explore_lite/environment/path.sh
[12.842s] -- Symlinking: /home/aisl/Documents/multi_robot_slam_ws/install/explore_lite/share/explore_lite/environment/path.dsv
[12.848s] -- Symlinking: /home/aisl/Documents/multi_robot_slam_ws/install/explore_lite/share/explore_lite/local_setup.bash
[12.855s] -- Symlinking: /home/aisl/Documents/multi_robot_slam_ws/install/explore_lite/share/explore_lite/local_setup.sh
[12.861s] -- Symlinking: /home/aisl/Documents/multi_robot_slam_ws/install/explore_lite/share/explore_lite/local_setup.zsh
[12.867s] -- Symlinking: /home/aisl/Documents/multi_robot_slam_ws/install/explore_lite/share/explore_lite/local_setup.dsv
[12.874s] -- Symlinking: /home/aisl/Documents/multi_robot_slam_ws/install/explore_lite/share/explore_lite/package.dsv
[12.880s] -- Symlinking: /home/aisl/Documents/multi_robot_slam_ws/install/explore_lite/share/ament_index/resource_index/packages/explore_lite
[12.887s] -- Symlinking: /home/aisl/Documents/multi_robot_slam_ws/install/explore_lite/share/explore_lite/cmake/ament_cmake_export_include_directories-extras.cmake
[12.893s] -- Symlinking: /home/aisl/Documents/multi_robot_slam_ws/install/explore_lite/share/explore_lite/cmake/explore_liteConfig.cmake
[12.900s] -- Symlinking: /home/aisl/Documents/multi_robot_slam_ws/install/explore_lite/share/explore_lite/cmake/explore_liteConfig-version.cmake
[12.907s] -- Symlinking: /home/aisl/Documents/multi_robot_slam_ws/install/explore_lite/share/explore_lite/package.xml
[12.915s] Invoked command in '/home/aisl/Documents/multi_robot_slam_ws/build/explore_lite' returned '0': BYOBU_DATE=%Y-%m-%d CMAKE_PREFIX_PATH=${CMAKE_PREFIX_PATH}:/home/aisl/Documents/multi_robot_slam_ws/install/multi_robot_slam_py:/opt/ros/jazzy DEBUGINFOD_URLS=https://debuginfod.ubuntu.com PS1=\[\e[38;5;202m\]$(byobu_prompt_status)\[\e[00m\]$(byobu_prompt_runtime) \[\e[38;5;245m\]\u\[\e[00m\]@\[\e[38;5;172m\]\h\[\e[00m\]:\[\e[38;5;5m\]\w\[\e[00m\]$(byobu_prompt_symbol) /usr/bin/cmake --install /home/aisl/Documents/multi_robot_slam_ws/build/explore_lite
