-- The C compiler identification is GNU 13.3.0
-- The CXX compiler identification is GNU 13.3.0
-- Detecting C compiler ABI info
-- Detecting C compiler ABI info - done
-- Check for working C compiler: /usr/bin/cc - skipped
-- Detecting C compile features
-- Detecting C compile features - done
-- Detecting CXX compiler ABI info
-- Detecting CXX compiler ABI info - done
-- Check for working CXX compiler: /usr/bin/c++ - skipped
-- Detecting CXX compile features
-- Detecting CXX compile features - done
-- Found ament_cmake: 2.5.4 (/opt/ros/jazzy/share/ament_cmake/cmake)
-- Found Python3: /usr/bin/python3 (found version "3.12.3") found components: Interpreter 
-- Override CMake install command with custom implementation using symlinks instead of copying resources
-- Found rclcpp: 28.1.13 (/opt/ros/jazzy/share/rclcpp/cmake)
-- Found rosidl_generator_c: 4.6.6 (/opt/ros/jazzy/share/rosidl_generator_c/cmake)
-- Found rosidl_generator_cpp: 4.6.6 (/opt/ros/jazzy/share/rosidl_generator_cpp/cmake)
-- Using all available rosidl_typesupport_c: rosidl_typesupport_fastrtps_c;rosidl_typesupport_introspection_c
-- Using all available rosidl_typesupport_cpp: rosidl_typesupport_fastrtps_cpp;rosidl_typesupport_introspection_cpp
-- Found rmw_implementation_cmake: 7.3.2 (/opt/ros/jazzy/share/rmw_implementation_cmake/cmake)
-- Found rmw_fastrtps_cpp: 8.4.3 (/opt/ros/jazzy/share/rmw_fastrtps_cpp/cmake)
-- Found OpenSSL: /usr/lib/x86_64-linux-gnu/libcrypto.so (found version "3.0.13")  
-- Found FastRTPS: /opt/ros/jazzy/include (Required is at least version "2.13") 
-- Using RMW implementation 'rmw_fastrtps_cpp' as default
-- Found std_msgs: 5.3.6 (/opt/ros/jazzy/share/std_msgs/cmake)
-- Found geometry_msgs: 5.3.6 (/opt/ros/jazzy/share/geometry_msgs/cmake)
-- Found sensor_msgs: 5.3.6 (/opt/ros/jazzy/share/sensor_msgs/cmake)
-- Found nav_msgs: 5.3.6 (/opt/ros/jazzy/share/nav_msgs/cmake)
-- Found tf2: 0.36.16 (/opt/ros/jazzy/share/tf2/cmake)
-- Found tf2_ros: 0.36.16 (/opt/ros/jazzy/share/tf2_ros/cmake)
-- Found ament_lint_auto: 0.17.3 (/opt/ros/jazzy/share/ament_lint_auto/cmake)
-- Added test 'copyright' to check source files copyright and LICENSE
-- Added test 'flake8' to check Python code syntax and style conventions
-- Configured 'flake8' exclude dirs and/or files: 
-- Added test 'lint_cmake' to check CMake code style
-- Added test 'pep257' to check Python code against some of the docstring style conventions in PEP 257
-- Added test 'xmllint' to check XML markup files
-- Configuring done (2.2s)
-- Generating done (0.0s)
-- Build files have been written to: /home/essivekkeli/multi_robot_slam_ws/build/multi_robot_slam
-- Install configuration: ""
-- Execute custom install script
-- Symlinking: /home/essivekkeli/multi_robot_slam_ws/install/multi_robot_slam/share/multi_robot_slam//launch/central_server.launch.py
-- Symlinking: /home/essivekkeli/multi_robot_slam_ws/install/multi_robot_slam/share/multi_robot_slam//launch/full_system.launch.py
-- Symlinking: /home/essivekkeli/multi_robot_slam_ws/install/multi_robot_slam/share/multi_robot_slam//launch/gz_multi_robot.launch.py
-- Symlinking: /home/essivekkeli/multi_robot_slam_ws/install/multi_robot_slam/share/multi_robot_slam//launch/multi_robot_slam.launch.py
-- Symlinking: /home/essivekkeli/multi_robot_slam_ws/install/multi_robot_slam/share/multi_robot_slam//launch/single_robot_slam.launch.py
-- Symlinking: /home/essivekkeli/multi_robot_slam_ws/install/multi_robot_slam/share/multi_robot_slam//config/multi_robot_params.yaml
-- Symlinking: /home/essivekkeli/multi_robot_slam_ws/install/multi_robot_slam/share/multi_robot_slam//config/multi_robot_slam.yaml
-- Symlinking: /home/essivekkeli/multi_robot_slam_ws/install/multi_robot_slam/share/multi_robot_slam//config/robots.yaml
-- Symlinking: /home/essivekkeli/multi_robot_slam_ws/install/multi_robot_slam/share/multi_robot_slam//config/rviz_config.rviz
-- Symlinking: /home/essivekkeli/multi_robot_slam_ws/install/multi_robot_slam/share/multi_robot_slam//config/slam_params.yaml
-- Symlinking: /home/essivekkeli/multi_robot_slam_ws/install/multi_robot_slam/share/multi_robot_slam//worlds/multi_robot_world.sdf
-- Symlinking: /home/essivekkeli/multi_robot_slam_ws/install/multi_robot_slam/share/multi_robot_slam//urdf/robot.urdf.xacro
-- Symlinking: /home/essivekkeli/multi_robot_slam_ws/install/multi_robot_slam/share/multi_robot_slam//scripts/odom_to_tf.py
-- Symlinking: /home/essivekkeli/multi_robot_slam_ws/install/multi_robot_slam/share/multi_robot_slam//scripts/scan_frame_fixer.py
-- Symlinking: /home/essivekkeli/multi_robot_slam_ws/install/multi_robot_slam/share/multi_robot_slam//scripts/smooth_circle.py
-- Symlinking: /home/essivekkeli/multi_robot_slam_ws/install/multi_robot_slam/lib/multi_robot_slam/odom_to_tf.py
-- Symlinking: /home/essivekkeli/multi_robot_slam_ws/install/multi_robot_slam/lib/multi_robot_slam/scan_frame_fixer.py
-- Symlinking: /home/essivekkeli/multi_robot_slam_ws/install/multi_robot_slam/share/ament_index/resource_index/package_run_dependencies/multi_robot_slam
-- Symlinking: /home/essivekkeli/multi_robot_slam_ws/install/multi_robot_slam/share/ament_index/resource_index/parent_prefix_path/multi_robot_slam
-- Symlinking: /home/essivekkeli/multi_robot_slam_ws/install/multi_robot_slam/share/multi_robot_slam/environment/ament_prefix_path.sh
-- Symlinking: /home/essivekkeli/multi_robot_slam_ws/install/multi_robot_slam/share/multi_robot_slam/environment/ament_prefix_path.dsv
-- Symlinking: /home/essivekkeli/multi_robot_slam_ws/install/multi_robot_slam/share/multi_robot_slam/environment/path.sh
-- Symlinking: /home/essivekkeli/multi_robot_slam_ws/install/multi_robot_slam/share/multi_robot_slam/environment/path.dsv
-- Symlinking: /home/essivekkeli/multi_robot_slam_ws/install/multi_robot_slam/share/multi_robot_slam/local_setup.bash
-- Symlinking: /home/essivekkeli/multi_robot_slam_ws/install/multi_robot_slam/share/multi_robot_slam/local_setup.sh
-- Symlinking: /home/essivekkeli/multi_robot_slam_ws/install/multi_robot_slam/share/multi_robot_slam/local_setup.zsh
-- Symlinking: /home/essivekkeli/multi_robot_slam_ws/install/multi_robot_slam/share/multi_robot_slam/local_setup.dsv
-- Symlinking: /home/essivekkeli/multi_robot_slam_ws/install/multi_robot_slam/share/multi_robot_slam/package.dsv
-- Symlinking: /home/essivekkeli/multi_robot_slam_ws/install/multi_robot_slam/share/ament_index/resource_index/packages/multi_robot_slam
-- Symlinking: /home/essivekkeli/multi_robot_slam_ws/install/multi_robot_slam/share/multi_robot_slam/cmake/multi_robot_slamConfig.cmake
-- Symlinking: /home/essivekkeli/multi_robot_slam_ws/install/multi_robot_slam/share/multi_robot_slam/cmake/multi_robot_slamConfig-version.cmake
-- Symlinking: /home/essivekkeli/multi_robot_slam_ws/install/multi_robot_slam/share/multi_robot_slam/package.xml
